2018-11-18 23:13:31.001775: I tensorflow/core/platform/cpu_feature_guard.cc:141] Your CPU supports instructions that this TensorFlow binary was not compiled to use: AVX2 FMA
[INFO] loading images...
[INFO] training network...
Epoch 1/10

 1/77 [..............................] - ETA: 1:34:17 - loss: 1.9198 - acc: 0.1702
 2/77 [..............................] - ETA: 1:23:27 - loss: 1.8726 - acc: 0.2128
 3/77 [>.............................] - ETA: 1:17:54 - loss: 1.8682 - acc: 0.1915
 4/77 [>.............................] - ETA: 1:14:52 - loss: 1.9044 - acc: 0.1755
 5/77 [>.............................] - ETA: 1:13:21 - loss: 1.8961 - acc: 0.1617
 6/77 [=>............................] - ETA: 1:11:33 - loss: 1.9005 - acc: 0.1596
 7/77 [=>............................] - ETA: 1:09:44 - loss: 1.8779 - acc: 0.1763
 8/77 [==>...........................] - ETA: 1:08:31 - loss: 1.8651 - acc: 0.1702
 9/77 [==>...........................] - ETA: 1:07:15 - loss: 1.8502 - acc: 0.1868
10/77 [==>...........................] - ETA: 1:05:55 - loss: 1.8402 - acc: 0.1936
11/77 [===>..........................] - ETA: 1:04:42 - loss: 1.8416 - acc: 0.1954
12/77 [===>..........................] - ETA: 1:03:42 - loss: 1.8392 - acc: 0.1933
13/77 [====>.........................] - ETA: 1:02:32 - loss: 1.8445 - acc: 0.1931
14/77 [====>.........................] - ETA: 1:01:33 - loss: 1.8389 - acc: 0.1976
15/77 [====>.........................] - ETA: 1:00:26 - loss: 1.8288 - acc: 0.2085
16/77 [=====>........................] - ETA: 59:30 - loss: 1.8335 - acc: 0.2088  
17/77 [=====>........................] - ETA: 58:23 - loss: 1.8343 - acc: 0.2090
18/77 [======>.......................] - ETA: 57:15 - loss: 1.8302 - acc: 0.2080
19/77 [======>.......................] - ETA: 56:10 - loss: 1.8327 - acc: 0.2116
20/77 [======>.......................] - ETA: 55:02 - loss: 1.8328 - acc: 0.2117
21/77 [=======>......................] - ETA: 53:59 - loss: 1.8225 - acc: 0.2168
22/77 [=======>......................] - ETA: 52:59 - loss: 1.8188 - acc: 0.2215
23/77 [=======>......................] - ETA: 52:01 - loss: 1.8163 - acc: 0.2239
24/77 [========>.....................] - ETA: 51:01 - loss: 1.8152 - acc: 0.2270
25/77 [========>.....................] - ETA: 49:59 - loss: 1.8116 - acc: 0.2289
26/77 [=========>....................] - ETA: 48:58 - loss: 1.8046 - acc: 0.2373
27/77 [=========>....................] - ETA: 48:01 - loss: 1.8022 - acc: 0.2380
28/77 [=========>....................] - ETA: 46:59 - loss: 1.8000 - acc: 0.2394
29/77 [==========>...................] - ETA: 45:58 - loss: 1.7996 - acc: 0.2377
30/77 [==========>...................] - ETA: 45:00 - loss: 1.7958 - acc: 0.2404
31/77 [===========>..................] - ETA: 43:59 - loss: 1.7921 - acc: 0.2423
32/77 [===========>..................] - ETA: 43:01 - loss: 1.7913 - acc: 0.2434
33/77 [===========>..................] - ETA: 42:02 - loss: 1.7895 - acc: 0.2437
34/77 [============>.................] - ETA: 41:03 - loss: 1.7886 - acc: 0.2447
35/77 [============>.................] - ETA: 40:06 - loss: 1.7929 - acc: 0.2432
36/77 [=============>................] - ETA: 39:07 - loss: 1.7897 - acc: 0.2453
37/77 [=============>................] - ETA: 38:08 - loss: 1.7886 - acc: 0.2478
38/77 [=============>................] - ETA: 37:10 - loss: 1.7844 - acc: 0.2492
39/77 [==============>...............] - ETA: 36:11 - loss: 1.7817 - acc: 0.2526
40/77 [==============>...............] - ETA: 35:15 - loss: 1.7772 - acc: 0.2559
41/77 [==============>...............] - ETA: 34:17 - loss: 1.7742 - acc: 0.2590
42/77 [===============>..............] - ETA: 33:19 - loss: 1.7695 - acc: 0.2604
43/77 [===============>..............] - ETA: 32:22 - loss: 1.7693 - acc: 0.2618
44/77 [================>.............] - ETA: 31:23 - loss: 1.7663 - acc: 0.2621
45/77 [================>.............] - ETA: 30:25 - loss: 1.7638 - acc: 0.2643
46/77 [================>.............] - ETA: 29:28 - loss: 1.7627 - acc: 0.2641
47/77 [=================>............] - ETA: 28:30 - loss: 1.7584 - acc: 0.2671
48/77 [=================>............] - ETA: 27:32 - loss: 1.7565 - acc: 0.2668
49/77 [==================>...........] - ETA: 26:34 - loss: 1.7562 - acc: 0.2666
50/77 [==================>...........] - ETA: 25:37 - loss: 1.7511 - acc: 0.2706
51/77 [==================>...........] - ETA: 24:41 - loss: 1.7468 - acc: 0.2728
52/77 [===================>..........] - ETA: 23:44 - loss: 1.7459 - acc: 0.2737
53/77 [===================>..........] - ETA: 22:47 - loss: 1.7437 - acc: 0.2766
54/77 [====================>.........] - ETA: 21:50 - loss: 1.7403 - acc: 0.2782
55/77 [====================>.........] - ETA: 20:53 - loss: 1.7370 - acc: 0.2785
56/77 [====================>.........] - ETA: 19:55 - loss: 1.7310 - acc: 0.2823
57/77 [=====================>........] - ETA: 18:58 - loss: 1.7280 - acc: 0.2848
58/77 [=====================>........] - ETA: 18:00 - loss: 1.7258 - acc: 0.2854
59/77 [=====================>........] - ETA: 17:03 - loss: 1.7240 - acc: 0.2860
60/77 [======================>.......] - ETA: 16:06 - loss: 1.7197 - acc: 0.2879
61/77 [======================>.......] - ETA: 15:09 - loss: 1.7160 - acc: 0.2909
62/77 [=======================>......] - ETA: 14:12 - loss: 1.7143 - acc: 0.2910
63/77 [=======================>......] - ETA: 13:15 - loss: 1.7087 - acc: 0.2948
64/77 [=======================>......] - ETA: 12:18 - loss: 1.7071 - acc: 0.2949
65/77 [========================>.....] - ETA: 11:21 - loss: 1.7041 - acc: 0.2972
66/77 [========================>.....] - ETA: 10:23 - loss: 1.7020 - acc: 0.2985
67/77 [=========================>....] - ETA: 9:27 - loss: 1.6995 - acc: 0.3014 
68/77 [=========================>....] - ETA: 8:30 - loss: 1.6964 - acc: 0.3023
69/77 [=========================>....] - ETA: 7:33 - loss: 1.6940 - acc: 0.3034
70/77 [==========================>...] - ETA: 6:37 - loss: 1.6904 - acc: 0.3061
71/77 [==========================>...] - ETA: 5:40 - loss: 1.6893 - acc: 0.3069
72/77 [===========================>..] - ETA: 4:43 - loss: 1.6852 - acc: 0.3091
73/77 [===========================>..] - ETA: 3:46 - loss: 1.6832 - acc: 0.3104
74/77 [===========================>..] - ETA: 2:49 - loss: 1.6807 - acc: 0.3134
75/77 [============================>.] - ETA: 1:53 - loss: 1.6792 - acc: 0.3143
76/77 [============================>.] - ETA: 56s - loss: 1.6770 - acc: 0.3158 
77/77 [==============================] - 4595s 60s/step - loss: 1.6753 - acc: 0.3164 - val_loss: 1.4191 - val_acc: 0.5115
Epoch 2/10

 1/77 [..............................] - ETA: 51:04 - loss: 1.3016 - acc: 0.5143
 2/77 [..............................] - ETA: 59:32 - loss: 1.3046 - acc: 0.5444
 3/77 [>.............................] - ETA: 1:01:46 - loss: 1.3347 - acc: 0.5260
 4/77 [>.............................] - ETA: 1:02:16 - loss: 1.3571 - acc: 0.5222
 5/77 [>.............................] - ETA: 1:01:41 - loss: 1.3491 - acc: 0.5241
 6/77 [=>............................] - ETA: 1:01:23 - loss: 1.3835 - acc: 0.5077
 7/77 [=>............................] - ETA: 1:01:09 - loss: 1.4139 - acc: 0.4868
 8/77 [==>...........................] - ETA: 1:00:50 - loss: 1.4083 - acc: 0.4765
 9/77 [==>...........................] - ETA: 1:00:12 - loss: 1.4015 - acc: 0.4827
10/77 [==>...........................] - ETA: 59:22 - loss: 1.3993 - acc: 0.4833  
11/77 [===>..........................] - ETA: 58:35 - loss: 1.4103 - acc: 0.4781
12/77 [===>..........................] - ETA: 58:00 - loss: 1.4137 - acc: 0.4755
13/77 [====>.........................] - ETA: 57:29 - loss: 1.4093 - acc: 0.4815
14/77 [====>.........................] - ETA: 56:49 - loss: 1.4021 - acc: 0.4835
15/77 [====>.........................] - ETA: 55:58 - loss: 1.4064 - acc: 0.4797
16/77 [=====>........................] - ETA: 55:13 - loss: 1.3956 - acc: 0.4843
17/77 [=====>........................] - ETA: 54:23 - loss: 1.3978 - acc: 0.4858
18/77 [======>.......................] - ETA: 53:29 - loss: 1.3936 - acc: 0.4884
19/77 [======>.......................] - ETA: 52:37 - loss: 1.3822 - acc: 0.4918
20/77 [======>.......................] - ETA: 51:49 - loss: 1.3807 - acc: 0.4917
21/77 [=======>......................] - ETA: 50:59 - loss: 1.3779 - acc: 0.4895
22/77 [=======>......................] - ETA: 50:11 - loss: 1.3709 - acc: 0.4905
23/77 [=======>......................] - ETA: 49:20 - loss: 1.3748 - acc: 0.4877
24/77 [========>.....................] - ETA: 48:34 - loss: 1.3785 - acc: 0.4824
25/77 [========>.....................] - ETA: 47:44 - loss: 1.3751 - acc: 0.4836
26/77 [=========>....................] - ETA: 46:50 - loss: 1.3698 - acc: 0.4846
27/77 [=========>....................] - ETA: 46:01 - loss: 1.3723 - acc: 0.4816
28/77 [=========>....................] - ETA: 45:07 - loss: 1.3680 - acc: 0.4842
29/77 [==========>...................] - ETA: 44:13 - loss: 1.3617 - acc: 0.4873
30/77 [==========>...................] - ETA: 43:16 - loss: 1.3580 - acc: 0.4895
31/77 [===========>..................] - ETA: 42:19 - loss: 1.3585 - acc: 0.4888
32/77 [===========>..................] - ETA: 41:28 - loss: 1.3547 - acc: 0.4895
33/77 [===========>..................] - ETA: 40:36 - loss: 1.3522 - acc: 0.4927
34/77 [============>.................] - ETA: 39:44 - loss: 1.3542 - acc: 0.4913
35/77 [============>.................] - ETA: 38:48 - loss: 1.3470 - acc: 0.4949
36/77 [=============>................] - ETA: 37:53 - loss: 1.3408 - acc: 0.4983
37/77 [=============>................] - ETA: 36:59 - loss: 1.3376 - acc: 0.5015
38/77 [=============>................] - ETA: 36:05 - loss: 1.3346 - acc: 0.5023
39/77 [==============>...............] - ETA: 35:10 - loss: 1.3353 - acc: 0.5020
40/77 [==============>...............] - ETA: 34:15 - loss: 1.3310 - acc: 0.5033
41/77 [==============>...............] - ETA: 33:19 - loss: 1.3256 - acc: 0.5071
42/77 [===============>..............] - ETA: 32:24 - loss: 1.3227 - acc: 0.5082
43/77 [===============>..............] - ETA: 31:30 - loss: 1.3219 - acc: 0.5073
44/77 [================>.............] - ETA: 30:34 - loss: 1.3204 - acc: 0.5088
45/77 [================>.............] - ETA: 29:39 - loss: 1.3135 - acc: 0.5117
46/77 [================>.............] - ETA: 28:44 - loss: 1.3099 - acc: 0.5126
47/77 [=================>............] - ETA: 27:49 - loss: 1.3011 - acc: 0.5171
48/77 [=================>............] - ETA: 26:54 - loss: 1.2962 - acc: 0.5200
49/77 [==================>...........] - ETA: 25:58 - loss: 1.2892 - acc: 0.5233
50/77 [==================>...........] - ETA: 25:02 - loss: 1.2878 - acc: 0.5222
51/77 [==================>...........] - ETA: 24:06 - loss: 1.2807 - acc: 0.5249
52/77 [===================>..........] - ETA: 23:10 - loss: 1.2745 - acc: 0.5291
53/77 [===================>..........] - ETA: 22:14 - loss: 1.2723 - acc: 0.5300
54/77 [====================>.........] - ETA: 21:18 - loss: 1.2650 - acc: 0.5328
55/77 [====================>.........] - ETA: 20:23 - loss: 1.2607 - acc: 0.5351
56/77 [====================>.........] - ETA: 19:28 - loss: 1.2557 - acc: 0.5369
57/77 [=====================>........] - ETA: 18:33 - loss: 1.2501 - acc: 0.5391
58/77 [=====================>........] - ETA: 17:38 - loss: 1.2449 - acc: 0.5422
59/77 [=====================>........] - ETA: 16:43 - loss: 1.2395 - acc: 0.5450
60/77 [======================>.......] - ETA: 15:48 - loss: 1.2357 - acc: 0.5458
61/77 [======================>.......] - ETA: 14:52 - loss: 1.2332 - acc: 0.5470
62/77 [=======================>......] - ETA: 13:57 - loss: 1.2265 - acc: 0.5491
63/77 [=======================>......] - ETA: 13:01 - loss: 1.2227 - acc: 0.5505
64/77 [=======================>......] - ETA: 12:05 - loss: 1.2170 - acc: 0.5526
65/77 [========================>.....] - ETA: 11:09 - loss: 1.2112 - acc: 0.5549
66/77 [========================>.....] - ETA: 10:14 - loss: 1.2062 - acc: 0.5568
67/77 [=========================>....] - ETA: 9:18 - loss: 1.2054 - acc: 0.5558 
68/77 [=========================>....] - ETA: 8:22 - loss: 1.1973 - acc: 0.5589
69/77 [=========================>....] - ETA: 7:26 - loss: 1.1926 - acc: 0.5616
70/77 [==========================>...] - ETA: 6:30 - loss: 1.1860 - acc: 0.5645
71/77 [==========================>...] - ETA: 5:34 - loss: 1.1809 - acc: 0.5670
72/77 [===========================>..] - ETA: 4:38 - loss: 1.1752 - acc: 0.5698
73/77 [===========================>..] - ETA: 3:43 - loss: 1.1687 - acc: 0.5734
74/77 [===========================>..] - ETA: 2:47 - loss: 1.1638 - acc: 0.5742
75/77 [============================>.] - ETA: 1:51 - loss: 1.1564 - acc: 0.5782
76/77 [============================>.] - ETA: 55s - loss: 1.1517 - acc: 0.5807 
77/77 [==============================] - 4522s 59s/step - loss: 1.1459 - acc: 0.5834 - val_loss: 0.5754 - val_acc: 0.8292
Epoch 3/10

 1/77 [..............................] - ETA: 1:09:15 - loss: 0.8606 - acc: 0.7447
 2/77 [..............................] - ETA: 1:00:02 - loss: 0.7443 - acc: 0.7581
 3/77 [>.............................] - ETA: 1:02:13 - loss: 0.7607 - acc: 0.7607
 4/77 [>.............................] - ETA: 1:02:42 - loss: 0.7269 - acc: 0.7780
 5/77 [>.............................] - ETA: 1:02:27 - loss: 0.7060 - acc: 0.7968
 6/77 [=>............................] - ETA: 1:02:09 - loss: 0.6899 - acc: 0.8023
 7/77 [=>............................] - ETA: 1:01:51 - loss: 0.6933 - acc: 0.7911
 8/77 [==>...........................] - ETA: 1:01:39 - loss: 0.6847 - acc: 0.7879
 9/77 [==>...........................] - ETA: 1:00:57 - loss: 0.6694 - acc: 0.7949
10/77 [==>...........................] - ETA: 1:00:10 - loss: 0.6725 - acc: 0.7942
11/77 [===>..........................] - ETA: 59:27 - loss: 0.6801 - acc: 0.7935  
12/77 [===>..........................] - ETA: 58:38 - loss: 0.6758 - acc: 0.7912
13/77 [====>.........................] - ETA: 57:58 - loss: 0.6700 - acc: 0.7926
14/77 [====>.........................] - ETA: 57:13 - loss: 0.6699 - acc: 0.7922
15/77 [====>.........................] - ETA: 56:25 - loss: 0.6667 - acc: 0.7961
16/77 [=====>........................] - ETA: 55:35 - loss: 0.6629 - acc: 0.7969
17/77 [=====>........................] - ETA: 54:41 - loss: 0.6542 - acc: 0.8013
18/77 [======>.......................] - ETA: 53:49 - loss: 0.6520 - acc: 0.8005
19/77 [======>.......................] - ETA: 52:54 - loss: 0.6409 - acc: 0.8054
20/77 [======>.......................] - ETA: 52:00 - loss: 0.6332 - acc: 0.8077
21/77 [=======>......................] - ETA: 51:10 - loss: 0.6221 - acc: 0.8138
22/77 [=======>......................] - ETA: 50:18 - loss: 0.6076 - acc: 0.8213
23/77 [=======>......................] - ETA: 49:29 - loss: 0.6064 - acc: 0.8208
24/77 [========>.....................] - ETA: 48:39 - loss: 0.5989 - acc: 0.8220
25/77 [========>.....................] - ETA: 47:46 - loss: 0.5967 - acc: 0.8215
26/77 [=========>....................] - ETA: 46:51 - loss: 0.5952 - acc: 0.8202
27/77 [=========>....................] - ETA: 46:00 - loss: 0.5903 - acc: 0.8213
28/77 [=========>....................] - ETA: 45:04 - loss: 0.5819 - acc: 0.8247
29/77 [==========>...................] - ETA: 44:10 - loss: 0.5790 - acc: 0.8248
30/77 [==========>...................] - ETA: 43:19 - loss: 0.5756 - acc: 0.8257
31/77 [===========>..................] - ETA: 42:24 - loss: 0.5762 - acc: 0.8238
32/77 [===========>..................] - ETA: 41:30 - loss: 0.5772 - acc: 0.8226
33/77 [===========>..................] - ETA: 40:37 - loss: 0.5705 - acc: 0.8248
34/77 [============>.................] - ETA: 39:41 - loss: 0.5633 - acc: 0.8274
35/77 [============>.................] - ETA: 38:47 - loss: 0.5570 - acc: 0.8293
36/77 [=============>................] - ETA: 37:51 - loss: 0.5492 - acc: 0.8329
37/77 [=============>................] - ETA: 36:57 - loss: 0.5432 - acc: 0.8340
38/77 [=============>................] - ETA: 36:00 - loss: 0.5399 - acc: 0.8350
39/77 [==============>...............] - ETA: 35:04 - loss: 0.5381 - acc: 0.8348
40/77 [==============>...............] - ETA: 34:10 - loss: 0.5308 - acc: 0.8368
41/77 [==============>...............] - ETA: 33:16 - loss: 0.5278 - acc: 0.8377
42/77 [===============>..............] - ETA: 32:21 - loss: 0.5231 - acc: 0.8385
43/77 [===============>..............] - ETA: 31:26 - loss: 0.5182 - acc: 0.8408
44/77 [================>.............] - ETA: 30:31 - loss: 0.5123 - acc: 0.8435
45/77 [================>.............] - ETA: 29:36 - loss: 0.5095 - acc: 0.8446
46/77 [================>.............] - ETA: 28:41 - loss: 0.5052 - acc: 0.8461
47/77 [=================>............] - ETA: 27:45 - loss: 0.5023 - acc: 0.8453
48/77 [=================>............] - ETA: 26:49 - loss: 0.4973 - acc: 0.8472
49/77 [==================>...........] - ETA: 25:54 - loss: 0.4935 - acc: 0.8486
50/77 [==================>...........] - ETA: 24:58 - loss: 0.4906 - acc: 0.8482
51/77 [==================>...........] - ETA: 24:02 - loss: 0.4884 - acc: 0.8495
52/77 [===================>..........] - ETA: 23:07 - loss: 0.4836 - acc: 0.8508
53/77 [===================>..........] - ETA: 22:11 - loss: 0.4803 - acc: 0.8528
54/77 [====================>.........] - ETA: 21:16 - loss: 0.4759 - acc: 0.8539
55/77 [====================>.........] - ETA: 20:20 - loss: 0.4750 - acc: 0.8535
56/77 [====================>.........] - ETA: 19:24 - loss: 0.4710 - acc: 0.8550
57/77 [=====================>........] - ETA: 18:28 - loss: 0.4688 - acc: 0.8549
58/77 [=====================>........] - ETA: 17:33 - loss: 0.4660 - acc: 0.8556
59/77 [=====================>........] - ETA: 16:38 - loss: 0.4623 - acc: 0.8562
60/77 [======================>.......] - ETA: 15:43 - loss: 0.4592 - acc: 0.8565
61/77 [======================>.......] - ETA: 14:47 - loss: 0.4556 - acc: 0.8571
62/77 [=======================>......] - ETA: 13:52 - loss: 0.4520 - acc: 0.8577
63/77 [=======================>......] - ETA: 12:56 - loss: 0.4485 - acc: 0.8589
64/77 [=======================>......] - ETA: 12:00 - loss: 0.4478 - acc: 0.8591
65/77 [========================>.....] - ETA: 11:05 - loss: 0.4450 - acc: 0.8600
66/77 [========================>.....] - ETA: 10:10 - loss: 0.4411 - acc: 0.8615
67/77 [=========================>....] - ETA: 9:14 - loss: 0.4379 - acc: 0.8623 
68/77 [=========================>....] - ETA: 8:19 - loss: 0.4350 - acc: 0.8633
69/77 [=========================>....] - ETA: 7:24 - loss: 0.4322 - acc: 0.8635
70/77 [==========================>...] - ETA: 6:28 - loss: 0.4313 - acc: 0.8633
71/77 [==========================>...] - ETA: 5:33 - loss: 0.4277 - acc: 0.8646
72/77 [===========================>..] - ETA: 4:37 - loss: 0.4250 - acc: 0.8662
73/77 [===========================>..] - ETA: 3:42 - loss: 0.4226 - acc: 0.8666
74/77 [===========================>..] - ETA: 2:46 - loss: 0.4185 - acc: 0.8684
75/77 [============================>.] - ETA: 1:51 - loss: 0.4148 - acc: 0.8699
76/77 [============================>.] - ETA: 55s - loss: 0.4122 - acc: 0.8707 
77/77 [==============================] - 4517s 59s/step - loss: 0.4092 - acc: 0.8716 - val_loss: 0.1090 - val_acc: 0.9795
Epoch 4/10

 1/77 [..............................] - ETA: 1:09:10 - loss: 0.3160 - acc: 0.8936
 2/77 [..............................] - ETA: 1:07:46 - loss: 0.2703 - acc: 0.9149
 3/77 [>.............................] - ETA: 1:01:17 - loss: 0.2551 - acc: 0.9337
 4/77 [>.............................] - ETA: 1:01:52 - loss: 0.2327 - acc: 0.9450
 5/77 [>.............................] - ETA: 1:01:42 - loss: 0.2323 - acc: 0.9347
 6/77 [=>............................] - ETA: 1:01:10 - loss: 0.2213 - acc: 0.9385
 7/77 [=>............................] - ETA: 1:00:33 - loss: 0.2193 - acc: 0.9412
 8/77 [==>...........................] - ETA: 1:00:03 - loss: 0.2205 - acc: 0.9406
 9/77 [==>...........................] - ETA: 59:44 - loss: 0.2133 - acc: 0.9448  
10/77 [==>...........................] - ETA: 59:19 - loss: 0.2096 - acc: 0.9440
11/77 [===>..........................] - ETA: 58:40 - loss: 0.2020 - acc: 0.9490
12/77 [===>..........................] - ETA: 57:54 - loss: 0.1954 - acc: 0.9497
13/77 [====>.........................] - ETA: 57:11 - loss: 0.1918 - acc: 0.9487
14/77 [====>.........................] - ETA: 56:35 - loss: 0.1869 - acc: 0.9508
15/77 [====>.........................] - ETA: 55:48 - loss: 0.1873 - acc: 0.9484
16/77 [=====>........................] - ETA: 55:08 - loss: 0.1856 - acc: 0.9490
17/77 [=====>........................] - ETA: 54:24 - loss: 0.1818 - acc: 0.9508
18/77 [======>.......................] - ETA: 53:34 - loss: 0.1778 - acc: 0.9511
19/77 [======>.......................] - ETA: 52:41 - loss: 0.1807 - acc: 0.9503
20/77 [======>.......................] - ETA: 51:58 - loss: 0.1785 - acc: 0.9507
21/77 [=======>......................] - ETA: 51:04 - loss: 0.1810 - acc: 0.9490
22/77 [=======>......................] - ETA: 50:09 - loss: 0.1778 - acc: 0.9494
23/77 [=======>......................] - ETA: 49:17 - loss: 0.1766 - acc: 0.9488
24/77 [========>.....................] - ETA: 48:25 - loss: 0.1761 - acc: 0.9492
25/77 [========>.....................] - ETA: 47:29 - loss: 0.1729 - acc: 0.9512
26/77 [=========>....................] - ETA: 46:35 - loss: 0.1690 - acc: 0.9523
27/77 [=========>....................] - ETA: 45:41 - loss: 0.1677 - acc: 0.9517
28/77 [=========>....................] - ETA: 44:48 - loss: 0.1678 - acc: 0.9519
29/77 [==========>...................] - ETA: 43:55 - loss: 0.1666 - acc: 0.9528
30/77 [==========>...................] - ETA: 43:01 - loss: 0.1648 - acc: 0.9537
31/77 [===========>..................] - ETA: 42:10 - loss: 0.1624 - acc: 0.9552
32/77 [===========>..................] - ETA: 41:18 - loss: 0.1612 - acc: 0.9546
33/77 [===========>..................] - ETA: 40:24 - loss: 0.1595 - acc: 0.9540
34/77 [============>.................] - ETA: 39:30 - loss: 0.1574 - acc: 0.9547
35/77 [============>.................] - ETA: 38:34 - loss: 0.1586 - acc: 0.9542
36/77 [=============>................] - ETA: 37:39 - loss: 0.1560 - acc: 0.9549
37/77 [=============>................] - ETA: 36:44 - loss: 0.1559 - acc: 0.9549
38/77 [=============>................] - ETA: 35:52 - loss: 0.1534 - acc: 0.9556
39/77 [==============>...............] - ETA: 35:00 - loss: 0.1513 - acc: 0.9567
40/77 [==============>...............] - ETA: 34:04 - loss: 0.1491 - acc: 0.9578
41/77 [==============>...............] - ETA: 33:08 - loss: 0.1464 - acc: 0.9588
42/77 [===============>..............] - ETA: 32:12 - loss: 0.1456 - acc: 0.9588
43/77 [===============>..............] - ETA: 31:19 - loss: 0.1472 - acc: 0.9573
44/77 [================>.............] - ETA: 30:24 - loss: 0.1450 - acc: 0.9582
45/77 [================>.............] - ETA: 29:30 - loss: 0.1433 - acc: 0.9587
46/77 [================>.............] - ETA: 28:35 - loss: 0.1420 - acc: 0.9587
47/77 [=================>............] - ETA: 27:41 - loss: 0.1405 - acc: 0.9596
48/77 [=================>............] - ETA: 26:46 - loss: 0.1395 - acc: 0.9600
49/77 [==================>...........] - ETA: 25:51 - loss: 0.1390 - acc: 0.9603
50/77 [==================>...........] - ETA: 24:56 - loss: 0.1400 - acc: 0.9599
51/77 [==================>...........] - ETA: 24:00 - loss: 0.1391 - acc: 0.9598
52/77 [===================>..........] - ETA: 23:06 - loss: 0.1374 - acc: 0.9606
53/77 [===================>..........] - ETA: 22:11 - loss: 0.1357 - acc: 0.9613
54/77 [====================>.........] - ETA: 21:16 - loss: 0.1338 - acc: 0.9620
55/77 [====================>.........] - ETA: 20:21 - loss: 0.1325 - acc: 0.9627
56/77 [====================>.........] - ETA: 19:25 - loss: 0.1311 - acc: 0.9634
57/77 [=====================>........] - ETA: 18:30 - loss: 0.1299 - acc: 0.9640
58/77 [=====================>........] - ETA: 17:35 - loss: 0.1297 - acc: 0.9636
59/77 [=====================>........] - ETA: 16:40 - loss: 0.1309 - acc: 0.9627
60/77 [======================>.......] - ETA: 15:44 - loss: 0.1308 - acc: 0.9626
61/77 [======================>.......] - ETA: 14:49 - loss: 0.1305 - acc: 0.9629
62/77 [=======================>......] - ETA: 13:53 - loss: 0.1294 - acc: 0.9632
63/77 [=======================>......] - ETA: 12:58 - loss: 0.1280 - acc: 0.9637
64/77 [=======================>......] - ETA: 12:02 - loss: 0.1276 - acc: 0.9633
65/77 [========================>.....] - ETA: 11:07 - loss: 0.1279 - acc: 0.9629
66/77 [========================>.....] - ETA: 10:11 - loss: 0.1264 - acc: 0.9635
67/77 [=========================>....] - ETA: 9:16 - loss: 0.1251 - acc: 0.9640 
68/77 [=========================>....] - ETA: 8:20 - loss: 0.1240 - acc: 0.9645
69/77 [=========================>....] - ETA: 7:24 - loss: 0.1226 - acc: 0.9651
70/77 [==========================>...] - ETA: 6:28 - loss: 0.1232 - acc: 0.9646
71/77 [==========================>...] - ETA: 5:33 - loss: 0.1221 - acc: 0.9651
72/77 [===========================>..] - ETA: 4:37 - loss: 0.1209 - acc: 0.9656
73/77 [===========================>..] - ETA: 3:42 - loss: 0.1209 - acc: 0.9655
74/77 [===========================>..] - ETA: 2:46 - loss: 0.1215 - acc: 0.9648
75/77 [============================>.] - ETA: 1:51 - loss: 0.1207 - acc: 0.9653
76/77 [============================>.] - ETA: 55s - loss: 0.1198 - acc: 0.9657 
77/77 [==============================] - 4510s 59s/step - loss: 0.1193 - acc: 0.9659 - val_loss: 0.0176 - val_acc: 0.9984
Epoch 5/10

 1/77 [..............................] - ETA: 1:07:55 - loss: 0.0758 - acc: 0.9787
 2/77 [..............................] - ETA: 1:08:18 - loss: 0.0816 - acc: 0.9787
 3/77 [>.............................] - ETA: 1:07:29 - loss: 0.0697 - acc: 0.9787
 4/77 [>.............................] - ETA: 1:02:26 - loss: 0.0595 - acc: 0.9840
 5/77 [>.............................] - ETA: 1:02:32 - loss: 0.0542 - acc: 0.9872
 6/77 [=>............................] - ETA: 1:02:10 - loss: 0.0548 - acc: 0.9858
 7/77 [=>............................] - ETA: 1:01:28 - loss: 0.0580 - acc: 0.9848
 8/77 [==>...........................] - ETA: 1:00:55 - loss: 0.0540 - acc: 0.9867
 9/77 [==>...........................] - ETA: 1:00:05 - loss: 0.0544 - acc: 0.9858
10/77 [==>...........................] - ETA: 59:21 - loss: 0.0568 - acc: 0.9851  
11/77 [===>..........................] - ETA: 58:24 - loss: 0.0562 - acc: 0.9865
12/77 [===>..........................] - ETA: 57:45 - loss: 0.0551 - acc: 0.9876
13/77 [====>.........................] - ETA: 56:59 - loss: 0.0551 - acc: 0.9885
14/77 [====>.........................] - ETA: 56:17 - loss: 0.0545 - acc: 0.9894
15/77 [====>.........................] - ETA: 55:30 - loss: 0.0518 - acc: 0.9901
16/77 [=====>........................] - ETA: 54:42 - loss: 0.0559 - acc: 0.9880
17/77 [=====>........................] - ETA: 53:55 - loss: 0.0571 - acc: 0.9875
18/77 [======>.......................] - ETA: 53:04 - loss: 0.0557 - acc: 0.9882
19/77 [======>.......................] - ETA: 52:14 - loss: 0.0551 - acc: 0.9877
20/77 [======>.......................] - ETA: 51:25 - loss: 0.0539 - acc: 0.9883
21/77 [=======>......................] - ETA: 50:33 - loss: 0.0532 - acc: 0.9889
22/77 [=======>......................] - ETA: 49:42 - loss: 0.0517 - acc: 0.9894
23/77 [=======>......................] - ETA: 48:47 - loss: 0.0509 - acc: 0.9898
24/77 [========>.....................] - ETA: 47:55 - loss: 0.0498 - acc: 0.9902
25/77 [========>.....................] - ETA: 47:00 - loss: 0.0597 - acc: 0.9872
26/77 [=========>....................] - ETA: 46:06 - loss: 0.0591 - acc: 0.9877
27/77 [=========>....................] - ETA: 45:14 - loss: 0.0603 - acc: 0.9866
28/77 [=========>....................] - ETA: 44:23 - loss: 0.0595 - acc: 0.9871
29/77 [==========>...................] - ETA: 43:35 - loss: 0.0588 - acc: 0.9868
30/77 [==========>...................] - ETA: 42:44 - loss: 0.0592 - acc: 0.9865
31/77 [===========>..................] - ETA: 41:51 - loss: 0.0591 - acc: 0.9863
32/77 [===========>..................] - ETA: 40:59 - loss: 0.0581 - acc: 0.9867
33/77 [===========>..................] - ETA: 40:05 - loss: 0.0611 - acc: 0.9865
34/77 [============>.................] - ETA: 39:15 - loss: 0.0608 - acc: 0.9862
35/77 [============>.................] - ETA: 38:22 - loss: 0.0606 - acc: 0.9860
36/77 [=============>................] - ETA: 37:30 - loss: 0.0597 - acc: 0.9864
37/77 [=============>................] - ETA: 36:38 - loss: 0.0586 - acc: 0.9868
38/77 [=============>................] - ETA: 35:44 - loss: 0.0583 - acc: 0.9866
39/77 [==============>...............] - ETA: 34:50 - loss: 0.0578 - acc: 0.9869
40/77 [==============>...............] - ETA: 33:58 - loss: 0.0568 - acc: 0.9872
41/77 [==============>...............] - ETA: 33:04 - loss: 0.0559 - acc: 0.9875
42/77 [===============>..............] - ETA: 32:10 - loss: 0.0575 - acc: 0.9873
43/77 [===============>..............] - ETA: 31:16 - loss: 0.0572 - acc: 0.9871
44/77 [================>.............] - ETA: 30:23 - loss: 0.0576 - acc: 0.9869
45/77 [================>.............] - ETA: 29:29 - loss: 0.0576 - acc: 0.9863
46/77 [================>.............] - ETA: 28:34 - loss: 0.0577 - acc: 0.9861
47/77 [=================>............] - ETA: 27:41 - loss: 0.0568 - acc: 0.9864
48/77 [=================>............] - ETA: 26:47 - loss: 0.0563 - acc: 0.9863
49/77 [==================>...........] - ETA: 25:52 - loss: 0.0564 - acc: 0.9861
50/77 [==================>...........] - ETA: 24:57 - loss: 0.0566 - acc: 0.9860
51/77 [==================>...........] - ETA: 24:02 - loss: 0.0559 - acc: 0.9862
52/77 [===================>..........] - ETA: 23:07 - loss: 0.0553 - acc: 0.9865
53/77 [===================>..........] - ETA: 22:12 - loss: 0.0548 - acc: 0.9868
54/77 [====================>.........] - ETA: 21:17 - loss: 0.0552 - acc: 0.9862
55/77 [====================>.........] - ETA: 20:21 - loss: 0.0549 - acc: 0.9861
56/77 [====================>.........] - ETA: 19:26 - loss: 0.0545 - acc: 0.9863
57/77 [=====================>........] - ETA: 18:31 - loss: 0.0545 - acc: 0.9862
58/77 [=====================>........] - ETA: 17:35 - loss: 0.0556 - acc: 0.9853
59/77 [=====================>........] - ETA: 16:39 - loss: 0.0555 - acc: 0.9856
60/77 [======================>.......] - ETA: 15:44 - loss: 0.0549 - acc: 0.9858
61/77 [======================>.......] - ETA: 14:48 - loss: 0.0541 - acc: 0.9860
62/77 [=======================>......] - ETA: 13:53 - loss: 0.0536 - acc: 0.9863
63/77 [=======================>......] - ETA: 12:57 - loss: 0.0535 - acc: 0.9862
64/77 [=======================>......] - ETA: 12:02 - loss: 0.0530 - acc: 0.9864
65/77 [========================>.....] - ETA: 11:07 - loss: 0.0537 - acc: 0.9859
66/77 [========================>.....] - ETA: 10:11 - loss: 0.0533 - acc: 0.9861
67/77 [=========================>....] - ETA: 9:16 - loss: 0.0544 - acc: 0.9854 
68/77 [=========================>....] - ETA: 8:20 - loss: 0.0544 - acc: 0.9853
69/77 [=========================>....] - ETA: 7:25 - loss: 0.0539 - acc: 0.9855
70/77 [==========================>...] - ETA: 6:29 - loss: 0.0532 - acc: 0.9857
71/77 [==========================>...] - ETA: 5:33 - loss: 0.0533 - acc: 0.9856
72/77 [===========================>..] - ETA: 4:38 - loss: 0.0530 - acc: 0.9858
73/77 [===========================>..] - ETA: 3:42 - loss: 0.0534 - acc: 0.9857
74/77 [===========================>..] - ETA: 2:47 - loss: 0.0528 - acc: 0.9859
75/77 [============================>.] - ETA: 1:51 - loss: 0.0524 - acc: 0.9861
76/77 [============================>.] - ETA: 55s - loss: 0.0520 - acc: 0.9863 
77/77 [==============================] - 4513s 59s/step - loss: 0.0517 - acc: 0.9865 - val_loss: 0.0105 - val_acc: 0.9967
Epoch 6/10

 1/77 [..............................] - ETA: 1:08:22 - loss: 0.0243 - acc: 1.0000
 2/77 [..............................] - ETA: 1:07:19 - loss: 0.0295 - acc: 0.9894
 3/77 [>.............................] - ETA: 1:06:16 - loss: 0.0247 - acc: 0.9929
 4/77 [>.............................] - ETA: 1:05:45 - loss: 0.0252 - acc: 0.9947
 5/77 [>.............................] - ETA: 1:01:53 - loss: 0.0222 - acc: 0.9957
 6/77 [=>............................] - ETA: 1:01:23 - loss: 0.0281 - acc: 0.9929
 7/77 [=>............................] - ETA: 1:00:54 - loss: 0.0340 - acc: 0.9909
 8/77 [==>...........................] - ETA: 1:00:27 - loss: 0.0392 - acc: 0.9894
 9/77 [==>...........................] - ETA: 59:47 - loss: 0.0409 - acc: 0.9882  
10/77 [==>...........................] - ETA: 59:05 - loss: 0.0386 - acc: 0.9894
11/77 [===>..........................] - ETA: 58:21 - loss: 0.0363 - acc: 0.9903
12/77 [===>..........................] - ETA: 57:30 - loss: 0.0373 - acc: 0.9894
13/77 [====>.........................] - ETA: 56:43 - loss: 0.0367 - acc: 0.9902
14/77 [====>.........................] - ETA: 55:58 - loss: 0.0348 - acc: 0.9909
15/77 [====>.........................] - ETA: 55:10 - loss: 0.0346 - acc: 0.9915
16/77 [=====>........................] - ETA: 54:28 - loss: 0.0353 - acc: 0.9894
17/77 [=====>........................] - ETA: 53:42 - loss: 0.0337 - acc: 0.9900
18/77 [======>.......................] - ETA: 53:00 - loss: 0.0354 - acc: 0.9894
19/77 [======>.......................] - ETA: 52:09 - loss: 0.0350 - acc: 0.9899
20/77 [======>.......................] - ETA: 51:21 - loss: 0.0338 - acc: 0.9904
21/77 [=======>......................] - ETA: 50:39 - loss: 0.0333 - acc: 0.9909
22/77 [=======>......................] - ETA: 49:51 - loss: 0.0354 - acc: 0.9903
23/77 [=======>......................] - ETA: 49:08 - loss: 0.0342 - acc: 0.9907
24/77 [========>.....................] - ETA: 48:15 - loss: 0.0347 - acc: 0.9902
25/77 [========>.....................] - ETA: 47:21 - loss: 0.0335 - acc: 0.9906
26/77 [=========>....................] - ETA: 46:31 - loss: 0.0325 - acc: 0.9910
27/77 [=========>....................] - ETA: 45:39 - loss: 0.0318 - acc: 0.9913
28/77 [=========>....................] - ETA: 44:47 - loss: 0.0308 - acc: 0.9916
29/77 [==========>...................] - ETA: 43:54 - loss: 0.0336 - acc: 0.9905
30/77 [==========>...................] - ETA: 43:03 - loss: 0.0328 - acc: 0.9908
31/77 [===========>..................] - ETA: 42:10 - loss: 0.0322 - acc: 0.9911
32/77 [===========>..................] - ETA: 41:16 - loss: 0.0313 - acc: 0.9914
33/77 [===========>..................] - ETA: 40:22 - loss: 0.0312 - acc: 0.9916
34/77 [============>.................] - ETA: 39:30 - loss: 0.0315 - acc: 0.9906
35/77 [============>.................] - ETA: 38:34 - loss: 0.0320 - acc: 0.9903
36/77 [=============>................] - ETA: 37:43 - loss: 0.0312 - acc: 0.9905
37/77 [=============>................] - ETA: 36:50 - loss: 0.0330 - acc: 0.9896
38/77 [=============>................] - ETA: 35:57 - loss: 0.0328 - acc: 0.9899
39/77 [==============>...............] - ETA: 35:00 - loss: 0.0322 - acc: 0.9902
40/77 [==============>...............] - ETA: 34:06 - loss: 0.0328 - acc: 0.9894
41/77 [==============>...............] - ETA: 33:09 - loss: 0.0332 - acc: 0.9891
42/77 [===============>..............] - ETA: 32:14 - loss: 0.0325 - acc: 0.9894
43/77 [===============>..............] - ETA: 31:20 - loss: 0.0322 - acc: 0.9896
44/77 [================>.............] - ETA: 30:26 - loss: 0.0320 - acc: 0.9898
45/77 [================>.............] - ETA: 29:31 - loss: 0.0316 - acc: 0.9901
46/77 [================>.............] - ETA: 28:37 - loss: 0.0314 - acc: 0.9903
47/77 [=================>............] - ETA: 27:42 - loss: 0.0309 - acc: 0.9905
48/77 [=================>............] - ETA: 26:47 - loss: 0.0304 - acc: 0.9907
49/77 [==================>...........] - ETA: 25:53 - loss: 0.0301 - acc: 0.9909
50/77 [==================>...........] - ETA: 24:59 - loss: 0.0296 - acc: 0.9911
51/77 [==================>...........] - ETA: 24:03 - loss: 0.0291 - acc: 0.9912
52/77 [===================>..........] - ETA: 23:07 - loss: 0.0287 - acc: 0.9914
53/77 [===================>..........] - ETA: 22:13 - loss: 0.0284 - acc: 0.9916
54/77 [====================>.........] - ETA: 21:17 - loss: 0.0287 - acc: 0.9913
55/77 [====================>.........] - ETA: 20:22 - loss: 0.0288 - acc: 0.9911
56/77 [====================>.........] - ETA: 19:26 - loss: 0.0284 - acc: 0.9913
57/77 [=====================>........] - ETA: 18:31 - loss: 0.0282 - acc: 0.9914
58/77 [=====================>........] - ETA: 17:35 - loss: 0.0282 - acc: 0.9916
59/77 [=====================>........] - ETA: 16:39 - loss: 0.0280 - acc: 0.9917
60/77 [======================>.......] - ETA: 15:44 - loss: 0.0276 - acc: 0.9918
61/77 [======================>.......] - ETA: 14:48 - loss: 0.0273 - acc: 0.9920
62/77 [=======================>......] - ETA: 13:52 - loss: 0.0269 - acc: 0.9921
63/77 [=======================>......] - ETA: 12:57 - loss: 0.0273 - acc: 0.9919
64/77 [=======================>......] - ETA: 12:02 - loss: 0.0269 - acc: 0.9920
65/77 [========================>.....] - ETA: 11:06 - loss: 0.0275 - acc: 0.9918
66/77 [========================>.....] - ETA: 10:11 - loss: 0.0272 - acc: 0.9919
67/77 [=========================>....] - ETA: 9:15 - loss: 0.0269 - acc: 0.9921 
68/77 [=========================>....] - ETA: 8:20 - loss: 0.0266 - acc: 0.9922
69/77 [=========================>....] - ETA: 7:24 - loss: 0.0264 - acc: 0.9923
70/77 [==========================>...] - ETA: 6:29 - loss: 0.0263 - acc: 0.9924
71/77 [==========================>...] - ETA: 5:33 - loss: 0.0263 - acc: 0.9925
72/77 [===========================>..] - ETA: 4:38 - loss: 0.0259 - acc: 0.9926
73/77 [===========================>..] - ETA: 3:42 - loss: 0.0268 - acc: 0.9924
74/77 [===========================>..] - ETA: 2:46 - loss: 0.0265 - acc: 0.9925
75/77 [============================>.] - ETA: 1:51 - loss: 0.0262 - acc: 0.9926
76/77 [============================>.] - ETA: 55s - loss: 0.0260 - acc: 0.9927 
77/77 [==============================] - 4513s 59s/step - loss: 0.0264 - acc: 0.9925 - val_loss: 0.0062 - val_acc: 0.9984
Epoch 7/10

 1/77 [..............................] - ETA: 1:09:59 - loss: 0.0120 - acc: 1.0000
 2/77 [..............................] - ETA: 1:07:48 - loss: 0.0088 - acc: 1.0000
 3/77 [>.............................] - ETA: 1:06:59 - loss: 0.0079 - acc: 1.0000
 4/77 [>.............................] - ETA: 1:06:39 - loss: 0.0205 - acc: 0.9947
 5/77 [>.............................] - ETA: 1:06:13 - loss: 0.0170 - acc: 0.9957
 6/77 [=>............................] - ETA: 1:02:34 - loss: 0.0146 - acc: 0.9965
 7/77 [=>............................] - ETA: 1:02:17 - loss: 0.0135 - acc: 0.9970
 8/77 [==>...........................] - ETA: 1:01:36 - loss: 0.0140 - acc: 0.9973
 9/77 [==>...........................] - ETA: 1:00:58 - loss: 0.0132 - acc: 0.9976
10/77 [==>...........................] - ETA: 1:00:11 - loss: 0.0162 - acc: 0.9979
11/77 [===>..........................] - ETA: 59:23 - loss: 0.0165 - acc: 0.9981  
12/77 [===>..........................] - ETA: 58:34 - loss: 0.0182 - acc: 0.9965
13/77 [====>.........................] - ETA: 57:51 - loss: 0.0173 - acc: 0.9967
14/77 [====>.........................] - ETA: 57:06 - loss: 0.0166 - acc: 0.9970
15/77 [====>.........................] - ETA: 56:19 - loss: 0.0159 - acc: 0.9972
16/77 [=====>........................] - ETA: 55:27 - loss: 0.0186 - acc: 0.9947
17/77 [=====>........................] - ETA: 54:41 - loss: 0.0176 - acc: 0.9950
18/77 [======>.......................] - ETA: 53:45 - loss: 0.0169 - acc: 0.9953
19/77 [======>.......................] - ETA: 52:54 - loss: 0.0162 - acc: 0.9955
20/77 [======>.......................] - ETA: 52:01 - loss: 0.0159 - acc: 0.9957
21/77 [=======>......................] - ETA: 51:08 - loss: 0.0210 - acc: 0.9949
22/77 [=======>......................] - ETA: 50:20 - loss: 0.0211 - acc: 0.9952
23/77 [=======>......................] - ETA: 49:26 - loss: 0.0204 - acc: 0.9954
24/77 [========>.....................] - ETA: 48:32 - loss: 0.0214 - acc: 0.9947
25/77 [========>.....................] - ETA: 47:38 - loss: 0.0214 - acc: 0.9949
26/77 [=========>....................] - ETA: 46:44 - loss: 0.0208 - acc: 0.9951
27/77 [=========>....................] - ETA: 45:49 - loss: 0.0201 - acc: 0.9953
28/77 [=========>....................] - ETA: 44:56 - loss: 0.0200 - acc: 0.9954
29/77 [==========>...................] - ETA: 44:03 - loss: 0.0194 - acc: 0.9956
30/77 [==========>...................] - ETA: 43:09 - loss: 0.0194 - acc: 0.9950
31/77 [===========>..................] - ETA: 42:16 - loss: 0.0191 - acc: 0.9952
32/77 [===========>..................] - ETA: 41:20 - loss: 0.0187 - acc: 0.9953
33/77 [===========>..................] - ETA: 40:25 - loss: 0.0184 - acc: 0.9955
34/77 [============>.................] - ETA: 39:32 - loss: 0.0204 - acc: 0.9950
35/77 [============>.................] - ETA: 38:39 - loss: 0.0205 - acc: 0.9951
36/77 [=============>................] - ETA: 37:44 - loss: 0.0212 - acc: 0.9947
37/77 [=============>................] - ETA: 36:50 - loss: 0.0220 - acc: 0.9942
38/77 [=============>................] - ETA: 35:57 - loss: 0.0215 - acc: 0.9944
39/77 [==============>...............] - ETA: 35:03 - loss: 0.0211 - acc: 0.9945
40/77 [==============>...............] - ETA: 34:08 - loss: 0.0209 - acc: 0.9947
41/77 [==============>...............] - ETA: 33:13 - loss: 0.0205 - acc: 0.9948
42/77 [===============>..............] - ETA: 32:17 - loss: 0.0202 - acc: 0.9949
43/77 [===============>..............] - ETA: 31:23 - loss: 0.0199 - acc: 0.9951
44/77 [================>.............] - ETA: 30:27 - loss: 0.0198 - acc: 0.9952
45/77 [================>.............] - ETA: 29:30 - loss: 0.0194 - acc: 0.9953
46/77 [================>.............] - ETA: 28:35 - loss: 0.0215 - acc: 0.9944
47/77 [=================>............] - ETA: 27:40 - loss: 0.0211 - acc: 0.9946
48/77 [=================>............] - ETA: 26:45 - loss: 0.0216 - acc: 0.9942
49/77 [==================>...........] - ETA: 25:51 - loss: 0.0239 - acc: 0.9935
50/77 [==================>...........] - ETA: 24:55 - loss: 0.0248 - acc: 0.9932
51/77 [==================>...........] - ETA: 24:00 - loss: 0.0244 - acc: 0.9933
52/77 [===================>..........] - ETA: 23:04 - loss: 0.0240 - acc: 0.9935
53/77 [===================>..........] - ETA: 22:09 - loss: 0.0241 - acc: 0.9932
54/77 [====================>.........] - ETA: 21:13 - loss: 0.0242 - acc: 0.9933
55/77 [====================>.........] - ETA: 20:19 - loss: 0.0238 - acc: 0.9934
56/77 [====================>.........] - ETA: 19:23 - loss: 0.0236 - acc: 0.9935
57/77 [=====================>........] - ETA: 18:28 - loss: 0.0234 - acc: 0.9937
58/77 [=====================>........] - ETA: 17:33 - loss: 0.0241 - acc: 0.9934
59/77 [=====================>........] - ETA: 16:37 - loss: 0.0243 - acc: 0.9931
60/77 [======================>.......] - ETA: 15:42 - loss: 0.0248 - acc: 0.9929
61/77 [======================>.......] - ETA: 14:47 - loss: 0.0251 - acc: 0.9927
62/77 [=======================>......] - ETA: 13:51 - loss: 0.0248 - acc: 0.9928
63/77 [=======================>......] - ETA: 12:56 - loss: 0.0246 - acc: 0.9929
64/77 [=======================>......] - ETA: 12:01 - loss: 0.0244 - acc: 0.9930
65/77 [========================>.....] - ETA: 11:05 - loss: 0.0241 - acc: 0.9931
66/77 [========================>.....] - ETA: 10:10 - loss: 0.0241 - acc: 0.9932
67/77 [=========================>....] - ETA: 9:15 - loss: 0.0237 - acc: 0.9933 
68/77 [=========================>....] - ETA: 8:19 - loss: 0.0237 - acc: 0.9931
69/77 [=========================>....] - ETA: 7:24 - loss: 0.0250 - acc: 0.9929
70/77 [==========================>...] - ETA: 6:28 - loss: 0.0252 - acc: 0.9927
71/77 [==========================>...] - ETA: 5:33 - loss: 0.0252 - acc: 0.9925
72/77 [===========================>..] - ETA: 4:37 - loss: 0.0251 - acc: 0.9926
73/77 [===========================>..] - ETA: 3:42 - loss: 0.0250 - acc: 0.9927
74/77 [===========================>..] - ETA: 2:46 - loss: 0.0247 - acc: 0.9928
75/77 [============================>.] - ETA: 1:51 - loss: 0.0246 - acc: 0.9929
76/77 [============================>.] - ETA: 55s - loss: 0.0244 - acc: 0.9930 
77/77 [==============================] - 4506s 59s/step - loss: 0.0243 - acc: 0.9931 - val_loss: 0.0047 - val_acc: 0.9984
Epoch 8/10

 1/77 [..............................] - ETA: 1:07:25 - loss: 0.0025 - acc: 1.0000
 2/77 [..............................] - ETA: 1:06:37 - loss: 0.0021 - acc: 1.0000
 3/77 [>.............................] - ETA: 1:06:52 - loss: 0.0075 - acc: 1.0000
 4/77 [>.............................] - ETA: 1:06:21 - loss: 0.0065 - acc: 1.0000
 5/77 [>.............................] - ETA: 1:05:38 - loss: 0.0062 - acc: 1.0000
 6/77 [=>............................] - ETA: 1:04:45 - loss: 0.0056 - acc: 1.0000
 7/77 [=>............................] - ETA: 1:01:28 - loss: 0.0099 - acc: 0.9959
 8/77 [==>...........................] - ETA: 1:00:52 - loss: 0.0090 - acc: 0.9964
 9/77 [==>...........................] - ETA: 1:00:01 - loss: 0.0092 - acc: 0.9968
10/77 [==>...........................] - ETA: 59:12 - loss: 0.0087 - acc: 0.9971  
11/77 [===>..........................] - ETA: 58:28 - loss: 0.0088 - acc: 0.9974
12/77 [===>..........................] - ETA: 57:49 - loss: 0.0094 - acc: 0.9976
13/77 [====>.........................] - ETA: 57:08 - loss: 0.0091 - acc: 0.9978
14/77 [====>.........................] - ETA: 56:21 - loss: 0.0093 - acc: 0.9980
15/77 [====>.........................] - ETA: 55:33 - loss: 0.0102 - acc: 0.9967
16/77 [=====>........................] - ETA: 54:41 - loss: 0.0099 - acc: 0.9969
17/77 [=====>........................] - ETA: 53:52 - loss: 0.0096 - acc: 0.9971
18/77 [======>.......................] - ETA: 53:03 - loss: 0.0123 - acc: 0.9960
19/77 [======>.......................] - ETA: 52:10 - loss: 0.0123 - acc: 0.9963
20/77 [======>.......................] - ETA: 51:19 - loss: 0.0119 - acc: 0.9964
21/77 [=======>......................] - ETA: 50:26 - loss: 0.0116 - acc: 0.9966
22/77 [=======>......................] - ETA: 49:31 - loss: 0.0112 - acc: 0.9968
23/77 [=======>......................] - ETA: 48:38 - loss: 0.0109 - acc: 0.9969
24/77 [========>.....................] - ETA: 47:44 - loss: 0.0105 - acc: 0.9970
25/77 [========>.....................] - ETA: 46:53 - loss: 0.0102 - acc: 0.9972
26/77 [=========>....................] - ETA: 46:03 - loss: 0.0100 - acc: 0.9973
27/77 [=========>....................] - ETA: 45:11 - loss: 0.0098 - acc: 0.9974
28/77 [=========>....................] - ETA: 44:19 - loss: 0.0099 - acc: 0.9975
29/77 [==========>...................] - ETA: 43:26 - loss: 0.0097 - acc: 0.9975
30/77 [==========>...................] - ETA: 42:32 - loss: 0.0095 - acc: 0.9976
31/77 [===========>..................] - ETA: 41:40 - loss: 0.0099 - acc: 0.9977
32/77 [===========>..................] - ETA: 40:48 - loss: 0.0097 - acc: 0.9978
33/77 [===========>..................] - ETA: 39:56 - loss: 0.0099 - acc: 0.9978
34/77 [============>.................] - ETA: 39:04 - loss: 0.0098 - acc: 0.9979
35/77 [============>.................] - ETA: 38:11 - loss: 0.0096 - acc: 0.9980
36/77 [=============>................] - ETA: 37:16 - loss: 0.0096 - acc: 0.9980
37/77 [=============>................] - ETA: 36:21 - loss: 0.0094 - acc: 0.9981
38/77 [=============>................] - ETA: 35:26 - loss: 0.0093 - acc: 0.9981
39/77 [==============>...............] - ETA: 34:31 - loss: 0.0092 - acc: 0.9982
40/77 [==============>...............] - ETA: 33:38 - loss: 0.0104 - acc: 0.9977
41/77 [==============>...............] - ETA: 32:45 - loss: 0.0102 - acc: 0.9977
42/77 [===============>..............] - ETA: 31:51 - loss: 0.0132 - acc: 0.9968
43/77 [===============>..............] - ETA: 30:58 - loss: 0.0130 - acc: 0.9969
44/77 [================>.............] - ETA: 30:04 - loss: 0.0131 - acc: 0.9969
45/77 [================>.............] - ETA: 29:10 - loss: 0.0129 - acc: 0.9970
46/77 [================>.............] - ETA: 28:16 - loss: 0.0127 - acc: 0.9971
47/77 [=================>............] - ETA: 27:21 - loss: 0.0125 - acc: 0.9971
48/77 [=================>............] - ETA: 26:26 - loss: 0.0122 - acc: 0.9972
49/77 [==================>...........] - ETA: 25:33 - loss: 0.0120 - acc: 0.9972
50/77 [==================>...........] - ETA: 24:37 - loss: 0.0119 - acc: 0.9973
51/77 [==================>...........] - ETA: 23:44 - loss: 0.0118 - acc: 0.9974
52/77 [===================>..........] - ETA: 22:50 - loss: 0.0118 - acc: 0.9974
53/77 [===================>..........] - ETA: 21:56 - loss: 0.0117 - acc: 0.9975
54/77 [====================>.........] - ETA: 21:02 - loss: 0.0115 - acc: 0.9975
55/77 [====================>.........] - ETA: 20:08 - loss: 0.0114 - acc: 0.9975
56/77 [====================>.........] - ETA: 19:15 - loss: 0.0116 - acc: 0.9976
57/77 [=====================>........] - ETA: 18:21 - loss: 0.0115 - acc: 0.9976
58/77 [=====================>........] - ETA: 17:26 - loss: 0.0113 - acc: 0.9977
59/77 [=====================>........] - ETA: 16:32 - loss: 0.0113 - acc: 0.9977
60/77 [======================>.......] - ETA: 15:37 - loss: 0.0112 - acc: 0.9978
61/77 [======================>.......] - ETA: 14:42 - loss: 0.0111 - acc: 0.9978
62/77 [=======================>......] - ETA: 13:47 - loss: 0.0114 - acc: 0.9975
63/77 [=======================>......] - ETA: 12:53 - loss: 0.0112 - acc: 0.9975
64/77 [=======================>......] - ETA: 11:58 - loss: 0.0111 - acc: 0.9976
65/77 [========================>.....] - ETA: 11:03 - loss: 0.0117 - acc: 0.9973
66/77 [========================>.....] - ETA: 10:08 - loss: 0.0124 - acc: 0.9970
67/77 [=========================>....] - ETA: 9:12 - loss: 0.0123 - acc: 0.9970 
68/77 [=========================>....] - ETA: 8:17 - loss: 0.0121 - acc: 0.9971
69/77 [=========================>....] - ETA: 7:22 - loss: 0.0120 - acc: 0.9971
70/77 [==========================>...] - ETA: 6:27 - loss: 0.0122 - acc: 0.9969
71/77 [==========================>...] - ETA: 5:31 - loss: 0.0124 - acc: 0.9966
72/77 [===========================>..] - ETA: 4:36 - loss: 0.0126 - acc: 0.9964
73/77 [===========================>..] - ETA: 3:41 - loss: 0.0125 - acc: 0.9964
74/77 [===========================>..] - ETA: 2:45 - loss: 0.0123 - acc: 0.9965
75/77 [============================>.] - ETA: 1:50 - loss: 0.0123 - acc: 0.9965
76/77 [============================>.] - ETA: 55s - loss: 0.0121 - acc: 0.9965 
77/77 [==============================] - 4490s 58s/step - loss: 0.0120 - acc: 0.9966 - val_loss: 0.0050 - val_acc: 0.9992
Epoch 9/10

 1/77 [..............................] - ETA: 1:07:34 - loss: 0.0041 - acc: 1.0000
 2/77 [..............................] - ETA: 1:07:01 - loss: 0.0082 - acc: 1.0000
 3/77 [>.............................] - ETA: 1:06:51 - loss: 0.0066 - acc: 1.0000
 4/77 [>.............................] - ETA: 1:06:04 - loss: 0.0058 - acc: 1.0000
 5/77 [>.............................] - ETA: 1:05:05 - loss: 0.0097 - acc: 0.9957
 6/77 [=>............................] - ETA: 1:04:13 - loss: 0.0150 - acc: 0.9929
 7/77 [=>............................] - ETA: 1:03:20 - loss: 0.0134 - acc: 0.9939
 8/77 [==>...........................] - ETA: 1:00:30 - loss: 0.0151 - acc: 0.9947
 9/77 [==>...........................] - ETA: 59:50 - loss: 0.0137 - acc: 0.9953  
10/77 [==>...........................] - ETA: 58:59 - loss: 0.0127 - acc: 0.9957
11/77 [===>..........................] - ETA: 58:19 - loss: 0.0117 - acc: 0.9961
12/77 [===>..........................] - ETA: 57:37 - loss: 0.0115 - acc: 0.9965
13/77 [====>.........................] - ETA: 56:55 - loss: 0.0107 - acc: 0.9967
14/77 [====>.........................] - ETA: 56:09 - loss: 0.0102 - acc: 0.9970
15/77 [====>.........................] - ETA: 55:17 - loss: 0.0105 - acc: 0.9972
16/77 [=====>........................] - ETA: 54:30 - loss: 0.0102 - acc: 0.9973
17/77 [=====>........................] - ETA: 53:47 - loss: 0.0099 - acc: 0.9975
18/77 [======>.......................] - ETA: 52:55 - loss: 0.0096 - acc: 0.9976
19/77 [======>.......................] - ETA: 52:04 - loss: 0.0098 - acc: 0.9978
20/77 [======>.......................] - ETA: 51:15 - loss: 0.0143 - acc: 0.9968
21/77 [=======>......................] - ETA: 50:21 - loss: 0.0147 - acc: 0.9970
22/77 [=======>......................] - ETA: 49:25 - loss: 0.0141 - acc: 0.9971
23/77 [=======>......................] - ETA: 48:38 - loss: 0.0141 - acc: 0.9972
24/77 [========>.....................] - ETA: 47:46 - loss: 0.0139 - acc: 0.9973
25/77 [========>.....................] - ETA: 46:56 - loss: 0.0134 - acc: 0.9974
26/77 [=========>....................] - ETA: 46:06 - loss: 0.0132 - acc: 0.9975
27/77 [=========>....................] - ETA: 45:14 - loss: 0.0129 - acc: 0.9976
28/77 [=========>....................] - ETA: 44:23 - loss: 0.0129 - acc: 0.9977
29/77 [==========>...................] - ETA: 43:32 - loss: 0.0126 - acc: 0.9978
30/77 [==========>...................] - ETA: 42:38 - loss: 0.0133 - acc: 0.9972
31/77 [===========>..................] - ETA: 41:45 - loss: 0.0130 - acc: 0.9973
32/77 [===========>..................] - ETA: 40:51 - loss: 0.0126 - acc: 0.9973
33/77 [===========>..................] - ETA: 39:58 - loss: 0.0123 - acc: 0.9974
34/77 [============>.................] - ETA: 39:06 - loss: 0.0120 - acc: 0.9975
35/77 [============>.................] - ETA: 38:12 - loss: 0.0120 - acc: 0.9976
36/77 [=============>................] - ETA: 37:19 - loss: 0.0117 - acc: 0.9976
37/77 [=============>................] - ETA: 36:26 - loss: 0.0114 - acc: 0.9977
38/77 [=============>................] - ETA: 35:34 - loss: 0.0112 - acc: 0.9978
39/77 [==============>...............] - ETA: 34:41 - loss: 0.0130 - acc: 0.9967
40/77 [==============>...............] - ETA: 33:46 - loss: 0.0149 - acc: 0.9957
41/77 [==============>...............] - ETA: 32:52 - loss: 0.0145 - acc: 0.9958
42/77 [===============>..............] - ETA: 31:58 - loss: 0.0150 - acc: 0.9954
43/77 [===============>..............] - ETA: 30:50 - loss: 0.0148 - acc: 0.9955
44/77 [================>.............] - ETA: 29:42 - loss: 0.0148 - acc: 0.9956
45/77 [================>.............] - ETA: 28:36 - loss: 0.0146 - acc: 0.9957
46/77 [================>.............] - ETA: 27:32 - loss: 0.0144 - acc: 0.9958
47/77 [=================>............] - ETA: 26:27 - loss: 0.0141 - acc: 0.9959
48/77 [=================>............] - ETA: 25:25 - loss: 0.0139 - acc: 0.9960
49/77 [==================>...........] - ETA: 24:23 - loss: 0.0138 - acc: 0.9961
50/77 [==================>...........] - ETA: 23:23 - loss: 0.0147 - acc: 0.9957
51/77 [==================>...........] - ETA: 22:23 - loss: 0.0145 - acc: 0.9958
52/77 [===================>..........] - ETA: 21:23 - loss: 0.0142 - acc: 0.9959
53/77 [===================>..........] - ETA: 20:25 - loss: 0.0142 - acc: 0.9960
54/77 [====================>.........] - ETA: 19:28 - loss: 0.0141 - acc: 0.9961
55/77 [====================>.........] - ETA: 18:31 - loss: 0.0139 - acc: 0.9961
56/77 [====================>.........] - ETA: 17:36 - loss: 0.0142 - acc: 0.9962
57/77 [=====================>........] - ETA: 16:40 - loss: 0.0141 - acc: 0.9963
58/77 [=====================>........] - ETA: 15:46 - loss: 0.0139 - acc: 0.9963
59/77 [=====================>........] - ETA: 14:52 - loss: 0.0139 - acc: 0.9964
60/77 [======================>.......] - ETA: 13:58 - loss: 0.0139 - acc: 0.9965
61/77 [======================>.......] - ETA: 13:05 - loss: 0.0137 - acc: 0.9965
62/77 [=======================>......] - ETA: 12:13 - loss: 0.0136 - acc: 0.9966
63/77 [=======================>......] - ETA: 11:21 - loss: 0.0134 - acc: 0.9966
64/77 [=======================>......] - ETA: 10:30 - loss: 0.0132 - acc: 0.9967
65/77 [========================>.....] - ETA: 9:39 - loss: 0.0131 - acc: 0.9967 
66/77 [========================>.....] - ETA: 8:49 - loss: 0.0130 - acc: 0.9968
67/77 [=========================>....] - ETA: 7:59 - loss: 0.0128 - acc: 0.9968
68/77 [=========================>....] - ETA: 7:10 - loss: 0.0127 - acc: 0.9969
69/77 [=========================>....] - ETA: 6:21 - loss: 0.0139 - acc: 0.9966
70/77 [==========================>...] - ETA: 5:32 - loss: 0.0142 - acc: 0.9964
71/77 [==========================>...] - ETA: 4:43 - loss: 0.0141 - acc: 0.9964
72/77 [===========================>..] - ETA: 3:55 - loss: 0.0139 - acc: 0.9965
73/77 [===========================>..] - ETA: 3:08 - loss: 0.0138 - acc: 0.9965
74/77 [===========================>..] - ETA: 2:20 - loss: 0.0140 - acc: 0.9963
75/77 [============================>.] - ETA: 1:33 - loss: 0.0139 - acc: 0.9963
76/77 [============================>.] - ETA: 46s - loss: 0.0137 - acc: 0.9964 
77/77 [==============================] - 3734s 48s/step - loss: 0.0136 - acc: 0.9964 - val_loss: 0.0027 - val_acc: 0.9992
Epoch 10/10

 1/77 [..............................] - ETA: 44:57 - loss: 0.0100 - acc: 1.0000
 2/77 [..............................] - ETA: 44:24 - loss: 0.0068 - acc: 1.0000
 3/77 [>.............................] - ETA: 43:45 - loss: 0.0058 - acc: 1.0000
 4/77 [>.............................] - ETA: 43:04 - loss: 0.0066 - acc: 1.0000
 5/77 [>.............................] - ETA: 42:36 - loss: 0.0064 - acc: 1.0000
 6/77 [=>............................] - ETA: 42:06 - loss: 0.0196 - acc: 0.9965
 7/77 [=>............................] - ETA: 41:47 - loss: 0.0176 - acc: 0.9970
 8/77 [==>...........................] - ETA: 41:15 - loss: 0.0188 - acc: 0.9947
 9/77 [==>...........................] - ETA: 39:33 - loss: 0.0174 - acc: 0.9953
10/77 [==>...........................] - ETA: 39:05 - loss: 0.0158 - acc: 0.9957
11/77 [===>..........................] - ETA: 38:33 - loss: 0.0147 - acc: 0.9961
12/77 [===>..........................] - ETA: 38:04 - loss: 0.0156 - acc: 0.9947
13/77 [====>.........................] - ETA: 37:30 - loss: 0.0145 - acc: 0.9951
14/77 [====>.........................] - ETA: 36:55 - loss: 0.0144 - acc: 0.9954
15/77 [====>.........................] - ETA: 36:22 - loss: 0.0135 - acc: 0.9957
16/77 [=====>........................] - ETA: 35:46 - loss: 0.0128 - acc: 0.9960
17/77 [=====>........................] - ETA: 35:15 - loss: 0.0123 - acc: 0.9962
18/77 [======>.......................] - ETA: 34:41 - loss: 0.0141 - acc: 0.9953
19/77 [======>.......................] - ETA: 34:07 - loss: 0.0135 - acc: 0.9955
20/77 [======>.......................] - ETA: 33:35 - loss: 0.0129 - acc: 0.9957
21/77 [=======>......................] - ETA: 32:59 - loss: 0.0125 - acc: 0.9959
22/77 [=======>......................] - ETA: 32:24 - loss: 0.0120 - acc: 0.9961
23/77 [=======>......................] - ETA: 31:51 - loss: 0.0166 - acc: 0.9954
24/77 [========>.....................] - ETA: 31:16 - loss: 0.0159 - acc: 0.9956
25/77 [========>.....................] - ETA: 30:42 - loss: 0.0156 - acc: 0.9957
26/77 [=========>....................] - ETA: 30:09 - loss: 0.0151 - acc: 0.9959
27/77 [=========>....................] - ETA: 29:34 - loss: 0.0147 - acc: 0.9961
28/77 [=========>....................] - ETA: 28:59 - loss: 0.0143 - acc: 0.9962
29/77 [==========>...................] - ETA: 28:23 - loss: 0.0138 - acc: 0.9963
30/77 [==========>...................] - ETA: 27:47 - loss: 0.0144 - acc: 0.9957
31/77 [===========>..................] - ETA: 27:12 - loss: 0.0140 - acc: 0.9959
32/77 [===========>..................] - ETA: 26:36 - loss: 0.0139 - acc: 0.9960
33/77 [===========>..................] - ETA: 26:01 - loss: 0.0135 - acc: 0.9961
34/77 [============>.................] - ETA: 25:25 - loss: 0.0133 - acc: 0.9962
35/77 [============>.................] - ETA: 24:50 - loss: 0.0130 - acc: 0.9964
36/77 [=============>................] - ETA: 24:16 - loss: 0.0127 - acc: 0.9965
37/77 [=============>................] - ETA: 23:41 - loss: 0.0126 - acc: 0.9965
38/77 [=============>................] - ETA: 23:06 - loss: 0.0123 - acc: 0.9966
39/77 [==============>...............] - ETA: 22:31 - loss: 0.0122 - acc: 0.9967
40/77 [==============>...............] - ETA: 21:56 - loss: 0.0137 - acc: 0.9963
41/77 [==============>...............] - ETA: 21:22 - loss: 0.0134 - acc: 0.9964
42/77 [===============>..............] - ETA: 20:47 - loss: 0.0136 - acc: 0.9959
43/77 [===============>..............] - ETA: 20:11 - loss: 0.0133 - acc: 0.9960
44/77 [================>.............] - ETA: 19:37 - loss: 0.0130 - acc: 0.9961
45/77 [================>.............] - ETA: 19:01 - loss: 0.0128 - acc: 0.9962
46/77 [================>.............] - ETA: 18:26 - loss: 0.0125 - acc: 0.9963
47/77 [=================>............] - ETA: 17:50 - loss: 0.0124 - acc: 0.9964
48/77 [=================>............] - ETA: 17:15 - loss: 0.0131 - acc: 0.9960
49/77 [==================>...........] - ETA: 16:40 - loss: 0.0129 - acc: 0.9961
50/77 [==================>...........] - ETA: 16:04 - loss: 0.0127 - acc: 0.9962
51/77 [==================>...........] - ETA: 15:29 - loss: 0.0176 - acc: 0.9958
52/77 [===================>..........] - ETA: 14:54 - loss: 0.0173 - acc: 0.9959
53/77 [===================>..........] - ETA: 14:18 - loss: 0.0171 - acc: 0.9960
54/77 [====================>.........] - ETA: 13:43 - loss: 0.0168 - acc: 0.9961
55/77 [====================>.........] - ETA: 13:07 - loss: 0.0166 - acc: 0.9961
56/77 [====================>.........] - ETA: 12:31 - loss: 0.0164 - acc: 0.9962
57/77 [=====================>........] - ETA: 11:55 - loss: 0.0162 - acc: 0.9963
58/77 [=====================>........] - ETA: 11:20 - loss: 0.0160 - acc: 0.9963
59/77 [=====================>........] - ETA: 10:44 - loss: 0.0158 - acc: 0.9964
60/77 [======================>.......] - ETA: 10:08 - loss: 0.0155 - acc: 0.9965
61/77 [======================>.......] - ETA: 9:33 - loss: 0.0154 - acc: 0.9965 
62/77 [=======================>......] - ETA: 8:57 - loss: 0.0152 - acc: 0.9966
63/77 [=======================>......] - ETA: 8:21 - loss: 0.0151 - acc: 0.9966
64/77 [=======================>......] - ETA: 7:46 - loss: 0.0150 - acc: 0.9967
65/77 [========================>.....] - ETA: 7:10 - loss: 0.0148 - acc: 0.9967
66/77 [========================>.....] - ETA: 6:34 - loss: 0.0150 - acc: 0.9965
67/77 [=========================>....] - ETA: 5:58 - loss: 0.0148 - acc: 0.9965
68/77 [=========================>....] - ETA: 5:22 - loss: 0.0147 - acc: 0.9966
69/77 [=========================>....] - ETA: 4:46 - loss: 0.0145 - acc: 0.9966
70/77 [==========================>...] - ETA: 4:10 - loss: 0.0143 - acc: 0.9967
71/77 [==========================>...] - ETA: 3:35 - loss: 0.0143 - acc: 0.9967
72/77 [===========================>..] - ETA: 2:59 - loss: 0.0141 - acc: 0.9967
73/77 [===========================>..] - ETA: 2:23 - loss: 0.0158 - acc: 0.9965
74/77 [===========================>..] - ETA: 1:47 - loss: 0.0157 - acc: 0.9965
75/77 [============================>.] - ETA: 1:11 - loss: 0.0155 - acc: 0.9966
76/77 [============================>.] - ETA: 35s - loss: 0.0154 - acc: 0.9966 
77/77 [==============================] - 2922s 38s/step - loss: 0.0152 - acc: 0.9967 - val_loss: 0.0024 - val_acc: 0.9992
Using TensorFlow backend.
No handles with labels found to put in legend.
[INFO] evaluating network...
             precision    recall  f1-score   support

          A       1.00      0.89      0.94        96
          B       0.95      0.88      0.91       102
          C       1.00      0.96      0.98       112
       Five       0.84      0.86      0.85       134
      Point       0.88      1.00      0.94       119
          V       0.87      0.89      0.88        95

avg / total       0.92      0.91      0.92       658

Accuracy: 0.9148936170212766
[[ 85   0   0   7   4   0]
 [  0  90   0  12   0   0]
 [  0   0 108   3   1   0]
 [  0   5   0 115   1  13]
 [  0   0   0   0 119   0]
 [  0   0   0   0  10  85]]
[INFO] serializing network and label binarizer...
[INFO] plotting and saving results...
Dropout: 0.8 BS: 47
