2018-11-16 16:39:09.904121: I tensorflow/core/platform/cpu_feature_guard.cc:141] Your CPU supports instructions that this TensorFlow binary was not compiled to use: AVX2 FMA
[INFO] loading images...
Found 3657 images belonging to 6 classes.
Found 1215 images belonging to 6 classes.
[INFO] training network...
Epoch 1/18

 1/57 [..............................] - ETA: 1:43:41 - loss: 2.0056 - acc: 0.1250
 2/57 [>.............................] - ETA: 1:23:49 - loss: 1.9609 - acc: 0.1484
 3/57 [>.............................] - ETA: 1:15:41 - loss: 1.9166 - acc: 0.1562
 4/57 [=>............................] - ETA: 1:08:20 - loss: 1.9354 - acc: 0.1367
 5/57 [=>............................] - ETA: 1:03:51 - loss: 1.9397 - acc: 0.1313
 6/57 [==>...........................] - ETA: 1:00:22 - loss: 1.9379 - acc: 0.1406
 7/57 [==>...........................] - ETA: 57:21 - loss: 1.9286 - acc: 0.1518  
 8/57 [===>..........................] - ETA: 54:55 - loss: 1.9237 - acc: 0.1484
 9/57 [===>..........................] - ETA: 52:54 - loss: 1.9066 - acc: 0.1597
10/57 [====>.........................] - ETA: 51:06 - loss: 1.8996 - acc: 0.1625
11/57 [====>.........................] - ETA: 49:19 - loss: 1.8895 - acc: 0.1690
12/57 [=====>........................] - ETA: 47:46 - loss: 1.8795 - acc: 0.1758
13/57 [=====>........................] - ETA: 46:20 - loss: 1.8615 - acc: 0.1875
14/57 [======>.......................] - ETA: 44:56 - loss: 1.8564 - acc: 0.1942
15/57 [======>.......................] - ETA: 43:31 - loss: 1.8393 - acc: 0.2010
16/57 [=======>......................] - ETA: 42:22 - loss: 1.8378 - acc: 0.2051
17/57 [=======>......................] - ETA: 41:08 - loss: 1.8404 - acc: 0.2040
18/57 [========>.....................] - ETA: 39:55 - loss: 1.8483 - acc: 0.2075
19/57 [=========>....................] - ETA: 38:41 - loss: 1.8485 - acc: 0.2089
20/57 [=========>....................] - ETA: 37:33 - loss: 1.8418 - acc: 0.2125
21/57 [==========>...................] - ETA: 36:25 - loss: 1.8442 - acc: 0.2143
22/57 [==========>...................] - ETA: 35:15 - loss: 1.8463 - acc: 0.2152
23/57 [===========>..................] - ETA: 34:14 - loss: 1.8394 - acc: 0.2194
24/57 [===========>..................] - ETA: 33:11 - loss: 1.8368 - acc: 0.2207
25/57 [============>.................] - ETA: 32:07 - loss: 1.8287 - acc: 0.2244
26/57 [============>.................] - ETA: 31:01 - loss: 1.8196 - acc: 0.2296
27/57 [=============>................] - ETA: 29:59 - loss: 1.8165 - acc: 0.2315
28/57 [=============>................] - ETA: 28:57 - loss: 1.8108 - acc: 0.2344
29/57 [==============>...............] - ETA: 27:55 - loss: 1.8050 - acc: 0.2376
30/57 [==============>...............] - ETA: 26:51 - loss: 1.7935 - acc: 0.2427
31/57 [===============>..............] - ETA: 25:50 - loss: 1.7870 - acc: 0.2460
32/57 [===============>..............] - ETA: 24:49 - loss: 1.7808 - acc: 0.2490
33/57 [================>.............] - ETA: 23:47 - loss: 1.7776 - acc: 0.2524
34/57 [================>.............] - ETA: 22:46 - loss: 1.7746 - acc: 0.2528
35/57 [=================>............] - ETA: 21:46 - loss: 1.7704 - acc: 0.2554
36/57 [=================>............] - ETA: 20:46 - loss: 1.7642 - acc: 0.2600
37/57 [==================>...........] - ETA: 19:44 - loss: 1.7590 - acc: 0.2639
38/57 [===================>..........] - ETA: 18:44 - loss: 1.7549 - acc: 0.2664
39/57 [===================>..........] - ETA: 17:45 - loss: 1.7491 - acc: 0.2712
40/57 [====================>.........] - ETA: 16:45 - loss: 1.7430 - acc: 0.2758
41/57 [====================>.........] - ETA: 15:44 - loss: 1.7369 - acc: 0.2797
42/57 [=====================>........] - ETA: 14:45 - loss: 1.7346 - acc: 0.2798
43/57 [=====================>........] - ETA: 13:45 - loss: 1.7302 - acc: 0.2831
44/57 [======================>.......] - ETA: 12:46 - loss: 1.7272 - acc: 0.2827
45/57 [======================>.......] - ETA: 11:46 - loss: 1.7215 - acc: 0.2854
46/57 [=======================>......] - ETA: 10:47 - loss: 1.7185 - acc: 0.2877
47/57 [=======================>......] - ETA: 9:48 - loss: 1.7127 - acc: 0.2916 
48/57 [========================>.....] - ETA: 8:49 - loss: 1.7101 - acc: 0.2930
49/57 [========================>.....] - ETA: 7:50 - loss: 1.7037 - acc: 0.2975
50/57 [=========================>....] - ETA: 6:51 - loss: 1.6976 - acc: 0.3006
51/57 [=========================>....] - ETA: 5:52 - loss: 1.6919 - acc: 0.3036
52/57 [==========================>...] - ETA: 4:53 - loss: 1.6880 - acc: 0.3062
53/57 [==========================>...] - ETA: 3:54 - loss: 1.6849 - acc: 0.3081
54/57 [===========================>..] - ETA: 2:56 - loss: 1.6822 - acc: 0.3082
55/57 [===========================>..] - ETA: 1:57 - loss: 1.6773 - acc: 0.3108
56/57 [============================>.] - ETA: 58s - loss: 1.6752 - acc: 0.3105 
57/57 [==============================] - 3585s 63s/step - loss: 1.6693 - acc: 0.3136 - val_loss: 1.4788 - val_acc: 0.4141
Epoch 2/18

 1/57 [..............................] - ETA: 9:26 - loss: 1.1995 - acc: 0.7778
 2/57 [>.............................] - ETA: 31:08 - loss: 1.3202 - acc: 0.5998
 3/57 [>.............................] - ETA: 37:21 - loss: 1.3447 - acc: 0.5457
 4/57 [=>............................] - ETA: 39:43 - loss: 1.3543 - acc: 0.5187
 5/57 [=>............................] - ETA: 40:59 - loss: 1.3616 - acc: 0.5118
 6/57 [==>...........................] - ETA: 41:43 - loss: 1.3480 - acc: 0.4994
 7/57 [==>...........................] - ETA: 41:52 - loss: 1.3690 - acc: 0.4816
 8/57 [===>..........................] - ETA: 41:28 - loss: 1.3626 - acc: 0.4957
 9/57 [===>..........................] - ETA: 41:22 - loss: 1.3594 - acc: 0.5048
10/57 [====>.........................] - ETA: 41:00 - loss: 1.3524 - acc: 0.5090
11/57 [====>.........................] - ETA: 40:29 - loss: 1.3470 - acc: 0.5125
12/57 [=====>........................] - ETA: 39:42 - loss: 1.3415 - acc: 0.5127
13/57 [=====>........................] - ETA: 39:09 - loss: 1.3480 - acc: 0.5130
14/57 [======>.......................] - ETA: 38:29 - loss: 1.3468 - acc: 0.5064
15/57 [======>.......................] - ETA: 37:40 - loss: 1.3446 - acc: 0.5081
16/57 [=======>......................] - ETA: 36:53 - loss: 1.3354 - acc: 0.5115
17/57 [=======>......................] - ETA: 36:09 - loss: 1.3386 - acc: 0.5081
18/57 [========>.....................] - ETA: 35:23 - loss: 1.3374 - acc: 0.5068
19/57 [=========>....................] - ETA: 34:30 - loss: 1.3308 - acc: 0.5130
20/57 [=========>....................] - ETA: 34:01 - loss: 1.3289 - acc: 0.5100
21/57 [==========>...................] - ETA: 33:29 - loss: 1.3179 - acc: 0.5162
22/57 [==========>...................] - ETA: 32:55 - loss: 1.3084 - acc: 0.5233
23/57 [===========>..................] - ETA: 32:04 - loss: 1.2910 - acc: 0.5331
24/57 [===========>..................] - ETA: 31:10 - loss: 1.2867 - acc: 0.5363
25/57 [============>.................] - ETA: 30:12 - loss: 1.2781 - acc: 0.5399
26/57 [============>.................] - ETA: 29:16 - loss: 1.2751 - acc: 0.5419
27/57 [=============>................] - ETA: 28:21 - loss: 1.2692 - acc: 0.5462
28/57 [=============>................] - ETA: 27:25 - loss: 1.2619 - acc: 0.5507
29/57 [==============>...............] - ETA: 26:29 - loss: 1.2553 - acc: 0.5532
30/57 [==============>...............] - ETA: 25:32 - loss: 1.2479 - acc: 0.5551
31/57 [===============>..............] - ETA: 24:37 - loss: 1.2412 - acc: 0.5584
32/57 [===============>..............] - ETA: 23:41 - loss: 1.2333 - acc: 0.5639
33/57 [================>.............] - ETA: 22:43 - loss: 1.2297 - acc: 0.5648
34/57 [================>.............] - ETA: 21:48 - loss: 1.2216 - acc: 0.5675
35/57 [=================>............] - ETA: 20:52 - loss: 1.2117 - acc: 0.5727
36/57 [=================>............] - ETA: 19:56 - loss: 1.1998 - acc: 0.5780
37/57 [==================>...........] - ETA: 18:58 - loss: 1.1899 - acc: 0.5823
38/57 [===================>..........] - ETA: 18:02 - loss: 1.1829 - acc: 0.5850
39/57 [===================>..........] - ETA: 17:06 - loss: 1.1743 - acc: 0.5893
40/57 [====================>.........] - ETA: 16:09 - loss: 1.1650 - acc: 0.5952
41/57 [====================>.........] - ETA: 15:11 - loss: 1.1556 - acc: 0.5986
42/57 [=====================>........] - ETA: 14:15 - loss: 1.1498 - acc: 0.6007
43/57 [=====================>........] - ETA: 13:18 - loss: 1.1417 - acc: 0.6042
44/57 [======================>.......] - ETA: 12:21 - loss: 1.1366 - acc: 0.6057
45/57 [======================>.......] - ETA: 11:23 - loss: 1.1279 - acc: 0.6096
46/57 [=======================>......] - ETA: 10:27 - loss: 1.1173 - acc: 0.6137
47/57 [=======================>......] - ETA: 9:30 - loss: 1.1098 - acc: 0.6173 
48/57 [========================>.....] - ETA: 8:33 - loss: 1.1032 - acc: 0.6200
49/57 [========================>.....] - ETA: 7:36 - loss: 1.0932 - acc: 0.6233
50/57 [=========================>....] - ETA: 6:39 - loss: 1.0860 - acc: 0.6262
51/57 [=========================>....] - ETA: 5:42 - loss: 1.0758 - acc: 0.6289
52/57 [==========================>...] - ETA: 4:45 - loss: 1.0681 - acc: 0.6324
53/57 [==========================>...] - ETA: 3:48 - loss: 1.0564 - acc: 0.6382
54/57 [===========================>..] - ETA: 2:51 - loss: 1.0493 - acc: 0.6411
55/57 [===========================>..] - ETA: 1:54 - loss: 1.0432 - acc: 0.6443
56/57 [============================>.] - ETA: 57s - loss: 1.0351 - acc: 0.6467 
57/57 [==============================] - 3496s 61s/step - loss: 1.0260 - acc: 0.6507 - val_loss: 0.8445 - val_acc: 0.7289
Epoch 3/18

 1/57 [..............................] - ETA: 53:03 - loss: 0.5092 - acc: 0.8438
 2/57 [>.............................] - ETA: 30:47 - loss: 0.4041 - acc: 0.8663
 3/57 [>.............................] - ETA: 37:15 - loss: 0.4284 - acc: 0.8588
 4/57 [=>............................] - ETA: 39:29 - loss: 0.4581 - acc: 0.8472
 5/57 [=>............................] - ETA: 41:06 - loss: 0.4593 - acc: 0.8465
 6/57 [==>...........................] - ETA: 41:51 - loss: 0.4613 - acc: 0.8409
 7/57 [==>...........................] - ETA: 41:51 - loss: 0.4520 - acc: 0.8502
 8/57 [===>..........................] - ETA: 41:41 - loss: 0.4526 - acc: 0.8455
 9/57 [===>..........................] - ETA: 41:27 - loss: 0.4508 - acc: 0.8505
10/57 [====>.........................] - ETA: 40:59 - loss: 0.4362 - acc: 0.8561
11/57 [====>.........................] - ETA: 40:25 - loss: 0.4313 - acc: 0.8592
12/57 [=====>........................] - ETA: 39:52 - loss: 0.4241 - acc: 0.8605
13/57 [=====>........................] - ETA: 39:16 - loss: 0.4165 - acc: 0.8653
14/57 [======>.......................] - ETA: 38:36 - loss: 0.4070 - acc: 0.8693
15/57 [======>.......................] - ETA: 37:47 - loss: 0.3946 - acc: 0.8759
16/57 [=======>......................] - ETA: 37:04 - loss: 0.3858 - acc: 0.8798
17/57 [=======>......................] - ETA: 36:21 - loss: 0.3766 - acc: 0.8823
18/57 [========>.....................] - ETA: 35:35 - loss: 0.3713 - acc: 0.8836
19/57 [=========>....................] - ETA: 34:41 - loss: 0.3646 - acc: 0.8856
20/57 [=========>....................] - ETA: 33:56 - loss: 0.3566 - acc: 0.8898
21/57 [==========>...................] - ETA: 33:06 - loss: 0.3485 - acc: 0.8920
22/57 [==========>...................] - ETA: 32:14 - loss: 0.3421 - acc: 0.8941
23/57 [===========>..................] - ETA: 31:19 - loss: 0.3385 - acc: 0.8967
24/57 [===========>..................] - ETA: 30:29 - loss: 0.3318 - acc: 0.8997
25/57 [============>.................] - ETA: 29:36 - loss: 0.3357 - acc: 0.8968
26/57 [============>.................] - ETA: 28:42 - loss: 0.3305 - acc: 0.8984
27/57 [=============>................] - ETA: 27:46 - loss: 0.3282 - acc: 0.8998
28/57 [=============>................] - ETA: 26:54 - loss: 0.3213 - acc: 0.9028
29/57 [==============>...............] - ETA: 26:00 - loss: 0.3156 - acc: 0.9046
30/57 [==============>...............] - ETA: 25:04 - loss: 0.3133 - acc: 0.9057
31/57 [===============>..............] - ETA: 24:10 - loss: 0.3098 - acc: 0.9067
32/57 [===============>..............] - ETA: 23:17 - loss: 0.3047 - acc: 0.9086
33/57 [================>.............] - ETA: 22:23 - loss: 0.2992 - acc: 0.9109
34/57 [================>.............] - ETA: 21:28 - loss: 0.2950 - acc: 0.9126
35/57 [=================>............] - ETA: 20:32 - loss: 0.2911 - acc: 0.9138
36/57 [=================>............] - ETA: 19:38 - loss: 0.2874 - acc: 0.9144
37/57 [==================>...........] - ETA: 18:42 - loss: 0.2840 - acc: 0.9151
38/57 [===================>..........] - ETA: 17:46 - loss: 0.2811 - acc: 0.9157
39/57 [===================>..........] - ETA: 16:56 - loss: 0.2775 - acc: 0.9166
40/57 [====================>.........] - ETA: 16:05 - loss: 0.2736 - acc: 0.9179
41/57 [====================>.........] - ETA: 15:13 - loss: 0.2700 - acc: 0.9192
42/57 [=====================>........] - ETA: 14:17 - loss: 0.2657 - acc: 0.9207
43/57 [=====================>........] - ETA: 13:21 - loss: 0.2616 - acc: 0.9218
44/57 [======================>.......] - ETA: 12:24 - loss: 0.2573 - acc: 0.9229
45/57 [======================>.......] - ETA: 11:26 - loss: 0.2540 - acc: 0.9243
46/57 [=======================>......] - ETA: 10:29 - loss: 0.2536 - acc: 0.9242
47/57 [=======================>......] - ETA: 9:32 - loss: 0.2503 - acc: 0.9248 
48/57 [========================>.....] - ETA: 8:35 - loss: 0.2487 - acc: 0.9257
49/57 [========================>.....] - ETA: 7:37 - loss: 0.2458 - acc: 0.9266
50/57 [=========================>....] - ETA: 6:40 - loss: 0.2443 - acc: 0.9272
51/57 [=========================>....] - ETA: 5:43 - loss: 0.2407 - acc: 0.9286
52/57 [==========================>...] - ETA: 4:46 - loss: 0.2384 - acc: 0.9297
53/57 [==========================>...] - ETA: 3:49 - loss: 0.2355 - acc: 0.9310
54/57 [===========================>..] - ETA: 2:51 - loss: 0.2331 - acc: 0.9320
55/57 [===========================>..] - ETA: 1:54 - loss: 0.2308 - acc: 0.9326
56/57 [============================>.] - ETA: 57s - loss: 0.2281 - acc: 0.9336 
57/57 [==============================] - 3504s 61s/step - loss: 0.2250 - acc: 0.9347 - val_loss: 0.6876 - val_acc: 0.7750
Epoch 4/18

 1/57 [..............................] - ETA: 54:24 - loss: 0.0859 - acc: 0.9844
 2/57 [>.............................] - ETA: 52:55 - loss: 0.0801 - acc: 0.9844
 3/57 [>.............................] - ETA: 37:44 - loss: 0.3156 - acc: 0.9155
 4/57 [=>............................] - ETA: 40:34 - loss: 0.2504 - acc: 0.9366
 5/57 [=>............................] - ETA: 41:25 - loss: 0.2087 - acc: 0.9493
 6/57 [==>...........................] - ETA: 42:07 - loss: 0.1908 - acc: 0.9525
 7/57 [==>...........................] - ETA: 42:11 - loss: 0.1722 - acc: 0.9549
 8/57 [===>..........................] - ETA: 41:54 - loss: 0.1556 - acc: 0.9605
 9/57 [===>..........................] - ETA: 41:30 - loss: 0.1466 - acc: 0.9632
10/57 [====>.........................] - ETA: 41:10 - loss: 0.1398 - acc: 0.9653
11/57 [====>.........................] - ETA: 40:37 - loss: 0.1304 - acc: 0.9684
12/57 [=====>........................] - ETA: 39:52 - loss: 0.1233 - acc: 0.9711
13/57 [=====>........................] - ETA: 39:21 - loss: 0.1190 - acc: 0.9721
14/57 [======>.......................] - ETA: 38:43 - loss: 0.1136 - acc: 0.9741
15/57 [======>.......................] - ETA: 37:55 - loss: 0.1085 - acc: 0.9748
16/57 [=======>......................] - ETA: 37:06 - loss: 0.1098 - acc: 0.9724
17/57 [=======>......................] - ETA: 36:22 - loss: 0.1061 - acc: 0.9731
18/57 [========>.....................] - ETA: 35:36 - loss: 0.1015 - acc: 0.9746
19/57 [=========>....................] - ETA: 34:46 - loss: 0.0998 - acc: 0.9751
20/57 [=========>....................] - ETA: 33:53 - loss: 0.0965 - acc: 0.9764
21/57 [==========>...................] - ETA: 33:05 - loss: 0.0937 - acc: 0.9768
22/57 [==========>...................] - ETA: 32:13 - loss: 0.0909 - acc: 0.9771
23/57 [===========>..................] - ETA: 31:19 - loss: 0.0876 - acc: 0.9781
24/57 [===========>..................] - ETA: 30:26 - loss: 0.0851 - acc: 0.9784
25/57 [============>.................] - ETA: 29:35 - loss: 0.0835 - acc: 0.9786
26/57 [============>.................] - ETA: 28:41 - loss: 0.0815 - acc: 0.9794
27/57 [=============>................] - ETA: 27:46 - loss: 0.0808 - acc: 0.9790
28/57 [=============>................] - ETA: 26:53 - loss: 0.0795 - acc: 0.9792
29/57 [==============>...............] - ETA: 25:59 - loss: 0.0829 - acc: 0.9783
30/57 [==============>...............] - ETA: 25:05 - loss: 0.0807 - acc: 0.9791
31/57 [===============>..............] - ETA: 24:09 - loss: 0.0789 - acc: 0.9797
32/57 [===============>..............] - ETA: 23:16 - loss: 0.0775 - acc: 0.9804
33/57 [================>.............] - ETA: 22:21 - loss: 0.0760 - acc: 0.9810
34/57 [================>.............] - ETA: 21:26 - loss: 0.0754 - acc: 0.9811
35/57 [=================>............] - ETA: 20:29 - loss: 0.0738 - acc: 0.9816
36/57 [=================>............] - ETA: 19:36 - loss: 0.0722 - acc: 0.9821
37/57 [==================>...........] - ETA: 18:40 - loss: 0.0726 - acc: 0.9817
38/57 [===================>..........] - ETA: 17:44 - loss: 0.0718 - acc: 0.9822
39/57 [===================>..........] - ETA: 16:49 - loss: 0.0798 - acc: 0.9803
40/57 [====================>.........] - ETA: 15:54 - loss: 0.0786 - acc: 0.9804
41/57 [====================>.........] - ETA: 14:58 - loss: 0.0782 - acc: 0.9801
42/57 [=====================>........] - ETA: 14:03 - loss: 0.0790 - acc: 0.9798
43/57 [=====================>........] - ETA: 13:07 - loss: 0.0775 - acc: 0.9803
44/57 [======================>.......] - ETA: 12:12 - loss: 0.0763 - acc: 0.9807
45/57 [======================>.......] - ETA: 11:16 - loss: 0.0764 - acc: 0.9808
46/57 [=======================>......] - ETA: 10:19 - loss: 0.0758 - acc: 0.9809
47/57 [=======================>......] - ETA: 9:24 - loss: 0.0752 - acc: 0.9810 
48/57 [========================>.....] - ETA: 8:28 - loss: 0.0754 - acc: 0.9807
49/57 [========================>.....] - ETA: 7:31 - loss: 0.0743 - acc: 0.9811
50/57 [=========================>....] - ETA: 6:35 - loss: 0.0734 - acc: 0.9812
51/57 [=========================>....] - ETA: 5:39 - loss: 0.0722 - acc: 0.9815
52/57 [==========================>...] - ETA: 4:42 - loss: 0.0724 - acc: 0.9813
53/57 [==========================>...] - ETA: 3:46 - loss: 0.0714 - acc: 0.9817
54/57 [===========================>..] - ETA: 2:49 - loss: 0.0719 - acc: 0.9814
55/57 [===========================>..] - ETA: 1:53 - loss: 0.0719 - acc: 0.9815
56/57 [============================>.] - ETA: 56s - loss: 0.0715 - acc: 0.9812 
57/57 [==============================] - 3506s 62s/step - loss: 0.0710 - acc: 0.9814 - val_loss: 0.4861 - val_acc: 0.8766
Epoch 5/18

 1/57 [..............................] - ETA: 53:35 - loss: 0.0541 - acc: 0.9688
 2/57 [>.............................] - ETA: 52:02 - loss: 0.0340 - acc: 0.9844
 3/57 [>.............................] - ETA: 51:09 - loss: 0.0259 - acc: 0.9896
 4/57 [=>............................] - ETA: 40:09 - loss: 0.0302 - acc: 0.9922
 5/57 [=>............................] - ETA: 41:05 - loss: 0.0260 - acc: 0.9938
 6/57 [==>...........................] - ETA: 41:48 - loss: 0.0256 - acc: 0.9948
 7/57 [==>...........................] - ETA: 41:55 - loss: 0.0238 - acc: 0.9955
 8/57 [===>..........................] - ETA: 41:40 - loss: 0.0284 - acc: 0.9941
 9/57 [===>..........................] - ETA: 41:21 - loss: 0.0313 - acc: 0.9931
10/57 [====>.........................] - ETA: 40:54 - loss: 0.0294 - acc: 0.9938
11/57 [====>.........................] - ETA: 40:24 - loss: 0.0294 - acc: 0.9929
12/57 [=====>........................] - ETA: 39:49 - loss: 0.0341 - acc: 0.9896
13/57 [=====>........................] - ETA: 39:08 - loss: 0.0327 - acc: 0.9904
14/57 [======>.......................] - ETA: 38:30 - loss: 0.0314 - acc: 0.9911
15/57 [======>.......................] - ETA: 37:47 - loss: 0.0309 - acc: 0.9917
16/57 [=======>......................] - ETA: 36:59 - loss: 0.0305 - acc: 0.9922
17/57 [=======>......................] - ETA: 36:09 - loss: 0.0302 - acc: 0.9926
18/57 [========>.....................] - ETA: 35:24 - loss: 0.0311 - acc: 0.9922
19/57 [=========>....................] - ETA: 34:36 - loss: 0.0298 - acc: 0.9926
20/57 [=========>....................] - ETA: 33:45 - loss: 0.0286 - acc: 0.9930
21/57 [==========>...................] - ETA: 32:53 - loss: 0.0278 - acc: 0.9933
22/57 [==========>...................] - ETA: 32:06 - loss: 0.0269 - acc: 0.9936
23/57 [===========>..................] - ETA: 31:15 - loss: 0.0286 - acc: 0.9925
24/57 [===========>..................] - ETA: 30:22 - loss: 0.0278 - acc: 0.9928
25/57 [============>.................] - ETA: 29:30 - loss: 0.0285 - acc: 0.9919
26/57 [============>.................] - ETA: 28:39 - loss: 0.0279 - acc: 0.9922
27/57 [=============>................] - ETA: 27:46 - loss: 0.0275 - acc: 0.9925
28/57 [=============>................] - ETA: 26:51 - loss: 0.0269 - acc: 0.9927
29/57 [==============>...............] - ETA: 25:57 - loss: 0.0262 - acc: 0.9930
30/57 [==============>...............] - ETA: 25:05 - loss: 0.0256 - acc: 0.9932
31/57 [===============>..............] - ETA: 24:10 - loss: 0.0256 - acc: 0.9929
32/57 [===============>..............] - ETA: 23:14 - loss: 0.0251 - acc: 0.9932
33/57 [================>.............] - ETA: 22:20 - loss: 0.0258 - acc: 0.9929
34/57 [================>.............] - ETA: 21:26 - loss: 0.0255 - acc: 0.9931
35/57 [=================>............] - ETA: 20:30 - loss: 0.0253 - acc: 0.9929
36/57 [=================>............] - ETA: 19:35 - loss: 0.0248 - acc: 0.9931
37/57 [==================>...........] - ETA: 18:40 - loss: 0.0245 - acc: 0.9932
38/57 [===================>..........] - ETA: 17:45 - loss: 0.0240 - acc: 0.9934
39/57 [===================>..........] - ETA: 16:49 - loss: 0.0237 - acc: 0.9936
40/57 [====================>.........] - ETA: 15:53 - loss: 0.0237 - acc: 0.9934
41/57 [====================>.........] - ETA: 14:58 - loss: 0.0233 - acc: 0.9935
42/57 [=====================>........] - ETA: 14:03 - loss: 0.0229 - acc: 0.9937
43/57 [=====================>........] - ETA: 13:07 - loss: 0.0228 - acc: 0.9938
44/57 [======================>.......] - ETA: 12:11 - loss: 0.0225 - acc: 0.9940
45/57 [======================>.......] - ETA: 11:15 - loss: 0.0222 - acc: 0.9941
46/57 [=======================>......] - ETA: 10:19 - loss: 0.0219 - acc: 0.9942
47/57 [=======================>......] - ETA: 9:23 - loss: 0.0216 - acc: 0.9943 
48/57 [========================>.....] - ETA: 8:27 - loss: 0.0213 - acc: 0.9945
49/57 [========================>.....] - ETA: 7:31 - loss: 0.0209 - acc: 0.9946
50/57 [=========================>....] - ETA: 6:35 - loss: 0.0206 - acc: 0.9947
51/57 [=========================>....] - ETA: 5:38 - loss: 0.0204 - acc: 0.9948
52/57 [==========================>...] - ETA: 4:42 - loss: 0.0208 - acc: 0.9946
53/57 [==========================>...] - ETA: 3:45 - loss: 0.0206 - acc: 0.9947
54/57 [===========================>..] - ETA: 2:49 - loss: 0.0205 - acc: 0.9948
55/57 [===========================>..] - ETA: 1:53 - loss: 0.0203 - acc: 0.9949
56/57 [============================>.] - ETA: 56s - loss: 0.0200 - acc: 0.9950 
57/57 [==============================] - 3462s 61s/step - loss: 0.0199 - acc: 0.9951 - val_loss: 0.7168 - val_acc: 0.8645
Epoch 6/18

 1/57 [..............................] - ETA: 53:53 - loss: 0.0050 - acc: 1.0000
 2/57 [>.............................] - ETA: 52:10 - loss: 0.0055 - acc: 1.0000
 3/57 [>.............................] - ETA: 50:35 - loss: 0.0071 - acc: 1.0000
 4/57 [=>............................] - ETA: 50:04 - loss: 0.0080 - acc: 1.0000
 5/57 [=>............................] - ETA: 41:07 - loss: 0.0086 - acc: 1.0000
 6/57 [==>...........................] - ETA: 41:57 - loss: 0.0086 - acc: 1.0000
 7/57 [==>...........................] - ETA: 42:01 - loss: 0.0083 - acc: 1.0000
 8/57 [===>..........................] - ETA: 41:42 - loss: 0.0143 - acc: 0.9980
 9/57 [===>..........................] - ETA: 41:21 - loss: 0.0152 - acc: 0.9983
10/57 [====>.........................] - ETA: 41:05 - loss: 0.0206 - acc: 0.9953
11/57 [====>.........................] - ETA: 40:32 - loss: 0.0193 - acc: 0.9957
12/57 [=====>........................] - ETA: 39:49 - loss: 0.0182 - acc: 0.9961
13/57 [=====>........................] - ETA: 39:11 - loss: 0.0177 - acc: 0.9964
14/57 [======>.......................] - ETA: 38:33 - loss: 0.0167 - acc: 0.9967
15/57 [======>.......................] - ETA: 37:50 - loss: 0.0158 - acc: 0.9969
16/57 [=======>......................] - ETA: 37:37 - loss: 0.0153 - acc: 0.9971
17/57 [=======>......................] - ETA: 37:15 - loss: 0.0146 - acc: 0.9972
18/57 [========>.....................] - ETA: 36:45 - loss: 0.0140 - acc: 0.9974
19/57 [=========>....................] - ETA: 35:48 - loss: 0.0136 - acc: 0.9975
20/57 [=========>....................] - ETA: 34:56 - loss: 0.0131 - acc: 0.9977
21/57 [==========>...................] - ETA: 34:02 - loss: 0.0135 - acc: 0.9978
22/57 [==========>...................] - ETA: 33:07 - loss: 0.0130 - acc: 0.9979
23/57 [===========>..................] - ETA: 32:10 - loss: 0.0127 - acc: 0.9980
24/57 [===========>..................] - ETA: 31:17 - loss: 0.0123 - acc: 0.9980
25/57 [============>.................] - ETA: 30:21 - loss: 0.0132 - acc: 0.9975
26/57 [============>.................] - ETA: 29:22 - loss: 0.0128 - acc: 0.9976
27/57 [=============>................] - ETA: 28:25 - loss: 0.0124 - acc: 0.9977
28/57 [=============>................] - ETA: 27:29 - loss: 0.0129 - acc: 0.9972
29/57 [==============>...............] - ETA: 26:33 - loss: 0.0125 - acc: 0.9973
30/57 [==============>...............] - ETA: 25:36 - loss: 0.0123 - acc: 0.9974
31/57 [===============>..............] - ETA: 24:40 - loss: 0.0120 - acc: 0.9975
32/57 [===============>..............] - ETA: 23:44 - loss: 0.0117 - acc: 0.9976
33/57 [================>.............] - ETA: 22:48 - loss: 0.0115 - acc: 0.9976
34/57 [================>.............] - ETA: 21:50 - loss: 0.0113 - acc: 0.9977
35/57 [=================>............] - ETA: 20:54 - loss: 0.0114 - acc: 0.9973
36/57 [=================>............] - ETA: 19:58 - loss: 0.0112 - acc: 0.9974
37/57 [==================>...........] - ETA: 19:01 - loss: 0.0110 - acc: 0.9975
38/57 [===================>..........] - ETA: 18:03 - loss: 0.0113 - acc: 0.9975
39/57 [===================>..........] - ETA: 17:07 - loss: 0.0111 - acc: 0.9976
40/57 [====================>.........] - ETA: 16:10 - loss: 0.0120 - acc: 0.9973
41/57 [====================>.........] - ETA: 15:13 - loss: 0.0117 - acc: 0.9973
42/57 [=====================>........] - ETA: 14:16 - loss: 0.0115 - acc: 0.9974
43/57 [=====================>........] - ETA: 13:19 - loss: 0.0113 - acc: 0.9975
44/57 [======================>.......] - ETA: 12:22 - loss: 0.0111 - acc: 0.9975
45/57 [======================>.......] - ETA: 11:24 - loss: 0.0110 - acc: 0.9976
46/57 [=======================>......] - ETA: 10:27 - loss: 0.0109 - acc: 0.9976
47/57 [=======================>......] - ETA: 9:31 - loss: 0.0110 - acc: 0.9977 
48/57 [========================>.....] - ETA: 8:34 - loss: 0.0110 - acc: 0.9977
49/57 [========================>.....] - ETA: 7:37 - loss: 0.0108 - acc: 0.9978
50/57 [=========================>....] - ETA: 6:40 - loss: 0.0152 - acc: 0.9966
51/57 [=========================>....] - ETA: 5:43 - loss: 0.0150 - acc: 0.9966
52/57 [==========================>...] - ETA: 4:45 - loss: 0.0161 - acc: 0.9964
53/57 [==========================>...] - ETA: 3:48 - loss: 0.0158 - acc: 0.9965
54/57 [===========================>..] - ETA: 2:51 - loss: 0.0167 - acc: 0.9962
55/57 [===========================>..] - ETA: 1:54 - loss: 0.0165 - acc: 0.9963
56/57 [============================>.] - ETA: 57s - loss: 0.0163 - acc: 0.9964 
57/57 [==============================] - 3497s 61s/step - loss: 0.0160 - acc: 0.9964 - val_loss: 0.5748 - val_acc: 0.8888
Epoch 7/18

 1/57 [..............................] - ETA: 53:52 - loss: 0.0033 - acc: 1.0000
 2/57 [>.............................] - ETA: 53:08 - loss: 0.0032 - acc: 1.0000
 3/57 [>.............................] - ETA: 51:26 - loss: 0.0029 - acc: 1.0000
 4/57 [=>............................] - ETA: 50:33 - loss: 0.0092 - acc: 0.9961
 5/57 [=>............................] - ETA: 49:43 - loss: 0.0087 - acc: 0.9969
 6/57 [==>...........................] - ETA: 42:04 - loss: 0.0109 - acc: 0.9974
 7/57 [==>...........................] - ETA: 42:07 - loss: 0.0199 - acc: 0.9955
 8/57 [===>..........................] - ETA: 41:48 - loss: 0.0180 - acc: 0.9961
 9/57 [===>..........................] - ETA: 41:23 - loss: 0.0164 - acc: 0.9965
10/57 [====>.........................] - ETA: 41:06 - loss: 0.0177 - acc: 0.9953
11/57 [====>.........................] - ETA: 40:38 - loss: 0.0165 - acc: 0.9957
12/57 [=====>........................] - ETA: 39:58 - loss: 0.0216 - acc: 0.9948
13/57 [=====>........................] - ETA: 39:17 - loss: 0.0206 - acc: 0.9952
14/57 [======>.......................] - ETA: 38:38 - loss: 0.0213 - acc: 0.9944
15/57 [======>.......................] - ETA: 37:53 - loss: 0.0206 - acc: 0.9948
16/57 [=======>......................] - ETA: 37:03 - loss: 0.0196 - acc: 0.9951
17/57 [=======>......................] - ETA: 36:19 - loss: 0.0192 - acc: 0.9954
18/57 [========>.....................] - ETA: 35:32 - loss: 0.0186 - acc: 0.9957
19/57 [=========>....................] - ETA: 34:42 - loss: 0.0178 - acc: 0.9959
20/57 [=========>....................] - ETA: 33:50 - loss: 0.0180 - acc: 0.9953
21/57 [==========>...................] - ETA: 33:01 - loss: 0.0174 - acc: 0.9955
22/57 [==========>...................] - ETA: 32:10 - loss: 0.0167 - acc: 0.9957
23/57 [===========>..................] - ETA: 31:15 - loss: 0.0162 - acc: 0.9959
24/57 [===========>..................] - ETA: 30:24 - loss: 0.0157 - acc: 0.9961
25/57 [============>.................] - ETA: 29:33 - loss: 0.0152 - acc: 0.9962
26/57 [============>.................] - ETA: 28:39 - loss: 0.0147 - acc: 0.9964
27/57 [=============>................] - ETA: 27:44 - loss: 0.0142 - acc: 0.9965
28/57 [=============>................] - ETA: 26:53 - loss: 0.0139 - acc: 0.9967
29/57 [==============>...............] - ETA: 25:59 - loss: 0.0136 - acc: 0.9968
30/57 [==============>...............] - ETA: 25:05 - loss: 0.0133 - acc: 0.9969
31/57 [===============>..............] - ETA: 24:08 - loss: 0.0130 - acc: 0.9970
32/57 [===============>..............] - ETA: 23:14 - loss: 0.0127 - acc: 0.9971
33/57 [================>.............] - ETA: 22:19 - loss: 0.0124 - acc: 0.9972
34/57 [================>.............] - ETA: 21:24 - loss: 0.0121 - acc: 0.9972
35/57 [=================>............] - ETA: 20:36 - loss: 0.0119 - acc: 0.9973
36/57 [=================>............] - ETA: 19:45 - loss: 0.0116 - acc: 0.9974
37/57 [==================>...........] - ETA: 18:56 - loss: 0.0113 - acc: 0.9975
38/57 [===================>..........] - ETA: 18:01 - loss: 0.0111 - acc: 0.9975
39/57 [===================>..........] - ETA: 17:05 - loss: 0.0109 - acc: 0.9976
40/57 [====================>.........] - ETA: 16:07 - loss: 0.0107 - acc: 0.9977
41/57 [====================>.........] - ETA: 15:10 - loss: 0.0118 - acc: 0.9973
42/57 [=====================>........] - ETA: 14:14 - loss: 0.0116 - acc: 0.9974
43/57 [=====================>........] - ETA: 13:18 - loss: 0.0115 - acc: 0.9975
44/57 [======================>.......] - ETA: 12:21 - loss: 0.0114 - acc: 0.9975
45/57 [======================>.......] - ETA: 11:24 - loss: 0.0112 - acc: 0.9976
46/57 [=======================>......] - ETA: 10:27 - loss: 0.0110 - acc: 0.9976
47/57 [=======================>......] - ETA: 9:30 - loss: 0.0109 - acc: 0.9977 
48/57 [========================>.....] - ETA: 8:33 - loss: 0.0107 - acc: 0.9977
49/57 [========================>.....] - ETA: 7:36 - loss: 0.0106 - acc: 0.9978
50/57 [=========================>....] - ETA: 6:39 - loss: 0.0105 - acc: 0.9978
51/57 [=========================>....] - ETA: 5:42 - loss: 0.0109 - acc: 0.9975
52/57 [==========================>...] - ETA: 4:45 - loss: 0.0108 - acc: 0.9976
53/57 [==========================>...] - ETA: 3:48 - loss: 0.0107 - acc: 0.9976
54/57 [===========================>..] - ETA: 2:51 - loss: 0.0105 - acc: 0.9977
55/57 [===========================>..] - ETA: 1:54 - loss: 0.0104 - acc: 0.9977
56/57 [============================>.] - ETA: 57s - loss: 0.0103 - acc: 0.9978 
57/57 [==============================] - 3499s 61s/step - loss: 0.0101 - acc: 0.9978 - val_loss: 0.6235 - val_acc: 0.8836
Epoch 8/18

 1/57 [..............................] - ETA: 53:20 - loss: 0.0258 - acc: 1.0000
 2/57 [>.............................] - ETA: 52:08 - loss: 0.0156 - acc: 1.0000
 3/57 [>.............................] - ETA: 50:53 - loss: 0.0123 - acc: 1.0000
 4/57 [=>............................] - ETA: 50:16 - loss: 0.0102 - acc: 1.0000
 5/57 [=>............................] - ETA: 49:32 - loss: 0.0138 - acc: 0.9969
 6/57 [==>...........................] - ETA: 48:40 - loss: 0.0118 - acc: 0.9974
 7/57 [==>...........................] - ETA: 42:07 - loss: 0.0108 - acc: 0.9978
 8/57 [===>..........................] - ETA: 41:47 - loss: 0.0118 - acc: 0.9961
 9/57 [===>..........................] - ETA: 41:24 - loss: 0.0108 - acc: 0.9965
10/57 [====>.........................] - ETA: 41:07 - loss: 0.0100 - acc: 0.9969
11/57 [====>.........................] - ETA: 40:39 - loss: 0.0093 - acc: 0.9972
12/57 [=====>........................] - ETA: 39:58 - loss: 0.0088 - acc: 0.9974
13/57 [=====>........................] - ETA: 39:19 - loss: 0.0084 - acc: 0.9976
14/57 [======>.......................] - ETA: 38:41 - loss: 0.0079 - acc: 0.9978
15/57 [======>.......................] - ETA: 38:00 - loss: 0.0075 - acc: 0.9979
16/57 [=======>......................] - ETA: 37:09 - loss: 0.0072 - acc: 0.9980
17/57 [=======>......................] - ETA: 36:24 - loss: 0.0069 - acc: 0.9982
18/57 [========>.....................] - ETA: 35:36 - loss: 0.0089 - acc: 0.9974
19/57 [=========>....................] - ETA: 34:49 - loss: 0.0087 - acc: 0.9975
20/57 [=========>....................] - ETA: 33:54 - loss: 0.0083 - acc: 0.9977
21/57 [==========>...................] - ETA: 33:08 - loss: 0.0084 - acc: 0.9978
22/57 [==========>...................] - ETA: 32:18 - loss: 0.0081 - acc: 0.9979
23/57 [===========>..................] - ETA: 31:24 - loss: 0.0079 - acc: 0.9980
24/57 [===========>..................] - ETA: 30:27 - loss: 0.0078 - acc: 0.9980
25/57 [============>.................] - ETA: 29:38 - loss: 0.0076 - acc: 0.9981
26/57 [============>.................] - ETA: 28:45 - loss: 0.0073 - acc: 0.9982
27/57 [=============>................] - ETA: 27:51 - loss: 0.0073 - acc: 0.9983
28/57 [=============>................] - ETA: 26:57 - loss: 0.0076 - acc: 0.9978
29/57 [==============>...............] - ETA: 26:03 - loss: 0.0074 - acc: 0.9978
30/57 [==============>...............] - ETA: 25:09 - loss: 0.0072 - acc: 0.9979
31/57 [===============>..............] - ETA: 24:13 - loss: 0.0071 - acc: 0.9980
32/57 [===============>..............] - ETA: 23:19 - loss: 0.0078 - acc: 0.9976
33/57 [================>.............] - ETA: 22:26 - loss: 0.0076 - acc: 0.9976
34/57 [================>.............] - ETA: 21:31 - loss: 0.0074 - acc: 0.9977
35/57 [=================>............] - ETA: 20:35 - loss: 0.0084 - acc: 0.9973
36/57 [=================>............] - ETA: 19:40 - loss: 0.0083 - acc: 0.9974
37/57 [==================>...........] - ETA: 18:45 - loss: 0.0081 - acc: 0.9975
38/57 [===================>..........] - ETA: 17:50 - loss: 0.0079 - acc: 0.9975
39/57 [===================>..........] - ETA: 16:53 - loss: 0.0077 - acc: 0.9976
40/57 [====================>.........] - ETA: 15:58 - loss: 0.0076 - acc: 0.9977
41/57 [====================>.........] - ETA: 15:03 - loss: 0.0075 - acc: 0.9977
42/57 [=====================>........] - ETA: 14:07 - loss: 0.0073 - acc: 0.9978
43/57 [=====================>........] - ETA: 13:10 - loss: 0.0072 - acc: 0.9978
44/57 [======================>.......] - ETA: 12:15 - loss: 0.0072 - acc: 0.9979
45/57 [======================>.......] - ETA: 11:19 - loss: 0.0071 - acc: 0.9979
46/57 [=======================>......] - ETA: 10:22 - loss: 0.0069 - acc: 0.9980
47/57 [=======================>......] - ETA: 9:26 - loss: 0.0068 - acc: 0.9980 
48/57 [========================>.....] - ETA: 8:29 - loss: 0.0067 - acc: 0.9980
49/57 [========================>.....] - ETA: 7:33 - loss: 0.0067 - acc: 0.9981
50/57 [=========================>....] - ETA: 6:37 - loss: 0.0066 - acc: 0.9981
51/57 [=========================>....] - ETA: 5:40 - loss: 0.0070 - acc: 0.9979
52/57 [==========================>...] - ETA: 4:43 - loss: 0.0069 - acc: 0.9979
53/57 [==========================>...] - ETA: 3:47 - loss: 0.0068 - acc: 0.9979
54/57 [===========================>..] - ETA: 2:51 - loss: 0.0068 - acc: 0.9980
55/57 [===========================>..] - ETA: 1:54 - loss: 0.0067 - acc: 0.9980
56/57 [============================>.] - ETA: 57s - loss: 0.0066 - acc: 0.9980 
57/57 [==============================] - 3513s 62s/step - loss: 0.0070 - acc: 0.9978 - val_loss: 0.6121 - val_acc: 0.8983
Epoch 9/18

 1/57 [..............................] - ETA: 51:00 - loss: 0.0023 - acc: 1.0000
 2/57 [>.............................] - ETA: 51:49 - loss: 0.0047 - acc: 1.0000
 3/57 [>.............................] - ETA: 51:31 - loss: 0.0040 - acc: 1.0000
 4/57 [=>............................] - ETA: 50:09 - loss: 0.0033 - acc: 1.0000
 5/57 [=>............................] - ETA: 49:12 - loss: 0.0029 - acc: 1.0000
 6/57 [==>...........................] - ETA: 48:35 - loss: 0.0026 - acc: 1.0000
 7/57 [==>...........................] - ETA: 47:37 - loss: 0.0024 - acc: 1.0000
 8/57 [===>..........................] - ETA: 41:53 - loss: 0.0035 - acc: 1.0000
 9/57 [===>..........................] - ETA: 41:30 - loss: 0.0035 - acc: 1.0000
10/57 [====>.........................] - ETA: 41:03 - loss: 0.0085 - acc: 0.9984
11/57 [====>.........................] - ETA: 40:36 - loss: 0.0128 - acc: 0.9972
12/57 [=====>........................] - ETA: 39:56 - loss: 0.0129 - acc: 0.9974
13/57 [=====>........................] - ETA: 39:14 - loss: 0.0121 - acc: 0.9976
14/57 [======>.......................] - ETA: 38:33 - loss: 0.0113 - acc: 0.9978
15/57 [======>.......................] - ETA: 37:53 - loss: 0.0106 - acc: 0.9979
16/57 [=======>......................] - ETA: 37:08 - loss: 0.0102 - acc: 0.9980
17/57 [=======>......................] - ETA: 36:16 - loss: 0.0096 - acc: 0.9982
18/57 [========>.....................] - ETA: 35:31 - loss: 0.0093 - acc: 0.9983
19/57 [=========>....................] - ETA: 34:44 - loss: 0.0097 - acc: 0.9975
20/57 [=========>....................] - ETA: 33:53 - loss: 0.0093 - acc: 0.9977
21/57 [==========>...................] - ETA: 32:59 - loss: 0.0090 - acc: 0.9978
22/57 [==========>...................] - ETA: 32:10 - loss: 0.0086 - acc: 0.9979
23/57 [===========>..................] - ETA: 31:20 - loss: 0.0089 - acc: 0.9973
24/57 [===========>..................] - ETA: 30:27 - loss: 0.0087 - acc: 0.9974
25/57 [============>.................] - ETA: 29:32 - loss: 0.0090 - acc: 0.9969
26/57 [============>.................] - ETA: 28:41 - loss: 0.0097 - acc: 0.9964
27/57 [=============>................] - ETA: 27:47 - loss: 0.0094 - acc: 0.9965
28/57 [=============>................] - ETA: 26:51 - loss: 0.0091 - acc: 0.9967
29/57 [==============>...............] - ETA: 25:58 - loss: 0.0088 - acc: 0.9968
30/57 [==============>...............] - ETA: 25:05 - loss: 0.0085 - acc: 0.9969
31/57 [===============>..............] - ETA: 24:11 - loss: 0.0085 - acc: 0.9970
32/57 [===============>..............] - ETA: 23:15 - loss: 0.0092 - acc: 0.9966
33/57 [================>.............] - ETA: 22:21 - loss: 0.0090 - acc: 0.9967
34/57 [================>.............] - ETA: 21:27 - loss: 0.0092 - acc: 0.9963
35/57 [=================>............] - ETA: 20:32 - loss: 0.0105 - acc: 0.9960
36/57 [=================>............] - ETA: 19:36 - loss: 0.0105 - acc: 0.9961
37/57 [==================>...........] - ETA: 18:41 - loss: 0.0102 - acc: 0.9962
38/57 [===================>..........] - ETA: 17:46 - loss: 0.0126 - acc: 0.9959
39/57 [===================>..........] - ETA: 16:50 - loss: 0.0124 - acc: 0.9960
40/57 [====================>.........] - ETA: 15:54 - loss: 0.0121 - acc: 0.9961
41/57 [====================>.........] - ETA: 14:59 - loss: 0.0118 - acc: 0.9962
42/57 [=====================>........] - ETA: 14:04 - loss: 0.0116 - acc: 0.9963
43/57 [=====================>........] - ETA: 13:08 - loss: 0.0124 - acc: 0.9960
44/57 [======================>.......] - ETA: 12:11 - loss: 0.0125 - acc: 0.9957
45/57 [======================>.......] - ETA: 11:16 - loss: 0.0123 - acc: 0.9958
46/57 [=======================>......] - ETA: 10:20 - loss: 0.0120 - acc: 0.9959
47/57 [=======================>......] - ETA: 9:23 - loss: 0.0118 - acc: 0.9960 
48/57 [========================>.....] - ETA: 8:27 - loss: 0.0117 - acc: 0.9961
49/57 [========================>.....] - ETA: 7:31 - loss: 0.0117 - acc: 0.9962
50/57 [=========================>....] - ETA: 6:35 - loss: 0.0116 - acc: 0.9962
51/57 [=========================>....] - ETA: 5:38 - loss: 0.0114 - acc: 0.9963
52/57 [==========================>...] - ETA: 4:42 - loss: 0.0112 - acc: 0.9964
53/57 [==========================>...] - ETA: 3:46 - loss: 0.0110 - acc: 0.9965
54/57 [===========================>..] - ETA: 2:49 - loss: 0.0109 - acc: 0.9965
55/57 [===========================>..] - ETA: 1:53 - loss: 0.0108 - acc: 0.9966
56/57 [============================>.] - ETA: 56s - loss: 0.0106 - acc: 0.9967 
57/57 [==============================] - 3464s 61s/step - loss: 0.0105 - acc: 0.9967 - val_loss: 0.9395 - val_acc: 0.8853
Epoch 10/18

 1/57 [..............................] - ETA: 53:08 - loss: 0.0047 - acc: 1.0000
 2/57 [>.............................] - ETA: 51:29 - loss: 0.0036 - acc: 1.0000
 3/57 [>.............................] - ETA: 51:33 - loss: 0.0033 - acc: 1.0000
 4/57 [=>............................] - ETA: 50:51 - loss: 0.0033 - acc: 1.0000
 5/57 [=>............................] - ETA: 49:50 - loss: 0.0029 - acc: 1.0000
 6/57 [==>...........................] - ETA: 48:37 - loss: 0.0025 - acc: 1.0000
 7/57 [==>...........................] - ETA: 47:52 - loss: 0.0025 - acc: 1.0000
 8/57 [===>..........................] - ETA: 46:58 - loss: 0.0034 - acc: 1.0000
 9/57 [===>..........................] - ETA: 41:48 - loss: 0.0031 - acc: 1.0000
10/57 [====>.........................] - ETA: 41:21 - loss: 0.0032 - acc: 1.0000
11/57 [====>.........................] - ETA: 40:43 - loss: 0.0033 - acc: 1.0000
12/57 [=====>........................] - ETA: 40:53 - loss: 0.0031 - acc: 1.0000
13/57 [=====>........................] - ETA: 40:50 - loss: 0.0030 - acc: 1.0000
14/57 [======>.......................] - ETA: 40:36 - loss: 0.0030 - acc: 1.0000
15/57 [======>.......................] - ETA: 39:45 - loss: 0.0030 - acc: 1.0000
16/57 [=======>......................] - ETA: 38:53 - loss: 0.0032 - acc: 1.0000
17/57 [=======>......................] - ETA: 38:00 - loss: 0.0030 - acc: 1.0000
18/57 [========>.....................] - ETA: 37:03 - loss: 0.0030 - acc: 1.0000
19/57 [=========>....................] - ETA: 36:08 - loss: 0.0028 - acc: 1.0000
20/57 [=========>....................] - ETA: 35:14 - loss: 0.0028 - acc: 1.0000
21/57 [==========>...................] - ETA: 34:18 - loss: 0.0027 - acc: 1.0000
22/57 [==========>...................] - ETA: 33:20 - loss: 0.0027 - acc: 1.0000
23/57 [===========>..................] - ETA: 32:24 - loss: 0.0038 - acc: 0.9993
24/57 [===========>..................] - ETA: 31:30 - loss: 0.0037 - acc: 0.9993
25/57 [============>.................] - ETA: 30:32 - loss: 0.0037 - acc: 0.9994
26/57 [============>.................] - ETA: 29:34 - loss: 0.0036 - acc: 0.9994
27/57 [=============>................] - ETA: 28:38 - loss: 0.0045 - acc: 0.9988
28/57 [=============>................] - ETA: 27:41 - loss: 0.0044 - acc: 0.9989
29/57 [==============>...............] - ETA: 26:43 - loss: 0.0047 - acc: 0.9989
30/57 [==============>...............] - ETA: 25:45 - loss: 0.0045 - acc: 0.9990
31/57 [===============>..............] - ETA: 24:49 - loss: 0.0045 - acc: 0.9990
32/57 [===============>..............] - ETA: 23:52 - loss: 0.0047 - acc: 0.9990
33/57 [================>.............] - ETA: 22:53 - loss: 0.0046 - acc: 0.9991
34/57 [================>.............] - ETA: 21:56 - loss: 0.0048 - acc: 0.9991
35/57 [=================>............] - ETA: 20:59 - loss: 0.0047 - acc: 0.9991
36/57 [=================>............] - ETA: 20:02 - loss: 0.0046 - acc: 0.9991
37/57 [==================>...........] - ETA: 19:04 - loss: 0.0045 - acc: 0.9992
38/57 [===================>..........] - ETA: 18:07 - loss: 0.0044 - acc: 0.9992
39/57 [===================>..........] - ETA: 17:11 - loss: 0.0043 - acc: 0.9992
40/57 [====================>.........] - ETA: 16:13 - loss: 0.0044 - acc: 0.9992
41/57 [====================>.........] - ETA: 15:16 - loss: 0.0044 - acc: 0.9992
42/57 [=====================>........] - ETA: 14:19 - loss: 0.0043 - acc: 0.9993
43/57 [=====================>........] - ETA: 13:22 - loss: 0.0042 - acc: 0.9993
44/57 [======================>.......] - ETA: 12:24 - loss: 0.0041 - acc: 0.9993
45/57 [======================>.......] - ETA: 11:27 - loss: 0.0047 - acc: 0.9986
46/57 [=======================>......] - ETA: 10:30 - loss: 0.0063 - acc: 0.9983
47/57 [=======================>......] - ETA: 9:33 - loss: 0.0063 - acc: 0.9983 
48/57 [========================>.....] - ETA: 8:35 - loss: 0.0062 - acc: 0.9984
49/57 [========================>.....] - ETA: 7:38 - loss: 0.0061 - acc: 0.9984
50/57 [=========================>....] - ETA: 6:41 - loss: 0.0060 - acc: 0.9984
51/57 [=========================>....] - ETA: 5:43 - loss: 0.0065 - acc: 0.9982
52/57 [==========================>...] - ETA: 4:46 - loss: 0.0064 - acc: 0.9982
53/57 [==========================>...] - ETA: 3:49 - loss: 0.0063 - acc: 0.9982
54/57 [===========================>..] - ETA: 2:51 - loss: 0.0062 - acc: 0.9983
55/57 [===========================>..] - ETA: 1:54 - loss: 0.0061 - acc: 0.9983
56/57 [============================>.] - ETA: 57s - loss: 0.0060 - acc: 0.9983 
57/57 [==============================] - 3506s 62s/step - loss: 0.0060 - acc: 0.9984 - val_loss: 0.7342 - val_acc: 0.8957
Epoch 11/18

 1/57 [..............................] - ETA: 54:19 - loss: 6.3681e-04 - acc: 1.0000
 2/57 [>.............................] - ETA: 52:29 - loss: 8.1270e-04 - acc: 1.0000
 3/57 [>.............................] - ETA: 51:18 - loss: 0.0013 - acc: 1.0000    
 4/57 [=>............................] - ETA: 50:22 - loss: 0.0013 - acc: 1.0000
 5/57 [=>............................] - ETA: 49:30 - loss: 0.0012 - acc: 1.0000
 6/57 [==>...........................] - ETA: 48:16 - loss: 0.0011 - acc: 1.0000
 7/57 [==>...........................] - ETA: 47:32 - loss: 0.0010 - acc: 1.0000
 8/57 [===>..........................] - ETA: 46:44 - loss: 0.0013 - acc: 1.0000
 9/57 [===>..........................] - ETA: 45:46 - loss: 0.0015 - acc: 1.0000
10/57 [====>.........................] - ETA: 41:08 - loss: 0.0032 - acc: 1.0000
11/57 [====>.........................] - ETA: 40:32 - loss: 0.0030 - acc: 1.0000
12/57 [=====>........................] - ETA: 39:54 - loss: 0.0029 - acc: 1.0000
13/57 [=====>........................] - ETA: 39:21 - loss: 0.0027 - acc: 1.0000
14/57 [======>.......................] - ETA: 38:40 - loss: 0.0026 - acc: 1.0000
15/57 [======>.......................] - ETA: 37:51 - loss: 0.0025 - acc: 1.0000
16/57 [=======>......................] - ETA: 37:08 - loss: 0.0068 - acc: 0.9990
17/57 [=======>......................] - ETA: 36:24 - loss: 0.0065 - acc: 0.9991
18/57 [========>.....................] - ETA: 35:37 - loss: 0.0062 - acc: 0.9991
19/57 [=========>....................] - ETA: 34:43 - loss: 0.0060 - acc: 0.9992
20/57 [=========>....................] - ETA: 33:56 - loss: 0.0058 - acc: 0.9992
21/57 [==========>...................] - ETA: 33:06 - loss: 0.0055 - acc: 0.9993
22/57 [==========>...................] - ETA: 32:15 - loss: 0.0053 - acc: 0.9993
23/57 [===========>..................] - ETA: 31:21 - loss: 0.0053 - acc: 0.9993
24/57 [===========>..................] - ETA: 30:31 - loss: 0.0052 - acc: 0.9993
25/57 [============>.................] - ETA: 29:39 - loss: 0.0050 - acc: 0.9994
26/57 [============>.................] - ETA: 28:45 - loss: 0.0050 - acc: 0.9994
27/57 [=============>................] - ETA: 27:49 - loss: 0.0048 - acc: 0.9994
28/57 [=============>................] - ETA: 26:57 - loss: 0.0047 - acc: 0.9994
29/57 [==============>...............] - ETA: 26:02 - loss: 0.0045 - acc: 0.9995
30/57 [==============>...............] - ETA: 25:08 - loss: 0.0044 - acc: 0.9995
31/57 [===============>..............] - ETA: 24:23 - loss: 0.0043 - acc: 0.9995
32/57 [===============>..............] - ETA: 23:37 - loss: 0.0042 - acc: 0.9995
33/57 [================>.............] - ETA: 22:50 - loss: 0.0041 - acc: 0.9995
34/57 [================>.............] - ETA: 21:53 - loss: 0.0040 - acc: 0.9995
35/57 [=================>............] - ETA: 20:56 - loss: 0.0040 - acc: 0.9996
36/57 [=================>............] - ETA: 20:00 - loss: 0.0039 - acc: 0.9996
37/57 [==================>...........] - ETA: 19:02 - loss: 0.0038 - acc: 0.9996
38/57 [===================>..........] - ETA: 18:05 - loss: 0.0037 - acc: 0.9996
39/57 [===================>..........] - ETA: 17:09 - loss: 0.0037 - acc: 0.9996
40/57 [====================>.........] - ETA: 16:11 - loss: 0.0036 - acc: 0.9996
41/57 [====================>.........] - ETA: 15:14 - loss: 0.0036 - acc: 0.9996
42/57 [=====================>........] - ETA: 14:17 - loss: 0.0035 - acc: 0.9996
43/57 [=====================>........] - ETA: 13:20 - loss: 0.0034 - acc: 0.9996
44/57 [======================>.......] - ETA: 12:23 - loss: 0.0034 - acc: 0.9996
45/57 [======================>.......] - ETA: 11:25 - loss: 0.0033 - acc: 0.9997
46/57 [=======================>......] - ETA: 10:29 - loss: 0.0033 - acc: 0.9997
47/57 [=======================>......] - ETA: 9:31 - loss: 0.0032 - acc: 0.9997 
48/57 [========================>.....] - ETA: 8:34 - loss: 0.0032 - acc: 0.9997
49/57 [========================>.....] - ETA: 7:37 - loss: 0.0031 - acc: 0.9997
50/57 [=========================>....] - ETA: 6:40 - loss: 0.0031 - acc: 0.9997
51/57 [=========================>....] - ETA: 5:43 - loss: 0.0036 - acc: 0.9994
52/57 [==========================>...] - ETA: 4:46 - loss: 0.0036 - acc: 0.9994
53/57 [==========================>...] - ETA: 3:48 - loss: 0.0035 - acc: 0.9994
54/57 [===========================>..] - ETA: 2:51 - loss: 0.0035 - acc: 0.9994
55/57 [===========================>..] - ETA: 1:54 - loss: 0.0035 - acc: 0.9994
56/57 [============================>.] - ETA: 57s - loss: 0.0034 - acc: 0.9994 
57/57 [==============================] - 3505s 61s/step - loss: 0.0034 - acc: 0.9995 - val_loss: 0.9296 - val_acc: 0.8662
Epoch 12/18

 1/57 [..............................] - ETA: 54:18 - loss: 5.3158e-04 - acc: 1.0000
 2/57 [>.............................] - ETA: 53:06 - loss: 7.2035e-04 - acc: 1.0000
 3/57 [>.............................] - ETA: 51:15 - loss: 8.3993e-04 - acc: 1.0000
 4/57 [=>............................] - ETA: 50:48 - loss: 0.0013 - acc: 1.0000    
 5/57 [=>............................] - ETA: 49:43 - loss: 0.0012 - acc: 1.0000
 6/57 [==>...........................] - ETA: 48:38 - loss: 0.0011 - acc: 1.0000
 7/57 [==>...........................] - ETA: 47:25 - loss: 0.0011 - acc: 1.0000
 8/57 [===>..........................] - ETA: 46:40 - loss: 0.0011 - acc: 1.0000
 9/57 [===>..........................] - ETA: 45:45 - loss: 0.0083 - acc: 0.9983
10/57 [====>.........................] - ETA: 44:41 - loss: 0.0075 - acc: 0.9984
11/57 [====>.........................] - ETA: 40:34 - loss: 0.0074 - acc: 0.9986
12/57 [=====>........................] - ETA: 39:54 - loss: 0.0069 - acc: 0.9987
13/57 [=====>........................] - ETA: 39:21 - loss: 0.0065 - acc: 0.9988
14/57 [======>.......................] - ETA: 38:41 - loss: 0.0062 - acc: 0.9989
15/57 [======>.......................] - ETA: 37:55 - loss: 0.0060 - acc: 0.9990
16/57 [=======>......................] - ETA: 37:05 - loss: 0.0057 - acc: 0.9990
17/57 [=======>......................] - ETA: 36:22 - loss: 0.0054 - acc: 0.9991
18/57 [========>.....................] - ETA: 35:33 - loss: 0.0051 - acc: 0.9991
19/57 [=========>....................] - ETA: 34:42 - loss: 0.0049 - acc: 0.9992
20/57 [=========>....................] - ETA: 33:49 - loss: 0.0047 - acc: 0.9992
21/57 [==========>...................] - ETA: 32:59 - loss: 0.0045 - acc: 0.9993
22/57 [==========>...................] - ETA: 32:07 - loss: 0.0044 - acc: 0.9993
23/57 [===========>..................] - ETA: 31:13 - loss: 0.0043 - acc: 0.9993
24/57 [===========>..................] - ETA: 30:23 - loss: 0.0041 - acc: 0.9993
25/57 [============>.................] - ETA: 29:31 - loss: 0.0041 - acc: 0.9994
26/57 [============>.................] - ETA: 28:39 - loss: 0.0040 - acc: 0.9994
27/57 [=============>................] - ETA: 27:43 - loss: 0.0040 - acc: 0.9994
28/57 [=============>................] - ETA: 26:53 - loss: 0.0038 - acc: 0.9994
29/57 [==============>...............] - ETA: 25:59 - loss: 0.0037 - acc: 0.9995
30/57 [==============>...............] - ETA: 25:05 - loss: 0.0037 - acc: 0.9995
31/57 [===============>..............] - ETA: 24:09 - loss: 0.0036 - acc: 0.9995
32/57 [===============>..............] - ETA: 23:15 - loss: 0.0036 - acc: 0.9995
33/57 [================>.............] - ETA: 22:21 - loss: 0.0035 - acc: 0.9995
34/57 [================>.............] - ETA: 21:26 - loss: 0.0034 - acc: 0.9995
35/57 [=================>............] - ETA: 20:30 - loss: 0.0033 - acc: 0.9996
36/57 [=================>............] - ETA: 19:35 - loss: 0.0033 - acc: 0.9996
37/57 [==================>...........] - ETA: 18:40 - loss: 0.0032 - acc: 0.9996
38/57 [===================>..........] - ETA: 17:44 - loss: 0.0032 - acc: 0.9996
39/57 [===================>..........] - ETA: 16:49 - loss: 0.0032 - acc: 0.9996
40/57 [====================>.........] - ETA: 15:53 - loss: 0.0031 - acc: 0.9996
41/57 [====================>.........] - ETA: 14:58 - loss: 0.0030 - acc: 0.9996
42/57 [=====================>........] - ETA: 14:02 - loss: 0.0030 - acc: 0.9996
43/57 [=====================>........] - ETA: 13:07 - loss: 0.0029 - acc: 0.9996
44/57 [======================>.......] - ETA: 12:11 - loss: 0.0029 - acc: 0.9996
45/57 [======================>.......] - ETA: 11:15 - loss: 0.0028 - acc: 0.9997
46/57 [=======================>......] - ETA: 10:18 - loss: 0.0028 - acc: 0.9997
47/57 [=======================>......] - ETA: 9:23 - loss: 0.0027 - acc: 0.9997 
48/57 [========================>.....] - ETA: 8:27 - loss: 0.0027 - acc: 0.9997
49/57 [========================>.....] - ETA: 7:31 - loss: 0.0027 - acc: 0.9997
50/57 [=========================>....] - ETA: 6:36 - loss: 0.0026 - acc: 0.9997
51/57 [=========================>....] - ETA: 5:41 - loss: 0.0028 - acc: 0.9994
52/57 [==========================>...] - ETA: 4:45 - loss: 0.0028 - acc: 0.9994
53/57 [==========================>...] - ETA: 3:48 - loss: 0.0028 - acc: 0.9994
54/57 [===========================>..] - ETA: 2:51 - loss: 0.0027 - acc: 0.9994
55/57 [===========================>..] - ETA: 1:54 - loss: 0.0027 - acc: 0.9994
56/57 [============================>.] - ETA: 57s - loss: 0.0027 - acc: 0.9994 
57/57 [==============================] - 3494s 61s/step - loss: 0.0027 - acc: 0.9995 - val_loss: 0.7459 - val_acc: 0.8966
Epoch 13/18

 1/57 [..............................] - ETA: 54:28 - loss: 6.3541e-04 - acc: 1.0000
 2/57 [>.............................] - ETA: 53:13 - loss: 7.4780e-04 - acc: 1.0000
 3/57 [>.............................] - ETA: 51:31 - loss: 9.5245e-04 - acc: 1.0000
 4/57 [=>............................] - ETA: 50:58 - loss: 9.1841e-04 - acc: 1.0000
 5/57 [=>............................] - ETA: 49:52 - loss: 0.0011 - acc: 1.0000    
 6/57 [==>...........................] - ETA: 48:34 - loss: 9.9952e-04 - acc: 1.0000
 7/57 [==>...........................] - ETA: 47:31 - loss: 9.0666e-04 - acc: 1.0000
 8/57 [===>..........................] - ETA: 46:43 - loss: 8.3730e-04 - acc: 1.0000
 9/57 [===>..........................] - ETA: 45:47 - loss: 8.8264e-04 - acc: 1.0000
10/57 [====>.........................] - ETA: 44:40 - loss: 8.3228e-04 - acc: 1.0000
11/57 [====>.........................] - ETA: 43:51 - loss: 8.0020e-04 - acc: 1.0000
12/57 [=====>........................] - ETA: 39:57 - loss: 0.0020 - acc: 1.0000    
13/57 [=====>........................] - ETA: 39:22 - loss: 0.0019 - acc: 1.0000
14/57 [======>.......................] - ETA: 38:41 - loss: 0.0018 - acc: 1.0000
15/57 [======>.......................] - ETA: 37:51 - loss: 0.0019 - acc: 1.0000
16/57 [=======>......................] - ETA: 37:09 - loss: 0.0018 - acc: 1.0000
17/57 [=======>......................] - ETA: 36:24 - loss: 0.0018 - acc: 1.0000
18/57 [========>.....................] - ETA: 35:35 - loss: 0.0017 - acc: 1.0000
19/57 [=========>....................] - ETA: 34:42 - loss: 0.0017 - acc: 1.0000
20/57 [=========>....................] - ETA: 33:57 - loss: 0.0016 - acc: 1.0000
21/57 [==========>...................] - ETA: 33:05 - loss: 0.0016 - acc: 1.0000
22/57 [==========>...................] - ETA: 32:13 - loss: 0.0015 - acc: 1.0000
23/57 [===========>..................] - ETA: 31:19 - loss: 0.0015 - acc: 1.0000
24/57 [===========>..................] - ETA: 30:29 - loss: 0.0015 - acc: 1.0000
25/57 [============>.................] - ETA: 29:37 - loss: 0.0014 - acc: 1.0000
26/57 [============>.................] - ETA: 28:44 - loss: 0.0017 - acc: 1.0000
27/57 [=============>................] - ETA: 27:48 - loss: 0.0017 - acc: 1.0000
28/57 [=============>................] - ETA: 26:56 - loss: 0.0016 - acc: 1.0000
29/57 [==============>...............] - ETA: 26:03 - loss: 0.0053 - acc: 0.9995
30/57 [==============>...............] - ETA: 25:07 - loss: 0.0051 - acc: 0.9995
31/57 [===============>..............] - ETA: 24:13 - loss: 0.0050 - acc: 0.9995
32/57 [===============>..............] - ETA: 23:19 - loss: 0.0049 - acc: 0.9995
33/57 [================>.............] - ETA: 22:24 - loss: 0.0047 - acc: 0.9995
34/57 [================>.............] - ETA: 21:28 - loss: 0.0046 - acc: 0.9995
35/57 [=================>............] - ETA: 20:33 - loss: 0.0045 - acc: 0.9996
36/57 [=================>............] - ETA: 19:38 - loss: 0.0044 - acc: 0.9996
37/57 [==================>...........] - ETA: 18:43 - loss: 0.0043 - acc: 0.9996
38/57 [===================>..........] - ETA: 17:46 - loss: 0.0042 - acc: 0.9996
39/57 [===================>..........] - ETA: 16:51 - loss: 0.0041 - acc: 0.9996
40/57 [====================>.........] - ETA: 15:57 - loss: 0.0040 - acc: 0.9996
41/57 [====================>.........] - ETA: 15:01 - loss: 0.0040 - acc: 0.9996
42/57 [=====================>........] - ETA: 14:04 - loss: 0.0039 - acc: 0.9996
43/57 [=====================>........] - ETA: 13:09 - loss: 0.0038 - acc: 0.9996
44/57 [======================>.......] - ETA: 12:13 - loss: 0.0038 - acc: 0.9996
45/57 [======================>.......] - ETA: 11:17 - loss: 0.0037 - acc: 0.9997
46/57 [=======================>......] - ETA: 10:21 - loss: 0.0037 - acc: 0.9997
47/57 [=======================>......] - ETA: 9:25 - loss: 0.0040 - acc: 0.9993 
48/57 [========================>.....] - ETA: 8:28 - loss: 0.0039 - acc: 0.9993
49/57 [========================>.....] - ETA: 7:32 - loss: 0.0039 - acc: 0.9994
50/57 [=========================>....] - ETA: 6:35 - loss: 0.0038 - acc: 0.9994
51/57 [=========================>....] - ETA: 5:39 - loss: 0.0037 - acc: 0.9994
52/57 [==========================>...] - ETA: 4:42 - loss: 0.0037 - acc: 0.9994
53/57 [==========================>...] - ETA: 3:46 - loss: 0.0036 - acc: 0.9994
54/57 [===========================>..] - ETA: 2:49 - loss: 0.0036 - acc: 0.9994
55/57 [===========================>..] - ETA: 1:53 - loss: 0.0036 - acc: 0.9994
56/57 [============================>.] - ETA: 56s - loss: 0.0035 - acc: 0.9994 
57/57 [==============================] - 3466s 61s/step - loss: 0.0035 - acc: 0.9995 - val_loss: 0.7644 - val_acc: 0.8931
Epoch 14/18

 1/57 [..............................] - ETA: 53:53 - loss: 4.4549e-04 - acc: 1.0000
 2/57 [>.............................] - ETA: 52:52 - loss: 7.8690e-04 - acc: 1.0000
 3/57 [>.............................] - ETA: 51:25 - loss: 6.6178e-04 - acc: 1.0000
 4/57 [=>............................] - ETA: 50:00 - loss: 6.3075e-04 - acc: 1.0000
 5/57 [=>............................] - ETA: 49:26 - loss: 6.1575e-04 - acc: 1.0000
 6/57 [==>...........................] - ETA: 48:34 - loss: 8.9505e-04 - acc: 1.0000
 7/57 [==>...........................] - ETA: 47:27 - loss: 9.8546e-04 - acc: 1.0000
 8/57 [===>..........................] - ETA: 47:45 - loss: 9.0570e-04 - acc: 1.0000
 9/57 [===>..........................] - ETA: 47:47 - loss: 9.2651e-04 - acc: 1.0000
10/57 [====>.........................] - ETA: 47:27 - loss: 9.0370e-04 - acc: 1.0000
11/57 [====>.........................] - ETA: 46:13 - loss: 8.8856e-04 - acc: 1.0000
12/57 [=====>........................] - ETA: 45:07 - loss: 0.0038 - acc: 0.9987    
13/57 [=====>........................] - ETA: 41:17 - loss: 0.0367 - acc: 0.9817
14/57 [======>.......................] - ETA: 40:28 - loss: 0.0341 - acc: 0.9830
15/57 [======>.......................] - ETA: 39:36 - loss: 0.0319 - acc: 0.9841
16/57 [=======>......................] - ETA: 38:38 - loss: 0.0299 - acc: 0.9851
17/57 [=======>......................] - ETA: 37:47 - loss: 0.0282 - acc: 0.9860
18/57 [========>.....................] - ETA: 36:55 - loss: 0.0269 - acc: 0.9868
19/57 [=========>....................] - ETA: 35:59 - loss: 0.0255 - acc: 0.9875
20/57 [=========>....................] - ETA: 35:00 - loss: 0.0244 - acc: 0.9881
21/57 [==========>...................] - ETA: 34:08 - loss: 0.0233 - acc: 0.9887
22/57 [==========>...................] - ETA: 33:14 - loss: 0.0223 - acc: 0.9892
23/57 [===========>..................] - ETA: 32:18 - loss: 0.0214 - acc: 0.9897
24/57 [===========>..................] - ETA: 31:19 - loss: 0.0205 - acc: 0.9901
25/57 [============>.................] - ETA: 30:25 - loss: 0.0197 - acc: 0.9905
26/57 [============>.................] - ETA: 29:30 - loss: 0.0191 - acc: 0.9909
27/57 [=============>................] - ETA: 28:31 - loss: 0.0184 - acc: 0.9912
28/57 [=============>................] - ETA: 27:36 - loss: 0.0178 - acc: 0.9915
29/57 [==============>...............] - ETA: 26:40 - loss: 0.0173 - acc: 0.9918
30/57 [==============>...............] - ETA: 25:43 - loss: 0.0168 - acc: 0.9921
31/57 [===============>..............] - ETA: 24:45 - loss: 0.0170 - acc: 0.9918
32/57 [===============>..............] - ETA: 23:48 - loss: 0.0173 - acc: 0.9916
33/57 [================>.............] - ETA: 22:52 - loss: 0.0168 - acc: 0.9918
34/57 [================>.............] - ETA: 21:54 - loss: 0.0164 - acc: 0.9921
35/57 [=================>............] - ETA: 20:57 - loss: 0.0159 - acc: 0.9923
36/57 [=================>............] - ETA: 20:00 - loss: 0.0155 - acc: 0.9925
37/57 [==================>...........] - ETA: 19:03 - loss: 0.0151 - acc: 0.9927
38/57 [===================>..........] - ETA: 18:05 - loss: 0.0149 - acc: 0.9929
39/57 [===================>..........] - ETA: 17:09 - loss: 0.0146 - acc: 0.9931
40/57 [====================>.........] - ETA: 16:12 - loss: 0.0143 - acc: 0.9933
41/57 [====================>.........] - ETA: 15:15 - loss: 0.0146 - acc: 0.9931
42/57 [=====================>........] - ETA: 14:18 - loss: 0.0142 - acc: 0.9932
43/57 [=====================>........] - ETA: 13:21 - loss: 0.0139 - acc: 0.9934
44/57 [======================>.......] - ETA: 12:24 - loss: 0.0136 - acc: 0.9935
45/57 [======================>.......] - ETA: 11:27 - loss: 0.0133 - acc: 0.9937
46/57 [=======================>......] - ETA: 10:29 - loss: 0.0131 - acc: 0.9938
47/57 [=======================>......] - ETA: 9:32 - loss: 0.0128 - acc: 0.9939 
48/57 [========================>.....] - ETA: 8:35 - loss: 0.0126 - acc: 0.9941
49/57 [========================>.....] - ETA: 7:38 - loss: 0.0123 - acc: 0.9942
50/57 [=========================>....] - ETA: 6:40 - loss: 0.0121 - acc: 0.9943
51/57 [=========================>....] - ETA: 5:43 - loss: 0.0119 - acc: 0.9944
52/57 [==========================>...] - ETA: 4:46 - loss: 0.0117 - acc: 0.9945
53/57 [==========================>...] - ETA: 3:49 - loss: 0.0115 - acc: 0.9946
54/57 [===========================>..] - ETA: 2:51 - loss: 0.0113 - acc: 0.9947
55/57 [===========================>..] - ETA: 1:54 - loss: 0.0111 - acc: 0.9948
56/57 [============================>.] - ETA: 57s - loss: 0.0109 - acc: 0.9949 
57/57 [==============================] - 3503s 61s/step - loss: 0.0106 - acc: 0.9951 - val_loss: 0.7978 - val_acc: 0.8897
Epoch 15/18

 1/57 [..............................] - ETA: 52:55 - loss: 9.6748e-04 - acc: 1.0000
 2/57 [>.............................] - ETA: 52:40 - loss: 7.4689e-04 - acc: 1.0000
 3/57 [>.............................] - ETA: 51:29 - loss: 0.0037 - acc: 1.0000    
 4/57 [=>............................] - ETA: 50:19 - loss: 0.0029 - acc: 1.0000
 5/57 [=>............................] - ETA: 49:51 - loss: 0.0025 - acc: 1.0000
 6/57 [==>...........................] - ETA: 48:55 - loss: 0.0022 - acc: 1.0000
 7/57 [==>...........................] - ETA: 47:50 - loss: 0.0021 - acc: 1.0000
 8/57 [===>..........................] - ETA: 46:42 - loss: 0.0022 - acc: 1.0000
 9/57 [===>..........................] - ETA: 45:54 - loss: 0.0021 - acc: 1.0000
10/57 [====>.........................] - ETA: 44:58 - loss: 0.0020 - acc: 1.0000
11/57 [====>.........................] - ETA: 43:55 - loss: 0.0019 - acc: 1.0000
12/57 [=====>........................] - ETA: 42:57 - loss: 0.0018 - acc: 1.0000
13/57 [=====>........................] - ETA: 42:03 - loss: 0.0017 - acc: 1.0000
14/57 [======>.......................] - ETA: 38:40 - loss: 0.0017 - acc: 1.0000
15/57 [======>.......................] - ETA: 37:56 - loss: 0.0016 - acc: 1.0000
16/57 [=======>......................] - ETA: 37:09 - loss: 0.0015 - acc: 1.0000
17/57 [=======>......................] - ETA: 36:20 - loss: 0.0015 - acc: 1.0000
18/57 [========>.....................] - ETA: 35:34 - loss: 0.0015 - acc: 1.0000
19/57 [=========>....................] - ETA: 34:46 - loss: 0.0014 - acc: 1.0000
20/57 [=========>....................] - ETA: 33:52 - loss: 0.0014 - acc: 1.0000
21/57 [==========>...................] - ETA: 33:04 - loss: 0.0014 - acc: 1.0000
22/57 [==========>...................] - ETA: 32:14 - loss: 0.0013 - acc: 1.0000
23/57 [===========>..................] - ETA: 31:22 - loss: 0.0013 - acc: 1.0000
24/57 [===========>..................] - ETA: 30:27 - loss: 0.0013 - acc: 1.0000
25/57 [============>.................] - ETA: 29:37 - loss: 0.0013 - acc: 1.0000
26/57 [============>.................] - ETA: 28:45 - loss: 0.0014 - acc: 1.0000
27/57 [=============>................] - ETA: 27:52 - loss: 0.0014 - acc: 1.0000
28/57 [=============>................] - ETA: 27:11 - loss: 0.0013 - acc: 1.0000
29/57 [==============>...............] - ETA: 26:27 - loss: 0.0013 - acc: 1.0000
30/57 [==============>...............] - ETA: 25:42 - loss: 0.0013 - acc: 1.0000
31/57 [===============>..............] - ETA: 24:44 - loss: 0.0013 - acc: 1.0000
32/57 [===============>..............] - ETA: 23:48 - loss: 0.0012 - acc: 1.0000
33/57 [================>.............] - ETA: 22:52 - loss: 0.0012 - acc: 1.0000
34/57 [================>.............] - ETA: 21:55 - loss: 0.0012 - acc: 1.0000
35/57 [=================>............] - ETA: 20:57 - loss: 0.0013 - acc: 1.0000
36/57 [=================>............] - ETA: 20:01 - loss: 0.0012 - acc: 1.0000
37/57 [==================>...........] - ETA: 19:04 - loss: 0.0012 - acc: 1.0000
38/57 [===================>..........] - ETA: 18:07 - loss: 0.0012 - acc: 1.0000
39/57 [===================>..........] - ETA: 17:09 - loss: 0.0012 - acc: 1.0000
40/57 [====================>.........] - ETA: 16:13 - loss: 0.0012 - acc: 1.0000
41/57 [====================>.........] - ETA: 15:16 - loss: 0.0012 - acc: 1.0000
42/57 [=====================>........] - ETA: 14:19 - loss: 0.0012 - acc: 1.0000
43/57 [=====================>........] - ETA: 13:21 - loss: 0.0012 - acc: 1.0000
44/57 [======================>.......] - ETA: 12:24 - loss: 0.0012 - acc: 1.0000
45/57 [======================>.......] - ETA: 11:27 - loss: 0.0011 - acc: 1.0000
46/57 [=======================>......] - ETA: 10:29 - loss: 0.0011 - acc: 1.0000
47/57 [=======================>......] - ETA: 9:32 - loss: 0.0011 - acc: 1.0000 
48/57 [========================>.....] - ETA: 8:35 - loss: 0.0011 - acc: 1.0000
49/57 [========================>.....] - ETA: 7:38 - loss: 0.0011 - acc: 1.0000
50/57 [=========================>....] - ETA: 6:40 - loss: 0.0011 - acc: 1.0000
51/57 [=========================>....] - ETA: 5:43 - loss: 0.0011 - acc: 1.0000
52/57 [==========================>...] - ETA: 4:46 - loss: 0.0011 - acc: 1.0000
53/57 [==========================>...] - ETA: 3:49 - loss: 0.0011 - acc: 1.0000
54/57 [===========================>..] - ETA: 2:51 - loss: 0.0012 - acc: 1.0000
55/57 [===========================>..] - ETA: 1:54 - loss: 0.0012 - acc: 1.0000
56/57 [============================>.] - ETA: 57s - loss: 0.0012 - acc: 1.0000 
57/57 [==============================] - 3509s 62s/step - loss: 0.0011 - acc: 1.0000 - val_loss: 0.7016 - val_acc: 0.9018
Epoch 16/18

 1/57 [..............................] - ETA: 51:50 - loss: 5.7417e-04 - acc: 1.0000
 2/57 [>.............................] - ETA: 52:26 - loss: 8.4843e-04 - acc: 1.0000
 3/57 [>.............................] - ETA: 51:49 - loss: 0.0376 - acc: 0.9844    
 4/57 [=>............................] - ETA: 50:48 - loss: 0.0283 - acc: 0.9883
 5/57 [=>............................] - ETA: 49:22 - loss: 0.0228 - acc: 0.9906
 6/57 [==>...........................] - ETA: 48:35 - loss: 0.0192 - acc: 0.9922
 7/57 [==>...........................] - ETA: 47:44 - loss: 0.0199 - acc: 0.9911
 8/57 [===>..........................] - ETA: 46:37 - loss: 0.0175 - acc: 0.9922
 9/57 [===>..........................] - ETA: 45:41 - loss: 0.0156 - acc: 0.9931
10/57 [====>.........................] - ETA: 44:48 - loss: 0.0141 - acc: 0.9938
11/57 [====>.........................] - ETA: 43:54 - loss: 0.0129 - acc: 0.9943
12/57 [=====>........................] - ETA: 42:52 - loss: 0.0118 - acc: 0.9948
13/57 [=====>........................] - ETA: 41:57 - loss: 0.0110 - acc: 0.9952
14/57 [======>.......................] - ETA: 41:04 - loss: 0.0108 - acc: 0.9955
15/57 [======>.......................] - ETA: 37:55 - loss: 0.0105 - acc: 0.9958
16/57 [=======>......................] - ETA: 37:08 - loss: 0.0100 - acc: 0.9961
17/57 [=======>......................] - ETA: 36:21 - loss: 0.0095 - acc: 0.9963
18/57 [========>.....................] - ETA: 35:32 - loss: 0.0090 - acc: 0.9965
19/57 [=========>....................] - ETA: 34:43 - loss: 0.0085 - acc: 0.9967
20/57 [=========>....................] - ETA: 33:53 - loss: 0.0081 - acc: 0.9969
21/57 [==========>...................] - ETA: 32:58 - loss: 0.0078 - acc: 0.9970
22/57 [==========>...................] - ETA: 32:07 - loss: 0.0075 - acc: 0.9972
23/57 [===========>..................] - ETA: 31:17 - loss: 0.0072 - acc: 0.9973
24/57 [===========>..................] - ETA: 30:25 - loss: 0.0069 - acc: 0.9974
25/57 [============>.................] - ETA: 29:30 - loss: 0.0067 - acc: 0.9975
26/57 [============>.................] - ETA: 28:38 - loss: 0.0065 - acc: 0.9976
27/57 [=============>................] - ETA: 27:46 - loss: 0.0062 - acc: 0.9977
28/57 [=============>................] - ETA: 26:53 - loss: 0.0061 - acc: 0.9978
29/57 [==============>...............] - ETA: 25:57 - loss: 0.0059 - acc: 0.9978
30/57 [==============>...............] - ETA: 25:06 - loss: 0.0057 - acc: 0.9979
31/57 [===============>..............] - ETA: 24:11 - loss: 0.0056 - acc: 0.9980
32/57 [===============>..............] - ETA: 23:17 - loss: 0.0054 - acc: 0.9980
33/57 [================>.............] - ETA: 22:21 - loss: 0.0053 - acc: 0.9981
34/57 [================>.............] - ETA: 21:28 - loss: 0.0052 - acc: 0.9982
35/57 [=================>............] - ETA: 20:33 - loss: 0.0050 - acc: 0.9982
36/57 [=================>............] - ETA: 19:38 - loss: 0.0049 - acc: 0.9983
37/57 [==================>...........] - ETA: 18:41 - loss: 0.0048 - acc: 0.9983
38/57 [===================>..........] - ETA: 17:46 - loss: 0.0047 - acc: 0.9984
39/57 [===================>..........] - ETA: 16:51 - loss: 0.0046 - acc: 0.9984
40/57 [====================>.........] - ETA: 15:55 - loss: 0.0045 - acc: 0.9984
41/57 [====================>.........] - ETA: 14:59 - loss: 0.0046 - acc: 0.9985
42/57 [=====================>........] - ETA: 14:03 - loss: 0.0045 - acc: 0.9985
43/57 [=====================>........] - ETA: 13:07 - loss: 0.0045 - acc: 0.9985
44/57 [======================>.......] - ETA: 12:11 - loss: 0.0044 - acc: 0.9986
45/57 [======================>.......] - ETA: 11:15 - loss: 0.0056 - acc: 0.9983
46/57 [=======================>......] - ETA: 10:21 - loss: 0.0055 - acc: 0.9983
47/57 [=======================>......] - ETA: 9:27 - loss: 0.0054 - acc: 0.9983 
48/57 [========================>.....] - ETA: 8:33 - loss: 0.0054 - acc: 0.9984
49/57 [========================>.....] - ETA: 7:37 - loss: 0.0053 - acc: 0.9984
50/57 [=========================>....] - ETA: 6:40 - loss: 0.0052 - acc: 0.9984
51/57 [=========================>....] - ETA: 5:42 - loss: 0.0051 - acc: 0.9985
52/57 [==========================>...] - ETA: 4:45 - loss: 0.0051 - acc: 0.9985
53/57 [==========================>...] - ETA: 3:48 - loss: 0.0050 - acc: 0.9985
54/57 [===========================>..] - ETA: 2:51 - loss: 0.0049 - acc: 0.9986
55/57 [===========================>..] - ETA: 1:54 - loss: 0.0049 - acc: 0.9986
56/57 [============================>.] - ETA: 57s - loss: 0.0048 - acc: 0.9986 
57/57 [==============================] - 3500s 61s/step - loss: 0.0050 - acc: 0.9984 - val_loss: 0.7015 - val_acc: 0.9001
Epoch 17/18

 1/57 [..............................] - ETA: 52:58 - loss: 4.9961e-04 - acc: 1.0000
 2/57 [>.............................] - ETA: 51:13 - loss: 6.6142e-04 - acc: 1.0000
 3/57 [>.............................] - ETA: 51:07 - loss: 7.2059e-04 - acc: 1.0000
 4/57 [=>............................] - ETA: 50:13 - loss: 9.1279e-04 - acc: 1.0000
 5/57 [=>............................] - ETA: 49:04 - loss: 0.0021 - acc: 1.0000    
 6/57 [==>...........................] - ETA: 48:23 - loss: 0.0018 - acc: 1.0000
 7/57 [==>...........................] - ETA: 47:38 - loss: 0.0017 - acc: 1.0000
 8/57 [===>..........................] - ETA: 46:45 - loss: 0.0016 - acc: 1.0000
 9/57 [===>..........................] - ETA: 45:40 - loss: 0.0016 - acc: 1.0000
10/57 [====>.........................] - ETA: 44:50 - loss: 0.0015 - acc: 1.0000
11/57 [====>.........................] - ETA: 43:57 - loss: 0.0014 - acc: 1.0000
12/57 [=====>........................] - ETA: 42:58 - loss: 0.0013 - acc: 1.0000
13/57 [=====>........................] - ETA: 41:57 - loss: 0.0013 - acc: 1.0000
14/57 [======>.......................] - ETA: 41:05 - loss: 0.0012 - acc: 1.0000
15/57 [======>.......................] - ETA: 40:09 - loss: 0.0012 - acc: 1.0000
16/57 [=======>......................] - ETA: 37:11 - loss: 0.0257 - acc: 0.9931
17/57 [=======>......................] - ETA: 36:26 - loss: 0.0243 - acc: 0.9935
18/57 [========>.....................] - ETA: 35:33 - loss: 0.0230 - acc: 0.9938
19/57 [=========>....................] - ETA: 34:43 - loss: 0.0219 - acc: 0.9942
20/57 [=========>....................] - ETA: 33:56 - loss: 0.0208 - acc: 0.9944
21/57 [==========>...................] - ETA: 33:05 - loss: 0.0199 - acc: 0.9947
22/57 [==========>...................] - ETA: 32:11 - loss: 0.0190 - acc: 0.9949
23/57 [===========>..................] - ETA: 31:20 - loss: 0.0182 - acc: 0.9952
24/57 [===========>..................] - ETA: 30:28 - loss: 0.0175 - acc: 0.9954
25/57 [============>.................] - ETA: 29:35 - loss: 0.0169 - acc: 0.9956
26/57 [============>.................] - ETA: 28:39 - loss: 0.0162 - acc: 0.9957
27/57 [=============>................] - ETA: 27:48 - loss: 0.0157 - acc: 0.9959
28/57 [=============>................] - ETA: 26:55 - loss: 0.0151 - acc: 0.9960
29/57 [==============>...............] - ETA: 26:01 - loss: 0.0147 - acc: 0.9962
30/57 [==============>...............] - ETA: 25:04 - loss: 0.0144 - acc: 0.9963
31/57 [===============>..............] - ETA: 24:11 - loss: 0.0139 - acc: 0.9964
32/57 [===============>..............] - ETA: 23:17 - loss: 0.0136 - acc: 0.9965
33/57 [================>.............] - ETA: 22:22 - loss: 0.0132 - acc: 0.9966
34/57 [================>.............] - ETA: 21:27 - loss: 0.0128 - acc: 0.9967
35/57 [=================>............] - ETA: 20:32 - loss: 0.0125 - acc: 0.9968
36/57 [=================>............] - ETA: 19:36 - loss: 0.0121 - acc: 0.9969
37/57 [==================>...........] - ETA: 18:40 - loss: 0.0118 - acc: 0.9970
38/57 [===================>..........] - ETA: 17:45 - loss: 0.0116 - acc: 0.9971
39/57 [===================>..........] - ETA: 16:50 - loss: 0.0113 - acc: 0.9972
40/57 [====================>.........] - ETA: 15:55 - loss: 0.0111 - acc: 0.9972
41/57 [====================>.........] - ETA: 14:58 - loss: 0.0108 - acc: 0.9973
42/57 [=====================>........] - ETA: 14:03 - loss: 0.0106 - acc: 0.9974
43/57 [=====================>........] - ETA: 13:07 - loss: 0.0103 - acc: 0.9974
44/57 [======================>.......] - ETA: 12:12 - loss: 0.0101 - acc: 0.9975
45/57 [======================>.......] - ETA: 11:15 - loss: 0.0099 - acc: 0.9975
46/57 [=======================>......] - ETA: 10:19 - loss: 0.0097 - acc: 0.9976
47/57 [=======================>......] - ETA: 9:23 - loss: 0.0095 - acc: 0.9976 
48/57 [========================>.....] - ETA: 8:27 - loss: 0.0094 - acc: 0.9977
49/57 [========================>.....] - ETA: 7:30 - loss: 0.0092 - acc: 0.9977
50/57 [=========================>....] - ETA: 6:34 - loss: 0.0091 - acc: 0.9978
51/57 [=========================>....] - ETA: 5:38 - loss: 0.0089 - acc: 0.9978
52/57 [==========================>...] - ETA: 4:42 - loss: 0.0087 - acc: 0.9979
53/57 [==========================>...] - ETA: 3:45 - loss: 0.0086 - acc: 0.9979
54/57 [===========================>..] - ETA: 2:49 - loss: 0.0084 - acc: 0.9979
55/57 [===========================>..] - ETA: 1:53 - loss: 0.0083 - acc: 0.9980
56/57 [============================>.] - ETA: 56s - loss: 0.0081 - acc: 0.9980 
57/57 [==============================] - 3461s 61s/step - loss: 0.0079 - acc: 0.9981 - val_loss: 0.7144 - val_acc: 0.8949
Epoch 18/18

 1/57 [..............................] - ETA: 53:31 - loss: 7.7630e-04 - acc: 1.0000
 2/57 [>.............................] - ETA: 52:17 - loss: 7.2754e-04 - acc: 1.0000
 3/57 [>.............................] - ETA: 51:09 - loss: 8.7410e-04 - acc: 1.0000
 4/57 [=>............................] - ETA: 51:35 - loss: 7.4351e-04 - acc: 1.0000
 5/57 [=>............................] - ETA: 52:26 - loss: 6.8079e-04 - acc: 1.0000
 6/57 [==>...........................] - ETA: 52:38 - loss: 6.5799e-04 - acc: 1.0000
 7/57 [==>...........................] - ETA: 51:54 - loss: 6.5806e-04 - acc: 1.0000
 8/57 [===>..........................] - ETA: 50:19 - loss: 6.5230e-04 - acc: 1.0000
 9/57 [===>..........................] - ETA: 48:48 - loss: 0.0013 - acc: 1.0000    
10/57 [====>.........................] - ETA: 47:29 - loss: 0.0012 - acc: 1.0000
11/57 [====>.........................] - ETA: 46:19 - loss: 0.0011 - acc: 1.0000
12/57 [=====>........................] - ETA: 45:09 - loss: 0.0011 - acc: 1.0000
13/57 [=====>........................] - ETA: 43:55 - loss: 0.0011 - acc: 1.0000
14/57 [======>.......................] - ETA: 42:47 - loss: 0.0011 - acc: 1.0000
15/57 [======>.......................] - ETA: 41:46 - loss: 0.0011 - acc: 1.0000
16/57 [=======>......................] - ETA: 40:41 - loss: 0.0011 - acc: 1.0000
17/57 [=======>......................] - ETA: 37:46 - loss: 0.0015 - acc: 1.0000
18/57 [========>.....................] - ETA: 36:51 - loss: 0.0014 - acc: 1.0000
19/57 [=========>....................] - ETA: 35:51 - loss: 0.0014 - acc: 1.0000
20/57 [=========>....................] - ETA: 34:57 - loss: 0.0014 - acc: 1.0000
21/57 [==========>...................] - ETA: 34:01 - loss: 0.0013 - acc: 1.0000
22/57 [==========>...................] - ETA: 33:04 - loss: 0.0013 - acc: 1.0000
23/57 [===========>..................] - ETA: 32:09 - loss: 0.0014 - acc: 1.0000
24/57 [===========>..................] - ETA: 31:16 - loss: 0.0014 - acc: 1.0000
25/57 [============>.................] - ETA: 30:20 - loss: 0.0013 - acc: 1.0000
26/57 [============>.................] - ETA: 29:22 - loss: 0.0013 - acc: 1.0000
27/57 [=============>................] - ETA: 28:27 - loss: 0.0013 - acc: 1.0000
28/57 [=============>................] - ETA: 27:31 - loss: 0.0013 - acc: 1.0000
29/57 [==============>...............] - ETA: 26:34 - loss: 0.0013 - acc: 1.0000
30/57 [==============>...............] - ETA: 25:38 - loss: 0.0013 - acc: 1.0000
31/57 [===============>..............] - ETA: 24:42 - loss: 0.0013 - acc: 1.0000
32/57 [===============>..............] - ETA: 23:45 - loss: 0.0013 - acc: 1.0000
33/57 [================>.............] - ETA: 22:46 - loss: 0.0013 - acc: 1.0000
34/57 [================>.............] - ETA: 21:50 - loss: 0.0012 - acc: 1.0000
35/57 [=================>............] - ETA: 20:54 - loss: 0.0012 - acc: 1.0000
36/57 [=================>............] - ETA: 19:57 - loss: 0.0012 - acc: 1.0000
37/57 [==================>...........] - ETA: 18:59 - loss: 0.0014 - acc: 1.0000
38/57 [===================>..........] - ETA: 18:03 - loss: 0.0014 - acc: 1.0000
39/57 [===================>..........] - ETA: 17:07 - loss: 0.0014 - acc: 1.0000
40/57 [====================>.........] - ETA: 16:10 - loss: 0.0016 - acc: 1.0000
41/57 [====================>.........] - ETA: 15:12 - loss: 0.0034 - acc: 0.9996
42/57 [=====================>........] - ETA: 14:16 - loss: 0.0033 - acc: 0.9996
43/57 [=====================>........] - ETA: 13:19 - loss: 0.0033 - acc: 0.9996
44/57 [======================>.......] - ETA: 12:22 - loss: 0.0032 - acc: 0.9996
45/57 [======================>.......] - ETA: 11:24 - loss: 0.0031 - acc: 0.9997
46/57 [=======================>......] - ETA: 10:28 - loss: 0.0032 - acc: 0.9997
47/57 [=======================>......] - ETA: 9:31 - loss: 0.0032 - acc: 0.9997 
48/57 [========================>.....] - ETA: 8:34 - loss: 0.0031 - acc: 0.9997
49/57 [========================>.....] - ETA: 7:37 - loss: 0.0031 - acc: 0.9997
50/57 [=========================>....] - ETA: 6:40 - loss: 0.0031 - acc: 0.9997
51/57 [=========================>....] - ETA: 5:43 - loss: 0.0031 - acc: 0.9997
52/57 [==========================>...] - ETA: 4:45 - loss: 0.0030 - acc: 0.9997
53/57 [==========================>...] - ETA: 3:48 - loss: 0.0030 - acc: 0.9997
54/57 [===========================>..] - ETA: 2:51 - loss: 0.0030 - acc: 0.9997
55/57 [===========================>..] - ETA: 1:54 - loss: 0.0029 - acc: 0.9997
56/57 [============================>.] - ETA: 57s - loss: 0.0029 - acc: 0.9997 
57/57 [==============================] - 3499s 61s/step - loss: 0.0028 - acc: 0.9997 - val_loss: 0.7487 - val_acc: 0.8992
Using TensorFlow backend.
[INFO] evaluating network...
Found 658 images belonging to 6 classes.
Traceback (most recent call last):
  File "train.py", line 185, in <module>
    main()
  File "train.py", line 148, in main
    acc = accuracy_score(test_generator.classes, y_pred)
  File "/usr/lib/python3/dist-packages/sklearn/metrics/classification.py", line 176, in accuracy_score
    y_type, y_true, y_pred = _check_targets(y_true, y_pred)
  File "/usr/lib/python3/dist-packages/sklearn/metrics/classification.py", line 71, in _check_targets
    check_consistent_length(y_true, y_pred)
  File "/usr/lib/python3/dist-packages/sklearn/utils/validation.py", line 204, in check_consistent_length
    " samples: %r" % [int(l) for l in lengths])
ValueError: Found input variables with inconsistent numbers of samples: [658, 640]
