2018-11-16 15:32:04.684843: I tensorflow/core/platform/cpu_feature_guard.cc:141] Your CPU supports instructions that this TensorFlow binary was not compiled to use: AVX2 FMA
[INFO] loading images...
Found 3657 images belonging to 6 classes.
Found 1215 images belonging to 6 classes.
[INFO] training network...
Epoch 1/30

 1/57 [..............................] - ETA: 1:24:09 - loss: 1.8352 - acc: 0.2500
 2/57 [>.............................] - ETA: 1:17:23 - loss: 1.8197 - acc: 0.2422
 3/57 [>.............................] - ETA: 1:13:27 - loss: 1.8161 - acc: 0.2083
 4/57 [=>............................] - ETA: 1:11:44 - loss: 1.8085 - acc: 0.1914
 5/57 [=>............................] - ETA: 1:10:03 - loss: 1.7946 - acc: 0.2094
 6/57 [==>...........................] - ETA: 1:08:11 - loss: 1.7969 - acc: 0.2057
 7/57 [==>...........................] - ETA: 1:06:46 - loss: 1.8069 - acc: 0.2054
 8/57 [===>..........................] - ETA: 1:02:22 - loss: 1.8026 - acc: 0.2109
 9/57 [===>..........................] - ETA: 58:50 - loss: 1.7989 - acc: 0.2170  
10/57 [====>.........................] - ETA: 55:50 - loss: 1.7921 - acc: 0.2234
11/57 [====>.........................] - ETA: 53:10 - loss: 1.7845 - acc: 0.2344
12/57 [=====>........................] - ETA: 50:49 - loss: 1.7743 - acc: 0.2383
13/57 [=====>........................] - ETA: 48:43 - loss: 1.7692 - acc: 0.2416
14/57 [======>.......................] - ETA: 46:50 - loss: 1.7606 - acc: 0.2489
15/57 [======>.......................] - ETA: 45:09 - loss: 1.7584 - acc: 0.2510
16/57 [=======>......................] - ETA: 44:40 - loss: 1.7555 - acc: 0.2559
17/57 [=======>......................] - ETA: 44:04 - loss: 1.7486 - acc: 0.2610
18/57 [========>.....................] - ETA: 43:21 - loss: 1.7463 - acc: 0.2691
19/57 [=========>....................] - ETA: 42:38 - loss: 1.7396 - acc: 0.2788
20/57 [=========>....................] - ETA: 41:51 - loss: 1.7393 - acc: 0.2797
21/57 [==========>...................] - ETA: 41:00 - loss: 1.7343 - acc: 0.2798
22/57 [==========>...................] - ETA: 40:06 - loss: 1.7297 - acc: 0.2834
23/57 [===========>..................] - ETA: 39:14 - loss: 1.7213 - acc: 0.2880
24/57 [===========>..................] - ETA: 38:16 - loss: 1.7248 - acc: 0.2897
25/57 [============>.................] - ETA: 37:16 - loss: 1.7289 - acc: 0.2869
26/57 [============>.................] - ETA: 36:17 - loss: 1.7199 - acc: 0.2933
27/57 [=============>................] - ETA: 35:15 - loss: 1.7179 - acc: 0.2946
28/57 [=============>................] - ETA: 34:14 - loss: 1.7168 - acc: 0.2952
29/57 [==============>...............] - ETA: 33:09 - loss: 1.7240 - acc: 0.2909
30/57 [==============>...............] - ETA: 32:06 - loss: 1.7265 - acc: 0.2938
31/57 [===============>..............] - ETA: 31:01 - loss: 1.7220 - acc: 0.2964
32/57 [===============>..............] - ETA: 29:54 - loss: 1.7168 - acc: 0.2998
33/57 [================>.............] - ETA: 28:48 - loss: 1.7176 - acc: 0.3002
34/57 [================>.............] - ETA: 27:40 - loss: 1.7098 - acc: 0.3056
35/57 [=================>............] - ETA: 26:31 - loss: 1.7037 - acc: 0.3094
36/57 [=================>............] - ETA: 25:23 - loss: 1.7025 - acc: 0.3103
37/57 [==================>...........] - ETA: 24:13 - loss: 1.7051 - acc: 0.3083
38/57 [===================>..........] - ETA: 23:03 - loss: 1.7064 - acc: 0.3063
39/57 [===================>..........] - ETA: 21:53 - loss: 1.7013 - acc: 0.3093
40/57 [====================>.........] - ETA: 20:42 - loss: 1.6976 - acc: 0.3102
41/57 [====================>.........] - ETA: 19:31 - loss: 1.6945 - acc: 0.3117
42/57 [=====================>........] - ETA: 18:21 - loss: 1.6890 - acc: 0.3155
43/57 [=====================>........] - ETA: 17:08 - loss: 1.6876 - acc: 0.3176
44/57 [======================>.......] - ETA: 15:56 - loss: 1.6839 - acc: 0.3192
45/57 [======================>.......] - ETA: 14:44 - loss: 1.6807 - acc: 0.3215
46/57 [=======================>......] - ETA: 13:31 - loss: 1.6746 - acc: 0.3278
47/57 [=======================>......] - ETA: 12:18 - loss: 1.6716 - acc: 0.3301
48/57 [========================>.....] - ETA: 11:05 - loss: 1.6702 - acc: 0.3314
49/57 [========================>.....] - ETA: 9:51 - loss: 1.6680 - acc: 0.3320 
50/57 [=========================>....] - ETA: 8:38 - loss: 1.6662 - acc: 0.3334
51/57 [=========================>....] - ETA: 7:24 - loss: 1.6627 - acc: 0.3358
52/57 [==========================>...] - ETA: 6:09 - loss: 1.6591 - acc: 0.3377
53/57 [==========================>...] - ETA: 4:53 - loss: 1.6561 - acc: 0.3405
54/57 [===========================>..] - ETA: 3:39 - loss: 1.6522 - acc: 0.3440
55/57 [===========================>..] - ETA: 2:25 - loss: 1.6454 - acc: 0.3491
56/57 [============================>.] - ETA: 1:12 - loss: 1.6422 - acc: 0.3502
57/57 [==============================] - 4310s 76s/step - loss: 1.6408 - acc: 0.3525 - val_loss: 1.5424 - val_acc: 0.3672
Epoch 2/30

 1/57 [..............................] - ETA: 8:47 - loss: 1.4657 - acc: 0.5556
 2/57 [>.............................] - ETA: 39:24 - loss: 1.5083 - acc: 0.4262
 3/57 [>.............................] - ETA: 48:38 - loss: 1.4630 - acc: 0.4664
 4/57 [=>............................] - ETA: 52:36 - loss: 1.4519 - acc: 0.4553
 5/57 [=>............................] - ETA: 54:25 - loss: 1.4544 - acc: 0.4580
 6/57 [==>...........................] - ETA: 55:24 - loss: 1.4396 - acc: 0.4624
 7/57 [==>...........................] - ETA: 55:37 - loss: 1.4307 - acc: 0.4745
 8/57 [===>..........................] - ETA: 55:42 - loss: 1.4245 - acc: 0.4737
 9/57 [===>..........................] - ETA: 55:38 - loss: 1.4394 - acc: 0.4628
10/57 [====>.........................] - ETA: 55:06 - loss: 1.4515 - acc: 0.4493
11/57 [====>.........................] - ETA: 54:30 - loss: 1.4503 - acc: 0.4482
12/57 [=====>........................] - ETA: 53:45 - loss: 1.4481 - acc: 0.4473
13/57 [=====>........................] - ETA: 52:57 - loss: 1.4384 - acc: 0.4514
14/57 [======>.......................] - ETA: 52:10 - loss: 1.4325 - acc: 0.4537
15/57 [======>.......................] - ETA: 51:08 - loss: 1.4302 - acc: 0.4537
16/57 [=======>......................] - ETA: 50:08 - loss: 1.4196 - acc: 0.4586
17/57 [=======>......................] - ETA: 49:09 - loss: 1.4172 - acc: 0.4610
18/57 [========>.....................] - ETA: 47:59 - loss: 1.4061 - acc: 0.4675
19/57 [=========>....................] - ETA: 46:54 - loss: 1.4067 - acc: 0.4700
20/57 [=========>....................] - ETA: 45:50 - loss: 1.3973 - acc: 0.4778
21/57 [==========>...................] - ETA: 44:41 - loss: 1.3900 - acc: 0.4811
22/57 [==========>...................] - ETA: 43:33 - loss: 1.3815 - acc: 0.4869
23/57 [===========>..................] - ETA: 42:23 - loss: 1.3736 - acc: 0.4915
24/57 [===========>..................] - ETA: 41:12 - loss: 1.3670 - acc: 0.4952
25/57 [============>.................] - ETA: 40:02 - loss: 1.3594 - acc: 0.4997
26/57 [============>.................] - ETA: 38:50 - loss: 1.3605 - acc: 0.4973
27/57 [=============>................] - ETA: 37:39 - loss: 1.3520 - acc: 0.4992
28/57 [=============>................] - ETA: 36:29 - loss: 1.3505 - acc: 0.4981
29/57 [==============>...............] - ETA: 35:13 - loss: 1.3481 - acc: 0.4992
30/57 [==============>...............] - ETA: 34:00 - loss: 1.3415 - acc: 0.5019
31/57 [===============>..............] - ETA: 32:47 - loss: 1.3366 - acc: 0.5038
32/57 [===============>..............] - ETA: 31:32 - loss: 1.3335 - acc: 0.5047
33/57 [================>.............] - ETA: 30:19 - loss: 1.3265 - acc: 0.5074
34/57 [================>.............] - ETA: 29:05 - loss: 1.3198 - acc: 0.5108
35/57 [=================>............] - ETA: 27:50 - loss: 1.3138 - acc: 0.5127
36/57 [=================>............] - ETA: 26:36 - loss: 1.3099 - acc: 0.5141
37/57 [==================>...........] - ETA: 25:21 - loss: 1.3036 - acc: 0.5184
38/57 [===================>..........] - ETA: 24:07 - loss: 1.2955 - acc: 0.5233
39/57 [===================>..........] - ETA: 22:52 - loss: 1.2933 - acc: 0.5243
40/57 [====================>.........] - ETA: 21:36 - loss: 1.2909 - acc: 0.5244
41/57 [====================>.........] - ETA: 20:20 - loss: 1.2859 - acc: 0.5269
42/57 [=====================>........] - ETA: 19:05 - loss: 1.2854 - acc: 0.5255
43/57 [=====================>........] - ETA: 17:49 - loss: 1.2813 - acc: 0.5275
44/57 [======================>.......] - ETA: 16:34 - loss: 1.2771 - acc: 0.5300
45/57 [======================>.......] - ETA: 15:18 - loss: 1.2730 - acc: 0.5304
46/57 [=======================>......] - ETA: 14:02 - loss: 1.2677 - acc: 0.5328
47/57 [=======================>......] - ETA: 12:46 - loss: 1.2617 - acc: 0.5351
48/57 [========================>.....] - ETA: 11:30 - loss: 1.2561 - acc: 0.5386
49/57 [========================>.....] - ETA: 10:13 - loss: 1.2476 - acc: 0.5423
50/57 [=========================>....] - ETA: 8:57 - loss: 1.2407 - acc: 0.5455 
51/57 [=========================>....] - ETA: 7:40 - loss: 1.2356 - acc: 0.5492
52/57 [==========================>...] - ETA: 6:23 - loss: 1.2299 - acc: 0.5506
53/57 [==========================>...] - ETA: 5:07 - loss: 1.2278 - acc: 0.5509
54/57 [===========================>..] - ETA: 3:50 - loss: 1.2204 - acc: 0.5551
55/57 [===========================>..] - ETA: 2:33 - loss: 1.2128 - acc: 0.5598
56/57 [============================>.] - ETA: 1:16 - loss: 1.2063 - acc: 0.5632
57/57 [==============================] - 4596s 81s/step - loss: 1.2013 - acc: 0.5651 - val_loss: 1.1160 - val_acc: 0.6247
Epoch 3/30

 1/57 [..............................] - ETA: 1:11:10 - loss: 0.8371 - acc: 0.7500
 2/57 [>.............................] - ETA: 39:49 - loss: 0.8188 - acc: 0.8194  
 3/57 [>.............................] - ETA: 48:57 - loss: 0.8029 - acc: 0.8067
 4/57 [=>............................] - ETA: 52:48 - loss: 0.8036 - acc: 0.7964
 5/57 [=>............................] - ETA: 54:46 - loss: 0.8063 - acc: 0.7778
 6/57 [==>...........................] - ETA: 55:39 - loss: 0.8295 - acc: 0.7575
 7/57 [==>...........................] - ETA: 55:54 - loss: 0.8313 - acc: 0.7520
 8/57 [===>..........................] - ETA: 56:05 - loss: 0.8199 - acc: 0.7537
 9/57 [===>..........................] - ETA: 55:43 - loss: 0.8230 - acc: 0.7463
10/57 [====>.........................] - ETA: 55:18 - loss: 0.7933 - acc: 0.7655
11/57 [====>.........................] - ETA: 54:45 - loss: 0.7913 - acc: 0.7669
12/57 [=====>........................] - ETA: 53:50 - loss: 0.7896 - acc: 0.7642
13/57 [=====>........................] - ETA: 53:03 - loss: 0.7817 - acc: 0.7679
14/57 [======>.......................] - ETA: 52:09 - loss: 0.7758 - acc: 0.7744
15/57 [======>.......................] - ETA: 51:08 - loss: 0.7640 - acc: 0.7811
16/57 [=======>......................] - ETA: 50:11 - loss: 0.7588 - acc: 0.7821
17/57 [=======>......................] - ETA: 49:06 - loss: 0.7546 - acc: 0.7839
18/57 [========>.....................] - ETA: 48:07 - loss: 0.7415 - acc: 0.7890
19/57 [=========>....................] - ETA: 47:03 - loss: 0.7372 - acc: 0.7902
20/57 [=========>....................] - ETA: 45:54 - loss: 0.7259 - acc: 0.7968
21/57 [==========>...................] - ETA: 44:45 - loss: 0.7158 - acc: 0.7990
22/57 [==========>...................] - ETA: 43:38 - loss: 0.7077 - acc: 0.8039
23/57 [===========>..................] - ETA: 42:25 - loss: 0.7016 - acc: 0.8077
24/57 [===========>..................] - ETA: 41:16 - loss: 0.7014 - acc: 0.8059
25/57 [============>.................] - ETA: 40:06 - loss: 0.6994 - acc: 0.8056
26/57 [============>.................] - ETA: 38:53 - loss: 0.6950 - acc: 0.8070
27/57 [=============>................] - ETA: 37:42 - loss: 0.6877 - acc: 0.8084
28/57 [=============>................] - ETA: 36:32 - loss: 0.6801 - acc: 0.8102
29/57 [==============>...............] - ETA: 35:21 - loss: 0.6771 - acc: 0.8114
30/57 [==============>...............] - ETA: 34:10 - loss: 0.6698 - acc: 0.8135
31/57 [===============>..............] - ETA: 32:59 - loss: 0.6620 - acc: 0.8150
32/57 [===============>..............] - ETA: 31:42 - loss: 0.6536 - acc: 0.8193
33/57 [================>.............] - ETA: 30:27 - loss: 0.6513 - acc: 0.8191
34/57 [================>.............] - ETA: 29:12 - loss: 0.6421 - acc: 0.8226
35/57 [=================>............] - ETA: 27:57 - loss: 0.6360 - acc: 0.8258
36/57 [=================>............] - ETA: 26:42 - loss: 0.6289 - acc: 0.8285
37/57 [==================>...........] - ETA: 25:27 - loss: 0.6234 - acc: 0.8285
38/57 [===================>..........] - ETA: 24:11 - loss: 0.6167 - acc: 0.8314
39/57 [===================>..........] - ETA: 22:55 - loss: 0.6178 - acc: 0.8297
40/57 [====================>.........] - ETA: 21:39 - loss: 0.6113 - acc: 0.8328
41/57 [====================>.........] - ETA: 20:23 - loss: 0.6078 - acc: 0.8327
42/57 [=====================>........] - ETA: 19:08 - loss: 0.6044 - acc: 0.8333
43/57 [=====================>........] - ETA: 17:51 - loss: 0.5985 - acc: 0.8354
44/57 [======================>.......] - ETA: 16:35 - loss: 0.5920 - acc: 0.8384
45/57 [======================>.......] - ETA: 15:19 - loss: 0.5867 - acc: 0.8395
46/57 [=======================>......] - ETA: 14:03 - loss: 0.5798 - acc: 0.8417
47/57 [=======================>......] - ETA: 12:46 - loss: 0.5736 - acc: 0.8434
48/57 [========================>.....] - ETA: 11:30 - loss: 0.5674 - acc: 0.8457
49/57 [========================>.....] - ETA: 10:13 - loss: 0.5627 - acc: 0.8466
50/57 [=========================>....] - ETA: 8:57 - loss: 0.5570 - acc: 0.8484 
51/57 [=========================>....] - ETA: 7:40 - loss: 0.5523 - acc: 0.8492
52/57 [==========================>...] - ETA: 6:23 - loss: 0.5458 - acc: 0.8512
53/57 [==========================>...] - ETA: 5:07 - loss: 0.5405 - acc: 0.8529
54/57 [===========================>..] - ETA: 3:50 - loss: 0.5348 - acc: 0.8541
55/57 [===========================>..] - ETA: 2:33 - loss: 0.5301 - acc: 0.8559
56/57 [============================>.] - ETA: 1:16 - loss: 0.5246 - acc: 0.8579
57/57 [==============================] - 4593s 81s/step - loss: 0.5188 - acc: 0.8599 - val_loss: 0.5890 - val_acc: 0.7802
Epoch 4/30

 1/57 [..............................] - ETA: 1:11:18 - loss: 0.3072 - acc: 0.8906
 2/57 [>.............................] - ETA: 1:10:07 - loss: 0.2931 - acc: 0.9062
 3/57 [>.............................] - ETA: 48:59 - loss: 0.3609 - acc: 0.9005  
 4/57 [=>............................] - ETA: 52:40 - loss: 0.3195 - acc: 0.9136
 5/57 [=>............................] - ETA: 54:38 - loss: 0.3003 - acc: 0.9184
 6/57 [==>...........................] - ETA: 55:32 - loss: 0.2850 - acc: 0.9242
 7/57 [==>...........................] - ETA: 55:37 - loss: 0.2797 - acc: 0.9283
 8/57 [===>..........................] - ETA: 55:31 - loss: 0.2654 - acc: 0.9334
 9/57 [===>..........................] - ETA: 55:17 - loss: 0.2557 - acc: 0.9373
10/57 [====>.........................] - ETA: 54:39 - loss: 0.2636 - acc: 0.9326
11/57 [====>.........................] - ETA: 54:15 - loss: 0.2552 - acc: 0.9388
12/57 [=====>........................] - ETA: 53:27 - loss: 0.2516 - acc: 0.9387
13/57 [=====>........................] - ETA: 52:38 - loss: 0.2465 - acc: 0.9398
14/57 [======>.......................] - ETA: 51:50 - loss: 0.2394 - acc: 0.9430
15/57 [======>.......................] - ETA: 50:58 - loss: 0.2336 - acc: 0.9468
16/57 [=======>......................] - ETA: 50:04 - loss: 0.2290 - acc: 0.9481
17/57 [=======>......................] - ETA: 49:06 - loss: 0.2247 - acc: 0.9493
18/57 [========>.....................] - ETA: 48:04 - loss: 0.2232 - acc: 0.9487
19/57 [=========>....................] - ETA: 46:55 - loss: 0.2174 - acc: 0.9497
20/57 [=========>....................] - ETA: 45:49 - loss: 0.2150 - acc: 0.9499
21/57 [==========>...................] - ETA: 44:42 - loss: 0.2128 - acc: 0.9516
22/57 [==========>...................] - ETA: 43:33 - loss: 0.2082 - acc: 0.9530
23/57 [===========>..................] - ETA: 42:26 - loss: 0.2080 - acc: 0.9530
24/57 [===========>..................] - ETA: 41:13 - loss: 0.2038 - acc: 0.9544
25/57 [============>.................] - ETA: 40:03 - loss: 0.1990 - acc: 0.9562
26/57 [============>.................] - ETA: 38:53 - loss: 0.1967 - acc: 0.9573
27/57 [=============>................] - ETA: 37:40 - loss: 0.1943 - acc: 0.9583
28/57 [=============>................] - ETA: 36:29 - loss: 0.1923 - acc: 0.9586
29/57 [==============>...............] - ETA: 35:17 - loss: 0.1924 - acc: 0.9590
30/57 [==============>...............] - ETA: 34:02 - loss: 0.1910 - acc: 0.9593
31/57 [===============>..............] - ETA: 32:48 - loss: 0.1898 - acc: 0.9601
32/57 [===============>..............] - ETA: 31:33 - loss: 0.1879 - acc: 0.9609
33/57 [================>.............] - ETA: 30:19 - loss: 0.1840 - acc: 0.9621
34/57 [================>.............] - ETA: 29:05 - loss: 0.1817 - acc: 0.9627
35/57 [=================>............] - ETA: 27:50 - loss: 0.1831 - acc: 0.9620
36/57 [=================>............] - ETA: 26:36 - loss: 0.1810 - acc: 0.9622
37/57 [==================>...........] - ETA: 25:22 - loss: 0.1802 - acc: 0.9624
38/57 [===================>..........] - ETA: 24:05 - loss: 0.1791 - acc: 0.9625
39/57 [===================>..........] - ETA: 22:50 - loss: 0.1765 - acc: 0.9631
40/57 [====================>.........] - ETA: 21:35 - loss: 0.1738 - acc: 0.9640
41/57 [====================>.........] - ETA: 20:19 - loss: 0.1722 - acc: 0.9641
42/57 [=====================>........] - ETA: 19:04 - loss: 0.1698 - acc: 0.9650
43/57 [=====================>........] - ETA: 17:48 - loss: 0.1695 - acc: 0.9651
44/57 [======================>.......] - ETA: 16:32 - loss: 0.1679 - acc: 0.9655
45/57 [======================>.......] - ETA: 15:16 - loss: 0.1667 - acc: 0.9656
46/57 [=======================>......] - ETA: 14:00 - loss: 0.1653 - acc: 0.9657
47/57 [=======================>......] - ETA: 12:44 - loss: 0.1648 - acc: 0.9657
48/57 [========================>.....] - ETA: 11:28 - loss: 0.1643 - acc: 0.9651
49/57 [========================>.....] - ETA: 10:12 - loss: 0.1620 - acc: 0.9658
50/57 [=========================>....] - ETA: 8:55 - loss: 0.1608 - acc: 0.9659 
51/57 [=========================>....] - ETA: 7:39 - loss: 0.1599 - acc: 0.9663
52/57 [==========================>...] - ETA: 6:22 - loss: 0.1590 - acc: 0.9666
53/57 [==========================>...] - ETA: 5:06 - loss: 0.1566 - acc: 0.9672
54/57 [===========================>..] - ETA: 3:49 - loss: 0.1561 - acc: 0.9670
55/57 [===========================>..] - ETA: 2:33 - loss: 0.1551 - acc: 0.9673
56/57 [============================>.] - ETA: 1:16 - loss: 0.1545 - acc: 0.9668
57/57 [==============================] - 4597s 81s/step - loss: 0.1526 - acc: 0.9674 - val_loss: 0.3649 - val_acc: 0.8610
Epoch 5/30

 1/57 [..............................] - ETA: 1:12:32 - loss: 0.0593 - acc: 1.0000
 2/57 [>.............................] - ETA: 1:10:37 - loss: 0.0652 - acc: 0.9844
 3/57 [>.............................] - ETA: 1:08:51 - loss: 0.0813 - acc: 0.9792
 4/57 [=>............................] - ETA: 52:56 - loss: 0.0954 - acc: 0.9844  
 5/57 [=>............................] - ETA: 54:52 - loss: 0.0927 - acc: 0.9812
 6/57 [==>...........................] - ETA: 55:40 - loss: 0.0987 - acc: 0.9766
 7/57 [==>...........................] - ETA: 55:52 - loss: 0.0952 - acc: 0.9777
 8/57 [===>..........................] - ETA: 55:38 - loss: 0.0901 - acc: 0.9785
 9/57 [===>..........................] - ETA: 55:11 - loss: 0.0886 - acc: 0.9792
10/57 [====>.........................] - ETA: 54:38 - loss: 0.0869 - acc: 0.9797
11/57 [====>.........................] - ETA: 53:49 - loss: 0.0846 - acc: 0.9801
12/57 [=====>........................] - ETA: 53:05 - loss: 0.0856 - acc: 0.9792
13/57 [=====>........................] - ETA: 52:18 - loss: 0.0848 - acc: 0.9796
14/57 [======>.......................] - ETA: 51:26 - loss: 0.0842 - acc: 0.9788
15/57 [======>.......................] - ETA: 50:31 - loss: 0.0821 - acc: 0.9792
16/57 [=======>......................] - ETA: 49:27 - loss: 0.0805 - acc: 0.9805
17/57 [=======>......................] - ETA: 48:25 - loss: 0.0776 - acc: 0.9816
18/57 [========>.....................] - ETA: 47:23 - loss: 0.0753 - acc: 0.9826
19/57 [=========>....................] - ETA: 46:20 - loss: 0.0750 - acc: 0.9827
20/57 [=========>....................] - ETA: 45:13 - loss: 0.0764 - acc: 0.9828
21/57 [==========>...................] - ETA: 44:08 - loss: 0.0763 - acc: 0.9829
22/57 [==========>...................] - ETA: 42:56 - loss: 0.0744 - acc: 0.9837
23/57 [===========>..................] - ETA: 41:47 - loss: 0.0733 - acc: 0.9844
24/57 [===========>..................] - ETA: 40:38 - loss: 0.0725 - acc: 0.9844
25/57 [============>.................] - ETA: 39:29 - loss: 0.0717 - acc: 0.9844
26/57 [============>.................] - ETA: 38:18 - loss: 0.0698 - acc: 0.9850
27/57 [=============>................] - ETA: 37:09 - loss: 0.0685 - acc: 0.9850
28/57 [=============>................] - ETA: 35:56 - loss: 0.0672 - acc: 0.9855
29/57 [==============>...............] - ETA: 34:44 - loss: 0.0659 - acc: 0.9860
30/57 [==============>...............] - ETA: 33:33 - loss: 0.0653 - acc: 0.9859
31/57 [===============>..............] - ETA: 32:19 - loss: 0.0638 - acc: 0.9864
32/57 [===============>..............] - ETA: 31:07 - loss: 0.0627 - acc: 0.9868
33/57 [================>.............] - ETA: 29:55 - loss: 0.0616 - acc: 0.9872
34/57 [================>.............] - ETA: 28:40 - loss: 0.0618 - acc: 0.9871
35/57 [=================>............] - ETA: 27:27 - loss: 0.0611 - acc: 0.9875
36/57 [=================>............] - ETA: 26:15 - loss: 0.0600 - acc: 0.9878
37/57 [==================>...........] - ETA: 25:00 - loss: 0.0596 - acc: 0.9878
38/57 [===================>..........] - ETA: 23:47 - loss: 0.0599 - acc: 0.9877
39/57 [===================>..........] - ETA: 22:32 - loss: 0.0590 - acc: 0.9880
40/57 [====================>.........] - ETA: 21:17 - loss: 0.0581 - acc: 0.9883
41/57 [====================>.........] - ETA: 20:03 - loss: 0.0580 - acc: 0.9882
42/57 [=====================>........] - ETA: 18:49 - loss: 0.0579 - acc: 0.9885
43/57 [=====================>........] - ETA: 17:33 - loss: 0.0571 - acc: 0.9887
44/57 [======================>.......] - ETA: 16:18 - loss: 0.0563 - acc: 0.9890
45/57 [======================>.......] - ETA: 15:04 - loss: 0.0555 - acc: 0.9892
46/57 [=======================>......] - ETA: 13:50 - loss: 0.0550 - acc: 0.9891
47/57 [=======================>......] - ETA: 12:35 - loss: 0.0545 - acc: 0.9890
48/57 [========================>.....] - ETA: 11:20 - loss: 0.0539 - acc: 0.9893
49/57 [========================>.....] - ETA: 10:04 - loss: 0.0533 - acc: 0.9895
50/57 [=========================>....] - ETA: 8:49 - loss: 0.0527 - acc: 0.9897 
51/57 [=========================>....] - ETA: 7:34 - loss: 0.0521 - acc: 0.9899
52/57 [==========================>...] - ETA: 6:18 - loss: 0.0519 - acc: 0.9898
53/57 [==========================>...] - ETA: 5:02 - loss: 0.0515 - acc: 0.9900
54/57 [===========================>..] - ETA: 3:47 - loss: 0.0513 - acc: 0.9899
55/57 [===========================>..] - ETA: 2:31 - loss: 0.0507 - acc: 0.9901
56/57 [============================>.] - ETA: 1:15 - loss: 0.0501 - acc: 0.9902
57/57 [==============================] - 4533s 80s/step - loss: 0.0499 - acc: 0.9901 - val_loss: 0.2581 - val_acc: 0.9010
Epoch 6/30

 1/57 [..............................] - ETA: 1:09:38 - loss: 0.0098 - acc: 1.0000
 2/57 [>.............................] - ETA: 1:09:17 - loss: 0.0203 - acc: 0.9922
 3/57 [>.............................] - ETA: 1:08:48 - loss: 0.0270 - acc: 0.9896
 4/57 [=>............................] - ETA: 1:07:08 - loss: 0.0265 - acc: 0.9922
 5/57 [=>............................] - ETA: 54:37 - loss: 0.0231 - acc: 0.9938  
 6/57 [==>...........................] - ETA: 55:44 - loss: 0.0225 - acc: 0.9948
 7/57 [==>...........................] - ETA: 55:56 - loss: 0.0250 - acc: 0.9933
 8/57 [===>..........................] - ETA: 55:55 - loss: 0.0254 - acc: 0.9941
 9/57 [===>..........................] - ETA: 55:44 - loss: 0.0243 - acc: 0.9948
10/57 [====>.........................] - ETA: 55:11 - loss: 0.0266 - acc: 0.9938
11/57 [====>.........................] - ETA: 54:28 - loss: 0.0307 - acc: 0.9929
12/57 [=====>........................] - ETA: 53:46 - loss: 0.0337 - acc: 0.9909
13/57 [=====>........................] - ETA: 52:50 - loss: 0.0328 - acc: 0.9916
14/57 [======>.......................] - ETA: 51:59 - loss: 0.0315 - acc: 0.9922
15/57 [======>.......................] - ETA: 51:03 - loss: 0.0303 - acc: 0.9927
16/57 [=======>......................] - ETA: 50:03 - loss: 0.0303 - acc: 0.9922
17/57 [=======>......................] - ETA: 49:02 - loss: 0.0295 - acc: 0.9926
18/57 [========>.....................] - ETA: 47:58 - loss: 0.0282 - acc: 0.9931
19/57 [=========>....................] - ETA: 46:53 - loss: 0.0279 - acc: 0.9934
20/57 [=========>....................] - ETA: 45:45 - loss: 0.0273 - acc: 0.9938
21/57 [==========>...................] - ETA: 44:36 - loss: 0.0269 - acc: 0.9940
22/57 [==========>...................] - ETA: 43:27 - loss: 0.0267 - acc: 0.9943
23/57 [===========>..................] - ETA: 42:18 - loss: 0.0277 - acc: 0.9932
24/57 [===========>..................] - ETA: 41:07 - loss: 0.0271 - acc: 0.9935
25/57 [============>.................] - ETA: 39:57 - loss: 0.0263 - acc: 0.9938
26/57 [============>.................] - ETA: 38:49 - loss: 0.0256 - acc: 0.9940
27/57 [=============>................] - ETA: 37:35 - loss: 0.0251 - acc: 0.9942
28/57 [=============>................] - ETA: 36:25 - loss: 0.0256 - acc: 0.9939
29/57 [==============>...............] - ETA: 35:14 - loss: 0.0255 - acc: 0.9941
30/57 [==============>...............] - ETA: 34:01 - loss: 0.0256 - acc: 0.9938
31/57 [===============>..............] - ETA: 32:48 - loss: 0.0256 - acc: 0.9934
32/57 [===============>..............] - ETA: 31:34 - loss: 0.0250 - acc: 0.9937
33/57 [================>.............] - ETA: 30:21 - loss: 0.0245 - acc: 0.9938
34/57 [================>.............] - ETA: 29:07 - loss: 0.0241 - acc: 0.9940
35/57 [=================>............] - ETA: 27:52 - loss: 0.0240 - acc: 0.9942
36/57 [=================>............] - ETA: 26:39 - loss: 0.0237 - acc: 0.9944
37/57 [==================>...........] - ETA: 25:24 - loss: 0.0235 - acc: 0.9945
38/57 [===================>..........] - ETA: 24:08 - loss: 0.0230 - acc: 0.9947
39/57 [===================>..........] - ETA: 22:53 - loss: 0.0228 - acc: 0.9948
40/57 [====================>.........] - ETA: 21:38 - loss: 0.0235 - acc: 0.9945
41/57 [====================>.........] - ETA: 20:21 - loss: 0.0238 - acc: 0.9943
42/57 [=====================>........] - ETA: 19:06 - loss: 0.0234 - acc: 0.9944
43/57 [=====================>........] - ETA: 17:50 - loss: 0.0233 - acc: 0.9945
44/57 [======================>.......] - ETA: 16:34 - loss: 0.0240 - acc: 0.9943
45/57 [======================>.......] - ETA: 15:19 - loss: 0.0242 - acc: 0.9944
46/57 [=======================>......] - ETA: 14:03 - loss: 0.0239 - acc: 0.9946
47/57 [=======================>......] - ETA: 12:47 - loss: 0.0237 - acc: 0.9947
48/57 [========================>.....] - ETA: 11:30 - loss: 0.0234 - acc: 0.9948
49/57 [========================>.....] - ETA: 10:14 - loss: 0.0231 - acc: 0.9949
50/57 [=========================>....] - ETA: 8:57 - loss: 0.0233 - acc: 0.9950 
51/57 [=========================>....] - ETA: 7:41 - loss: 0.0230 - acc: 0.9951
52/57 [==========================>...] - ETA: 6:24 - loss: 0.0231 - acc: 0.9952
53/57 [==========================>...] - ETA: 5:07 - loss: 0.0232 - acc: 0.9950
54/57 [===========================>..] - ETA: 3:50 - loss: 0.0233 - acc: 0.9951
55/57 [===========================>..] - ETA: 2:33 - loss: 0.0229 - acc: 0.9952
56/57 [============================>.] - ETA: 1:16 - loss: 0.0227 - acc: 0.9953
57/57 [==============================] - 4602s 81s/step - loss: 0.0224 - acc: 0.9953 - val_loss: 0.2918 - val_acc: 0.8992
Epoch 7/30

 1/57 [..............................] - ETA: 1:10:58 - loss: 0.0055 - acc: 1.0000
 2/57 [>.............................] - ETA: 1:10:32 - loss: 0.0076 - acc: 1.0000
 3/57 [>.............................] - ETA: 1:08:18 - loss: 0.0089 - acc: 1.0000
 4/57 [=>............................] - ETA: 1:07:08 - loss: 0.0096 - acc: 1.0000
 5/57 [=>............................] - ETA: 1:06:09 - loss: 0.0093 - acc: 1.0000
 6/57 [==>...........................] - ETA: 55:29 - loss: 0.0112 - acc: 1.0000  
 7/57 [==>...........................] - ETA: 55:41 - loss: 0.0107 - acc: 1.0000
 8/57 [===>..........................] - ETA: 55:44 - loss: 0.0107 - acc: 1.0000
 9/57 [===>..........................] - ETA: 55:25 - loss: 0.0109 - acc: 1.0000
10/57 [====>.........................] - ETA: 54:54 - loss: 0.0103 - acc: 1.0000
11/57 [====>.........................] - ETA: 54:22 - loss: 0.0108 - acc: 1.0000
12/57 [=====>........................] - ETA: 53:31 - loss: 0.0113 - acc: 1.0000
13/57 [=====>........................] - ETA: 52:38 - loss: 0.0114 - acc: 1.0000
14/57 [======>.......................] - ETA: 51:46 - loss: 0.0116 - acc: 1.0000
15/57 [======>.......................] - ETA: 50:48 - loss: 0.0119 - acc: 1.0000
16/57 [=======>......................] - ETA: 49:47 - loss: 0.0115 - acc: 1.0000
17/57 [=======>......................] - ETA: 48:48 - loss: 0.0112 - acc: 1.0000
18/57 [========>.....................] - ETA: 47:50 - loss: 0.0109 - acc: 1.0000
19/57 [=========>....................] - ETA: 46:47 - loss: 0.0105 - acc: 1.0000
20/57 [=========>....................] - ETA: 45:44 - loss: 0.0111 - acc: 1.0000
21/57 [==========>...................] - ETA: 44:33 - loss: 0.0118 - acc: 1.0000
22/57 [==========>...................] - ETA: 43:25 - loss: 0.0131 - acc: 0.9993
23/57 [===========>..................] - ETA: 42:18 - loss: 0.0128 - acc: 0.9993
24/57 [===========>..................] - ETA: 41:07 - loss: 0.0124 - acc: 0.9993
25/57 [============>.................] - ETA: 39:55 - loss: 0.0129 - acc: 0.9994
26/57 [============>.................] - ETA: 38:45 - loss: 0.0126 - acc: 0.9994
27/57 [=============>................] - ETA: 37:33 - loss: 0.0124 - acc: 0.9994
28/57 [=============>................] - ETA: 36:20 - loss: 0.0121 - acc: 0.9994
29/57 [==============>...............] - ETA: 35:07 - loss: 0.0120 - acc: 0.9995
30/57 [==============>...............] - ETA: 33:54 - loss: 0.0119 - acc: 0.9995
31/57 [===============>..............] - ETA: 32:41 - loss: 0.0122 - acc: 0.9995
32/57 [===============>..............] - ETA: 31:29 - loss: 0.0122 - acc: 0.9995
33/57 [================>.............] - ETA: 30:14 - loss: 0.0120 - acc: 0.9995
34/57 [================>.............] - ETA: 29:00 - loss: 0.0119 - acc: 0.9995
35/57 [=================>............] - ETA: 27:46 - loss: 0.0118 - acc: 0.9996
36/57 [=================>............] - ETA: 26:31 - loss: 0.0123 - acc: 0.9991
37/57 [==================>...........] - ETA: 25:17 - loss: 0.0121 - acc: 0.9992
38/57 [===================>..........] - ETA: 24:02 - loss: 0.0120 - acc: 0.9992
39/57 [===================>..........] - ETA: 22:47 - loss: 0.0123 - acc: 0.9988
40/57 [====================>.........] - ETA: 21:33 - loss: 0.0122 - acc: 0.9988
41/57 [====================>.........] - ETA: 20:17 - loss: 0.0120 - acc: 0.9989
42/57 [=====================>........] - ETA: 19:02 - loss: 0.0119 - acc: 0.9989
43/57 [=====================>........] - ETA: 17:47 - loss: 0.0118 - acc: 0.9989
44/57 [======================>.......] - ETA: 16:31 - loss: 0.0121 - acc: 0.9986
45/57 [======================>.......] - ETA: 15:15 - loss: 0.0120 - acc: 0.9986
46/57 [=======================>......] - ETA: 13:59 - loss: 0.0121 - acc: 0.9986
47/57 [=======================>......] - ETA: 12:43 - loss: 0.0119 - acc: 0.9987
48/57 [========================>.....] - ETA: 11:27 - loss: 0.0117 - acc: 0.9987
49/57 [========================>.....] - ETA: 10:11 - loss: 0.0117 - acc: 0.9987
50/57 [=========================>....] - ETA: 8:55 - loss: 0.0116 - acc: 0.9988 
51/57 [=========================>....] - ETA: 7:39 - loss: 0.0115 - acc: 0.9988
52/57 [==========================>...] - ETA: 6:22 - loss: 0.0114 - acc: 0.9988
53/57 [==========================>...] - ETA: 5:06 - loss: 0.0117 - acc: 0.9985
54/57 [===========================>..] - ETA: 3:49 - loss: 0.0118 - acc: 0.9983
55/57 [===========================>..] - ETA: 2:33 - loss: 0.0119 - acc: 0.9983
56/57 [============================>.] - ETA: 1:16 - loss: 0.0130 - acc: 0.9980
57/57 [==============================] - 4580s 80s/step - loss: 0.0129 - acc: 0.9981 - val_loss: 0.2890 - val_acc: 0.9027
Epoch 8/30

 1/57 [..............................] - ETA: 1:10:23 - loss: 0.0038 - acc: 1.0000
 2/57 [>.............................] - ETA: 1:10:02 - loss: 0.0073 - acc: 1.0000
 3/57 [>.............................] - ETA: 1:08:48 - loss: 0.0066 - acc: 1.0000
 4/57 [=>............................] - ETA: 1:07:59 - loss: 0.0066 - acc: 1.0000
 5/57 [=>............................] - ETA: 1:06:33 - loss: 0.0067 - acc: 1.0000
 6/57 [==>...........................] - ETA: 1:05:16 - loss: 0.0062 - acc: 1.0000
 7/57 [==>...........................] - ETA: 56:07 - loss: 0.0092 - acc: 1.0000  
 8/57 [===>..........................] - ETA: 55:53 - loss: 0.0124 - acc: 0.9980
 9/57 [===>..........................] - ETA: 55:26 - loss: 0.0120 - acc: 0.9983
10/57 [====>.........................] - ETA: 55:05 - loss: 0.0112 - acc: 0.9984
11/57 [====>.........................] - ETA: 54:33 - loss: 0.0104 - acc: 0.9986
12/57 [=====>........................] - ETA: 53:45 - loss: 0.0098 - acc: 0.9987
13/57 [=====>........................] - ETA: 52:58 - loss: 0.0096 - acc: 0.9988
14/57 [======>.......................] - ETA: 52:01 - loss: 0.0092 - acc: 0.9989
15/57 [======>.......................] - ETA: 51:03 - loss: 0.0096 - acc: 0.9990
16/57 [=======>......................] - ETA: 50:09 - loss: 0.0097 - acc: 0.9990
17/57 [=======>......................] - ETA: 49:02 - loss: 0.0093 - acc: 0.9991
18/57 [========>.....................] - ETA: 47:57 - loss: 0.0091 - acc: 0.9991
19/57 [=========>....................] - ETA: 46:56 - loss: 0.0089 - acc: 0.9992
20/57 [=========>....................] - ETA: 45:46 - loss: 0.0090 - acc: 0.9992
21/57 [==========>...................] - ETA: 44:40 - loss: 0.0092 - acc: 0.9993
22/57 [==========>...................] - ETA: 43:34 - loss: 0.0100 - acc: 0.9986
23/57 [===========>..................] - ETA: 42:24 - loss: 0.0098 - acc: 0.9986
24/57 [===========>..................] - ETA: 41:15 - loss: 0.0103 - acc: 0.9980
25/57 [============>.................] - ETA: 40:03 - loss: 0.0104 - acc: 0.9981
26/57 [============>.................] - ETA: 38:50 - loss: 0.0102 - acc: 0.9982
27/57 [=============>................] - ETA: 37:37 - loss: 0.0101 - acc: 0.9983
28/57 [=============>................] - ETA: 36:23 - loss: 0.0099 - acc: 0.9983
29/57 [==============>...............] - ETA: 35:11 - loss: 0.0098 - acc: 0.9984
30/57 [==============>...............] - ETA: 34:00 - loss: 0.0095 - acc: 0.9984
31/57 [===============>..............] - ETA: 32:44 - loss: 0.0098 - acc: 0.9985
32/57 [===============>..............] - ETA: 31:31 - loss: 0.0099 - acc: 0.9985
33/57 [================>.............] - ETA: 30:17 - loss: 0.0098 - acc: 0.9986
34/57 [================>.............] - ETA: 29:02 - loss: 0.0098 - acc: 0.9986
35/57 [=================>............] - ETA: 27:48 - loss: 0.0096 - acc: 0.9987
36/57 [=================>............] - ETA: 26:34 - loss: 0.0095 - acc: 0.9987
37/57 [==================>...........] - ETA: 25:19 - loss: 0.0103 - acc: 0.9983
38/57 [===================>..........] - ETA: 24:04 - loss: 0.0101 - acc: 0.9984
39/57 [===================>..........] - ETA: 22:48 - loss: 0.0100 - acc: 0.9984
40/57 [====================>.........] - ETA: 21:33 - loss: 0.0102 - acc: 0.9984
41/57 [====================>.........] - ETA: 20:18 - loss: 0.0100 - acc: 0.9985
42/57 [=====================>........] - ETA: 19:03 - loss: 0.0099 - acc: 0.9985
43/57 [=====================>........] - ETA: 17:46 - loss: 0.0101 - acc: 0.9985
44/57 [======================>.......] - ETA: 16:30 - loss: 0.0110 - acc: 0.9982
45/57 [======================>.......] - ETA: 15:14 - loss: 0.0109 - acc: 0.9983
46/57 [=======================>......] - ETA: 13:58 - loss: 0.0107 - acc: 0.9983
47/57 [=======================>......] - ETA: 12:43 - loss: 0.0105 - acc: 0.9983
48/57 [========================>.....] - ETA: 11:27 - loss: 0.0107 - acc: 0.9980
49/57 [========================>.....] - ETA: 10:11 - loss: 0.0107 - acc: 0.9981
50/57 [=========================>....] - ETA: 8:55 - loss: 0.0111 - acc: 0.9978 
51/57 [=========================>....] - ETA: 7:39 - loss: 0.0112 - acc: 0.9979
52/57 [==========================>...] - ETA: 6:22 - loss: 0.0112 - acc: 0.9979
53/57 [==========================>...] - ETA: 5:06 - loss: 0.0110 - acc: 0.9979
54/57 [===========================>..] - ETA: 3:49 - loss: 0.0112 - acc: 0.9977
55/57 [===========================>..] - ETA: 2:33 - loss: 0.0112 - acc: 0.9977
56/57 [============================>.] - ETA: 1:16 - loss: 0.0111 - acc: 0.9978
57/57 [==============================] - 4583s 80s/step - loss: 0.0110 - acc: 0.9978 - val_loss: 0.2637 - val_acc: 0.9123
Epoch 9/30

 1/57 [..............................] - ETA: 1:10:40 - loss: 0.0064 - acc: 1.0000
 2/57 [>.............................] - ETA: 1:10:06 - loss: 0.0050 - acc: 1.0000
 3/57 [>.............................] - ETA: 1:08:34 - loss: 0.0049 - acc: 1.0000
 4/57 [=>............................] - ETA: 1:07:18 - loss: 0.0059 - acc: 1.0000
 5/57 [=>............................] - ETA: 1:06:20 - loss: 0.0065 - acc: 1.0000
 6/57 [==>...........................] - ETA: 1:05:09 - loss: 0.0063 - acc: 1.0000
 7/57 [==>...........................] - ETA: 1:03:59 - loss: 0.0118 - acc: 0.9978
 8/57 [===>..........................] - ETA: 56:00 - loss: 0.0132 - acc: 0.9980  
 9/57 [===>..........................] - ETA: 55:41 - loss: 0.0120 - acc: 0.9983
10/57 [====>.........................] - ETA: 55:04 - loss: 0.0113 - acc: 0.9984
11/57 [====>.........................] - ETA: 54:27 - loss: 0.0106 - acc: 0.9986
12/57 [=====>........................] - ETA: 53:42 - loss: 0.0112 - acc: 0.9987
13/57 [=====>........................] - ETA: 52:51 - loss: 0.0106 - acc: 0.9988
14/57 [======>.......................] - ETA: 51:58 - loss: 0.0114 - acc: 0.9978
15/57 [======>.......................] - ETA: 50:58 - loss: 0.0108 - acc: 0.9979
16/57 [=======>......................] - ETA: 49:59 - loss: 0.0104 - acc: 0.9980
17/57 [=======>......................] - ETA: 49:01 - loss: 0.0100 - acc: 0.9982
18/57 [========>.....................] - ETA: 47:54 - loss: 0.0100 - acc: 0.9983
19/57 [=========>....................] - ETA: 46:51 - loss: 0.0098 - acc: 0.9984
20/57 [=========>....................] - ETA: 45:46 - loss: 0.0094 - acc: 0.9984
21/57 [==========>...................] - ETA: 44:37 - loss: 0.0092 - acc: 0.9985
22/57 [==========>...................] - ETA: 43:33 - loss: 0.0089 - acc: 0.9986
23/57 [===========>..................] - ETA: 42:22 - loss: 0.0087 - acc: 0.9986
24/57 [===========>..................] - ETA: 41:12 - loss: 0.0084 - acc: 0.9987
25/57 [============>.................] - ETA: 40:01 - loss: 0.0084 - acc: 0.9988
26/57 [============>.................] - ETA: 38:48 - loss: 0.0082 - acc: 0.9988
27/57 [=============>................] - ETA: 37:36 - loss: 0.0080 - acc: 0.9988
28/57 [=============>................] - ETA: 36:26 - loss: 0.0079 - acc: 0.9989
29/57 [==============>...............] - ETA: 35:11 - loss: 0.0077 - acc: 0.9989
30/57 [==============>...............] - ETA: 33:58 - loss: 0.0079 - acc: 0.9990
31/57 [===============>..............] - ETA: 32:46 - loss: 0.0080 - acc: 0.9990
32/57 [===============>..............] - ETA: 31:31 - loss: 0.0081 - acc: 0.9990
33/57 [================>.............] - ETA: 30:18 - loss: 0.0079 - acc: 0.9991
34/57 [================>.............] - ETA: 29:04 - loss: 0.0078 - acc: 0.9991
35/57 [=================>............] - ETA: 27:50 - loss: 0.0078 - acc: 0.9991
36/57 [=================>............] - ETA: 26:36 - loss: 0.0077 - acc: 0.9991
37/57 [==================>...........] - ETA: 25:22 - loss: 0.0076 - acc: 0.9992
38/57 [===================>..........] - ETA: 24:07 - loss: 0.0074 - acc: 0.9992
39/57 [===================>..........] - ETA: 22:52 - loss: 0.0074 - acc: 0.9992
40/57 [====================>.........] - ETA: 21:36 - loss: 0.0073 - acc: 0.9992
41/57 [====================>.........] - ETA: 20:20 - loss: 0.0072 - acc: 0.9992
42/57 [=====================>........] - ETA: 19:06 - loss: 0.0071 - acc: 0.9993
43/57 [=====================>........] - ETA: 17:50 - loss: 0.0069 - acc: 0.9993
44/57 [======================>.......] - ETA: 16:34 - loss: 0.0068 - acc: 0.9993
45/57 [======================>.......] - ETA: 15:18 - loss: 0.0067 - acc: 0.9993
46/57 [=======================>......] - ETA: 14:02 - loss: 0.0067 - acc: 0.9993
47/57 [=======================>......] - ETA: 12:45 - loss: 0.0066 - acc: 0.9993
48/57 [========================>.....] - ETA: 11:29 - loss: 0.0065 - acc: 0.9993
49/57 [========================>.....] - ETA: 10:13 - loss: 0.0064 - acc: 0.9994
50/57 [=========================>....] - ETA: 8:56 - loss: 0.0064 - acc: 0.9994 
51/57 [=========================>....] - ETA: 7:40 - loss: 0.0063 - acc: 0.9994
52/57 [==========================>...] - ETA: 6:23 - loss: 0.0064 - acc: 0.9994
53/57 [==========================>...] - ETA: 5:07 - loss: 0.0064 - acc: 0.9994
54/57 [===========================>..] - ETA: 3:50 - loss: 0.0064 - acc: 0.9994
55/57 [===========================>..] - ETA: 2:33 - loss: 0.0063 - acc: 0.9994
56/57 [============================>.] - ETA: 1:16 - loss: 0.0062 - acc: 0.9994
57/57 [==============================] - 4587s 80s/step - loss: 0.0062 - acc: 0.9995 - val_loss: 0.2328 - val_acc: 0.9218
Epoch 10/30

 1/57 [..............................] - ETA: 1:10:48 - loss: 0.0019 - acc: 1.0000
 2/57 [>.............................] - ETA: 1:09:57 - loss: 0.0019 - acc: 1.0000
 3/57 [>.............................] - ETA: 1:08:35 - loss: 0.0019 - acc: 1.0000
 4/57 [=>............................] - ETA: 1:07:19 - loss: 0.0020 - acc: 1.0000
 5/57 [=>............................] - ETA: 1:06:19 - loss: 0.0022 - acc: 1.0000
 6/57 [==>...........................] - ETA: 1:05:07 - loss: 0.0022 - acc: 1.0000
 7/57 [==>...........................] - ETA: 1:04:09 - loss: 0.0024 - acc: 1.0000
 8/57 [===>..........................] - ETA: 1:03:07 - loss: 0.0022 - acc: 1.0000
 9/57 [===>..........................] - ETA: 55:56 - loss: 0.0128 - acc: 0.9877  
10/57 [====>.........................] - ETA: 55:19 - loss: 0.0118 - acc: 0.9889
11/57 [====>.........................] - ETA: 54:44 - loss: 0.0108 - acc: 0.9899
12/57 [=====>........................] - ETA: 53:54 - loss: 0.0100 - acc: 0.9907
13/57 [=====>........................] - ETA: 53:06 - loss: 0.0095 - acc: 0.9915
14/57 [======>.......................] - ETA: 52:12 - loss: 0.0089 - acc: 0.9921
15/57 [======>.......................] - ETA: 51:09 - loss: 0.0084 - acc: 0.9926
16/57 [=======>......................] - ETA: 50:05 - loss: 0.0081 - acc: 0.9931
17/57 [=======>......................] - ETA: 49:05 - loss: 0.0078 - acc: 0.9935
18/57 [========>.....................] - ETA: 47:58 - loss: 0.0075 - acc: 0.9938
19/57 [=========>....................] - ETA: 46:52 - loss: 0.0072 - acc: 0.9942
20/57 [=========>....................] - ETA: 45:49 - loss: 0.0071 - acc: 0.9944
21/57 [==========>...................] - ETA: 44:43 - loss: 0.0069 - acc: 0.9947
22/57 [==========>...................] - ETA: 43:39 - loss: 0.0068 - acc: 0.9949
23/57 [===========>..................] - ETA: 42:33 - loss: 0.0071 - acc: 0.9952
24/57 [===========>..................] - ETA: 41:20 - loss: 0.0070 - acc: 0.9954
25/57 [============>.................] - ETA: 40:09 - loss: 0.0069 - acc: 0.9956
26/57 [============>.................] - ETA: 38:59 - loss: 0.0067 - acc: 0.9957
27/57 [=============>................] - ETA: 37:45 - loss: 0.0066 - acc: 0.9959
28/57 [=============>................] - ETA: 36:34 - loss: 0.0065 - acc: 0.9960
29/57 [==============>...............] - ETA: 35:19 - loss: 0.0064 - acc: 0.9962
30/57 [==============>...............] - ETA: 34:05 - loss: 0.0062 - acc: 0.9963
31/57 [===============>..............] - ETA: 32:52 - loss: 0.0061 - acc: 0.9964
32/57 [===============>..............] - ETA: 31:39 - loss: 0.0059 - acc: 0.9965
33/57 [================>.............] - ETA: 30:22 - loss: 0.0058 - acc: 0.9966
34/57 [================>.............] - ETA: 29:08 - loss: 0.0057 - acc: 0.9967
35/57 [=================>............] - ETA: 27:53 - loss: 0.0056 - acc: 0.9968
36/57 [=================>............] - ETA: 26:37 - loss: 0.0065 - acc: 0.9965
37/57 [==================>...........] - ETA: 25:23 - loss: 0.0064 - acc: 0.9966
38/57 [===================>..........] - ETA: 24:07 - loss: 0.0063 - acc: 0.9967
39/57 [===================>..........] - ETA: 22:52 - loss: 0.0065 - acc: 0.9963
40/57 [====================>.........] - ETA: 21:37 - loss: 0.0064 - acc: 0.9964
41/57 [====================>.........] - ETA: 20:20 - loss: 0.0062 - acc: 0.9965
42/57 [=====================>........] - ETA: 19:05 - loss: 0.0061 - acc: 0.9966
43/57 [=====================>........] - ETA: 17:50 - loss: 0.0061 - acc: 0.9967
44/57 [======================>.......] - ETA: 16:34 - loss: 0.0060 - acc: 0.9968
45/57 [======================>.......] - ETA: 15:18 - loss: 0.0059 - acc: 0.9968
46/57 [=======================>......] - ETA: 14:02 - loss: 0.0059 - acc: 0.9969
47/57 [=======================>......] - ETA: 12:45 - loss: 0.0059 - acc: 0.9970
48/57 [========================>.....] - ETA: 11:29 - loss: 0.0058 - acc: 0.9970
49/57 [========================>.....] - ETA: 10:13 - loss: 0.0058 - acc: 0.9971
50/57 [=========================>....] - ETA: 8:56 - loss: 0.0058 - acc: 0.9972 
51/57 [=========================>....] - ETA: 7:40 - loss: 0.0057 - acc: 0.9972
52/57 [==========================>...] - ETA: 6:23 - loss: 0.0057 - acc: 0.9973
53/57 [==========================>...] - ETA: 5:06 - loss: 0.0056 - acc: 0.9973
54/57 [===========================>..] - ETA: 3:50 - loss: 0.0058 - acc: 0.9974
55/57 [===========================>..] - ETA: 2:33 - loss: 0.0057 - acc: 0.9974
56/57 [============================>.] - ETA: 1:16 - loss: 0.0057 - acc: 0.9975
57/57 [==============================] - 4590s 81s/step - loss: 0.0056 - acc: 0.9975 - val_loss: 0.2830 - val_acc: 0.9114
Epoch 11/30

 1/57 [..............................] - ETA: 1:10:10 - loss: 0.0011 - acc: 1.0000
 2/57 [>.............................] - ETA: 1:09:30 - loss: 0.0017 - acc: 1.0000
 3/57 [>.............................] - ETA: 1:09:13 - loss: 0.0039 - acc: 1.0000
 4/57 [=>............................] - ETA: 1:07:53 - loss: 0.0052 - acc: 1.0000
 5/57 [=>............................] - ETA: 1:07:04 - loss: 0.0048 - acc: 1.0000
 6/57 [==>...........................] - ETA: 1:06:15 - loss: 0.0049 - acc: 1.0000
 7/57 [==>...........................] - ETA: 1:05:06 - loss: 0.0047 - acc: 1.0000
 8/57 [===>..........................] - ETA: 1:04:03 - loss: 0.0045 - acc: 1.0000
 9/57 [===>..........................] - ETA: 1:02:50 - loss: 0.0101 - acc: 0.9983
10/57 [====>.........................] - ETA: 56:16 - loss: 0.0154 - acc: 0.9984  
11/57 [====>.........................] - ETA: 55:29 - loss: 0.0141 - acc: 0.9986
12/57 [=====>........................] - ETA: 54:34 - loss: 0.0130 - acc: 0.9987
13/57 [=====>........................] - ETA: 53:37 - loss: 0.0125 - acc: 0.9988
14/57 [======>.......................] - ETA: 52:45 - loss: 0.0120 - acc: 0.9989
15/57 [======>.......................] - ETA: 51:42 - loss: 0.0131 - acc: 0.9979
16/57 [=======>......................] - ETA: 50:44 - loss: 0.0124 - acc: 0.9980
17/57 [=======>......................] - ETA: 49:41 - loss: 0.0118 - acc: 0.9982
18/57 [========>.....................] - ETA: 48:34 - loss: 0.0127 - acc: 0.9974
19/57 [=========>....................] - ETA: 47:27 - loss: 0.0121 - acc: 0.9975
20/57 [=========>....................] - ETA: 46:20 - loss: 0.0119 - acc: 0.9977
21/57 [==========>...................] - ETA: 45:05 - loss: 0.0116 - acc: 0.9978
22/57 [==========>...................] - ETA: 43:57 - loss: 0.0112 - acc: 0.9979
23/57 [===========>..................] - ETA: 42:44 - loss: 0.0108 - acc: 0.9980
24/57 [===========>..................] - ETA: 41:31 - loss: 0.0104 - acc: 0.9980
25/57 [============>.................] - ETA: 40:20 - loss: 0.0102 - acc: 0.9981
26/57 [============>.................] - ETA: 39:06 - loss: 0.0099 - acc: 0.9982
27/57 [=============>................] - ETA: 37:51 - loss: 0.0103 - acc: 0.9977
28/57 [=============>................] - ETA: 36:39 - loss: 0.0101 - acc: 0.9978
29/57 [==============>...............] - ETA: 35:26 - loss: 0.0099 - acc: 0.9978
30/57 [==============>...............] - ETA: 34:12 - loss: 0.0097 - acc: 0.9979
31/57 [===============>..............] - ETA: 32:59 - loss: 0.0094 - acc: 0.9980
32/57 [===============>..............] - ETA: 31:43 - loss: 0.0094 - acc: 0.9980
33/57 [================>.............] - ETA: 30:28 - loss: 0.0091 - acc: 0.9981
34/57 [================>.............] - ETA: 29:14 - loss: 0.0090 - acc: 0.9982
35/57 [=================>............] - ETA: 27:57 - loss: 0.0088 - acc: 0.9982
36/57 [=================>............] - ETA: 26:42 - loss: 0.0086 - acc: 0.9983
37/57 [==================>...........] - ETA: 25:27 - loss: 0.0085 - acc: 0.9983
38/57 [===================>..........] - ETA: 24:11 - loss: 0.0083 - acc: 0.9984
39/57 [===================>..........] - ETA: 22:56 - loss: 0.0081 - acc: 0.9984
40/57 [====================>.........] - ETA: 21:40 - loss: 0.0080 - acc: 0.9984
41/57 [====================>.........] - ETA: 20:23 - loss: 0.0078 - acc: 0.9985
42/57 [=====================>........] - ETA: 19:08 - loss: 0.0078 - acc: 0.9985
43/57 [=====================>........] - ETA: 17:52 - loss: 0.0076 - acc: 0.9985
44/57 [======================>.......] - ETA: 16:36 - loss: 0.0075 - acc: 0.9986
45/57 [======================>.......] - ETA: 15:20 - loss: 0.0074 - acc: 0.9986
46/57 [=======================>......] - ETA: 14:04 - loss: 0.0073 - acc: 0.9986
47/57 [=======================>......] - ETA: 12:47 - loss: 0.0078 - acc: 0.9983
48/57 [========================>.....] - ETA: 11:31 - loss: 0.0077 - acc: 0.9984
49/57 [========================>.....] - ETA: 10:14 - loss: 0.0076 - acc: 0.9984
50/57 [=========================>....] - ETA: 8:57 - loss: 0.0075 - acc: 0.9984 
51/57 [=========================>....] - ETA: 7:41 - loss: 0.0074 - acc: 0.9985
52/57 [==========================>...] - ETA: 6:24 - loss: 0.0074 - acc: 0.9985
53/57 [==========================>...] - ETA: 5:07 - loss: 0.0075 - acc: 0.9985
54/57 [===========================>..] - ETA: 3:51 - loss: 0.0074 - acc: 0.9986
55/57 [===========================>..] - ETA: 2:34 - loss: 0.0073 - acc: 0.9986
56/57 [============================>.] - ETA: 1:17 - loss: 0.0072 - acc: 0.9986
57/57 [==============================] - 4602s 81s/step - loss: 0.0071 - acc: 0.9986 - val_loss: 0.2669 - val_acc: 0.9235
Epoch 12/30

 1/57 [..............................] - ETA: 1:10:36 - loss: 0.0010 - acc: 1.0000
 2/57 [>.............................] - ETA: 1:10:50 - loss: 0.0015 - acc: 1.0000
 3/57 [>.............................] - ETA: 1:09:25 - loss: 0.0013 - acc: 1.0000
 4/57 [=>............................] - ETA: 1:07:40 - loss: 0.0018 - acc: 1.0000
 5/57 [=>............................] - ETA: 1:06:32 - loss: 0.0025 - acc: 1.0000
 6/57 [==>...........................] - ETA: 1:05:37 - loss: 0.0029 - acc: 1.0000
 7/57 [==>...........................] - ETA: 1:04:16 - loss: 0.0027 - acc: 1.0000
 8/57 [===>..........................] - ETA: 1:03:06 - loss: 0.0025 - acc: 1.0000
 9/57 [===>..........................] - ETA: 1:02:01 - loss: 0.0026 - acc: 1.0000
10/57 [====>.........................] - ETA: 1:00:42 - loss: 0.0025 - acc: 1.0000
11/57 [====>.........................] - ETA: 54:46 - loss: 0.0038 - acc: 1.0000  
12/57 [=====>........................] - ETA: 54:02 - loss: 0.0036 - acc: 1.0000
13/57 [=====>........................] - ETA: 53:05 - loss: 0.0035 - acc: 1.0000
14/57 [======>.......................] - ETA: 52:14 - loss: 0.0035 - acc: 1.0000
15/57 [======>.......................] - ETA: 51:20 - loss: 0.0035 - acc: 1.0000
16/57 [=======>......................] - ETA: 50:18 - loss: 0.0034 - acc: 1.0000
17/57 [=======>......................] - ETA: 49:16 - loss: 0.0033 - acc: 1.0000
18/57 [========>.....................] - ETA: 48:12 - loss: 0.0033 - acc: 1.0000
19/57 [=========>....................] - ETA: 47:06 - loss: 0.0032 - acc: 1.0000
20/57 [=========>....................] - ETA: 46:00 - loss: 0.0032 - acc: 1.0000
21/57 [==========>...................] - ETA: 44:50 - loss: 0.0031 - acc: 1.0000
22/57 [==========>...................] - ETA: 43:40 - loss: 0.0031 - acc: 1.0000
23/57 [===========>..................] - ETA: 42:31 - loss: 0.0030 - acc: 1.0000
24/57 [===========>..................] - ETA: 41:17 - loss: 0.0048 - acc: 0.9993
25/57 [============>.................] - ETA: 40:05 - loss: 0.0046 - acc: 0.9994
26/57 [============>.................] - ETA: 38:57 - loss: 0.0046 - acc: 0.9994
27/57 [=============>................] - ETA: 37:42 - loss: 0.0045 - acc: 0.9994
28/57 [=============>................] - ETA: 36:31 - loss: 0.0045 - acc: 0.9994
29/57 [==============>...............] - ETA: 35:18 - loss: 0.0044 - acc: 0.9995
30/57 [==============>...............] - ETA: 34:03 - loss: 0.0044 - acc: 0.9995
31/57 [===============>..............] - ETA: 32:49 - loss: 0.0043 - acc: 0.9995
32/57 [===============>..............] - ETA: 31:35 - loss: 0.0042 - acc: 0.9995
33/57 [================>.............] - ETA: 30:20 - loss: 0.0041 - acc: 0.9995
34/57 [================>.............] - ETA: 29:06 - loss: 0.0041 - acc: 0.9995
35/57 [=================>............] - ETA: 27:51 - loss: 0.0042 - acc: 0.9996
36/57 [=================>............] - ETA: 26:36 - loss: 0.0042 - acc: 0.9996
37/57 [==================>...........] - ETA: 25:23 - loss: 0.0041 - acc: 0.9996
38/57 [===================>..........] - ETA: 24:09 - loss: 0.0042 - acc: 0.9996
39/57 [===================>..........] - ETA: 22:53 - loss: 0.0041 - acc: 0.9996
40/57 [====================>.........] - ETA: 21:39 - loss: 0.0040 - acc: 0.9996
41/57 [====================>.........] - ETA: 20:23 - loss: 0.0040 - acc: 0.9996
42/57 [=====================>........] - ETA: 19:07 - loss: 0.0039 - acc: 0.9996
43/57 [=====================>........] - ETA: 17:52 - loss: 0.0039 - acc: 0.9996
44/57 [======================>.......] - ETA: 16:36 - loss: 0.0044 - acc: 0.9993
45/57 [======================>.......] - ETA: 15:20 - loss: 0.0047 - acc: 0.9990
46/57 [=======================>......] - ETA: 14:03 - loss: 0.0046 - acc: 0.9990
47/57 [=======================>......] - ETA: 12:47 - loss: 0.0046 - acc: 0.9990
48/57 [========================>.....] - ETA: 11:31 - loss: 0.0045 - acc: 0.9990
49/57 [========================>.....] - ETA: 10:14 - loss: 0.0045 - acc: 0.9990
50/57 [=========================>....] - ETA: 8:57 - loss: 0.0044 - acc: 0.9991 
51/57 [=========================>....] - ETA: 7:41 - loss: 0.0055 - acc: 0.9985
52/57 [==========================>...] - ETA: 6:24 - loss: 0.0054 - acc: 0.9985
53/57 [==========================>...] - ETA: 5:07 - loss: 0.0053 - acc: 0.9985
54/57 [===========================>..] - ETA: 3:51 - loss: 0.0052 - acc: 0.9986
55/57 [===========================>..] - ETA: 2:33 - loss: 0.0052 - acc: 0.9986
56/57 [============================>.] - ETA: 1:17 - loss: 0.0051 - acc: 0.9986
57/57 [==============================] - 4603s 81s/step - loss: 0.0050 - acc: 0.9986 - val_loss: 0.2825 - val_acc: 0.9140
Epoch 13/30

 1/57 [..............................] - ETA: 1:09:35 - loss: 9.2360e-04 - acc: 1.0000
 2/57 [>.............................] - ETA: 1:09:19 - loss: 0.0013 - acc: 1.0000    
 3/57 [>.............................] - ETA: 1:08:38 - loss: 0.0019 - acc: 1.0000
 4/57 [=>............................] - ETA: 1:07:04 - loss: 0.0018 - acc: 1.0000
 5/57 [=>............................] - ETA: 1:05:53 - loss: 0.0016 - acc: 1.0000
 6/57 [==>...........................] - ETA: 1:04:52 - loss: 0.0037 - acc: 1.0000
 7/57 [==>...........................] - ETA: 1:03:26 - loss: 0.0034 - acc: 1.0000
 8/57 [===>..........................] - ETA: 1:02:22 - loss: 0.0032 - acc: 1.0000
 9/57 [===>..........................] - ETA: 1:01:17 - loss: 0.0030 - acc: 1.0000
10/57 [====>.........................] - ETA: 59:58 - loss: 0.0028 - acc: 1.0000  
11/57 [====>.........................] - ETA: 58:47 - loss: 0.0028 - acc: 1.0000
12/57 [=====>........................] - ETA: 53:26 - loss: 0.0084 - acc: 1.0000
13/57 [=====>........................] - ETA: 52:31 - loss: 0.0078 - acc: 1.0000
14/57 [======>.......................] - ETA: 51:39 - loss: 0.0074 - acc: 1.0000
15/57 [======>.......................] - ETA: 50:44 - loss: 0.0075 - acc: 1.0000
16/57 [=======>......................] - ETA: 49:40 - loss: 0.0075 - acc: 1.0000
17/57 [=======>......................] - ETA: 48:40 - loss: 0.0074 - acc: 1.0000
18/57 [========>.....................] - ETA: 47:41 - loss: 0.0076 - acc: 1.0000
19/57 [=========>....................] - ETA: 46:31 - loss: 0.0074 - acc: 1.0000
20/57 [=========>....................] - ETA: 45:27 - loss: 0.0072 - acc: 1.0000
21/57 [==========>...................] - ETA: 44:23 - loss: 0.0069 - acc: 1.0000
22/57 [==========>...................] - ETA: 43:14 - loss: 0.0067 - acc: 1.0000
23/57 [===========>..................] - ETA: 42:10 - loss: 0.0065 - acc: 1.0000
24/57 [===========>..................] - ETA: 41:02 - loss: 0.0063 - acc: 1.0000
25/57 [============>.................] - ETA: 39:51 - loss: 0.0061 - acc: 1.0000
26/57 [============>.................] - ETA: 38:39 - loss: 0.0060 - acc: 1.0000
27/57 [=============>................] - ETA: 37:30 - loss: 0.0059 - acc: 1.0000
28/57 [=============>................] - ETA: 36:17 - loss: 0.0059 - acc: 1.0000
29/57 [==============>...............] - ETA: 35:05 - loss: 0.0057 - acc: 1.0000
30/57 [==============>...............] - ETA: 33:53 - loss: 0.0057 - acc: 1.0000
31/57 [===============>..............] - ETA: 32:39 - loss: 0.0067 - acc: 0.9995
32/57 [===============>..............] - ETA: 31:25 - loss: 0.0066 - acc: 0.9995
33/57 [================>.............] - ETA: 30:12 - loss: 0.0064 - acc: 0.9995
34/57 [================>.............] - ETA: 28:57 - loss: 0.0063 - acc: 0.9995
35/57 [=================>............] - ETA: 27:44 - loss: 0.0061 - acc: 0.9996
36/57 [=================>............] - ETA: 26:30 - loss: 0.0062 - acc: 0.9996
37/57 [==================>...........] - ETA: 25:15 - loss: 0.0061 - acc: 0.9996
38/57 [===================>..........] - ETA: 24:01 - loss: 0.0060 - acc: 0.9996
39/57 [===================>..........] - ETA: 22:46 - loss: 0.0059 - acc: 0.9996
40/57 [====================>.........] - ETA: 21:31 - loss: 0.0058 - acc: 0.9996
41/57 [====================>.........] - ETA: 20:16 - loss: 0.0057 - acc: 0.9996
42/57 [=====================>........] - ETA: 19:00 - loss: 0.0057 - acc: 0.9996
43/57 [=====================>........] - ETA: 17:44 - loss: 0.0056 - acc: 0.9996
44/57 [======================>.......] - ETA: 16:29 - loss: 0.0055 - acc: 0.9996
45/57 [======================>.......] - ETA: 15:13 - loss: 0.0055 - acc: 0.9997
46/57 [=======================>......] - ETA: 13:57 - loss: 0.0054 - acc: 0.9997
47/57 [=======================>......] - ETA: 12:41 - loss: 0.0053 - acc: 0.9997
48/57 [========================>.....] - ETA: 11:25 - loss: 0.0055 - acc: 0.9997
49/57 [========================>.....] - ETA: 10:09 - loss: 0.0054 - acc: 0.9997
50/57 [=========================>....] - ETA: 8:53 - loss: 0.0053 - acc: 0.9997 
51/57 [=========================>....] - ETA: 7:37 - loss: 0.0053 - acc: 0.9997
52/57 [==========================>...] - ETA: 6:21 - loss: 0.0055 - acc: 0.9994
53/57 [==========================>...] - ETA: 5:05 - loss: 0.0054 - acc: 0.9994
54/57 [===========================>..] - ETA: 3:49 - loss: 0.0054 - acc: 0.9994
55/57 [===========================>..] - ETA: 2:32 - loss: 0.0053 - acc: 0.9994
56/57 [============================>.] - ETA: 1:16 - loss: 0.0052 - acc: 0.9994
57/57 [==============================] - 4569s 80s/step - loss: 0.0052 - acc: 0.9995 - val_loss: 0.2936 - val_acc: 0.9079
Epoch 14/30

 1/57 [..............................] - ETA: 1:11:11 - loss: 6.8219e-04 - acc: 1.0000
 2/57 [>.............................] - ETA: 1:09:28 - loss: 0.0011 - acc: 1.0000    
 3/57 [>.............................] - ETA: 1:08:01 - loss: 0.0019 - acc: 1.0000
 4/57 [=>............................] - ETA: 1:07:12 - loss: 0.0019 - acc: 1.0000
 5/57 [=>............................] - ETA: 1:06:14 - loss: 0.0022 - acc: 1.0000
 6/57 [==>...........................] - ETA: 1:05:01 - loss: 0.0023 - acc: 1.0000
 7/57 [==>...........................] - ETA: 1:04:03 - loss: 0.0024 - acc: 1.0000
 8/57 [===>..........................] - ETA: 1:03:03 - loss: 0.0025 - acc: 1.0000
 9/57 [===>..........................] - ETA: 1:02:07 - loss: 0.0024 - acc: 1.0000
10/57 [====>.........................] - ETA: 1:01:09 - loss: 0.0024 - acc: 1.0000
11/57 [====>.........................] - ETA: 59:45 - loss: 0.0028 - acc: 1.0000  
12/57 [=====>........................] - ETA: 58:32 - loss: 0.0033 - acc: 1.0000
13/57 [=====>........................] - ETA: 53:30 - loss: 0.0032 - acc: 1.0000
14/57 [======>.......................] - ETA: 52:27 - loss: 0.0031 - acc: 1.0000
15/57 [======>.......................] - ETA: 51:29 - loss: 0.0030 - acc: 1.0000
16/57 [=======>......................] - ETA: 50:30 - loss: 0.0032 - acc: 1.0000
17/57 [=======>......................] - ETA: 49:20 - loss: 0.0031 - acc: 1.0000
18/57 [========>.....................] - ETA: 48:14 - loss: 0.0030 - acc: 1.0000
19/57 [=========>....................] - ETA: 47:05 - loss: 0.0029 - acc: 1.0000
20/57 [=========>....................] - ETA: 45:52 - loss: 0.0028 - acc: 1.0000
21/57 [==========>...................] - ETA: 44:42 - loss: 0.0028 - acc: 1.0000
22/57 [==========>...................] - ETA: 43:33 - loss: 0.0029 - acc: 1.0000
23/57 [===========>..................] - ETA: 42:23 - loss: 0.0029 - acc: 1.0000
24/57 [===========>..................] - ETA: 41:12 - loss: 0.0028 - acc: 1.0000
25/57 [============>.................] - ETA: 40:02 - loss: 0.0027 - acc: 1.0000
26/57 [============>.................] - ETA: 38:49 - loss: 0.0027 - acc: 1.0000
27/57 [=============>................] - ETA: 37:36 - loss: 0.0026 - acc: 1.0000
28/57 [=============>................] - ETA: 36:26 - loss: 0.0026 - acc: 1.0000
29/57 [==============>...............] - ETA: 35:11 - loss: 0.0026 - acc: 1.0000
30/57 [==============>...............] - ETA: 33:57 - loss: 0.0025 - acc: 1.0000
31/57 [===============>..............] - ETA: 32:45 - loss: 0.0025 - acc: 1.0000
32/57 [===============>..............] - ETA: 31:31 - loss: 0.0024 - acc: 1.0000
33/57 [================>.............] - ETA: 30:18 - loss: 0.0025 - acc: 1.0000
34/57 [================>.............] - ETA: 29:04 - loss: 0.0025 - acc: 1.0000
35/57 [=================>............] - ETA: 27:50 - loss: 0.0025 - acc: 1.0000
36/57 [=================>............] - ETA: 26:36 - loss: 0.0025 - acc: 1.0000
37/57 [==================>...........] - ETA: 25:20 - loss: 0.0024 - acc: 1.0000
38/57 [===================>..........] - ETA: 24:05 - loss: 0.0024 - acc: 1.0000
39/57 [===================>..........] - ETA: 22:50 - loss: 0.0024 - acc: 1.0000
40/57 [====================>.........] - ETA: 21:34 - loss: 0.0024 - acc: 1.0000
41/57 [====================>.........] - ETA: 20:18 - loss: 0.0024 - acc: 1.0000
42/57 [=====================>........] - ETA: 19:04 - loss: 0.0024 - acc: 1.0000
43/57 [=====================>........] - ETA: 17:48 - loss: 0.0024 - acc: 1.0000
44/57 [======================>.......] - ETA: 16:32 - loss: 0.0023 - acc: 1.0000
45/57 [======================>.......] - ETA: 15:16 - loss: 0.0023 - acc: 1.0000
46/57 [=======================>......] - ETA: 14:00 - loss: 0.0023 - acc: 1.0000
47/57 [=======================>......] - ETA: 12:45 - loss: 0.0023 - acc: 1.0000
48/57 [========================>.....] - ETA: 11:28 - loss: 0.0023 - acc: 1.0000
49/57 [========================>.....] - ETA: 10:12 - loss: 0.0022 - acc: 1.0000
50/57 [=========================>....] - ETA: 8:56 - loss: 0.0022 - acc: 1.0000 
51/57 [=========================>....] - ETA: 7:39 - loss: 0.0022 - acc: 1.0000
52/57 [==========================>...] - ETA: 6:23 - loss: 0.0022 - acc: 1.0000
53/57 [==========================>...] - ETA: 5:06 - loss: 0.0022 - acc: 1.0000
54/57 [===========================>..] - ETA: 3:50 - loss: 0.0022 - acc: 1.0000
55/57 [===========================>..] - ETA: 2:33 - loss: 0.0026 - acc: 0.9997
56/57 [============================>.] - ETA: 1:16 - loss: 0.0028 - acc: 0.9997
57/57 [==============================] - 4594s 81s/step - loss: 0.0028 - acc: 0.9997 - val_loss: 0.3450 - val_acc: 0.9010
Epoch 15/30

 1/57 [..............................] - ETA: 1:11:35 - loss: 0.0043 - acc: 1.0000
 2/57 [>.............................] - ETA: 1:09:38 - loss: 0.0025 - acc: 1.0000
 3/57 [>.............................] - ETA: 1:08:26 - loss: 0.0021 - acc: 1.0000
 4/57 [=>............................] - ETA: 1:07:21 - loss: 0.0018 - acc: 1.0000
 5/57 [=>............................] - ETA: 1:05:54 - loss: 0.0016 - acc: 1.0000
 6/57 [==>...........................] - ETA: 1:04:53 - loss: 0.0016 - acc: 1.0000
 7/57 [==>...........................] - ETA: 1:03:57 - loss: 0.0020 - acc: 1.0000
 8/57 [===>..........................] - ETA: 1:02:58 - loss: 0.0020 - acc: 1.0000
 9/57 [===>..........................] - ETA: 1:01:44 - loss: 0.0019 - acc: 1.0000
10/57 [====>.........................] - ETA: 1:00:36 - loss: 0.0020 - acc: 1.0000
11/57 [====>.........................] - ETA: 59:21 - loss: 0.0019 - acc: 1.0000  
12/57 [=====>........................] - ETA: 58:05 - loss: 0.0018 - acc: 1.0000
13/57 [=====>........................] - ETA: 56:50 - loss: 0.0018 - acc: 1.0000
14/57 [======>.......................] - ETA: 52:08 - loss: 0.0026 - acc: 1.0000
15/57 [======>.......................] - ETA: 51:06 - loss: 0.0048 - acc: 0.9990
16/57 [=======>......................] - ETA: 50:07 - loss: 0.0046 - acc: 0.9990
17/57 [=======>......................] - ETA: 49:01 - loss: 0.0044 - acc: 0.9991
18/57 [========>.....................] - ETA: 47:56 - loss: 0.0043 - acc: 0.9991
19/57 [=========>....................] - ETA: 46:51 - loss: 0.0041 - acc: 0.9992
20/57 [=========>....................] - ETA: 45:45 - loss: 0.0040 - acc: 0.9992
21/57 [==========>...................] - ETA: 44:37 - loss: 0.0039 - acc: 0.9993
22/57 [==========>...................] - ETA: 43:32 - loss: 0.0037 - acc: 0.9993
23/57 [===========>..................] - ETA: 42:19 - loss: 0.0036 - acc: 0.9993
24/57 [===========>..................] - ETA: 41:08 - loss: 0.0035 - acc: 0.9993
25/57 [============>.................] - ETA: 39:58 - loss: 0.0035 - acc: 0.9994
26/57 [============>.................] - ETA: 38:45 - loss: 0.0034 - acc: 0.9994
27/57 [=============>................] - ETA: 37:34 - loss: 0.0036 - acc: 0.9994
28/57 [=============>................] - ETA: 36:22 - loss: 0.0035 - acc: 0.9994
29/57 [==============>...............] - ETA: 35:08 - loss: 0.0034 - acc: 0.9995
30/57 [==============>...............] - ETA: 33:55 - loss: 0.0033 - acc: 0.9995
31/57 [===============>..............] - ETA: 32:41 - loss: 0.0033 - acc: 0.9995
32/57 [===============>..............] - ETA: 31:26 - loss: 0.0032 - acc: 0.9995
33/57 [================>.............] - ETA: 30:14 - loss: 0.0032 - acc: 0.9995
34/57 [================>.............] - ETA: 28:59 - loss: 0.0031 - acc: 0.9995
35/57 [=================>............] - ETA: 27:44 - loss: 0.0031 - acc: 0.9996
36/57 [=================>............] - ETA: 26:30 - loss: 0.0030 - acc: 0.9996
37/57 [==================>...........] - ETA: 25:15 - loss: 0.0030 - acc: 0.9996
38/57 [===================>..........] - ETA: 24:00 - loss: 0.0029 - acc: 0.9996
39/57 [===================>..........] - ETA: 22:47 - loss: 0.0029 - acc: 0.9996
40/57 [====================>.........] - ETA: 21:33 - loss: 0.0031 - acc: 0.9996
41/57 [====================>.........] - ETA: 20:18 - loss: 0.0030 - acc: 0.9996
42/57 [=====================>........] - ETA: 19:03 - loss: 0.0030 - acc: 0.9996
43/57 [=====================>........] - ETA: 17:43 - loss: 0.0029 - acc: 0.9996
44/57 [======================>.......] - ETA: 16:20 - loss: 0.0029 - acc: 0.9996
45/57 [======================>.......] - ETA: 14:58 - loss: 0.0029 - acc: 0.9997
46/57 [=======================>......] - ETA: 13:37 - loss: 0.0028 - acc: 0.9997
47/57 [=======================>......] - ETA: 12:18 - loss: 0.0028 - acc: 0.9997
48/57 [========================>.....] - ETA: 11:00 - loss: 0.0028 - acc: 0.9997
49/57 [========================>.....] - ETA: 9:43 - loss: 0.0028 - acc: 0.9997 
50/57 [=========================>....] - ETA: 8:27 - loss: 0.0027 - acc: 0.9997
51/57 [=========================>....] - ETA: 7:12 - loss: 0.0027 - acc: 0.9997
52/57 [==========================>...] - ETA: 5:58 - loss: 0.0027 - acc: 0.9997
53/57 [==========================>...] - ETA: 4:44 - loss: 0.0027 - acc: 0.9997
54/57 [===========================>..] - ETA: 3:32 - loss: 0.0027 - acc: 0.9997
55/57 [===========================>..] - ETA: 2:20 - loss: 0.0026 - acc: 0.9997
56/57 [============================>.] - ETA: 1:10 - loss: 0.0026 - acc: 0.9997
57/57 [==============================] - 4125s 72s/step - loss: 0.0026 - acc: 0.9997 - val_loss: 0.2994 - val_acc: 0.9183
Epoch 16/30

 1/57 [..............................] - ETA: 46:24 - loss: 0.0027 - acc: 1.0000
 2/57 [>.............................] - ETA: 45:18 - loss: 0.0023 - acc: 1.0000
 3/57 [>.............................] - ETA: 44:30 - loss: 0.0034 - acc: 1.0000
 4/57 [=>............................] - ETA: 43:36 - loss: 0.0028 - acc: 1.0000
 5/57 [=>............................] - ETA: 42:45 - loss: 0.0027 - acc: 1.0000
 6/57 [==>...........................] - ETA: 42:06 - loss: 0.0025 - acc: 1.0000
 7/57 [==>...........................] - ETA: 41:18 - loss: 0.0025 - acc: 1.0000
 8/57 [===>..........................] - ETA: 40:31 - loss: 0.0023 - acc: 1.0000
 9/57 [===>..........................] - ETA: 39:49 - loss: 0.0022 - acc: 1.0000
10/57 [====>.........................] - ETA: 39:05 - loss: 0.0021 - acc: 1.0000
11/57 [====>.........................] - ETA: 38:18 - loss: 0.0020 - acc: 1.0000
12/57 [=====>........................] - ETA: 37:33 - loss: 0.0019 - acc: 1.0000
13/57 [=====>........................] - ETA: 36:45 - loss: 0.0019 - acc: 1.0000
14/57 [======>.......................] - ETA: 35:55 - loss: 0.0018 - acc: 1.0000
15/57 [======>.......................] - ETA: 33:06 - loss: 0.0019 - acc: 1.0000
16/57 [=======>......................] - ETA: 32:26 - loss: 0.0020 - acc: 1.0000
17/57 [=======>......................] - ETA: 31:44 - loss: 0.0019 - acc: 1.0000
18/57 [========>.....................] - ETA: 31:04 - loss: 0.0019 - acc: 1.0000
19/57 [=========>....................] - ETA: 30:22 - loss: 0.0018 - acc: 1.0000
20/57 [=========>....................] - ETA: 29:39 - loss: 0.0018 - acc: 1.0000
21/57 [==========>...................] - ETA: 28:55 - loss: 0.0020 - acc: 1.0000
22/57 [==========>...................] - ETA: 28:13 - loss: 0.0020 - acc: 1.0000
23/57 [===========>..................] - ETA: 27:28 - loss: 0.0020 - acc: 1.0000
24/57 [===========>..................] - ETA: 26:42 - loss: 0.0020 - acc: 1.0000
25/57 [============>.................] - ETA: 25:55 - loss: 0.0020 - acc: 1.0000
26/57 [============>.................] - ETA: 25:08 - loss: 0.0020 - acc: 1.0000
27/57 [=============>................] - ETA: 24:22 - loss: 0.0019 - acc: 1.0000
28/57 [=============>................] - ETA: 23:36 - loss: 0.0019 - acc: 1.0000
29/57 [==============>...............] - ETA: 22:48 - loss: 0.0019 - acc: 1.0000
30/57 [==============>...............] - ETA: 22:01 - loss: 0.0020 - acc: 1.0000
31/57 [===============>..............] - ETA: 21:14 - loss: 0.0019 - acc: 1.0000
32/57 [===============>..............] - ETA: 20:27 - loss: 0.0019 - acc: 1.0000
33/57 [================>.............] - ETA: 19:38 - loss: 0.0019 - acc: 1.0000
34/57 [================>.............] - ETA: 18:50 - loss: 0.0019 - acc: 1.0000
35/57 [=================>............] - ETA: 18:01 - loss: 0.0019 - acc: 1.0000
36/57 [=================>............] - ETA: 17:13 - loss: 0.0022 - acc: 0.9996
37/57 [==================>...........] - ETA: 16:24 - loss: 0.0022 - acc: 0.9996
38/57 [===================>..........] - ETA: 15:36 - loss: 0.0022 - acc: 0.9996
39/57 [===================>..........] - ETA: 14:48 - loss: 0.0022 - acc: 0.9996
40/57 [====================>.........] - ETA: 13:59 - loss: 0.0026 - acc: 0.9996
41/57 [====================>.........] - ETA: 13:10 - loss: 0.0026 - acc: 0.9996
42/57 [=====================>........] - ETA: 12:21 - loss: 0.0026 - acc: 0.9996
43/57 [=====================>........] - ETA: 11:32 - loss: 0.0025 - acc: 0.9996
44/57 [======================>.......] - ETA: 10:43 - loss: 0.0025 - acc: 0.9996
45/57 [======================>.......] - ETA: 9:54 - loss: 0.0025 - acc: 0.9997 
46/57 [=======================>......] - ETA: 9:04 - loss: 0.0024 - acc: 0.9997
47/57 [=======================>......] - ETA: 8:15 - loss: 0.0024 - acc: 0.9997
48/57 [========================>.....] - ETA: 7:26 - loss: 0.0024 - acc: 0.9997
49/57 [========================>.....] - ETA: 6:37 - loss: 0.0024 - acc: 0.9997
50/57 [=========================>....] - ETA: 5:47 - loss: 0.0024 - acc: 0.9997
51/57 [=========================>....] - ETA: 4:58 - loss: 0.0023 - acc: 0.9997
52/57 [==========================>...] - ETA: 4:08 - loss: 0.0024 - acc: 0.9997
53/57 [==========================>...] - ETA: 3:18 - loss: 0.0023 - acc: 0.9997
54/57 [===========================>..] - ETA: 2:29 - loss: 0.0023 - acc: 0.9997
55/57 [===========================>..] - ETA: 1:39 - loss: 0.0023 - acc: 0.9997
56/57 [============================>.] - ETA: 49s - loss: 0.0023 - acc: 0.9997 
57/57 [==============================] - 2984s 52s/step - loss: 0.0023 - acc: 0.9997 - val_loss: 0.3197 - val_acc: 0.9105
Epoch 17/30

 1/57 [..............................] - ETA: 45:36 - loss: 0.0024 - acc: 1.0000
 2/57 [>.............................] - ETA: 45:17 - loss: 0.0023 - acc: 1.0000
 3/57 [>.............................] - ETA: 44:26 - loss: 0.0018 - acc: 1.0000
 4/57 [=>............................] - ETA: 43:29 - loss: 0.0016 - acc: 1.0000
 5/57 [=>............................] - ETA: 42:35 - loss: 0.0016 - acc: 1.0000
 6/57 [==>...........................] - ETA: 41:43 - loss: 0.0015 - acc: 1.0000
 7/57 [==>...........................] - ETA: 40:57 - loss: 0.0014 - acc: 1.0000
 8/57 [===>..........................] - ETA: 40:12 - loss: 0.0014 - acc: 1.0000
 9/57 [===>..........................] - ETA: 39:24 - loss: 0.0014 - acc: 1.0000
10/57 [====>.........................] - ETA: 38:39 - loss: 0.0013 - acc: 1.0000
11/57 [====>.........................] - ETA: 37:51 - loss: 0.0013 - acc: 1.0000
12/57 [=====>........................] - ETA: 37:03 - loss: 0.0013 - acc: 1.0000
13/57 [=====>........................] - ETA: 36:15 - loss: 0.0028 - acc: 0.9988
14/57 [======>.......................] - ETA: 35:27 - loss: 0.0027 - acc: 0.9989
15/57 [======>.......................] - ETA: 34:39 - loss: 0.0026 - acc: 0.9990
16/57 [=======>......................] - ETA: 32:02 - loss: 0.0029 - acc: 0.9990
17/57 [=======>......................] - ETA: 31:23 - loss: 0.0028 - acc: 0.9991
18/57 [========>.....................] - ETA: 30:42 - loss: 0.0044 - acc: 0.9983
19/57 [=========>....................] - ETA: 30:01 - loss: 0.0043 - acc: 0.9984
20/57 [=========>....................] - ETA: 29:20 - loss: 0.0042 - acc: 0.9984
21/57 [==========>...................] - ETA: 28:38 - loss: 0.0041 - acc: 0.9985
22/57 [==========>...................] - ETA: 27:56 - loss: 0.0040 - acc: 0.9986
23/57 [===========>..................] - ETA: 27:12 - loss: 0.0039 - acc: 0.9986
24/57 [===========>..................] - ETA: 26:28 - loss: 0.0037 - acc: 0.9987
25/57 [============>.................] - ETA: 25:43 - loss: 0.0036 - acc: 0.9988
26/57 [============>.................] - ETA: 24:58 - loss: 0.0052 - acc: 0.9982
27/57 [=============>................] - ETA: 24:13 - loss: 0.0051 - acc: 0.9983
28/57 [=============>................] - ETA: 23:27 - loss: 0.0051 - acc: 0.9983
29/57 [==============>...............] - ETA: 22:41 - loss: 0.0050 - acc: 0.9984
30/57 [==============>...............] - ETA: 21:54 - loss: 0.0048 - acc: 0.9984
31/57 [===============>..............] - ETA: 21:07 - loss: 0.0047 - acc: 0.9985
32/57 [===============>..............] - ETA: 20:20 - loss: 0.0046 - acc: 0.9985
33/57 [================>.............] - ETA: 19:33 - loss: 0.0045 - acc: 0.9986
34/57 [================>.............] - ETA: 18:45 - loss: 0.0044 - acc: 0.9986
35/57 [=================>............] - ETA: 17:57 - loss: 0.0043 - acc: 0.9987
36/57 [=================>............] - ETA: 17:09 - loss: 0.0042 - acc: 0.9987
37/57 [==================>...........] - ETA: 16:21 - loss: 0.0041 - acc: 0.9987
38/57 [===================>..........] - ETA: 15:32 - loss: 0.0040 - acc: 0.9988
39/57 [===================>..........] - ETA: 14:44 - loss: 0.0039 - acc: 0.9988
40/57 [====================>.........] - ETA: 13:56 - loss: 0.0038 - acc: 0.9988
41/57 [====================>.........] - ETA: 13:07 - loss: 0.0038 - acc: 0.9989
42/57 [=====================>........] - ETA: 12:18 - loss: 0.0038 - acc: 0.9989
43/57 [=====================>........] - ETA: 11:30 - loss: 0.0037 - acc: 0.9989
44/57 [======================>.......] - ETA: 10:41 - loss: 0.0036 - acc: 0.9989
45/57 [======================>.......] - ETA: 9:52 - loss: 0.0036 - acc: 0.9990 
46/57 [=======================>......] - ETA: 9:03 - loss: 0.0035 - acc: 0.9990
47/57 [=======================>......] - ETA: 8:14 - loss: 0.0035 - acc: 0.9990
48/57 [========================>.....] - ETA: 7:25 - loss: 0.0034 - acc: 0.9990
49/57 [========================>.....] - ETA: 6:35 - loss: 0.0034 - acc: 0.9990
50/57 [=========================>....] - ETA: 5:46 - loss: 0.0033 - acc: 0.9991
51/57 [=========================>....] - ETA: 4:57 - loss: 0.0033 - acc: 0.9991
52/57 [==========================>...] - ETA: 4:07 - loss: 0.0033 - acc: 0.9991
53/57 [==========================>...] - ETA: 3:18 - loss: 0.0033 - acc: 0.9991
54/57 [===========================>..] - ETA: 2:28 - loss: 0.0033 - acc: 0.9991
55/57 [===========================>..] - ETA: 1:39 - loss: 0.0033 - acc: 0.9991
56/57 [============================>.] - ETA: 49s - loss: 0.0032 - acc: 0.9992 
57/57 [==============================] - 2975s 52s/step - loss: 0.0032 - acc: 0.9992 - val_loss: 0.3142 - val_acc: 0.9149
Epoch 18/30

 1/57 [..............................] - ETA: 45:46 - loss: 0.0033 - acc: 1.0000
 2/57 [>.............................] - ETA: 44:49 - loss: 0.0025 - acc: 1.0000
 3/57 [>.............................] - ETA: 44:08 - loss: 0.0019 - acc: 1.0000
 4/57 [=>............................] - ETA: 43:24 - loss: 0.0016 - acc: 1.0000
 5/57 [=>............................] - ETA: 42:34 - loss: 0.0015 - acc: 1.0000
 6/57 [==>...........................] - ETA: 41:44 - loss: 0.0015 - acc: 1.0000
 7/57 [==>...........................] - ETA: 40:55 - loss: 0.0016 - acc: 1.0000
 8/57 [===>..........................] - ETA: 40:10 - loss: 0.0016 - acc: 1.0000
 9/57 [===>..........................] - ETA: 39:23 - loss: 0.0015 - acc: 1.0000
10/57 [====>.........................] - ETA: 38:37 - loss: 0.0015 - acc: 1.0000
11/57 [====>.........................] - ETA: 37:51 - loss: 0.0017 - acc: 1.0000
12/57 [=====>........................] - ETA: 37:07 - loss: 0.0017 - acc: 1.0000
13/57 [=====>........................] - ETA: 36:21 - loss: 0.0016 - acc: 1.0000
14/57 [======>.......................] - ETA: 35:35 - loss: 0.0016 - acc: 1.0000
15/57 [======>.......................] - ETA: 34:49 - loss: 0.0015 - acc: 1.0000
16/57 [=======>......................] - ETA: 34:03 - loss: 0.0015 - acc: 1.0000
17/57 [=======>......................] - ETA: 31:34 - loss: 0.0015 - acc: 1.0000
18/57 [========>.....................] - ETA: 30:55 - loss: 0.0015 - acc: 1.0000
19/57 [=========>....................] - ETA: 30:12 - loss: 0.0015 - acc: 1.0000
20/57 [=========>....................] - ETA: 29:30 - loss: 0.0016 - acc: 1.0000
21/57 [==========>...................] - ETA: 28:46 - loss: 0.0016 - acc: 1.0000
22/57 [==========>...................] - ETA: 28:03 - loss: 0.0016 - acc: 1.0000
23/57 [===========>..................] - ETA: 27:19 - loss: 0.0019 - acc: 1.0000
24/57 [===========>..................] - ETA: 26:33 - loss: 0.0019 - acc: 1.0000
25/57 [============>.................] - ETA: 25:48 - loss: 0.0018 - acc: 1.0000
26/57 [============>.................] - ETA: 25:02 - loss: 0.0018 - acc: 1.0000
27/57 [=============>................] - ETA: 24:17 - loss: 0.0017 - acc: 1.0000
28/57 [=============>................] - ETA: 23:31 - loss: 0.0017 - acc: 1.0000
29/57 [==============>...............] - ETA: 22:45 - loss: 0.0017 - acc: 1.0000
30/57 [==============>...............] - ETA: 21:59 - loss: 0.0017 - acc: 1.0000
31/57 [===============>..............] - ETA: 21:12 - loss: 0.0016 - acc: 1.0000
32/57 [===============>..............] - ETA: 20:24 - loss: 0.0016 - acc: 1.0000
33/57 [================>.............] - ETA: 19:37 - loss: 0.0016 - acc: 1.0000
34/57 [================>.............] - ETA: 18:49 - loss: 0.0016 - acc: 1.0000
35/57 [=================>............] - ETA: 18:01 - loss: 0.0016 - acc: 1.0000
36/57 [=================>............] - ETA: 17:12 - loss: 0.0016 - acc: 1.0000
37/57 [==================>...........] - ETA: 16:24 - loss: 0.0016 - acc: 1.0000
38/57 [===================>..........] - ETA: 15:35 - loss: 0.0016 - acc: 1.0000
39/57 [===================>..........] - ETA: 14:47 - loss: 0.0016 - acc: 1.0000
40/57 [====================>.........] - ETA: 13:58 - loss: 0.0016 - acc: 1.0000
41/57 [====================>.........] - ETA: 13:10 - loss: 0.0016 - acc: 1.0000
42/57 [=====================>........] - ETA: 12:21 - loss: 0.0016 - acc: 1.0000