2018-11-18 19:52:23.318473: I tensorflow/core/platform/cpu_feature_guard.cc:141] Your CPU supports instructions that this TensorFlow binary was not compiled to use: AVX2 FMA
[INFO] loading images...
[INFO] training network...
Epoch 1/15

 1/57 [..............................] - ETA: 1:07:29 - loss: 1.9112 - acc: 0.2188
 2/57 [>.............................] - ETA: 54:41 - loss: 1.8652 - acc: 0.2031  
 3/57 [>.............................] - ETA: 49:27 - loss: 1.9399 - acc: 0.1927
 4/57 [=>............................] - ETA: 46:26 - loss: 1.9314 - acc: 0.1953
 5/57 [=>............................] - ETA: 44:15 - loss: 1.9380 - acc: 0.1844
 6/57 [==>...........................] - ETA: 42:42 - loss: 1.9315 - acc: 0.1849
 7/57 [==>...........................] - ETA: 41:16 - loss: 1.9278 - acc: 0.1786
 8/57 [===>..........................] - ETA: 40:00 - loss: 1.9329 - acc: 0.1719
 9/57 [===>..........................] - ETA: 38:55 - loss: 1.9316 - acc: 0.1719
10/57 [====>.........................] - ETA: 37:50 - loss: 1.9357 - acc: 0.1688
11/57 [====>.........................] - ETA: 36:49 - loss: 1.9320 - acc: 0.1719
12/57 [=====>........................] - ETA: 35:51 - loss: 1.9251 - acc: 0.1732
13/57 [=====>........................] - ETA: 34:55 - loss: 1.9200 - acc: 0.1815
14/57 [======>.......................] - ETA: 33:59 - loss: 1.9092 - acc: 0.1864
15/57 [======>.......................] - ETA: 33:05 - loss: 1.9072 - acc: 0.1896
16/57 [=======>......................] - ETA: 32:13 - loss: 1.9056 - acc: 0.1943
17/57 [=======>......................] - ETA: 31:21 - loss: 1.9060 - acc: 0.1967
18/57 [========>.....................] - ETA: 30:31 - loss: 1.8985 - acc: 0.2031
19/57 [=========>....................] - ETA: 29:40 - loss: 1.8912 - acc: 0.2089
20/57 [=========>....................] - ETA: 28:50 - loss: 1.8992 - acc: 0.2070
21/57 [==========>...................] - ETA: 28:00 - loss: 1.8935 - acc: 0.2121
22/57 [==========>...................] - ETA: 27:11 - loss: 1.8848 - acc: 0.2159
23/57 [===========>..................] - ETA: 26:23 - loss: 1.8811 - acc: 0.2167
24/57 [===========>..................] - ETA: 25:34 - loss: 1.8767 - acc: 0.2194
25/57 [============>.................] - ETA: 24:46 - loss: 1.8765 - acc: 0.2206
26/57 [============>.................] - ETA: 23:58 - loss: 1.8694 - acc: 0.2230
27/57 [=============>................] - ETA: 23:11 - loss: 1.8665 - acc: 0.2251
28/57 [=============>................] - ETA: 22:23 - loss: 1.8637 - acc: 0.2282
29/57 [==============>...............] - ETA: 21:36 - loss: 1.8570 - acc: 0.2311
30/57 [==============>...............] - ETA: 20:49 - loss: 1.8442 - acc: 0.2385
31/57 [===============>..............] - ETA: 20:01 - loss: 1.8433 - acc: 0.2379
32/57 [===============>..............] - ETA: 19:14 - loss: 1.8399 - acc: 0.2412
33/57 [================>.............] - ETA: 18:27 - loss: 1.8382 - acc: 0.2420
34/57 [================>.............] - ETA: 17:41 - loss: 1.8376 - acc: 0.2454
35/57 [=================>............] - ETA: 16:53 - loss: 1.8319 - acc: 0.2491
36/57 [=================>............] - ETA: 16:07 - loss: 1.8322 - acc: 0.2530
37/57 [==================>...........] - ETA: 15:20 - loss: 1.8281 - acc: 0.2546
38/57 [===================>..........] - ETA: 14:34 - loss: 1.8304 - acc: 0.2545
39/57 [===================>..........] - ETA: 13:47 - loss: 1.8246 - acc: 0.2588
40/57 [====================>.........] - ETA: 13:01 - loss: 1.8233 - acc: 0.2602
41/57 [====================>.........] - ETA: 12:15 - loss: 1.8224 - acc: 0.2607
42/57 [=====================>........] - ETA: 11:29 - loss: 1.8209 - acc: 0.2615
43/57 [=====================>........] - ETA: 10:42 - loss: 1.8179 - acc: 0.2638
44/57 [======================>.......] - ETA: 9:56 - loss: 1.8146 - acc: 0.2653 
45/57 [======================>.......] - ETA: 9:10 - loss: 1.8113 - acc: 0.2660
46/57 [=======================>......] - ETA: 8:24 - loss: 1.8063 - acc: 0.2663
47/57 [=======================>......] - ETA: 7:38 - loss: 1.8025 - acc: 0.2689
48/57 [========================>.....] - ETA: 6:52 - loss: 1.8004 - acc: 0.2695
49/57 [========================>.....] - ETA: 6:06 - loss: 1.7981 - acc: 0.2707
50/57 [=========================>....] - ETA: 5:20 - loss: 1.7964 - acc: 0.2725
51/57 [=========================>....] - ETA: 4:34 - loss: 1.7938 - acc: 0.2718
52/57 [==========================>...] - ETA: 3:48 - loss: 1.7894 - acc: 0.2749
53/57 [==========================>...] - ETA: 3:03 - loss: 1.7870 - acc: 0.2762
54/57 [===========================>..] - ETA: 2:17 - loss: 1.7822 - acc: 0.2778
55/57 [===========================>..] - ETA: 1:31 - loss: 1.7783 - acc: 0.2798
56/57 [============================>.] - ETA: 45s - loss: 1.7728 - acc: 0.2832 
57/57 [==============================] - 2817s 49s/step - loss: 1.7707 - acc: 0.2856 - val_loss: 1.4506 - val_acc: 0.4934
Epoch 2/15

 1/57 [..............................] - ETA: 6:25 - loss: 1.7997 - acc: 0.3333
 2/57 [>.............................] - ETA: 23:30 - loss: 1.7285 - acc: 0.3151
 3/57 [>.............................] - ETA: 28:44 - loss: 1.6815 - acc: 0.3611
 4/57 [=>............................] - ETA: 30:59 - loss: 1.6320 - acc: 0.3646
 5/57 [=>............................] - ETA: 32:00 - loss: 1.6012 - acc: 0.3667
 6/57 [==>...........................] - ETA: 32:29 - loss: 1.5873 - acc: 0.3759
 7/57 [==>...........................] - ETA: 32:39 - loss: 1.5948 - acc: 0.3735
 8/57 [===>..........................] - ETA: 32:35 - loss: 1.5759 - acc: 0.3893
 9/57 [===>..........................] - ETA: 32:18 - loss: 1.5781 - acc: 0.3895
10/57 [====>.........................] - ETA: 32:01 - loss: 1.5610 - acc: 0.3974
11/57 [====>.........................] - ETA: 31:36 - loss: 1.5623 - acc: 0.3982
12/57 [=====>........................] - ETA: 31:08 - loss: 1.5590 - acc: 0.4028
13/57 [=====>........................] - ETA: 30:38 - loss: 1.5505 - acc: 0.4079
14/57 [======>.......................] - ETA: 30:07 - loss: 1.5335 - acc: 0.4133
15/57 [======>.......................] - ETA: 29:33 - loss: 1.5230 - acc: 0.4170
16/57 [=======>......................] - ETA: 28:59 - loss: 1.5230 - acc: 0.4183
17/57 [=======>......................] - ETA: 28:23 - loss: 1.5201 - acc: 0.4194
18/57 [========>.....................] - ETA: 27:45 - loss: 1.5146 - acc: 0.4196
19/57 [=========>....................] - ETA: 27:07 - loss: 1.5088 - acc: 0.4213
20/57 [=========>....................] - ETA: 26:28 - loss: 1.4994 - acc: 0.4268
21/57 [==========>...................] - ETA: 25:48 - loss: 1.4921 - acc: 0.4303
22/57 [==========>...................] - ETA: 25:08 - loss: 1.4813 - acc: 0.4370
23/57 [===========>..................] - ETA: 24:27 - loss: 1.4706 - acc: 0.4398
24/57 [===========>..................] - ETA: 23:46 - loss: 1.4598 - acc: 0.4423
25/57 [============>.................] - ETA: 23:05 - loss: 1.4540 - acc: 0.4427
26/57 [============>.................] - ETA: 22:24 - loss: 1.4454 - acc: 0.4455
27/57 [=============>................] - ETA: 21:43 - loss: 1.4351 - acc: 0.4527
28/57 [=============>................] - ETA: 21:01 - loss: 1.4226 - acc: 0.4594
29/57 [==============>...............] - ETA: 20:19 - loss: 1.4113 - acc: 0.4668
30/57 [==============>...............] - ETA: 19:37 - loss: 1.4035 - acc: 0.4710
31/57 [===============>..............] - ETA: 18:55 - loss: 1.3979 - acc: 0.4750
32/57 [===============>..............] - ETA: 18:12 - loss: 1.3866 - acc: 0.4811
33/57 [================>.............] - ETA: 17:30 - loss: 1.3849 - acc: 0.4807
34/57 [================>.............] - ETA: 16:47 - loss: 1.3737 - acc: 0.4877
35/57 [=================>............] - ETA: 16:03 - loss: 1.3670 - acc: 0.4926
36/57 [=================>............] - ETA: 15:20 - loss: 1.3610 - acc: 0.4941
37/57 [==================>...........] - ETA: 14:37 - loss: 1.3559 - acc: 0.4963
38/57 [===================>..........] - ETA: 13:54 - loss: 1.3496 - acc: 0.4989
39/57 [===================>..........] - ETA: 13:10 - loss: 1.3425 - acc: 0.5033
40/57 [====================>.........] - ETA: 12:27 - loss: 1.3316 - acc: 0.5099
41/57 [====================>.........] - ETA: 11:43 - loss: 1.3240 - acc: 0.5123
42/57 [=====================>........] - ETA: 10:59 - loss: 1.3148 - acc: 0.5157
43/57 [=====================>........] - ETA: 10:16 - loss: 1.3070 - acc: 0.5187
44/57 [======================>.......] - ETA: 9:32 - loss: 1.2983 - acc: 0.5239 
45/57 [======================>.......] - ETA: 8:48 - loss: 1.2888 - acc: 0.5286
46/57 [=======================>......] - ETA: 8:04 - loss: 1.2822 - acc: 0.5320
47/57 [=======================>......] - ETA: 7:20 - loss: 1.2761 - acc: 0.5334
48/57 [========================>.....] - ETA: 6:37 - loss: 1.2691 - acc: 0.5359
49/57 [========================>.....] - ETA: 5:53 - loss: 1.2613 - acc: 0.5384
50/57 [=========================>....] - ETA: 5:09 - loss: 1.2573 - acc: 0.5410
51/57 [=========================>....] - ETA: 4:24 - loss: 1.2510 - acc: 0.5433
52/57 [==========================>...] - ETA: 3:40 - loss: 1.2419 - acc: 0.5473
53/57 [==========================>...] - ETA: 2:56 - loss: 1.2332 - acc: 0.5505
54/57 [===========================>..] - ETA: 2:12 - loss: 1.2264 - acc: 0.5530
55/57 [===========================>..] - ETA: 1:28 - loss: 1.2217 - acc: 0.5541
56/57 [============================>.] - ETA: 44s - loss: 1.2136 - acc: 0.5578 
57/57 [==============================] - 2729s 48s/step - loss: 1.2063 - acc: 0.5607 - val_loss: 0.5277 - val_acc: 0.8276
Epoch 3/15

 1/57 [..............................] - ETA: 42:02 - loss: 0.7151 - acc: 0.7500
 2/57 [>.............................] - ETA: 23:48 - loss: 0.7671 - acc: 0.7083
 3/57 [>.............................] - ETA: 29:03 - loss: 0.7532 - acc: 0.7222
 4/57 [=>............................] - ETA: 31:15 - loss: 0.7189 - acc: 0.7409
 5/57 [=>............................] - ETA: 32:21 - loss: 0.7075 - acc: 0.7521
 6/57 [==>...........................] - ETA: 32:49 - loss: 0.6877 - acc: 0.7595
 7/57 [==>...........................] - ETA: 32:55 - loss: 0.6784 - acc: 0.7671
 8/57 [===>..........................] - ETA: 32:49 - loss: 0.6607 - acc: 0.7786
 9/57 [===>..........................] - ETA: 32:33 - loss: 0.6497 - acc: 0.7824
10/57 [====>.........................] - ETA: 32:10 - loss: 0.6277 - acc: 0.7948
11/57 [====>.........................] - ETA: 31:42 - loss: 0.6206 - acc: 0.7950
12/57 [=====>........................] - ETA: 31:12 - loss: 0.6132 - acc: 0.7990
13/57 [=====>........................] - ETA: 30:41 - loss: 0.5979 - acc: 0.8049
14/57 [======>.......................] - ETA: 30:07 - loss: 0.5907 - acc: 0.8088
15/57 [======>.......................] - ETA: 29:32 - loss: 0.5874 - acc: 0.8122
16/57 [=======>......................] - ETA: 28:56 - loss: 0.5830 - acc: 0.8141
17/57 [=======>......................] - ETA: 28:21 - loss: 0.5676 - acc: 0.8214
18/57 [========>.....................] - ETA: 27:45 - loss: 0.5571 - acc: 0.8244
19/57 [=========>....................] - ETA: 27:06 - loss: 0.5550 - acc: 0.8221
20/57 [=========>....................] - ETA: 26:27 - loss: 0.5469 - acc: 0.8263
21/57 [==========>...................] - ETA: 25:47 - loss: 0.5399 - acc: 0.8279
22/57 [==========>...................] - ETA: 25:07 - loss: 0.5272 - acc: 0.8336
23/57 [===========>..................] - ETA: 24:28 - loss: 0.5213 - acc: 0.8340
24/57 [===========>..................] - ETA: 23:46 - loss: 0.5114 - acc: 0.8390
25/57 [============>.................] - ETA: 23:05 - loss: 0.5048 - acc: 0.8398
26/57 [============>.................] - ETA: 22:24 - loss: 0.4969 - acc: 0.8448
27/57 [=============>................] - ETA: 21:42 - loss: 0.4869 - acc: 0.8470
28/57 [=============>................] - ETA: 21:00 - loss: 0.4789 - acc: 0.8503
29/57 [==============>...............] - ETA: 20:17 - loss: 0.4747 - acc: 0.8517
30/57 [==============>...............] - ETA: 19:35 - loss: 0.4686 - acc: 0.8524
31/57 [===============>..............] - ETA: 18:53 - loss: 0.4589 - acc: 0.8562
32/57 [===============>..............] - ETA: 18:10 - loss: 0.4508 - acc: 0.8597
33/57 [================>.............] - ETA: 17:28 - loss: 0.4425 - acc: 0.8630
34/57 [================>.............] - ETA: 16:45 - loss: 0.4394 - acc: 0.8647
35/57 [=================>............] - ETA: 16:02 - loss: 0.4330 - acc: 0.8673
36/57 [=================>............] - ETA: 15:19 - loss: 0.4281 - acc: 0.8675
37/57 [==================>...........] - ETA: 14:36 - loss: 0.4240 - acc: 0.8694
38/57 [===================>..........] - ETA: 13:53 - loss: 0.4177 - acc: 0.8712
39/57 [===================>..........] - ETA: 13:09 - loss: 0.4111 - acc: 0.8733
40/57 [====================>.........] - ETA: 12:26 - loss: 0.4066 - acc: 0.8737
41/57 [====================>.........] - ETA: 11:43 - loss: 0.3992 - acc: 0.8764
42/57 [=====================>........] - ETA: 10:59 - loss: 0.3926 - acc: 0.8786
43/57 [=====================>........] - ETA: 10:15 - loss: 0.3854 - acc: 0.8814
44/57 [======================>.......] - ETA: 9:32 - loss: 0.3807 - acc: 0.8830 
45/57 [======================>.......] - ETA: 8:48 - loss: 0.3777 - acc: 0.8843
46/57 [=======================>......] - ETA: 8:04 - loss: 0.3726 - acc: 0.8854
47/57 [=======================>......] - ETA: 7:20 - loss: 0.3670 - acc: 0.8872
48/57 [========================>.....] - ETA: 6:36 - loss: 0.3619 - acc: 0.8889
49/57 [========================>.....] - ETA: 5:52 - loss: 0.3573 - acc: 0.8908
50/57 [=========================>....] - ETA: 5:08 - loss: 0.3525 - acc: 0.8927
51/57 [=========================>....] - ETA: 4:24 - loss: 0.3476 - acc: 0.8945
52/57 [==========================>...] - ETA: 3:40 - loss: 0.3428 - acc: 0.8959
53/57 [==========================>...] - ETA: 2:56 - loss: 0.3426 - acc: 0.8958
54/57 [===========================>..] - ETA: 2:12 - loss: 0.3393 - acc: 0.8972
55/57 [===========================>..] - ETA: 1:28 - loss: 0.3353 - acc: 0.8979
56/57 [============================>.] - ETA: 44s - loss: 0.3320 - acc: 0.8989 
57/57 [==============================] - 2730s 48s/step - loss: 0.3275 - acc: 0.9005 - val_loss: 0.1258 - val_acc: 0.9548
Epoch 4/15

 1/57 [..............................] - ETA: 42:07 - loss: 0.2350 - acc: 0.9062
 2/57 [>.............................] - ETA: 41:07 - loss: 0.1860 - acc: 0.9297
 3/57 [>.............................] - ETA: 28:59 - loss: 0.5520 - acc: 0.7865
 4/57 [=>............................] - ETA: 31:10 - loss: 0.4250 - acc: 0.8398
 5/57 [=>............................] - ETA: 32:15 - loss: 0.3699 - acc: 0.8562
 6/57 [==>...........................] - ETA: 32:44 - loss: 0.3240 - acc: 0.8750
 7/57 [==>...........................] - ETA: 32:55 - loss: 0.2903 - acc: 0.8906
 8/57 [===>..........................] - ETA: 32:47 - loss: 0.2682 - acc: 0.9004
 9/57 [===>..........................] - ETA: 32:30 - loss: 0.2433 - acc: 0.9115
10/57 [====>.........................] - ETA: 32:08 - loss: 0.2233 - acc: 0.9203
11/57 [====>.........................] - ETA: 31:44 - loss: 0.2129 - acc: 0.9261
12/57 [=====>........................] - ETA: 31:16 - loss: 0.2004 - acc: 0.9310
13/57 [=====>........................] - ETA: 30:47 - loss: 0.1896 - acc: 0.9363
14/57 [======>.......................] - ETA: 30:14 - loss: 0.1797 - acc: 0.9397
15/57 [======>.......................] - ETA: 29:38 - loss: 0.1729 - acc: 0.9417
16/57 [=======>......................] - ETA: 29:02 - loss: 0.1660 - acc: 0.9443
17/57 [=======>......................] - ETA: 28:26 - loss: 0.1586 - acc: 0.9476
18/57 [========>.....................] - ETA: 27:49 - loss: 0.1559 - acc: 0.9488
19/57 [=========>....................] - ETA: 27:12 - loss: 0.1501 - acc: 0.9515
20/57 [=========>....................] - ETA: 26:33 - loss: 0.1498 - acc: 0.9508
21/57 [==========>...................] - ETA: 25:54 - loss: 0.1450 - acc: 0.9524
22/57 [==========>...................] - ETA: 25:15 - loss: 0.1448 - acc: 0.9524
23/57 [===========>..................] - ETA: 24:36 - loss: 0.1409 - acc: 0.9531
24/57 [===========>..................] - ETA: 23:54 - loss: 0.1387 - acc: 0.9544
25/57 [============>.................] - ETA: 23:13 - loss: 0.1377 - acc: 0.9556
26/57 [============>.................] - ETA: 22:32 - loss: 0.1335 - acc: 0.9573
27/57 [=============>................] - ETA: 21:51 - loss: 0.1294 - acc: 0.9589
28/57 [=============>................] - ETA: 21:08 - loss: 0.1286 - acc: 0.9593
29/57 [==============>...............] - ETA: 20:26 - loss: 0.1256 - acc: 0.9607
30/57 [==============>...............] - ETA: 19:43 - loss: 0.1228 - acc: 0.9620
31/57 [===============>..............] - ETA: 19:01 - loss: 0.1195 - acc: 0.9632
32/57 [===============>..............] - ETA: 18:18 - loss: 0.1187 - acc: 0.9634
33/57 [================>.............] - ETA: 17:35 - loss: 0.1183 - acc: 0.9631
34/57 [================>.............] - ETA: 16:52 - loss: 0.1174 - acc: 0.9632
35/57 [=================>............] - ETA: 16:09 - loss: 0.1148 - acc: 0.9643
36/57 [=================>............] - ETA: 15:25 - loss: 0.1119 - acc: 0.9653
37/57 [==================>...........] - ETA: 14:41 - loss: 0.1119 - acc: 0.9654
38/57 [===================>..........] - ETA: 13:57 - loss: 0.1110 - acc: 0.9655
39/57 [===================>..........] - ETA: 13:14 - loss: 0.1124 - acc: 0.9655
40/57 [====================>.........] - ETA: 12:30 - loss: 0.1113 - acc: 0.9660
41/57 [====================>.........] - ETA: 11:46 - loss: 0.1107 - acc: 0.9665
42/57 [=====================>........] - ETA: 11:03 - loss: 0.1099 - acc: 0.9669
43/57 [=====================>........] - ETA: 10:19 - loss: 0.1092 - acc: 0.9669
44/57 [======================>.......] - ETA: 9:35 - loss: 0.1121 - acc: 0.9656 
45/57 [======================>.......] - ETA: 8:51 - loss: 0.1104 - acc: 0.9663
46/57 [=======================>......] - ETA: 8:07 - loss: 0.1083 - acc: 0.9671
47/57 [=======================>......] - ETA: 7:23 - loss: 0.1071 - acc: 0.9674
48/57 [========================>.....] - ETA: 6:39 - loss: 0.1066 - acc: 0.9678
49/57 [========================>.....] - ETA: 5:55 - loss: 0.1048 - acc: 0.9684
50/57 [=========================>....] - ETA: 5:11 - loss: 0.1044 - acc: 0.9684
51/57 [=========================>....] - ETA: 4:26 - loss: 0.1040 - acc: 0.9688
52/57 [==========================>...] - ETA: 3:42 - loss: 0.1036 - acc: 0.9691
53/57 [==========================>...] - ETA: 2:58 - loss: 0.1028 - acc: 0.9693
54/57 [===========================>..] - ETA: 2:13 - loss: 0.1050 - acc: 0.9690
55/57 [===========================>..] - ETA: 1:29 - loss: 0.1038 - acc: 0.9693
56/57 [============================>.] - ETA: 44s - loss: 0.1032 - acc: 0.9693 
57/57 [==============================] - 2749s 48s/step - loss: 0.1015 - acc: 0.9700 - val_loss: 0.0167 - val_acc: 0.9926
Epoch 5/15

 1/57 [..............................] - ETA: 42:10 - loss: 0.0664 - acc: 0.9844
 2/57 [>.............................] - ETA: 41:26 - loss: 0.0527 - acc: 0.9844
 3/57 [>.............................] - ETA: 40:56 - loss: 0.0515 - acc: 0.9792
 4/57 [=>............................] - ETA: 31:39 - loss: 0.0474 - acc: 0.9844
 5/57 [=>............................] - ETA: 32:38 - loss: 0.0437 - acc: 0.9875
 6/57 [==>...........................] - ETA: 33:03 - loss: 0.0406 - acc: 0.9896
 7/57 [==>...........................] - ETA: 33:06 - loss: 0.0372 - acc: 0.9911
 8/57 [===>..........................] - ETA: 33:01 - loss: 0.0342 - acc: 0.9922
 9/57 [===>..........................] - ETA: 32:43 - loss: 0.0326 - acc: 0.9931
10/57 [====>.........................] - ETA: 32:20 - loss: 0.0305 - acc: 0.9938
11/57 [====>.........................] - ETA: 31:54 - loss: 0.0294 - acc: 0.9943
12/57 [=====>........................] - ETA: 31:25 - loss: 0.0282 - acc: 0.9948
13/57 [=====>........................] - ETA: 30:54 - loss: 0.0284 - acc: 0.9952
14/57 [======>.......................] - ETA: 30:19 - loss: 0.0275 - acc: 0.9955
15/57 [======>.......................] - ETA: 29:43 - loss: 0.0264 - acc: 0.9958
16/57 [=======>......................] - ETA: 29:10 - loss: 0.0257 - acc: 0.9961
17/57 [=======>......................] - ETA: 28:33 - loss: 0.0275 - acc: 0.9945
18/57 [========>.....................] - ETA: 27:55 - loss: 0.0312 - acc: 0.9939
19/57 [=========>....................] - ETA: 27:17 - loss: 0.0311 - acc: 0.9934
20/57 [=========>....................] - ETA: 26:38 - loss: 0.0301 - acc: 0.9938
21/57 [==========>...................] - ETA: 25:58 - loss: 0.0297 - acc: 0.9940
22/57 [==========>...................] - ETA: 25:18 - loss: 0.0291 - acc: 0.9943
23/57 [===========>..................] - ETA: 24:39 - loss: 0.0284 - acc: 0.9946
24/57 [===========>..................] - ETA: 24:05 - loss: 0.0275 - acc: 0.9948
25/57 [============>.................] - ETA: 23:39 - loss: 0.0269 - acc: 0.9950
26/57 [============>.................] - ETA: 23:11 - loss: 0.0289 - acc: 0.9946
27/57 [=============>................] - ETA: 22:43 - loss: 0.0287 - acc: 0.9948
28/57 [=============>................] - ETA: 22:11 - loss: 0.0297 - acc: 0.9944
29/57 [==============>...............] - ETA: 21:38 - loss: 0.0290 - acc: 0.9946
30/57 [==============>...............] - ETA: 21:02 - loss: 0.0284 - acc: 0.9948
31/57 [===============>..............] - ETA: 20:26 - loss: 0.0280 - acc: 0.9950
32/57 [===============>..............] - ETA: 19:48 - loss: 0.0280 - acc: 0.9951
33/57 [================>.............] - ETA: 19:09 - loss: 0.0273 - acc: 0.9953
34/57 [================>.............] - ETA: 18:29 - loss: 0.0268 - acc: 0.9954
35/57 [=================>............] - ETA: 17:47 - loss: 0.0265 - acc: 0.9955
36/57 [=================>............] - ETA: 17:06 - loss: 0.0284 - acc: 0.9944
37/57 [==================>...........] - ETA: 16:23 - loss: 0.0279 - acc: 0.9945
38/57 [===================>..........] - ETA: 15:39 - loss: 0.0279 - acc: 0.9942
39/57 [===================>..........] - ETA: 14:54 - loss: 0.0276 - acc: 0.9944
40/57 [====================>.........] - ETA: 14:09 - loss: 0.0276 - acc: 0.9941
41/57 [====================>.........] - ETA: 13:22 - loss: 0.0271 - acc: 0.9943
42/57 [=====================>........] - ETA: 12:35 - loss: 0.0268 - acc: 0.9944
43/57 [=====================>........] - ETA: 11:48 - loss: 0.0297 - acc: 0.9935
44/57 [======================>.......] - ETA: 11:00 - loss: 0.0294 - acc: 0.9936
45/57 [======================>.......] - ETA: 10:12 - loss: 0.0290 - acc: 0.9938
46/57 [=======================>......] - ETA: 9:23 - loss: 0.0286 - acc: 0.9939 
47/57 [=======================>......] - ETA: 8:33 - loss: 0.0284 - acc: 0.9940
48/57 [========================>.....] - ETA: 7:44 - loss: 0.0286 - acc: 0.9938
49/57 [========================>.....] - ETA: 6:53 - loss: 0.0282 - acc: 0.9939
50/57 [=========================>....] - ETA: 6:03 - loss: 0.0277 - acc: 0.9941
51/57 [=========================>....] - ETA: 5:12 - loss: 0.0274 - acc: 0.9942
52/57 [==========================>...] - ETA: 4:20 - loss: 0.0271 - acc: 0.9943
53/57 [==========================>...] - ETA: 3:29 - loss: 0.0282 - acc: 0.9941
54/57 [===========================>..] - ETA: 2:37 - loss: 0.0288 - acc: 0.9939
55/57 [===========================>..] - ETA: 1:45 - loss: 0.0285 - acc: 0.9940
56/57 [============================>.] - ETA: 52s - loss: 0.0282 - acc: 0.9941 
57/57 [==============================] - 3277s 57s/step - loss: 0.0279 - acc: 0.9942 - val_loss: 0.0031 - val_acc: 0.9992
Epoch 6/15

 1/57 [..............................] - ETA: 54:36 - loss: 0.0362 - acc: 1.0000
 2/57 [>.............................] - ETA: 53:51 - loss: 0.0253 - acc: 1.0000
 3/57 [>.............................] - ETA: 52:42 - loss: 0.0185 - acc: 1.0000
 4/57 [=>............................] - ETA: 51:51 - loss: 0.0217 - acc: 0.9961
 5/57 [=>............................] - ETA: 42:02 - loss: 0.2521 - acc: 0.9302
 6/57 [==>...........................] - ETA: 42:53 - loss: 0.2171 - acc: 0.9392
 7/57 [==>...........................] - ETA: 42:58 - loss: 0.1901 - acc: 0.9457
 8/57 [===>..........................] - ETA: 42:54 - loss: 0.1668 - acc: 0.9525
 9/57 [===>..........................] - ETA: 42:42 - loss: 0.1501 - acc: 0.9578
10/57 [====>.........................] - ETA: 42:20 - loss: 0.1373 - acc: 0.9604
11/57 [====>.........................] - ETA: 41:44 - loss: 0.1295 - acc: 0.9612
12/57 [=====>........................] - ETA: 41:04 - loss: 0.1195 - acc: 0.9644
13/57 [=====>........................] - ETA: 40:25 - loss: 0.1113 - acc: 0.9671
14/57 [======>.......................] - ETA: 39:39 - loss: 0.1049 - acc: 0.9684
15/57 [======>.......................] - ETA: 38:54 - loss: 0.0988 - acc: 0.9705
16/57 [=======>......................] - ETA: 38:09 - loss: 0.0938 - acc: 0.9723
17/57 [=======>......................] - ETA: 37:20 - loss: 0.0892 - acc: 0.9740
18/57 [========>.....................] - ETA: 36:31 - loss: 0.0846 - acc: 0.9754
19/57 [=========>....................] - ETA: 35:42 - loss: 0.0807 - acc: 0.9767
20/57 [=========>....................] - ETA: 34:54 - loss: 0.0777 - acc: 0.9771
21/57 [==========>...................] - ETA: 34:04 - loss: 0.0760 - acc: 0.9774
22/57 [==========>...................] - ETA: 33:12 - loss: 0.0777 - acc: 0.9770
23/57 [===========>..................] - ETA: 32:18 - loss: 0.0751 - acc: 0.9780
24/57 [===========>..................] - ETA: 31:26 - loss: 0.0737 - acc: 0.9783
25/57 [============>.................] - ETA: 30:32 - loss: 0.0785 - acc: 0.9767
26/57 [============>.................] - ETA: 29:38 - loss: 0.0756 - acc: 0.9776
27/57 [=============>................] - ETA: 28:42 - loss: 0.0754 - acc: 0.9772
28/57 [=============>................] - ETA: 27:45 - loss: 0.0732 - acc: 0.9781
29/57 [==============>...............] - ETA: 26:50 - loss: 0.0719 - acc: 0.9783
30/57 [==============>...............] - ETA: 25:53 - loss: 0.0697 - acc: 0.9790
31/57 [===============>..............] - ETA: 24:58 - loss: 0.0685 - acc: 0.9792
32/57 [===============>..............] - ETA: 24:02 - loss: 0.0691 - acc: 0.9779
33/57 [================>.............] - ETA: 23:07 - loss: 0.0673 - acc: 0.9785
34/57 [================>.............] - ETA: 22:10 - loss: 0.0655 - acc: 0.9792
35/57 [=================>............] - ETA: 21:13 - loss: 0.0638 - acc: 0.9798
36/57 [=================>............] - ETA: 20:16 - loss: 0.0640 - acc: 0.9799
37/57 [==================>...........] - ETA: 19:21 - loss: 0.0629 - acc: 0.9804
38/57 [===================>..........] - ETA: 18:29 - loss: 0.0613 - acc: 0.9809
39/57 [===================>..........] - ETA: 17:35 - loss: 0.0599 - acc: 0.9814
40/57 [====================>.........] - ETA: 16:41 - loss: 0.0585 - acc: 0.9819
41/57 [====================>.........] - ETA: 15:42 - loss: 0.0572 - acc: 0.9823
42/57 [=====================>........] - ETA: 14:44 - loss: 0.0559 - acc: 0.9828
43/57 [=====================>........] - ETA: 13:45 - loss: 0.0560 - acc: 0.9828
44/57 [======================>.......] - ETA: 12:47 - loss: 0.0552 - acc: 0.9832
45/57 [======================>.......] - ETA: 11:48 - loss: 0.0544 - acc: 0.9836
46/57 [=======================>......] - ETA: 10:49 - loss: 0.0534 - acc: 0.9839
47/57 [=======================>......] - ETA: 9:50 - loss: 0.0524 - acc: 0.9843 
48/57 [========================>.....] - ETA: 8:51 - loss: 0.0514 - acc: 0.9846
49/57 [========================>.....] - ETA: 7:52 - loss: 0.0504 - acc: 0.9849
50/57 [=========================>....] - ETA: 6:53 - loss: 0.0497 - acc: 0.9852
51/57 [=========================>....] - ETA: 5:54 - loss: 0.0490 - acc: 0.9852
52/57 [==========================>...] - ETA: 4:55 - loss: 0.0482 - acc: 0.9855
53/57 [==========================>...] - ETA: 3:56 - loss: 0.0486 - acc: 0.9855
54/57 [===========================>..] - ETA: 2:57 - loss: 0.0478 - acc: 0.9857
55/57 [===========================>..] - ETA: 1:58 - loss: 0.0470 - acc: 0.9860
56/57 [============================>.] - ETA: 59s - loss: 0.0462 - acc: 0.9862 
57/57 [==============================] - 3632s 64s/step - loss: 0.0451 - acc: 0.9866 - val_loss: 0.0026 - val_acc: 0.9992
Epoch 7/15

 1/57 [..............................] - ETA: 54:28 - loss: 0.0027 - acc: 1.0000
 2/57 [>.............................] - ETA: 53:39 - loss: 0.0054 - acc: 1.0000
 3/57 [>.............................] - ETA: 52:52 - loss: 0.0065 - acc: 1.0000
 4/57 [=>............................] - ETA: 52:00 - loss: 0.0070 - acc: 1.0000
 5/57 [=>............................] - ETA: 51:09 - loss: 0.0119 - acc: 0.9969
 6/57 [==>...........................] - ETA: 42:52 - loss: 0.2610 - acc: 0.9418
 7/57 [==>...........................] - ETA: 43:03 - loss: 0.2247 - acc: 0.9501
 8/57 [===>..........................] - ETA: 43:01 - loss: 0.1994 - acc: 0.9544
 9/57 [===>..........................] - ETA: 42:45 - loss: 0.1883 - acc: 0.9560
10/57 [====>.........................] - ETA: 42:14 - loss: 0.1698 - acc: 0.9604
11/57 [====>.........................] - ETA: 41:39 - loss: 0.1551 - acc: 0.9640
12/57 [=====>........................] - ETA: 41:03 - loss: 0.1424 - acc: 0.9670
13/57 [=====>........................] - ETA: 40:20 - loss: 0.1358 - acc: 0.9683
14/57 [======>.......................] - ETA: 39:37 - loss: 0.1263 - acc: 0.9706
15/57 [======>.......................] - ETA: 38:50 - loss: 0.1180 - acc: 0.9726
16/57 [=======>......................] - ETA: 38:04 - loss: 0.1113 - acc: 0.9743
17/57 [=======>......................] - ETA: 37:14 - loss: 0.1049 - acc: 0.9758
18/57 [========>.....................] - ETA: 36:27 - loss: 0.1003 - acc: 0.9771
19/57 [=========>....................] - ETA: 35:38 - loss: 0.0988 - acc: 0.9775
20/57 [=========>....................] - ETA: 34:45 - loss: 0.0945 - acc: 0.9786
21/57 [==========>...................] - ETA: 33:53 - loss: 0.0905 - acc: 0.9797
22/57 [==========>...................] - ETA: 33:01 - loss: 0.0897 - acc: 0.9799
23/57 [===========>..................] - ETA: 32:09 - loss: 0.0861 - acc: 0.9808
24/57 [===========>..................] - ETA: 31:15 - loss: 0.0863 - acc: 0.9796
25/57 [============>.................] - ETA: 30:21 - loss: 0.0830 - acc: 0.9804
26/57 [============>.................] - ETA: 29:27 - loss: 0.0799 - acc: 0.9812
27/57 [=============>................] - ETA: 28:32 - loss: 0.0781 - acc: 0.9813
28/57 [=============>................] - ETA: 27:38 - loss: 0.0756 - acc: 0.9820
29/57 [==============>...............] - ETA: 26:43 - loss: 0.0732 - acc: 0.9826
30/57 [==============>...............] - ETA: 25:47 - loss: 0.0714 - acc: 0.9826
31/57 [===============>..............] - ETA: 24:52 - loss: 0.0695 - acc: 0.9832
32/57 [===============>..............] - ETA: 23:55 - loss: 0.0677 - acc: 0.9837
33/57 [================>.............] - ETA: 22:58 - loss: 0.0657 - acc: 0.9842
34/57 [================>.............] - ETA: 22:02 - loss: 0.0644 - acc: 0.9842
35/57 [=================>............] - ETA: 21:05 - loss: 0.0630 - acc: 0.9847
36/57 [=================>............] - ETA: 20:08 - loss: 0.0618 - acc: 0.9851
37/57 [==================>...........] - ETA: 19:11 - loss: 0.0602 - acc: 0.9855
38/57 [===================>..........] - ETA: 18:14 - loss: 0.0590 - acc: 0.9859
39/57 [===================>..........] - ETA: 17:17 - loss: 0.0591 - acc: 0.9858
40/57 [====================>.........] - ETA: 16:20 - loss: 0.0577 - acc: 0.9862
41/57 [====================>.........] - ETA: 15:23 - loss: 0.0568 - acc: 0.9862
42/57 [=====================>........] - ETA: 14:26 - loss: 0.0556 - acc: 0.9865
43/57 [=====================>........] - ETA: 13:29 - loss: 0.0546 - acc: 0.9868
44/57 [======================>.......] - ETA: 12:32 - loss: 0.0535 - acc: 0.9871
45/57 [======================>.......] - ETA: 11:34 - loss: 0.0523 - acc: 0.9874
46/57 [=======================>......] - ETA: 10:37 - loss: 0.0519 - acc: 0.9873
47/57 [=======================>......] - ETA: 9:40 - loss: 0.0509 - acc: 0.9876 
48/57 [========================>.....] - ETA: 8:42 - loss: 0.0499 - acc: 0.9878
49/57 [========================>.....] - ETA: 7:44 - loss: 0.0490 - acc: 0.9881
50/57 [=========================>....] - ETA: 6:46 - loss: 0.0481 - acc: 0.9883
51/57 [=========================>....] - ETA: 5:48 - loss: 0.0475 - acc: 0.9886
52/57 [==========================>...] - ETA: 4:50 - loss: 0.0466 - acc: 0.9888
53/57 [==========================>...] - ETA: 3:53 - loss: 0.0458 - acc: 0.9890
54/57 [===========================>..] - ETA: 2:55 - loss: 0.0450 - acc: 0.9892
55/57 [===========================>..] - ETA: 1:57 - loss: 0.0443 - acc: 0.9894
56/57 [============================>.] - ETA: 58s - loss: 0.0441 - acc: 0.9893 
57/57 [==============================] - 3616s 63s/step - loss: 0.0430 - acc: 0.9896 - val_loss: 0.0029 - val_acc: 0.9992
Epoch 8/15

 1/57 [..............................] - ETA: 54:26 - loss: 0.0053 - acc: 1.0000
 2/57 [>.............................] - ETA: 53:27 - loss: 0.0137 - acc: 1.0000
 3/57 [>.............................] - ETA: 52:33 - loss: 0.0103 - acc: 1.0000
 4/57 [=>............................] - ETA: 51:39 - loss: 0.0293 - acc: 0.9961
 5/57 [=>............................] - ETA: 50:35 - loss: 0.0244 - acc: 0.9969
 6/57 [==>...........................] - ETA: 49:39 - loss: 0.0290 - acc: 0.9948
 7/57 [==>...........................] - ETA: 42:37 - loss: 0.0271 - acc: 0.9955
 8/57 [===>..........................] - ETA: 42:34 - loss: 0.0251 - acc: 0.9961
 9/57 [===>..........................] - ETA: 42:13 - loss: 0.0234 - acc: 0.9965
10/57 [====>.........................] - ETA: 41:47 - loss: 0.0216 - acc: 0.9969
11/57 [====>.........................] - ETA: 41:18 - loss: 0.0200 - acc: 0.9972
12/57 [=====>........................] - ETA: 40:44 - loss: 0.0190 - acc: 0.9974
13/57 [=====>........................] - ETA: 40:05 - loss: 0.0180 - acc: 0.9976
14/57 [======>.......................] - ETA: 39:22 - loss: 0.0168 - acc: 0.9978
15/57 [======>.......................] - ETA: 38:38 - loss: 0.0159 - acc: 0.9979
16/57 [=======>......................] - ETA: 37:53 - loss: 0.0151 - acc: 0.9980
17/57 [=======>......................] - ETA: 37:08 - loss: 0.0149 - acc: 0.9982
18/57 [========>.....................] - ETA: 36:19 - loss: 0.0143 - acc: 0.9983
19/57 [=========>....................] - ETA: 35:32 - loss: 0.0137 - acc: 0.9984
20/57 [=========>....................] - ETA: 34:41 - loss: 0.0132 - acc: 0.9984
21/57 [==========>...................] - ETA: 33:49 - loss: 0.0160 - acc: 0.9978
22/57 [==========>...................] - ETA: 32:56 - loss: 0.0154 - acc: 0.9979
23/57 [===========>..................] - ETA: 32:02 - loss: 0.0149 - acc: 0.9980
24/57 [===========>..................] - ETA: 31:08 - loss: 0.0147 - acc: 0.9980
25/57 [============>.................] - ETA: 30:15 - loss: 0.0183 - acc: 0.9969
26/57 [============>.................] - ETA: 29:21 - loss: 0.0177 - acc: 0.9970
27/57 [=============>................] - ETA: 28:28 - loss: 0.0172 - acc: 0.9971
28/57 [=============>................] - ETA: 27:32 - loss: 0.0173 - acc: 0.9967
29/57 [==============>...............] - ETA: 26:38 - loss: 0.0170 - acc: 0.9968
30/57 [==============>...............] - ETA: 25:42 - loss: 0.0166 - acc: 0.9969
31/57 [===============>..............] - ETA: 24:47 - loss: 0.0171 - acc: 0.9965
32/57 [===============>..............] - ETA: 23:52 - loss: 0.0169 - acc: 0.9966
33/57 [================>.............] - ETA: 22:55 - loss: 0.0168 - acc: 0.9967
34/57 [================>.............] - ETA: 21:59 - loss: 0.0175 - acc: 0.9963
35/57 [=================>............] - ETA: 21:03 - loss: 0.0170 - acc: 0.9964
36/57 [=================>............] - ETA: 20:06 - loss: 0.0166 - acc: 0.9965
37/57 [==================>...........] - ETA: 19:10 - loss: 0.0163 - acc: 0.9966
38/57 [===================>..........] - ETA: 18:13 - loss: 0.0172 - acc: 0.9963
39/57 [===================>..........] - ETA: 17:16 - loss: 0.0169 - acc: 0.9964
40/57 [====================>.........] - ETA: 16:19 - loss: 0.0165 - acc: 0.9965
41/57 [====================>.........] - ETA: 15:22 - loss: 0.0164 - acc: 0.9966
42/57 [=====================>........] - ETA: 14:25 - loss: 0.0174 - acc: 0.9963
43/57 [=====================>........] - ETA: 13:28 - loss: 0.0186 - acc: 0.9960
44/57 [======================>.......] - ETA: 12:30 - loss: 0.0183 - acc: 0.9961
45/57 [======================>.......] - ETA: 11:33 - loss: 0.0181 - acc: 0.9962
46/57 [=======================>......] - ETA: 10:35 - loss: 0.0177 - acc: 0.9963
47/57 [=======================>......] - ETA: 9:38 - loss: 0.0175 - acc: 0.9963 
48/57 [========================>.....] - ETA: 8:40 - loss: 0.0176 - acc: 0.9961
49/57 [========================>.....] - ETA: 7:43 - loss: 0.0183 - acc: 0.9959
50/57 [=========================>....] - ETA: 6:45 - loss: 0.0180 - acc: 0.9959
51/57 [=========================>....] - ETA: 5:47 - loss: 0.0181 - acc: 0.9957
52/57 [==========================>...] - ETA: 4:49 - loss: 0.0180 - acc: 0.9958
53/57 [==========================>...] - ETA: 3:51 - loss: 0.0177 - acc: 0.9959
54/57 [===========================>..] - ETA: 2:53 - loss: 0.0178 - acc: 0.9957
55/57 [===========================>..] - ETA: 1:56 - loss: 0.0185 - acc: 0.9955
56/57 [============================>.] - ETA: 58s - loss: 0.0186 - acc: 0.9953 
57/57 [==============================] - 3573s 63s/step - loss: 0.0186 - acc: 0.9951 - val_loss: 0.0039 - val_acc: 0.9984
Epoch 9/15

 1/57 [..............................] - ETA: 54:46 - loss: 0.0036 - acc: 1.0000
 2/57 [>.............................] - ETA: 53:33 - loss: 0.0159 - acc: 0.9922
 3/57 [>.............................] - ETA: 52:34 - loss: 0.0123 - acc: 0.9948
 4/57 [=>............................] - ETA: 51:31 - loss: 0.0106 - acc: 0.9961
 5/57 [=>............................] - ETA: 50:29 - loss: 0.0195 - acc: 0.9938
 6/57 [==>...........................] - ETA: 49:48 - loss: 0.0166 - acc: 0.9948
 7/57 [==>...........................] - ETA: 50:09 - loss: 0.0151 - acc: 0.9955
 8/57 [===>..........................] - ETA: 43:54 - loss: 0.0141 - acc: 0.9961
 9/57 [===>..........................] - ETA: 44:27 - loss: 0.0129 - acc: 0.9965
10/57 [====>.........................] - ETA: 44:36 - loss: 0.0124 - acc: 0.9969
11/57 [====>.........................] - ETA: 43:46 - loss: 0.0128 - acc: 0.9972
12/57 [=====>........................] - ETA: 42:54 - loss: 0.0121 - acc: 0.9974
13/57 [=====>........................] - ETA: 42:02 - loss: 0.0129 - acc: 0.9964
14/57 [======>.......................] - ETA: 41:09 - loss: 0.0122 - acc: 0.9967
15/57 [======>.......................] - ETA: 40:17 - loss: 0.0117 - acc: 0.9969
16/57 [=======>......................] - ETA: 39:24 - loss: 0.0133 - acc: 0.9951
17/57 [=======>......................] - ETA: 38:31 - loss: 0.0127 - acc: 0.9954
18/57 [========>.....................] - ETA: 37:36 - loss: 0.0125 - acc: 0.9957
19/57 [=========>....................] - ETA: 36:39 - loss: 0.0136 - acc: 0.9951
20/57 [=========>....................] - ETA: 35:42 - loss: 0.0130 - acc: 0.9953
21/57 [==========>...................] - ETA: 34:47 - loss: 0.0127 - acc: 0.9955
22/57 [==========>...................] - ETA: 33:50 - loss: 0.0123 - acc: 0.9957
23/57 [===========>..................] - ETA: 32:54 - loss: 0.0140 - acc: 0.9952
24/57 [===========>..................] - ETA: 31:57 - loss: 0.0136 - acc: 0.9954
25/57 [============>.................] - ETA: 30:59 - loss: 0.0171 - acc: 0.9950
26/57 [============>.................] - ETA: 30:03 - loss: 0.0167 - acc: 0.9952
27/57 [=============>................] - ETA: 29:05 - loss: 0.0189 - acc: 0.9948
28/57 [=============>................] - ETA: 28:07 - loss: 0.0185 - acc: 0.9950
29/57 [==============>...............] - ETA: 27:11 - loss: 0.0180 - acc: 0.9952
30/57 [==============>...............] - ETA: 26:13 - loss: 0.0176 - acc: 0.9953
31/57 [===============>..............] - ETA: 25:17 - loss: 0.0176 - acc: 0.9955
32/57 [===============>..............] - ETA: 24:19 - loss: 0.0171 - acc: 0.9956
33/57 [================>.............] - ETA: 23:22 - loss: 0.0166 - acc: 0.9957
34/57 [================>.............] - ETA: 22:25 - loss: 0.0163 - acc: 0.9959
35/57 [=================>............] - ETA: 21:28 - loss: 0.0159 - acc: 0.9960
36/57 [=================>............] - ETA: 20:29 - loss: 0.0156 - acc: 0.9961
37/57 [==================>...........] - ETA: 19:31 - loss: 0.0153 - acc: 0.9962
38/57 [===================>..........] - ETA: 18:32 - loss: 0.0150 - acc: 0.9963
39/57 [===================>..........] - ETA: 17:33 - loss: 0.0147 - acc: 0.9964
40/57 [====================>.........] - ETA: 16:36 - loss: 0.0144 - acc: 0.9965
41/57 [====================>.........] - ETA: 15:37 - loss: 0.0141 - acc: 0.9966
42/57 [=====================>........] - ETA: 14:39 - loss: 0.0140 - acc: 0.9967
43/57 [=====================>........] - ETA: 13:40 - loss: 0.0140 - acc: 0.9967
44/57 [======================>.......] - ETA: 12:42 - loss: 0.0137 - acc: 0.9968
45/57 [======================>.......] - ETA: 11:44 - loss: 0.0135 - acc: 0.9969
46/57 [=======================>......] - ETA: 10:45 - loss: 0.0133 - acc: 0.9969
47/57 [=======================>......] - ETA: 9:47 - loss: 0.0131 - acc: 0.9970 
48/57 [========================>.....] - ETA: 8:48 - loss: 0.0129 - acc: 0.9971
49/57 [========================>.....] - ETA: 7:50 - loss: 0.0127 - acc: 0.9971
50/57 [=========================>....] - ETA: 6:51 - loss: 0.0125 - acc: 0.9972
51/57 [=========================>....] - ETA: 5:52 - loss: 0.0123 - acc: 0.9972
52/57 [==========================>...] - ETA: 4:53 - loss: 0.0121 - acc: 0.9973
53/57 [==========================>...] - ETA: 3:55 - loss: 0.0119 - acc: 0.9973
54/57 [===========================>..] - ETA: 2:56 - loss: 0.0117 - acc: 0.9974
55/57 [===========================>..] - ETA: 1:57 - loss: 0.0115 - acc: 0.9974
56/57 [============================>.] - ETA: 58s - loss: 0.0114 - acc: 0.9975 
57/57 [==============================] - 3611s 63s/step - loss: 0.0113 - acc: 0.9975 - val_loss: 0.0777 - val_acc: 0.9754
Epoch 10/15

 1/57 [..............................] - ETA: 54:55 - loss: 0.0014 - acc: 1.0000
 2/57 [>.............................] - ETA: 54:02 - loss: 0.0153 - acc: 0.9922
 3/57 [>.............................] - ETA: 53:21 - loss: 0.0113 - acc: 0.9948
 4/57 [=>............................] - ETA: 52:01 - loss: 0.0095 - acc: 0.9961
 5/57 [=>............................] - ETA: 50:57 - loss: 0.0093 - acc: 0.9969
 6/57 [==>...........................] - ETA: 50:00 - loss: 0.0091 - acc: 0.9974
 7/57 [==>...........................] - ETA: 49:01 - loss: 0.0083 - acc: 0.9978
 8/57 [===>..........................] - ETA: 47:56 - loss: 0.0076 - acc: 0.9980
 9/57 [===>..........................] - ETA: 42:27 - loss: 0.0183 - acc: 0.9983
10/57 [====>.........................] - ETA: 41:56 - loss: 0.0171 - acc: 0.9984
11/57 [====>.........................] - ETA: 41:26 - loss: 0.0157 - acc: 0.9986
12/57 [=====>........................] - ETA: 40:51 - loss: 0.0146 - acc: 0.9987
13/57 [=====>........................] - ETA: 40:14 - loss: 0.0137 - acc: 0.9988
14/57 [======>.......................] - ETA: 39:33 - loss: 0.0136 - acc: 0.9989
15/57 [======>.......................] - ETA: 38:47 - loss: 0.0129 - acc: 0.9990
16/57 [=======>......................] - ETA: 38:01 - loss: 0.0122 - acc: 0.9990
17/57 [=======>......................] - ETA: 37:12 - loss: 0.0116 - acc: 0.9991
18/57 [========>.....................] - ETA: 36:24 - loss: 0.0121 - acc: 0.9983
19/57 [=========>....................] - ETA: 35:35 - loss: 0.0116 - acc: 0.9984
20/57 [=========>....................] - ETA: 34:43 - loss: 0.0112 - acc: 0.9984
21/57 [==========>...................] - ETA: 33:51 - loss: 0.0107 - acc: 0.9985
22/57 [==========>...................] - ETA: 32:58 - loss: 0.0103 - acc: 0.9986
23/57 [===========>..................] - ETA: 32:18 - loss: 0.0100 - acc: 0.9986
24/57 [===========>..................] - ETA: 31:37 - loss: 0.0107 - acc: 0.9980
25/57 [============>.................] - ETA: 30:55 - loss: 0.0106 - acc: 0.9981
26/57 [============>.................] - ETA: 30:01 - loss: 0.0102 - acc: 0.9982
27/57 [=============>................] - ETA: 29:04 - loss: 0.0099 - acc: 0.9983
28/57 [=============>................] - ETA: 28:07 - loss: 0.0098 - acc: 0.9983
29/57 [==============>...............] - ETA: 27:10 - loss: 0.0095 - acc: 0.9984
30/57 [==============>...............] - ETA: 26:12 - loss: 0.0093 - acc: 0.9984
31/57 [===============>..............] - ETA: 25:14 - loss: 0.0091 - acc: 0.9985
32/57 [===============>..............] - ETA: 24:16 - loss: 0.0089 - acc: 0.9985
33/57 [================>.............] - ETA: 23:19 - loss: 0.0088 - acc: 0.9986
34/57 [================>.............] - ETA: 22:21 - loss: 0.0087 - acc: 0.9986
35/57 [=================>............] - ETA: 21:24 - loss: 0.0088 - acc: 0.9987
36/57 [=================>............] - ETA: 20:25 - loss: 0.0086 - acc: 0.9987
37/57 [==================>...........] - ETA: 19:27 - loss: 0.0085 - acc: 0.9987
38/57 [===================>..........] - ETA: 18:29 - loss: 0.0084 - acc: 0.9988
39/57 [===================>..........] - ETA: 17:31 - loss: 0.0082 - acc: 0.9988
40/57 [====================>.........] - ETA: 16:32 - loss: 0.0080 - acc: 0.9988
41/57 [====================>.........] - ETA: 15:34 - loss: 0.0087 - acc: 0.9985
42/57 [=====================>........] - ETA: 14:36 - loss: 0.0085 - acc: 0.9985
43/57 [=====================>........] - ETA: 13:37 - loss: 0.0083 - acc: 0.9985
44/57 [======================>.......] - ETA: 12:39 - loss: 0.0082 - acc: 0.9986
45/57 [======================>.......] - ETA: 11:41 - loss: 0.0085 - acc: 0.9983
46/57 [=======================>......] - ETA: 10:43 - loss: 0.0084 - acc: 0.9983
47/57 [=======================>......] - ETA: 9:44 - loss: 0.0083 - acc: 0.9983 
48/57 [========================>.....] - ETA: 8:46 - loss: 0.0081 - acc: 0.9984
49/57 [========================>.....] - ETA: 7:48 - loss: 0.0083 - acc: 0.9981
50/57 [=========================>....] - ETA: 6:49 - loss: 0.0081 - acc: 0.9981
51/57 [=========================>....] - ETA: 5:51 - loss: 0.0080 - acc: 0.9982
52/57 [==========================>...] - ETA: 4:52 - loss: 0.0080 - acc: 0.9982
53/57 [==========================>...] - ETA: 3:54 - loss: 0.0088 - acc: 0.9979
54/57 [===========================>..] - ETA: 2:55 - loss: 0.0086 - acc: 0.9980
55/57 [===========================>..] - ETA: 1:57 - loss: 0.0085 - acc: 0.9980
56/57 [============================>.] - ETA: 58s - loss: 0.0084 - acc: 0.9980 
57/57 [==============================] - 3604s 63s/step - loss: 0.0082 - acc: 0.9981 - val_loss: 8.7072e-04 - val_acc: 1.0000
Epoch 11/15

 1/57 [..............................] - ETA: 54:15 - loss: 0.0145 - acc: 1.0000
 2/57 [>.............................] - ETA: 53:38 - loss: 0.0101 - acc: 1.0000
 3/57 [>.............................] - ETA: 52:53 - loss: 0.0074 - acc: 1.0000
 4/57 [=>............................] - ETA: 52:04 - loss: 0.0232 - acc: 0.9961
 5/57 [=>............................] - ETA: 50:51 - loss: 0.0188 - acc: 0.9969
 6/57 [==>...........................] - ETA: 49:53 - loss: 0.0159 - acc: 0.9974
 7/57 [==>...........................] - ETA: 48:52 - loss: 0.0141 - acc: 0.9978
 8/57 [===>..........................] - ETA: 47:54 - loss: 0.0125 - acc: 0.9980
 9/57 [===>..........................] - ETA: 46:54 - loss: 0.0113 - acc: 0.9983
10/57 [====>.........................] - ETA: 41:58 - loss: 0.0115 - acc: 0.9984
11/57 [====>.........................] - ETA: 41:26 - loss: 0.0152 - acc: 0.9957
12/57 [=====>........................] - ETA: 40:51 - loss: 0.0143 - acc: 0.9961
13/57 [=====>........................] - ETA: 40:13 - loss: 0.0135 - acc: 0.9964
14/57 [======>.......................] - ETA: 39:31 - loss: 0.0154 - acc: 0.9955
15/57 [======>.......................] - ETA: 38:47 - loss: 0.0145 - acc: 0.9958
16/57 [=======>......................] - ETA: 38:01 - loss: 0.0138 - acc: 0.9961
17/57 [=======>......................] - ETA: 37:14 - loss: 0.0148 - acc: 0.9954
18/57 [========>.....................] - ETA: 36:25 - loss: 0.0140 - acc: 0.9957
19/57 [=========>....................] - ETA: 35:35 - loss: 0.0133 - acc: 0.9959
20/57 [=========>....................] - ETA: 34:45 - loss: 0.0131 - acc: 0.9961
21/57 [==========>...................] - ETA: 33:55 - loss: 0.0125 - acc: 0.9963
22/57 [==========>...................] - ETA: 33:03 - loss: 0.0126 - acc: 0.9964
23/57 [===========>..................] - ETA: 32:10 - loss: 0.0137 - acc: 0.9959
24/57 [===========>..................] - ETA: 31:16 - loss: 0.0132 - acc: 0.9961
25/57 [============>.................] - ETA: 30:21 - loss: 0.0128 - acc: 0.9962
26/57 [============>.................] - ETA: 29:26 - loss: 0.0123 - acc: 0.9964
27/57 [=============>................] - ETA: 28:31 - loss: 0.0132 - acc: 0.9959
28/57 [=============>................] - ETA: 27:35 - loss: 0.0157 - acc: 0.9955
29/57 [==============>...............] - ETA: 26:40 - loss: 0.0153 - acc: 0.9957
30/57 [==============>...............] - ETA: 25:45 - loss: 0.0152 - acc: 0.9953
31/57 [===============>..............] - ETA: 24:49 - loss: 0.0148 - acc: 0.9955
32/57 [===============>..............] - ETA: 23:54 - loss: 0.0144 - acc: 0.9956
33/57 [================>.............] - ETA: 22:58 - loss: 0.0140 - acc: 0.9957
34/57 [================>.............] - ETA: 22:02 - loss: 0.0136 - acc: 0.9959
35/57 [=================>............] - ETA: 21:06 - loss: 0.0133 - acc: 0.9960
36/57 [=================>............] - ETA: 20:09 - loss: 0.0129 - acc: 0.9961
37/57 [==================>...........] - ETA: 19:12 - loss: 0.0135 - acc: 0.9958
38/57 [===================>..........] - ETA: 18:20 - loss: 0.0132 - acc: 0.9959
39/57 [===================>..........] - ETA: 17:28 - loss: 0.0129 - acc: 0.9960
40/57 [====================>.........] - ETA: 16:35 - loss: 0.0126 - acc: 0.9961
41/57 [====================>.........] - ETA: 15:38 - loss: 0.0130 - acc: 0.9958
42/57 [=====================>........] - ETA: 14:40 - loss: 0.0130 - acc: 0.9959
43/57 [=====================>........] - ETA: 13:41 - loss: 0.0130 - acc: 0.9960
44/57 [======================>.......] - ETA: 12:43 - loss: 0.0127 - acc: 0.9961
45/57 [======================>.......] - ETA: 11:45 - loss: 0.0125 - acc: 0.9962
46/57 [=======================>......] - ETA: 10:46 - loss: 0.0122 - acc: 0.9963
47/57 [=======================>......] - ETA: 9:47 - loss: 0.0121 - acc: 0.9963 
48/57 [========================>.....] - ETA: 8:48 - loss: 0.0119 - acc: 0.9964
49/57 [========================>.....] - ETA: 7:50 - loss: 0.0116 - acc: 0.9965
50/57 [=========================>....] - ETA: 6:51 - loss: 0.0114 - acc: 0.9966
51/57 [=========================>....] - ETA: 5:52 - loss: 0.0113 - acc: 0.9966
52/57 [==========================>...] - ETA: 4:54 - loss: 0.0111 - acc: 0.9967
53/57 [==========================>...] - ETA: 3:55 - loss: 0.0109 - acc: 0.9968
54/57 [===========================>..] - ETA: 2:56 - loss: 0.0108 - acc: 0.9968
55/57 [===========================>..] - ETA: 1:57 - loss: 0.0106 - acc: 0.9969
56/57 [============================>.] - ETA: 58s - loss: 0.0105 - acc: 0.9969 
57/57 [==============================] - 3618s 63s/step - loss: 0.0103 - acc: 0.9970 - val_loss: 3.5900e-04 - val_acc: 1.0000
Epoch 12/15

 1/57 [..............................] - ETA: 55:57 - loss: 0.0062 - acc: 1.0000
 2/57 [>.............................] - ETA: 54:41 - loss: 0.0038 - acc: 1.0000
 3/57 [>.............................] - ETA: 53:13 - loss: 0.0029 - acc: 1.0000
 4/57 [=>............................] - ETA: 52:20 - loss: 0.0028 - acc: 1.0000
 5/57 [=>............................] - ETA: 51:16 - loss: 0.0025 - acc: 1.0000
 6/57 [==>...........................] - ETA: 50:06 - loss: 0.0022 - acc: 1.0000
 7/57 [==>...........................] - ETA: 49:02 - loss: 0.0024 - acc: 1.0000
 8/57 [===>..........................] - ETA: 48:06 - loss: 0.0023 - acc: 1.0000
 9/57 [===>..........................] - ETA: 47:08 - loss: 0.0025 - acc: 1.0000
10/57 [====>.........................] - ETA: 46:05 - loss: 0.0036 - acc: 0.9984
11/57 [====>.........................] - ETA: 41:33 - loss: 0.0035 - acc: 0.9986
12/57 [=====>........................] - ETA: 40:58 - loss: 0.0034 - acc: 0.9987
13/57 [=====>........................] - ETA: 40:20 - loss: 0.0032 - acc: 0.9988
14/57 [======>.......................] - ETA: 39:36 - loss: 0.0030 - acc: 0.9989
15/57 [======>.......................] - ETA: 38:54 - loss: 0.0030 - acc: 0.9990
16/57 [=======>......................] - ETA: 38:08 - loss: 0.0030 - acc: 0.9990
17/57 [=======>......................] - ETA: 37:19 - loss: 0.0029 - acc: 0.9991
18/57 [========>.....................] - ETA: 36:28 - loss: 0.0028 - acc: 0.9991
19/57 [=========>....................] - ETA: 35:39 - loss: 0.0027 - acc: 0.9992
20/57 [=========>....................] - ETA: 34:49 - loss: 0.0026 - acc: 0.9992
21/57 [==========>...................] - ETA: 33:58 - loss: 0.0026 - acc: 0.9993
22/57 [==========>...................] - ETA: 33:06 - loss: 0.0025 - acc: 0.9993
23/57 [===========>..................] - ETA: 32:11 - loss: 0.0024 - acc: 0.9993
24/57 [===========>..................] - ETA: 31:18 - loss: 0.0024 - acc: 0.9993
25/57 [============>.................] - ETA: 30:23 - loss: 0.0024 - acc: 0.9994
26/57 [============>.................] - ETA: 29:28 - loss: 0.0024 - acc: 0.9994
27/57 [=============>................] - ETA: 28:32 - loss: 0.0024 - acc: 0.9994
28/57 [=============>................] - ETA: 27:38 - loss: 0.0023 - acc: 0.9994
29/57 [==============>...............] - ETA: 26:42 - loss: 0.0023 - acc: 0.9995
30/57 [==============>...............] - ETA: 25:46 - loss: 0.0027 - acc: 0.9995
31/57 [===============>..............] - ETA: 24:50 - loss: 0.0026 - acc: 0.9995
32/57 [===============>..............] - ETA: 23:53 - loss: 0.0026 - acc: 0.9995
33/57 [================>.............] - ETA: 22:57 - loss: 0.0025 - acc: 0.9995
34/57 [================>.............] - ETA: 22:01 - loss: 0.0025 - acc: 0.9995
35/57 [=================>............] - ETA: 21:04 - loss: 0.0025 - acc: 0.9996
36/57 [=================>............] - ETA: 20:08 - loss: 0.0024 - acc: 0.9996
37/57 [==================>...........] - ETA: 19:11 - loss: 0.0024 - acc: 0.9996
38/57 [===================>..........] - ETA: 18:15 - loss: 0.0023 - acc: 0.9996
39/57 [===================>..........] - ETA: 17:18 - loss: 0.0024 - acc: 0.9996
40/57 [====================>.........] - ETA: 16:21 - loss: 0.0024 - acc: 0.9996
41/57 [====================>.........] - ETA: 15:24 - loss: 0.0029 - acc: 0.9992
42/57 [=====================>........] - ETA: 14:26 - loss: 0.0029 - acc: 0.9993
43/57 [=====================>........] - ETA: 13:29 - loss: 0.0031 - acc: 0.9993
44/57 [======================>.......] - ETA: 12:32 - loss: 0.0030 - acc: 0.9993
45/57 [======================>.......] - ETA: 11:34 - loss: 0.0030 - acc: 0.9993
46/57 [=======================>......] - ETA: 10:36 - loss: 0.0032 - acc: 0.9993
47/57 [=======================>......] - ETA: 9:39 - loss: 0.0031 - acc: 0.9993 
48/57 [========================>.....] - ETA: 8:41 - loss: 0.0031 - acc: 0.9993
49/57 [========================>.....] - ETA: 7:43 - loss: 0.0032 - acc: 0.9994
50/57 [=========================>....] - ETA: 6:46 - loss: 0.0032 - acc: 0.9994
51/57 [=========================>....] - ETA: 5:48 - loss: 0.0031 - acc: 0.9994
52/57 [==========================>...] - ETA: 4:50 - loss: 0.0031 - acc: 0.9994
53/57 [==========================>...] - ETA: 3:52 - loss: 0.0031 - acc: 0.9994
54/57 [===========================>..] - ETA: 2:55 - loss: 0.0031 - acc: 0.9994
55/57 [===========================>..] - ETA: 1:57 - loss: 0.0032 - acc: 0.9994
56/57 [============================>.] - ETA: 58s - loss: 0.0032 - acc: 0.9994 
57/57 [==============================] - 3618s 63s/step - loss: 0.0031 - acc: 0.9995 - val_loss: 2.3648e-04 - val_acc: 1.0000
Epoch 13/15

 1/57 [..............................] - ETA: 54:35 - loss: 0.0019 - acc: 1.0000
 2/57 [>.............................] - ETA: 53:29 - loss: 0.0012 - acc: 1.0000
 3/57 [>.............................] - ETA: 52:39 - loss: 0.0013 - acc: 1.0000
 4/57 [=>............................] - ETA: 51:48 - loss: 0.0012 - acc: 1.0000
 5/57 [=>............................] - ETA: 51:10 - loss: 0.0016 - acc: 1.0000
 6/57 [==>...........................] - ETA: 50:15 - loss: 0.0090 - acc: 0.9948
 7/57 [==>...........................] - ETA: 49:06 - loss: 0.0125 - acc: 0.9933
 8/57 [===>..........................] - ETA: 48:07 - loss: 0.0110 - acc: 0.9941
 9/57 [===>..........................] - ETA: 47:10 - loss: 0.0099 - acc: 0.9948
10/57 [====>.........................] - ETA: 46:11 - loss: 0.0091 - acc: 0.9953
11/57 [====>.........................] - ETA: 45:15 - loss: 0.0088 - acc: 0.9957
12/57 [=====>........................] - ETA: 41:05 - loss: 0.0085 - acc: 0.9961
13/57 [=====>........................] - ETA: 40:27 - loss: 0.0079 - acc: 0.9964
14/57 [======>.......................] - ETA: 39:43 - loss: 0.0074 - acc: 0.9967
15/57 [======>.......................] - ETA: 38:57 - loss: 0.0070 - acc: 0.9969
16/57 [=======>......................] - ETA: 38:10 - loss: 0.0067 - acc: 0.9971
17/57 [=======>......................] - ETA: 37:22 - loss: 0.0065 - acc: 0.9972
18/57 [========>.....................] - ETA: 36:33 - loss: 0.0062 - acc: 0.9974
19/57 [=========>....................] - ETA: 35:44 - loss: 0.0059 - acc: 0.9975
20/57 [=========>....................] - ETA: 34:53 - loss: 0.0057 - acc: 0.9977
21/57 [==========>...................] - ETA: 34:02 - loss: 0.0054 - acc: 0.9978
22/57 [==========>...................] - ETA: 33:08 - loss: 0.0055 - acc: 0.9979
23/57 [===========>..................] - ETA: 32:14 - loss: 0.0056 - acc: 0.9980
24/57 [===========>..................] - ETA: 31:19 - loss: 0.0054 - acc: 0.9980
25/57 [============>.................] - ETA: 30:26 - loss: 0.0056 - acc: 0.9981
26/57 [============>.................] - ETA: 29:30 - loss: 0.0055 - acc: 0.9982
27/57 [=============>................] - ETA: 28:34 - loss: 0.0057 - acc: 0.9983
28/57 [=============>................] - ETA: 27:38 - loss: 0.0056 - acc: 0.9983
29/57 [==============>...............] - ETA: 26:42 - loss: 0.0054 - acc: 0.9984
30/57 [==============>...............] - ETA: 25:46 - loss: 0.0053 - acc: 0.9984
31/57 [===============>..............] - ETA: 24:51 - loss: 0.0052 - acc: 0.9985
32/57 [===============>..............] - ETA: 23:55 - loss: 0.0050 - acc: 0.9985
33/57 [================>.............] - ETA: 22:59 - loss: 0.0050 - acc: 0.9986
34/57 [================>.............] - ETA: 22:03 - loss: 0.0049 - acc: 0.9986
35/57 [=================>............] - ETA: 21:06 - loss: 0.0047 - acc: 0.9987
36/57 [=================>............] - ETA: 20:10 - loss: 0.0047 - acc: 0.9987
37/57 [==================>...........] - ETA: 19:13 - loss: 0.0047 - acc: 0.9987
38/57 [===================>..........] - ETA: 18:16 - loss: 0.0046 - acc: 0.9988
39/57 [===================>..........] - ETA: 17:20 - loss: 0.0045 - acc: 0.9988
40/57 [====================>.........] - ETA: 16:22 - loss: 0.0044 - acc: 0.9988
41/57 [====================>.........] - ETA: 15:25 - loss: 0.0044 - acc: 0.9989
42/57 [=====================>........] - ETA: 14:28 - loss: 0.0043 - acc: 0.9989
43/57 [=====================>........] - ETA: 13:30 - loss: 0.0042 - acc: 0.9989
44/57 [======================>.......] - ETA: 12:32 - loss: 0.0041 - acc: 0.9989
45/57 [======================>.......] - ETA: 11:35 - loss: 0.0041 - acc: 0.9990
46/57 [=======================>......] - ETA: 10:37 - loss: 0.0040 - acc: 0.9990
47/57 [=======================>......] - ETA: 9:40 - loss: 0.0039 - acc: 0.9990 
48/57 [========================>.....] - ETA: 8:42 - loss: 0.0039 - acc: 0.9990
49/57 [========================>.....] - ETA: 7:44 - loss: 0.0038 - acc: 0.9990
50/57 [=========================>....] - ETA: 6:46 - loss: 0.0038 - acc: 0.9991
51/57 [=========================>....] - ETA: 5:48 - loss: 0.0038 - acc: 0.9991
52/57 [==========================>...] - ETA: 4:50 - loss: 0.0038 - acc: 0.9991
53/57 [==========================>...] - ETA: 3:52 - loss: 0.0038 - acc: 0.9991
54/57 [===========================>..] - ETA: 2:54 - loss: 0.0038 - acc: 0.9991
55/57 [===========================>..] - ETA: 1:56 - loss: 0.0037 - acc: 0.9991
56/57 [============================>.] - ETA: 58s - loss: 0.0037 - acc: 0.9992 
57/57 [==============================] - 3583s 63s/step - loss: 0.0036 - acc: 0.9992 - val_loss: 1.2308e-04 - val_acc: 1.0000
Epoch 14/15

 1/57 [..............................] - ETA: 55:07 - loss: 9.8610e-04 - acc: 1.0000
 2/57 [>.............................] - ETA: 54:10 - loss: 9.8122e-04 - acc: 1.0000
 3/57 [>.............................] - ETA: 52:59 - loss: 0.0010 - acc: 1.0000    
 4/57 [=>............................] - ETA: 51:49 - loss: 0.0011 - acc: 1.0000
 5/57 [=>............................] - ETA: 50:46 - loss: 9.1081e-04 - acc: 1.0000
 6/57 [==>...........................] - ETA: 49:59 - loss: 9.4419e-04 - acc: 1.0000
 7/57 [==>...........................] - ETA: 50:09 - loss: 8.8727e-04 - acc: 1.0000
 8/57 [===>..........................] - ETA: 49:57 - loss: 9.5066e-04 - acc: 1.0000
 9/57 [===>..........................] - ETA: 49:34 - loss: 9.5738e-04 - acc: 1.0000
10/57 [====>.........................] - ETA: 48:27 - loss: 9.2369e-04 - acc: 1.0000
11/57 [====>.........................] - ETA: 47:14 - loss: 9.2029e-04 - acc: 1.0000
12/57 [=====>........................] - ETA: 45:59 - loss: 8.9115e-04 - acc: 1.0000
13/57 [=====>........................] - ETA: 41:58 - loss: 0.0067 - acc: 1.0000    
14/57 [======>.......................] - ETA: 41:04 - loss: 0.0063 - acc: 1.0000
15/57 [======>.......................] - ETA: 40:10 - loss: 0.0059 - acc: 1.0000
16/57 [=======>......................] - ETA: 39:15 - loss: 0.0068 - acc: 1.0000
17/57 [=======>......................] - ETA: 38:23 - loss: 0.0065 - acc: 1.0000
18/57 [========>.....................] - ETA: 37:27 - loss: 0.0064 - acc: 1.0000
19/57 [=========>....................] - ETA: 36:34 - loss: 0.0061 - acc: 1.0000
20/57 [=========>....................] - ETA: 35:40 - loss: 0.0059 - acc: 1.0000
21/57 [==========>...................] - ETA: 34:44 - loss: 0.0057 - acc: 1.0000
22/57 [==========>...................] - ETA: 33:47 - loss: 0.0054 - acc: 1.0000
23/57 [===========>..................] - ETA: 32:49 - loss: 0.0053 - acc: 1.0000
24/57 [===========>..................] - ETA: 31:52 - loss: 0.0052 - acc: 1.0000
25/57 [============>.................] - ETA: 30:56 - loss: 0.0050 - acc: 1.0000
26/57 [============>.................] - ETA: 29:59 - loss: 0.0049 - acc: 1.0000
27/57 [=============>................] - ETA: 29:02 - loss: 0.0047 - acc: 1.0000
28/57 [=============>................] - ETA: 28:05 - loss: 0.0046 - acc: 1.0000
29/57 [==============>...............] - ETA: 27:08 - loss: 0.0045 - acc: 1.0000
30/57 [==============>...............] - ETA: 26:11 - loss: 0.0058 - acc: 0.9995
31/57 [===============>..............] - ETA: 25:13 - loss: 0.0056 - acc: 0.9995
32/57 [===============>..............] - ETA: 24:16 - loss: 0.0055 - acc: 0.9995
33/57 [================>.............] - ETA: 23:19 - loss: 0.0053 - acc: 0.9995
34/57 [================>.............] - ETA: 22:22 - loss: 0.0052 - acc: 0.9995
35/57 [=================>............] - ETA: 21:24 - loss: 0.0051 - acc: 0.9996
36/57 [=================>............] - ETA: 20:26 - loss: 0.0050 - acc: 0.9996
37/57 [==================>...........] - ETA: 19:28 - loss: 0.0049 - acc: 0.9996
38/57 [===================>..........] - ETA: 18:30 - loss: 0.0048 - acc: 0.9996
39/57 [===================>..........] - ETA: 17:31 - loss: 0.0047 - acc: 0.9996
40/57 [====================>.........] - ETA: 16:33 - loss: 0.0046 - acc: 0.9996
41/57 [====================>.........] - ETA: 15:35 - loss: 0.0046 - acc: 0.9996
42/57 [=====================>........] - ETA: 14:37 - loss: 0.0045 - acc: 0.9996
43/57 [=====================>........] - ETA: 13:38 - loss: 0.0045 - acc: 0.9996
44/57 [======================>.......] - ETA: 12:40 - loss: 0.0044 - acc: 0.9996
45/57 [======================>.......] - ETA: 11:42 - loss: 0.0043 - acc: 0.9997
46/57 [=======================>......] - ETA: 10:44 - loss: 0.0042 - acc: 0.9997
47/57 [=======================>......] - ETA: 9:45 - loss: 0.0042 - acc: 0.9997 
48/57 [========================>.....] - ETA: 8:47 - loss: 0.0041 - acc: 0.9997
49/57 [========================>.....] - ETA: 7:48 - loss: 0.0041 - acc: 0.9997
50/57 [=========================>....] - ETA: 6:50 - loss: 0.0041 - acc: 0.9997
51/57 [=========================>....] - ETA: 5:51 - loss: 0.0040 - acc: 0.9997
52/57 [==========================>...] - ETA: 4:52 - loss: 0.0039 - acc: 0.9997
53/57 [==========================>...] - ETA: 3:54 - loss: 0.0039 - acc: 0.9997
54/57 [===========================>..] - ETA: 2:55 - loss: 0.0038 - acc: 0.9997
55/57 [===========================>..] - ETA: 1:57 - loss: 0.0038 - acc: 0.9997
56/57 [============================>.] - ETA: 58s - loss: 0.0037 - acc: 0.9997 
57/57 [==============================] - 3606s 63s/step - loss: 0.0037 - acc: 0.9997 - val_loss: 2.0451e-04 - val_acc: 1.0000
Epoch 15/15

 1/57 [..............................] - ETA: 54:16 - loss: 0.0612 - acc: 0.9844
 2/57 [>.............................] - ETA: 53:37 - loss: 0.0322 - acc: 0.9922
 3/57 [>.............................] - ETA: 52:22 - loss: 0.0220 - acc: 0.9948
 4/57 [=>............................] - ETA: 51:25 - loss: 0.0171 - acc: 0.9961
 5/57 [=>............................] - ETA: 50:27 - loss: 0.0140 - acc: 0.9969
 6/57 [==>...........................] - ETA: 49:21 - loss: 0.0124 - acc: 0.9974
 7/57 [==>...........................] - ETA: 48:26 - loss: 0.0112 - acc: 0.9978
 8/57 [===>..........................] - ETA: 47:28 - loss: 0.0100 - acc: 0.9980
 9/57 [===>..........................] - ETA: 46:33 - loss: 0.0091 - acc: 0.9983
10/57 [====>.........................] - ETA: 45:34 - loss: 0.0083 - acc: 0.9984
11/57 [====>.........................] - ETA: 44:39 - loss: 0.0078 - acc: 0.9986
12/57 [=====>........................] - ETA: 43:44 - loss: 0.0077 - acc: 0.9987
13/57 [=====>........................] - ETA: 42:48 - loss: 0.0075 - acc: 0.9988
14/57 [======>.......................] - ETA: 39:14 - loss: 0.0072 - acc: 0.9989
15/57 [======>.......................] - ETA: 38:30 - loss: 0.0189 - acc: 0.9969
16/57 [=======>......................] - ETA: 37:47 - loss: 0.0178 - acc: 0.9971
17/57 [=======>......................] - ETA: 37:01 - loss: 0.0168 - acc: 0.9972
18/57 [========>.....................] - ETA: 36:12 - loss: 0.0161 - acc: 0.9974
19/57 [=========>....................] - ETA: 35:23 - loss: 0.0154 - acc: 0.9975
20/57 [=========>....................] - ETA: 34:31 - loss: 0.0173 - acc: 0.9969
21/57 [==========>...................] - ETA: 33:39 - loss: 0.0165 - acc: 0.9970
22/57 [==========>...................] - ETA: 32:49 - loss: 0.0158 - acc: 0.9972
23/57 [===========>..................] - ETA: 32:11 - loss: 0.0152 - acc: 0.9973
24/57 [===========>..................] - ETA: 31:30 - loss: 0.0146 - acc: 0.9974
25/57 [============>.................] - ETA: 30:48 - loss: 0.0140 - acc: 0.9975
26/57 [============>.................] - ETA: 29:55 - loss: 0.0135 - acc: 0.9976
27/57 [=============>................] - ETA: 28:59 - loss: 0.0130 - acc: 0.9977
28/57 [=============>................] - ETA: 28:02 - loss: 0.0126 - acc: 0.9978
29/57 [==============>...............] - ETA: 27:05 - loss: 0.0122 - acc: 0.9978
30/57 [==============>...............] - ETA: 26:08 - loss: 0.0118 - acc: 0.9979
31/57 [===============>..............] - ETA: 25:10 - loss: 0.0115 - acc: 0.9980
32/57 [===============>..............] - ETA: 24:12 - loss: 0.0112 - acc: 0.9980
33/57 [================>.............] - ETA: 23:15 - loss: 0.0109 - acc: 0.9981
34/57 [================>.............] - ETA: 22:18 - loss: 0.0106 - acc: 0.9982
35/57 [=================>............] - ETA: 21:20 - loss: 0.0103 - acc: 0.9982
36/57 [=================>............] - ETA: 20:23 - loss: 0.0103 - acc: 0.9983
37/57 [==================>...........] - ETA: 19:25 - loss: 0.0101 - acc: 0.9983
38/57 [===================>..........] - ETA: 18:27 - loss: 0.0098 - acc: 0.9984
39/57 [===================>..........] - ETA: 17:29 - loss: 0.0096 - acc: 0.9984
40/57 [====================>.........] - ETA: 16:31 - loss: 0.0094 - acc: 0.9984
41/57 [====================>.........] - ETA: 15:33 - loss: 0.0092 - acc: 0.9985
42/57 [=====================>........] - ETA: 14:35 - loss: 0.0090 - acc: 0.9985
43/57 [=====================>........] - ETA: 13:37 - loss: 0.0088 - acc: 0.9985
44/57 [======================>.......] - ETA: 12:39 - loss: 0.0086 - acc: 0.9986
45/57 [======================>.......] - ETA: 11:41 - loss: 0.0085 - acc: 0.9986
46/57 [=======================>......] - ETA: 10:42 - loss: 0.0084 - acc: 0.9986
47/57 [=======================>......] - ETA: 9:44 - loss: 0.0083 - acc: 0.9987 
48/57 [========================>.....] - ETA: 8:46 - loss: 0.0081 - acc: 0.9987
49/57 [========================>.....] - ETA: 7:47 - loss: 0.0080 - acc: 0.9987
50/57 [=========================>....] - ETA: 6:49 - loss: 0.0078 - acc: 0.9988
51/57 [=========================>....] - ETA: 5:51 - loss: 0.0079 - acc: 0.9985
52/57 [==========================>...] - ETA: 4:52 - loss: 0.0078 - acc: 0.9985
53/57 [==========================>...] - ETA: 3:54 - loss: 0.0077 - acc: 0.9985
54/57 [===========================>..] - ETA: 2:55 - loss: 0.0076 - acc: 0.9986
55/57 [===========================>..] - ETA: 1:57 - loss: 0.0074 - acc: 0.9986
56/57 [============================>.] - ETA: 58s - loss: 0.0073 - acc: 0.9986 
57/57 [==============================] - 3600s 63s/step - loss: 0.0073 - acc: 0.9986 - val_loss: 1.0377e-04 - val_acc: 1.0000
Using TensorFlow backend.
No handles with labels found to put in legend.
[INFO] evaluating network...
             precision    recall  f1-score   support

          A       0.99      0.92      0.95        96
          B       0.99      0.81      0.89       102
          C       1.00      0.98      0.99       112
       Five       0.79      0.95      0.86       134
      Point       0.89      0.99      0.94       119
          V       0.93      0.80      0.86        95

avg / total       0.92      0.91      0.92       658

Accuracy: 0.9148936170212766
[[ 88   0   0   7   1   0]
 [  0  83   0  19   0   0]
 [  0   0 110   2   0   0]
 [  0   0   0 127   1   6]
 [  1   0   0   0 118   0]
 [  0   1   0   5  13  76]]
[INFO] serializing network and label binarizer...
[INFO] plotting and saving results...
Dropout: 0.8 BS: 64
