2018-11-17 23:18:24.982584: I tensorflow/core/platform/cpu_feature_guard.cc:141] Your CPU supports instructions that this TensorFlow binary was not compiled to use: AVX2 FMA
[INFO] loading images...
[INFO] training network...
Epoch 1/18

 1/57 [..............................] - ETA: 1:29:31 - loss: 1.9720 - acc: 0.0781
 2/57 [>.............................] - ETA: 1:19:12 - loss: 1.9288 - acc: 0.0938
 3/57 [>.............................] - ETA: 1:15:53 - loss: 1.9366 - acc: 0.0938
 4/57 [=>............................] - ETA: 1:14:20 - loss: 1.9218 - acc: 0.0938
 5/57 [=>............................] - ETA: 1:12:05 - loss: 1.8901 - acc: 0.1094
 6/57 [==>...........................] - ETA: 1:10:31 - loss: 1.8729 - acc: 0.1172
 7/57 [==>...........................] - ETA: 1:08:44 - loss: 1.8634 - acc: 0.1205
 8/57 [===>..........................] - ETA: 1:07:09 - loss: 1.8583 - acc: 0.1230
 9/57 [===>..........................] - ETA: 1:05:55 - loss: 1.8470 - acc: 0.1354
10/57 [====>.........................] - ETA: 1:04:09 - loss: 1.8431 - acc: 0.1437
11/57 [====>.........................] - ETA: 1:02:38 - loss: 1.8362 - acc: 0.1491
12/57 [=====>........................] - ETA: 1:01:12 - loss: 1.8299 - acc: 0.1589
13/57 [=====>........................] - ETA: 59:47 - loss: 1.8276 - acc: 0.1611  
14/57 [======>.......................] - ETA: 58:19 - loss: 1.8168 - acc: 0.1719
15/57 [======>.......................] - ETA: 56:51 - loss: 1.8066 - acc: 0.1802
16/57 [=======>......................] - ETA: 55:30 - loss: 1.8006 - acc: 0.1865
17/57 [=======>......................] - ETA: 54:11 - loss: 1.7928 - acc: 0.1921
18/57 [========>.....................] - ETA: 52:43 - loss: 1.7868 - acc: 0.1970
19/57 [=========>....................] - ETA: 51:20 - loss: 1.7816 - acc: 0.1982
20/57 [=========>....................] - ETA: 49:58 - loss: 1.7719 - acc: 0.2094
21/57 [==========>...................] - ETA: 48:34 - loss: 1.7691 - acc: 0.2098
22/57 [==========>...................] - ETA: 47:11 - loss: 1.7626 - acc: 0.2124
23/57 [===========>..................] - ETA: 45:48 - loss: 1.7580 - acc: 0.2120
24/57 [===========>..................] - ETA: 44:26 - loss: 1.7508 - acc: 0.2168
25/57 [============>.................] - ETA: 43:05 - loss: 1.7473 - acc: 0.2194
26/57 [============>.................] - ETA: 41:42 - loss: 1.7442 - acc: 0.2224
27/57 [=============>................] - ETA: 40:21 - loss: 1.7393 - acc: 0.2251
28/57 [=============>................] - ETA: 39:00 - loss: 1.7334 - acc: 0.2305
29/57 [==============>...............] - ETA: 37:37 - loss: 1.7344 - acc: 0.2306
30/57 [==============>...............] - ETA: 36:15 - loss: 1.7322 - acc: 0.2323
31/57 [===============>..............] - ETA: 34:56 - loss: 1.7298 - acc: 0.2359
32/57 [===============>..............] - ETA: 33:34 - loss: 1.7294 - acc: 0.2354
33/57 [================>.............] - ETA: 32:12 - loss: 1.7254 - acc: 0.2367
34/57 [================>.............] - ETA: 30:51 - loss: 1.7236 - acc: 0.2399
35/57 [=================>............] - ETA: 29:29 - loss: 1.7209 - acc: 0.2424
36/57 [=================>............] - ETA: 28:09 - loss: 1.7162 - acc: 0.2461
37/57 [==================>...........] - ETA: 26:48 - loss: 1.7082 - acc: 0.2513
38/57 [===================>..........] - ETA: 25:27 - loss: 1.7067 - acc: 0.2541
39/57 [===================>..........] - ETA: 24:07 - loss: 1.7031 - acc: 0.2576
40/57 [====================>.........] - ETA: 22:47 - loss: 1.7019 - acc: 0.2590
41/57 [====================>.........] - ETA: 21:27 - loss: 1.6968 - acc: 0.2622
42/57 [=====================>........] - ETA: 20:07 - loss: 1.6921 - acc: 0.2660
43/57 [=====================>........] - ETA: 18:47 - loss: 1.6918 - acc: 0.2664
44/57 [======================>.......] - ETA: 17:26 - loss: 1.6883 - acc: 0.2692
45/57 [======================>.......] - ETA: 16:06 - loss: 1.6844 - acc: 0.2736
46/57 [=======================>......] - ETA: 14:46 - loss: 1.6834 - acc: 0.2748
47/57 [=======================>......] - ETA: 13:25 - loss: 1.6821 - acc: 0.2769
48/57 [========================>.....] - ETA: 12:04 - loss: 1.6785 - acc: 0.2809
49/57 [========================>.....] - ETA: 10:43 - loss: 1.6760 - acc: 0.2828
50/57 [=========================>....] - ETA: 9:22 - loss: 1.6720 - acc: 0.2856 
51/57 [=========================>....] - ETA: 8:02 - loss: 1.6694 - acc: 0.2868
52/57 [==========================>...] - ETA: 6:42 - loss: 1.6662 - acc: 0.2888
53/57 [==========================>...] - ETA: 5:21 - loss: 1.6640 - acc: 0.2904
54/57 [===========================>..] - ETA: 4:01 - loss: 1.6603 - acc: 0.2928
55/57 [===========================>..] - ETA: 2:40 - loss: 1.6563 - acc: 0.2946
56/57 [============================>.] - ETA: 1:20 - loss: 1.6517 - acc: 0.2980
57/57 [==============================] - 4809s 84s/step - loss: 1.6495 - acc: 0.3004 - val_loss: 1.4462 - val_acc: 0.4762
Epoch 2/18

 1/57 [..............................] - ETA: 6:17 - loss: 1.5189 - acc: 0.3333
 2/57 [>.............................] - ETA: 38:49 - loss: 1.4632 - acc: 0.3698
 3/57 [>.............................] - ETA: 49:07 - loss: 1.4937 - acc: 0.3976
 4/57 [=>............................] - ETA: 53:15 - loss: 1.4771 - acc: 0.4193
 5/57 [=>............................] - ETA: 55:19 - loss: 1.4932 - acc: 0.4135
 6/57 [==>...........................] - ETA: 56:34 - loss: 1.4774 - acc: 0.4306
 7/57 [==>...........................] - ETA: 57:00 - loss: 1.4605 - acc: 0.4427
 8/57 [===>..........................] - ETA: 57:05 - loss: 1.4505 - acc: 0.4479
 9/57 [===>..........................] - ETA: 56:58 - loss: 1.4362 - acc: 0.4537
10/57 [====>.........................] - ETA: 56:23 - loss: 1.4361 - acc: 0.4474
11/57 [====>.........................] - ETA: 55:41 - loss: 1.4268 - acc: 0.4522
12/57 [=====>........................] - ETA: 54:58 - loss: 1.4299 - acc: 0.4484
13/57 [=====>........................] - ETA: 54:02 - loss: 1.4241 - acc: 0.4523
14/57 [======>.......................] - ETA: 53:14 - loss: 1.4177 - acc: 0.4568
15/57 [======>.......................] - ETA: 52:15 - loss: 1.4158 - acc: 0.4576
16/57 [=======>......................] - ETA: 51:08 - loss: 1.4129 - acc: 0.4632
17/57 [=======>......................] - ETA: 50:13 - loss: 1.4118 - acc: 0.4617
18/57 [========>.....................] - ETA: 49:07 - loss: 1.3998 - acc: 0.4751
19/57 [=========>....................] - ETA: 48:04 - loss: 1.3914 - acc: 0.4772
20/57 [=========>....................] - ETA: 46:59 - loss: 1.3895 - acc: 0.4760
21/57 [==========>...................] - ETA: 45:46 - loss: 1.3763 - acc: 0.4839
22/57 [==========>...................] - ETA: 44:33 - loss: 1.3685 - acc: 0.4896
23/57 [===========>..................] - ETA: 43:20 - loss: 1.3676 - acc: 0.4914
24/57 [===========>..................] - ETA: 42:08 - loss: 1.3648 - acc: 0.4944
25/57 [============>.................] - ETA: 40:54 - loss: 1.3609 - acc: 0.4952
26/57 [============>.................] - ETA: 39:39 - loss: 1.3618 - acc: 0.4948
27/57 [=============>................] - ETA: 38:29 - loss: 1.3596 - acc: 0.4956
28/57 [=============>................] - ETA: 37:17 - loss: 1.3546 - acc: 0.4980
29/57 [==============>...............] - ETA: 36:08 - loss: 1.3465 - acc: 0.5023
30/57 [==============>...............] - ETA: 34:51 - loss: 1.3399 - acc: 0.5064
31/57 [===============>..............] - ETA: 33:35 - loss: 1.3344 - acc: 0.5077
32/57 [===============>..............] - ETA: 32:21 - loss: 1.3363 - acc: 0.5046
33/57 [================>.............] - ETA: 31:04 - loss: 1.3307 - acc: 0.5058
34/57 [================>.............] - ETA: 29:48 - loss: 1.3216 - acc: 0.5116
35/57 [=================>............] - ETA: 28:33 - loss: 1.3161 - acc: 0.5149
36/57 [=================>............] - ETA: 27:16 - loss: 1.3102 - acc: 0.5201
37/57 [==================>...........] - ETA: 26:00 - loss: 1.3029 - acc: 0.5234
38/57 [===================>..........] - ETA: 24:43 - loss: 1.2956 - acc: 0.5269
39/57 [===================>..........] - ETA: 23:26 - loss: 1.2886 - acc: 0.5310
40/57 [====================>.........] - ETA: 22:09 - loss: 1.2804 - acc: 0.5372
41/57 [====================>.........] - ETA: 20:51 - loss: 1.2752 - acc: 0.5394
42/57 [=====================>........] - ETA: 19:34 - loss: 1.2698 - acc: 0.5418
43/57 [=====================>........] - ETA: 18:17 - loss: 1.2631 - acc: 0.5459
44/57 [======================>.......] - ETA: 16:58 - loss: 1.2570 - acc: 0.5484
45/57 [======================>.......] - ETA: 15:41 - loss: 1.2519 - acc: 0.5519
46/57 [=======================>......] - ETA: 14:23 - loss: 1.2438 - acc: 0.5558
47/57 [=======================>......] - ETA: 13:04 - loss: 1.2384 - acc: 0.5583
48/57 [========================>.....] - ETA: 11:46 - loss: 1.2326 - acc: 0.5613
49/57 [========================>.....] - ETA: 10:28 - loss: 1.2245 - acc: 0.5655
50/57 [=========================>....] - ETA: 9:09 - loss: 1.2177 - acc: 0.5695 
51/57 [=========================>....] - ETA: 7:51 - loss: 1.2086 - acc: 0.5730
52/57 [==========================>...] - ETA: 6:32 - loss: 1.2012 - acc: 0.5761
53/57 [==========================>...] - ETA: 5:14 - loss: 1.1936 - acc: 0.5797
54/57 [===========================>..] - ETA: 3:55 - loss: 1.1856 - acc: 0.5831
55/57 [===========================>..] - ETA: 2:37 - loss: 1.1757 - acc: 0.5882
56/57 [============================>.] - ETA: 1:18 - loss: 1.1677 - acc: 0.5922
57/57 [==============================] - 4713s 83s/step - loss: 1.1610 - acc: 0.5945 - val_loss: 0.6402 - val_acc: 0.8120
Epoch 3/18

 1/57 [..............................] - ETA: 1:11:01 - loss: 0.7540 - acc: 0.7656
 2/57 [>.............................] - ETA: 38:29 - loss: 0.6418 - acc: 0.8828  
 3/57 [>.............................] - ETA: 48:39 - loss: 0.6543 - acc: 0.8542
 4/57 [=>............................] - ETA: 53:01 - loss: 0.6433 - acc: 0.8555
 5/57 [=>............................] - ETA: 54:56 - loss: 0.6392 - acc: 0.8469
 6/57 [==>...........................] - ETA: 56:05 - loss: 0.6400 - acc: 0.8464
 7/57 [==>...........................] - ETA: 56:35 - loss: 0.6449 - acc: 0.8348
 8/57 [===>..........................] - ETA: 56:20 - loss: 0.6549 - acc: 0.8242
 9/57 [===>..........................] - ETA: 56:10 - loss: 0.6380 - acc: 0.8368
10/57 [====>.........................] - ETA: 55:53 - loss: 0.6348 - acc: 0.8344
11/57 [====>.........................] - ETA: 55:11 - loss: 0.6280 - acc: 0.8381
12/57 [=====>........................] - ETA: 54:31 - loss: 0.6169 - acc: 0.8424
13/57 [=====>........................] - ETA: 53:45 - loss: 0.6161 - acc: 0.8389
14/57 [======>.......................] - ETA: 53:01 - loss: 0.6192 - acc: 0.8348
15/57 [======>.......................] - ETA: 52:10 - loss: 0.6073 - acc: 0.8385
16/57 [=======>......................] - ETA: 51:14 - loss: 0.6050 - acc: 0.8350
17/57 [=======>......................] - ETA: 50:16 - loss: 0.6000 - acc: 0.8336
18/57 [========>.....................] - ETA: 49:12 - loss: 0.5925 - acc: 0.8342
19/57 [=========>....................] - ETA: 48:04 - loss: 0.5868 - acc: 0.8331
20/57 [=========>....................] - ETA: 46:54 - loss: 0.5840 - acc: 0.8336
21/57 [==========>...................] - ETA: 45:47 - loss: 0.5755 - acc: 0.8371
22/57 [==========>...................] - ETA: 44:39 - loss: 0.5676 - acc: 0.8402
23/57 [===========>..................] - ETA: 43:27 - loss: 0.5599 - acc: 0.8438
24/57 [===========>..................] - ETA: 42:16 - loss: 0.5543 - acc: 0.8424
25/57 [============>.................] - ETA: 41:00 - loss: 0.5509 - acc: 0.8438
26/57 [============>.................] - ETA: 39:47 - loss: 0.5480 - acc: 0.8438
27/57 [=============>................] - ETA: 38:35 - loss: 0.5427 - acc: 0.8455
28/57 [=============>................] - ETA: 37:19 - loss: 0.5392 - acc: 0.8465
29/57 [==============>...............] - ETA: 36:04 - loss: 0.5311 - acc: 0.8502
30/57 [==============>...............] - ETA: 34:49 - loss: 0.5224 - acc: 0.8531
31/57 [===============>..............] - ETA: 33:33 - loss: 0.5208 - acc: 0.8528
32/57 [===============>..............] - ETA: 32:18 - loss: 0.5171 - acc: 0.8530
33/57 [================>.............] - ETA: 31:03 - loss: 0.5090 - acc: 0.8565
34/57 [================>.............] - ETA: 29:46 - loss: 0.5063 - acc: 0.8571
35/57 [=================>............] - ETA: 28:30 - loss: 0.5012 - acc: 0.8580
36/57 [=================>............] - ETA: 27:14 - loss: 0.4963 - acc: 0.8589
37/57 [==================>...........] - ETA: 25:57 - loss: 0.4929 - acc: 0.8590
38/57 [===================>..........] - ETA: 24:41 - loss: 0.4892 - acc: 0.8598
39/57 [===================>..........] - ETA: 23:23 - loss: 0.4825 - acc: 0.8618
40/57 [====================>.........] - ETA: 22:06 - loss: 0.4775 - acc: 0.8625
41/57 [====================>.........] - ETA: 20:50 - loss: 0.4733 - acc: 0.8639
42/57 [=====================>........] - ETA: 19:31 - loss: 0.4683 - acc: 0.8661
43/57 [=====================>........] - ETA: 18:14 - loss: 0.4626 - acc: 0.8677
44/57 [======================>.......] - ETA: 16:57 - loss: 0.4570 - acc: 0.8697
45/57 [======================>.......] - ETA: 15:39 - loss: 0.4526 - acc: 0.8708
46/57 [=======================>......] - ETA: 14:21 - loss: 0.4517 - acc: 0.8716
47/57 [=======================>......] - ETA: 13:03 - loss: 0.4464 - acc: 0.8733
48/57 [========================>.....] - ETA: 11:44 - loss: 0.4429 - acc: 0.8743
49/57 [========================>.....] - ETA: 10:26 - loss: 0.4379 - acc: 0.8760
50/57 [=========================>....] - ETA: 9:08 - loss: 0.4344 - acc: 0.8769 
51/57 [=========================>....] - ETA: 7:50 - loss: 0.4321 - acc: 0.8778
52/57 [==========================>...] - ETA: 6:32 - loss: 0.4288 - acc: 0.8792
53/57 [==========================>...] - ETA: 5:14 - loss: 0.4261 - acc: 0.8794
54/57 [===========================>..] - ETA: 3:55 - loss: 0.4227 - acc: 0.8805
55/57 [===========================>..] - ETA: 2:37 - loss: 0.4189 - acc: 0.8815
56/57 [============================>.] - ETA: 1:18 - loss: 0.4163 - acc: 0.8823
57/57 [==============================] - 4726s 83s/step - loss: 0.4125 - acc: 0.8835 - val_loss: 0.1602 - val_acc: 0.9606
Epoch 4/18

 1/57 [..............................] - ETA: 1:12:26 - loss: 0.1467 - acc: 0.9688
 2/57 [>.............................] - ETA: 1:11:40 - loss: 0.2067 - acc: 0.9219
 3/57 [>.............................] - ETA: 49:16 - loss: 0.4729 - acc: 0.8368  
 4/57 [=>............................] - ETA: 53:54 - loss: 0.3900 - acc: 0.8737
 5/57 [=>............................] - ETA: 55:49 - loss: 0.3421 - acc: 0.8927
 6/57 [==>...........................] - ETA: 56:48 - loss: 0.3038 - acc: 0.9080
 7/57 [==>...........................] - ETA: 57:25 - loss: 0.2923 - acc: 0.9010
 8/57 [===>..........................] - ETA: 57:16 - loss: 0.2765 - acc: 0.9115
 9/57 [===>..........................] - ETA: 57:02 - loss: 0.2636 - acc: 0.9178
10/57 [====>.........................] - ETA: 56:39 - loss: 0.2494 - acc: 0.9260
11/57 [====>.........................] - ETA: 55:53 - loss: 0.2431 - acc: 0.9285
12/57 [=====>........................] - ETA: 55:11 - loss: 0.2333 - acc: 0.9332
13/57 [=====>........................] - ETA: 54:21 - loss: 0.2281 - acc: 0.9347
14/57 [======>.......................] - ETA: 53:22 - loss: 0.2229 - acc: 0.9349
15/57 [======>.......................] - ETA: 52:26 - loss: 0.2181 - acc: 0.9361
16/57 [=======>......................] - ETA: 51:19 - loss: 0.2133 - acc: 0.9372
17/57 [=======>......................] - ETA: 50:18 - loss: 0.2094 - acc: 0.9372
18/57 [========>.....................] - ETA: 49:17 - loss: 0.2043 - acc: 0.9389
19/57 [=========>....................] - ETA: 48:07 - loss: 0.1984 - acc: 0.9422
20/57 [=========>....................] - ETA: 47:00 - loss: 0.1936 - acc: 0.9443
21/57 [==========>...................] - ETA: 45:50 - loss: 0.1881 - acc: 0.9469
22/57 [==========>...................] - ETA: 44:41 - loss: 0.1852 - acc: 0.9493
23/57 [===========>..................] - ETA: 43:30 - loss: 0.1861 - acc: 0.9475
24/57 [===========>..................] - ETA: 42:18 - loss: 0.1834 - acc: 0.9484
25/57 [============>.................] - ETA: 41:06 - loss: 0.1834 - acc: 0.9485
26/57 [============>.................] - ETA: 39:55 - loss: 0.1817 - acc: 0.9487
27/57 [=============>................] - ETA: 38:39 - loss: 0.1804 - acc: 0.9489
28/57 [=============>................] - ETA: 37:25 - loss: 0.1779 - acc: 0.9490
29/57 [==============>...............] - ETA: 36:11 - loss: 0.1765 - acc: 0.9492
30/57 [==============>...............] - ETA: 34:55 - loss: 0.1755 - acc: 0.9483
31/57 [===============>..............] - ETA: 33:42 - loss: 0.1730 - acc: 0.9494
32/57 [===============>..............] - ETA: 32:25 - loss: 0.1744 - acc: 0.9491
33/57 [================>.............] - ETA: 31:10 - loss: 0.1742 - acc: 0.9492
34/57 [================>.............] - ETA: 29:54 - loss: 0.1741 - acc: 0.9493
35/57 [=================>............] - ETA: 28:36 - loss: 0.1714 - acc: 0.9507
36/57 [=================>............] - ETA: 27:18 - loss: 0.1694 - acc: 0.9517
37/57 [==================>...........] - ETA: 26:02 - loss: 0.1673 - acc: 0.9526
38/57 [===================>..........] - ETA: 24:43 - loss: 0.1645 - acc: 0.9538
39/57 [===================>..........] - ETA: 23:27 - loss: 0.1627 - acc: 0.9542
40/57 [====================>.........] - ETA: 22:10 - loss: 0.1607 - acc: 0.9549
41/57 [====================>.........] - ETA: 20:51 - loss: 0.1598 - acc: 0.9553
42/57 [=====================>........] - ETA: 19:34 - loss: 0.1581 - acc: 0.9560
43/57 [=====================>........] - ETA: 18:17 - loss: 0.1590 - acc: 0.9555
44/57 [======================>.......] - ETA: 17:00 - loss: 0.1579 - acc: 0.9558
45/57 [======================>.......] - ETA: 15:42 - loss: 0.1566 - acc: 0.9561
46/57 [=======================>......] - ETA: 14:24 - loss: 0.1566 - acc: 0.9564
47/57 [=======================>......] - ETA: 13:05 - loss: 0.1579 - acc: 0.9553
48/57 [========================>.....] - ETA: 11:48 - loss: 0.1578 - acc: 0.9550
49/57 [========================>.....] - ETA: 10:29 - loss: 0.1562 - acc: 0.9553
50/57 [=========================>....] - ETA: 9:11 - loss: 0.1548 - acc: 0.9555 
51/57 [=========================>....] - ETA: 7:52 - loss: 0.1524 - acc: 0.9564
52/57 [==========================>...] - ETA: 6:33 - loss: 0.1501 - acc: 0.9572
53/57 [==========================>...] - ETA: 5:15 - loss: 0.1489 - acc: 0.9574
54/57 [===========================>..] - ETA: 3:56 - loss: 0.1474 - acc: 0.9579
55/57 [===========================>..] - ETA: 2:37 - loss: 0.1456 - acc: 0.9587
56/57 [============================>.] - ETA: 1:18 - loss: 0.1448 - acc: 0.9592
57/57 [==============================] - 4720s 83s/step - loss: 0.1426 - acc: 0.9600 - val_loss: 0.0600 - val_acc: 0.9795
Epoch 5/18

 1/57 [..............................] - ETA: 1:12:58 - loss: 0.1265 - acc: 0.9531
 2/57 [>.............................] - ETA: 1:12:34 - loss: 0.1107 - acc: 0.9688
 3/57 [>.............................] - ETA: 1:10:22 - loss: 0.1194 - acc: 0.9635
 4/57 [=>............................] - ETA: 53:27 - loss: 0.1776 - acc: 0.8893  
 5/57 [=>............................] - ETA: 55:51 - loss: 0.1524 - acc: 0.9083
 6/57 [==>...........................] - ETA: 56:48 - loss: 0.1449 - acc: 0.9184
 7/57 [==>...........................] - ETA: 57:04 - loss: 0.1375 - acc: 0.9278
 8/57 [===>..........................] - ETA: 57:13 - loss: 0.1228 - acc: 0.9368
 9/57 [===>..........................] - ETA: 56:52 - loss: 0.1115 - acc: 0.9439
10/57 [====>.........................] - ETA: 56:25 - loss: 0.1062 - acc: 0.9464
11/57 [====>.........................] - ETA: 55:52 - loss: 0.1067 - acc: 0.9455
12/57 [=====>........................] - ETA: 54:57 - loss: 0.1029 - acc: 0.9475
13/57 [=====>........................] - ETA: 54:10 - loss: 0.0978 - acc: 0.9515
14/57 [======>.......................] - ETA: 53:23 - loss: 0.0937 - acc: 0.9550
15/57 [======>.......................] - ETA: 52:19 - loss: 0.0946 - acc: 0.9569
16/57 [=======>......................] - ETA: 51:19 - loss: 0.0938 - acc: 0.9587
17/57 [=======>......................] - ETA: 50:15 - loss: 0.0914 - acc: 0.9611
18/57 [========>.....................] - ETA: 49:07 - loss: 0.0889 - acc: 0.9633
19/57 [=========>....................] - ETA: 47:59 - loss: 0.0858 - acc: 0.9652
20/57 [=========>....................] - ETA: 46:49 - loss: 0.0830 - acc: 0.9661
21/57 [==========>...................] - ETA: 45:40 - loss: 0.0801 - acc: 0.9678
22/57 [==========>...................] - ETA: 44:33 - loss: 0.0794 - acc: 0.9685
23/57 [===========>..................] - ETA: 43:19 - loss: 0.0802 - acc: 0.9678
24/57 [===========>..................] - ETA: 42:09 - loss: 0.0799 - acc: 0.9685
25/57 [============>.................] - ETA: 40:58 - loss: 0.0784 - acc: 0.9698
26/57 [============>.................] - ETA: 39:44 - loss: 0.0773 - acc: 0.9704
27/57 [=============>................] - ETA: 38:30 - loss: 0.0763 - acc: 0.9709
28/57 [=============>................] - ETA: 37:15 - loss: 0.0750 - acc: 0.9714
29/57 [==============>...............] - ETA: 36:01 - loss: 0.0733 - acc: 0.9723
30/57 [==============>...............] - ETA: 34:48 - loss: 0.0719 - acc: 0.9733
31/57 [===============>..............] - ETA: 33:34 - loss: 0.0718 - acc: 0.9731
32/57 [===============>..............] - ETA: 32:20 - loss: 0.0703 - acc: 0.9740
33/57 [================>.............] - ETA: 31:06 - loss: 0.0688 - acc: 0.9747
34/57 [================>.............] - ETA: 29:49 - loss: 0.0692 - acc: 0.9750
35/57 [=================>............] - ETA: 28:34 - loss: 0.0676 - acc: 0.9757
36/57 [=================>............] - ETA: 27:18 - loss: 0.0666 - acc: 0.9764
37/57 [==================>...........] - ETA: 26:00 - loss: 0.0655 - acc: 0.9771
38/57 [===================>..........] - ETA: 24:44 - loss: 0.0641 - acc: 0.9777
39/57 [===================>..........] - ETA: 23:27 - loss: 0.0634 - acc: 0.9782
40/57 [====================>.........] - ETA: 22:10 - loss: 0.0640 - acc: 0.9780
41/57 [====================>.........] - ETA: 20:52 - loss: 0.0634 - acc: 0.9782
42/57 [=====================>........] - ETA: 19:34 - loss: 0.0624 - acc: 0.9787
43/57 [=====================>........] - ETA: 18:16 - loss: 0.0620 - acc: 0.9788
44/57 [======================>.......] - ETA: 16:59 - loss: 0.0623 - acc: 0.9786
45/57 [======================>.......] - ETA: 15:40 - loss: 0.0614 - acc: 0.9791
46/57 [=======================>......] - ETA: 14:22 - loss: 0.0608 - acc: 0.9792
47/57 [=======================>......] - ETA: 13:04 - loss: 0.0599 - acc: 0.9796
48/57 [========================>.....] - ETA: 11:46 - loss: 0.0599 - acc: 0.9797
49/57 [========================>.....] - ETA: 10:28 - loss: 0.0591 - acc: 0.9801
50/57 [=========================>....] - ETA: 9:09 - loss: 0.0581 - acc: 0.9805 
51/57 [=========================>....] - ETA: 7:51 - loss: 0.0577 - acc: 0.9806
52/57 [==========================>...] - ETA: 6:33 - loss: 0.0572 - acc: 0.9807
53/57 [==========================>...] - ETA: 5:14 - loss: 0.0570 - acc: 0.9807
54/57 [===========================>..] - ETA: 3:55 - loss: 0.0565 - acc: 0.9808
55/57 [===========================>..] - ETA: 2:37 - loss: 0.0560 - acc: 0.9812
56/57 [============================>.] - ETA: 1:18 - loss: 0.0553 - acc: 0.9815
57/57 [==============================] - 4711s 83s/step - loss: 0.0546 - acc: 0.9819 - val_loss: 0.0150 - val_acc: 0.9967
Epoch 6/18

 1/57 [..............................] - ETA: 1:13:26 - loss: 0.0181 - acc: 1.0000
 2/57 [>.............................] - ETA: 1:10:51 - loss: 0.0185 - acc: 1.0000
 3/57 [>.............................] - ETA: 1:10:24 - loss: 0.0217 - acc: 1.0000
 4/57 [=>............................] - ETA: 1:09:21 - loss: 0.0186 - acc: 1.0000
 5/57 [=>............................] - ETA: 55:35 - loss: 0.0263 - acc: 1.0000  
 6/57 [==>...........................] - ETA: 56:42 - loss: 0.0232 - acc: 1.0000
 7/57 [==>...........................] - ETA: 57:16 - loss: 0.0265 - acc: 0.9978
 8/57 [===>..........................] - ETA: 57:10 - loss: 0.0303 - acc: 0.9941
 9/57 [===>..........................] - ETA: 56:58 - loss: 0.0295 - acc: 0.9948
10/57 [====>.........................] - ETA: 56:30 - loss: 0.0289 - acc: 0.9953
11/57 [====>.........................] - ETA: 55:44 - loss: 0.0287 - acc: 0.9943
12/57 [=====>........................] - ETA: 54:59 - loss: 0.0285 - acc: 0.9948
13/57 [=====>........................] - ETA: 54:12 - loss: 0.0269 - acc: 0.9952
14/57 [======>.......................] - ETA: 53:23 - loss: 0.0280 - acc: 0.9944
15/57 [======>.......................] - ETA: 52:31 - loss: 0.0282 - acc: 0.9948
16/57 [=======>......................] - ETA: 51:37 - loss: 0.0335 - acc: 0.9922
17/57 [=======>......................] - ETA: 50:35 - loss: 0.0331 - acc: 0.9917
18/57 [========>.....................] - ETA: 49:35 - loss: 0.0325 - acc: 0.9922
19/57 [=========>....................] - ETA: 48:23 - loss: 0.0318 - acc: 0.9926
20/57 [=========>....................] - ETA: 47:16 - loss: 0.0330 - acc: 0.9922
21/57 [==========>...................] - ETA: 46:07 - loss: 0.0322 - acc: 0.9926
22/57 [==========>...................] - ETA: 44:55 - loss: 0.0312 - acc: 0.9929
23/57 [===========>..................] - ETA: 43:44 - loss: 0.0304 - acc: 0.9932
24/57 [===========>..................] - ETA: 42:33 - loss: 0.0298 - acc: 0.9935
25/57 [============>.................] - ETA: 41:17 - loss: 0.0290 - acc: 0.9938
26/57 [============>.................] - ETA: 40:04 - loss: 0.0282 - acc: 0.9940
27/57 [=============>................] - ETA: 38:51 - loss: 0.0295 - acc: 0.9931
28/57 [=============>................] - ETA: 37:36 - loss: 0.0299 - acc: 0.9927
29/57 [==============>...............] - ETA: 36:23 - loss: 0.0291 - acc: 0.9930
30/57 [==============>...............] - ETA: 35:05 - loss: 0.0287 - acc: 0.9932
31/57 [===============>..............] - ETA: 33:49 - loss: 0.0283 - acc: 0.9934
32/57 [===============>..............] - ETA: 32:34 - loss: 0.0282 - acc: 0.9932
33/57 [================>.............] - ETA: 31:16 - loss: 0.0283 - acc: 0.9929
34/57 [================>.............] - ETA: 30:00 - loss: 0.0279 - acc: 0.9931
35/57 [=================>............] - ETA: 28:43 - loss: 0.0279 - acc: 0.9933
36/57 [=================>............] - ETA: 27:27 - loss: 0.0278 - acc: 0.9931
37/57 [==================>...........] - ETA: 26:10 - loss: 0.0280 - acc: 0.9928
38/57 [===================>..........] - ETA: 24:51 - loss: 0.0287 - acc: 0.9926
39/57 [===================>..........] - ETA: 23:34 - loss: 0.0288 - acc: 0.9924
40/57 [====================>.........] - ETA: 22:17 - loss: 0.0282 - acc: 0.9926
41/57 [====================>.........] - ETA: 20:58 - loss: 0.0281 - acc: 0.9924
42/57 [=====================>........] - ETA: 19:40 - loss: 0.0285 - acc: 0.9922
43/57 [=====================>........] - ETA: 18:22 - loss: 0.0281 - acc: 0.9924
44/57 [======================>.......] - ETA: 17:04 - loss: 0.0278 - acc: 0.9925
45/57 [======================>.......] - ETA: 15:45 - loss: 0.0276 - acc: 0.9927
46/57 [=======================>......] - ETA: 14:26 - loss: 0.0274 - acc: 0.9929
47/57 [=======================>......] - ETA: 13:08 - loss: 0.0269 - acc: 0.9930
48/57 [========================>.....] - ETA: 11:49 - loss: 0.0265 - acc: 0.9932
49/57 [========================>.....] - ETA: 10:30 - loss: 0.0261 - acc: 0.9933
50/57 [=========================>....] - ETA: 9:12 - loss: 0.0258 - acc: 0.9934 
51/57 [=========================>....] - ETA: 7:53 - loss: 0.0256 - acc: 0.9936
52/57 [==========================>...] - ETA: 6:35 - loss: 0.0259 - acc: 0.9934
53/57 [==========================>...] - ETA: 5:16 - loss: 0.0261 - acc: 0.9932
54/57 [===========================>..] - ETA: 3:57 - loss: 0.0259 - acc: 0.9933
55/57 [===========================>..] - ETA: 2:38 - loss: 0.0259 - acc: 0.9932
56/57 [============================>.] - ETA: 1:19 - loss: 0.0255 - acc: 0.9933
57/57 [==============================] - 4748s 83s/step - loss: 0.0252 - acc: 0.9934 - val_loss: 0.0082 - val_acc: 0.9984
Epoch 7/18

 1/57 [..............................] - ETA: 1:15:34 - loss: 0.0084 - acc: 1.0000
 2/57 [>.............................] - ETA: 1:12:46 - loss: 0.0100 - acc: 1.0000
 3/57 [>.............................] - ETA: 1:11:10 - loss: 0.0121 - acc: 0.9948
 4/57 [=>............................] - ETA: 1:10:11 - loss: 0.0107 - acc: 0.9961
 5/57 [=>............................] - ETA: 1:08:31 - loss: 0.0102 - acc: 0.9969
 6/57 [==>...........................] - ETA: 57:05 - loss: 0.0119 - acc: 0.9974  
 7/57 [==>...........................] - ETA: 57:39 - loss: 0.0113 - acc: 0.9978
 8/57 [===>..........................] - ETA: 57:45 - loss: 0.0105 - acc: 0.9980
 9/57 [===>..........................] - ETA: 57:13 - loss: 0.0103 - acc: 0.9983
10/57 [====>.........................] - ETA: 56:50 - loss: 0.0125 - acc: 0.9969
11/57 [====>.........................] - ETA: 56:08 - loss: 0.0126 - acc: 0.9972
12/57 [=====>........................] - ETA: 55:25 - loss: 0.0121 - acc: 0.9974
13/57 [=====>........................] - ETA: 54:44 - loss: 0.0116 - acc: 0.9976
14/57 [======>.......................] - ETA: 53:37 - loss: 0.0120 - acc: 0.9967
15/57 [======>.......................] - ETA: 52:37 - loss: 0.0158 - acc: 0.9958
16/57 [=======>......................] - ETA: 51:37 - loss: 0.0151 - acc: 0.9961
17/57 [=======>......................] - ETA: 50:28 - loss: 0.0146 - acc: 0.9963
18/57 [========>.....................] - ETA: 49:26 - loss: 0.0145 - acc: 0.9965
19/57 [=========>....................] - ETA: 48:20 - loss: 0.0150 - acc: 0.9959
20/57 [=========>....................] - ETA: 47:10 - loss: 0.0176 - acc: 0.9945
21/57 [==========>...................] - ETA: 45:58 - loss: 0.0171 - acc: 0.9948
22/57 [==========>...................] - ETA: 44:44 - loss: 0.0169 - acc: 0.9950
23/57 [===========>..................] - ETA: 43:32 - loss: 0.0164 - acc: 0.9952
24/57 [===========>..................] - ETA: 42:23 - loss: 0.0160 - acc: 0.9954
25/57 [============>.................] - ETA: 41:10 - loss: 0.0156 - acc: 0.9956
26/57 [============>.................] - ETA: 39:56 - loss: 0.0160 - acc: 0.9958
27/57 [=============>................] - ETA: 38:42 - loss: 0.0164 - acc: 0.9959
28/57 [=============>................] - ETA: 37:26 - loss: 0.0161 - acc: 0.9961
29/57 [==============>...............] - ETA: 36:13 - loss: 0.0157 - acc: 0.9962
30/57 [==============>...............] - ETA: 34:57 - loss: 0.0153 - acc: 0.9964
31/57 [===============>..............] - ETA: 33:43 - loss: 0.0157 - acc: 0.9960
32/57 [===============>..............] - ETA: 32:28 - loss: 0.0154 - acc: 0.9961
33/57 [================>.............] - ETA: 31:10 - loss: 0.0162 - acc: 0.9953
34/57 [================>.............] - ETA: 29:55 - loss: 0.0159 - acc: 0.9954
35/57 [=================>............] - ETA: 28:38 - loss: 0.0158 - acc: 0.9955
36/57 [=================>............] - ETA: 27:21 - loss: 0.0155 - acc: 0.9957
37/57 [==================>...........] - ETA: 26:04 - loss: 0.0152 - acc: 0.9958
38/57 [===================>..........] - ETA: 24:47 - loss: 0.0155 - acc: 0.9959
39/57 [===================>..........] - ETA: 23:30 - loss: 0.0153 - acc: 0.9960
40/57 [====================>.........] - ETA: 22:14 - loss: 0.0150 - acc: 0.9961
41/57 [====================>.........] - ETA: 20:55 - loss: 0.0148 - acc: 0.9962
42/57 [=====================>........] - ETA: 19:37 - loss: 0.0145 - acc: 0.9963
43/57 [=====================>........] - ETA: 18:19 - loss: 0.0143 - acc: 0.9964
44/57 [======================>.......] - ETA: 17:01 - loss: 0.0143 - acc: 0.9964
45/57 [======================>.......] - ETA: 15:43 - loss: 0.0141 - acc: 0.9965
46/57 [=======================>......] - ETA: 14:26 - loss: 0.0139 - acc: 0.9966
47/57 [=======================>......] - ETA: 13:07 - loss: 0.0138 - acc: 0.9967
48/57 [========================>.....] - ETA: 11:49 - loss: 0.0137 - acc: 0.9967
49/57 [========================>.....] - ETA: 10:30 - loss: 0.0135 - acc: 0.9968
50/57 [=========================>....] - ETA: 9:11 - loss: 0.0133 - acc: 0.9969 
51/57 [=========================>....] - ETA: 7:53 - loss: 0.0131 - acc: 0.9969
52/57 [==========================>...] - ETA: 6:34 - loss: 0.0135 - acc: 0.9967
53/57 [==========================>...] - ETA: 5:15 - loss: 0.0136 - acc: 0.9965
54/57 [===========================>..] - ETA: 3:56 - loss: 0.0137 - acc: 0.9965
55/57 [===========================>..] - ETA: 2:37 - loss: 0.0135 - acc: 0.9966
56/57 [============================>.] - ETA: 1:19 - loss: 0.0134 - acc: 0.9967
57/57 [==============================] - 4734s 83s/step - loss: 0.0140 - acc: 0.9962 - val_loss: 0.0062 - val_acc: 0.9984
Epoch 8/18

 1/57 [..............................] - ETA: 1:13:22 - loss: 0.0092 - acc: 1.0000
 2/57 [>.............................] - ETA: 1:12:13 - loss: 0.0076 - acc: 1.0000
 3/57 [>.............................] - ETA: 1:10:28 - loss: 0.0060 - acc: 1.0000
 4/57 [=>............................] - ETA: 1:09:23 - loss: 0.0059 - acc: 1.0000
 5/57 [=>............................] - ETA: 1:08:25 - loss: 0.0052 - acc: 1.0000
 6/57 [==>...........................] - ETA: 1:07:00 - loss: 0.0048 - acc: 1.0000
 7/57 [==>...........................] - ETA: 57:11 - loss: 0.0080 - acc: 1.0000  
 8/57 [===>..........................] - ETA: 57:19 - loss: 0.0085 - acc: 1.0000
 9/57 [===>..........................] - ETA: 56:58 - loss: 0.0079 - acc: 1.0000
10/57 [====>.........................] - ETA: 56:39 - loss: 0.0081 - acc: 1.0000
11/57 [====>.........................] - ETA: 56:03 - loss: 0.0085 - acc: 1.0000
12/57 [=====>........................] - ETA: 55:16 - loss: 0.0080 - acc: 1.0000
13/57 [=====>........................] - ETA: 54:28 - loss: 0.0120 - acc: 0.9976
14/57 [======>.......................] - ETA: 53:33 - loss: 0.0115 - acc: 0.9978
15/57 [======>.......................] - ETA: 52:35 - loss: 0.0112 - acc: 0.9979
16/57 [=======>......................] - ETA: 51:38 - loss: 0.0108 - acc: 0.9980
17/57 [=======>......................] - ETA: 50:29 - loss: 0.0103 - acc: 0.9982
18/57 [========>.....................] - ETA: 49:25 - loss: 0.0099 - acc: 0.9983
19/57 [=========>....................] - ETA: 48:17 - loss: 0.0097 - acc: 0.9984
20/57 [=========>....................] - ETA: 47:06 - loss: 0.0094 - acc: 0.9984
21/57 [==========>...................] - ETA: 46:02 - loss: 0.0092 - acc: 0.9985
22/57 [==========>...................] - ETA: 44:50 - loss: 0.0089 - acc: 0.9986
23/57 [===========>..................] - ETA: 43:38 - loss: 0.0089 - acc: 0.9986
24/57 [===========>..................] - ETA: 42:27 - loss: 0.0088 - acc: 0.9987
25/57 [============>.................] - ETA: 41:12 - loss: 0.0086 - acc: 0.9988
26/57 [============>.................] - ETA: 40:00 - loss: 0.0083 - acc: 0.9988
27/57 [=============>................] - ETA: 38:45 - loss: 0.0082 - acc: 0.9988
28/57 [=============>................] - ETA: 37:31 - loss: 0.0080 - acc: 0.9989
29/57 [==============>...............] - ETA: 36:18 - loss: 0.0079 - acc: 0.9989
30/57 [==============>...............] - ETA: 35:04 - loss: 0.0078 - acc: 0.9990
31/57 [===============>..............] - ETA: 33:48 - loss: 0.0077 - acc: 0.9990
32/57 [===============>..............] - ETA: 32:33 - loss: 0.0085 - acc: 0.9985
33/57 [================>.............] - ETA: 31:17 - loss: 0.0086 - acc: 0.9986
34/57 [================>.............] - ETA: 30:01 - loss: 0.0091 - acc: 0.9982
35/57 [=================>............] - ETA: 28:44 - loss: 0.0089 - acc: 0.9982
36/57 [=================>............] - ETA: 27:27 - loss: 0.0088 - acc: 0.9983
37/57 [==================>...........] - ETA: 26:08 - loss: 0.0087 - acc: 0.9983
38/57 [===================>..........] - ETA: 24:50 - loss: 0.0096 - acc: 0.9975
39/57 [===================>..........] - ETA: 23:32 - loss: 0.0094 - acc: 0.9976
40/57 [====================>.........] - ETA: 22:15 - loss: 0.0093 - acc: 0.9977
41/57 [====================>.........] - ETA: 20:57 - loss: 0.0124 - acc: 0.9970
42/57 [=====================>........] - ETA: 19:40 - loss: 0.0123 - acc: 0.9970
43/57 [=====================>........] - ETA: 18:22 - loss: 0.0121 - acc: 0.9971
44/57 [======================>.......] - ETA: 17:03 - loss: 0.0119 - acc: 0.9972
45/57 [======================>.......] - ETA: 15:45 - loss: 0.0128 - acc: 0.9969
46/57 [=======================>......] - ETA: 14:27 - loss: 0.0126 - acc: 0.9969
47/57 [=======================>......] - ETA: 13:08 - loss: 0.0124 - acc: 0.9970
48/57 [========================>.....] - ETA: 11:50 - loss: 0.0132 - acc: 0.9967
49/57 [========================>.....] - ETA: 10:31 - loss: 0.0130 - acc: 0.9968
50/57 [=========================>....] - ETA: 9:12 - loss: 0.0131 - acc: 0.9969 
51/57 [=========================>....] - ETA: 7:54 - loss: 0.0165 - acc: 0.9960
52/57 [==========================>...] - ETA: 6:35 - loss: 0.0163 - acc: 0.9961
53/57 [==========================>...] - ETA: 5:16 - loss: 0.0163 - acc: 0.9959
54/57 [===========================>..] - ETA: 3:57 - loss: 0.0161 - acc: 0.9959
55/57 [===========================>..] - ETA: 2:38 - loss: 0.0159 - acc: 0.9960
56/57 [============================>.] - ETA: 1:19 - loss: 0.0157 - acc: 0.9961
57/57 [==============================] - 4739s 83s/step - loss: 0.0154 - acc: 0.9962 - val_loss: 0.0083 - val_acc: 0.9975
Epoch 9/18

 1/57 [..............................] - ETA: 1:13:58 - loss: 0.0027 - acc: 1.0000
 2/57 [>.............................] - ETA: 1:12:26 - loss: 0.0048 - acc: 1.0000
 3/57 [>.............................] - ETA: 1:10:42 - loss: 0.0114 - acc: 0.9948
 4/57 [=>............................] - ETA: 1:09:34 - loss: 0.0111 - acc: 0.9961
 5/57 [=>............................] - ETA: 1:08:38 - loss: 0.0096 - acc: 0.9969
 6/57 [==>...........................] - ETA: 1:07:21 - loss: 0.0084 - acc: 0.9974
 7/57 [==>...........................] - ETA: 1:06:10 - loss: 0.0077 - acc: 0.9978
 8/57 [===>..........................] - ETA: 57:37 - loss: 0.0121 - acc: 0.9980  
 9/57 [===>..........................] - ETA: 57:03 - loss: 0.0199 - acc: 0.9948
10/57 [====>.........................] - ETA: 56:33 - loss: 0.0184 - acc: 0.9953
11/57 [====>.........................] - ETA: 56:03 - loss: 0.0172 - acc: 0.9957
12/57 [=====>........................] - ETA: 55:10 - loss: 0.0169 - acc: 0.9961
13/57 [=====>........................] - ETA: 54:19 - loss: 0.0159 - acc: 0.9964
14/57 [======>.......................] - ETA: 53:25 - loss: 0.0152 - acc: 0.9967
15/57 [======>.......................] - ETA: 52:34 - loss: 0.0179 - acc: 0.9958
16/57 [=======>......................] - ETA: 51:35 - loss: 0.0169 - acc: 0.9961
17/57 [=======>......................] - ETA: 50:35 - loss: 0.0160 - acc: 0.9963
18/57 [========>.....................] - ETA: 49:33 - loss: 0.0155 - acc: 0.9965
19/57 [=========>....................] - ETA: 48:30 - loss: 0.0148 - acc: 0.9967
20/57 [=========>....................] - ETA: 47:15 - loss: 0.0143 - acc: 0.9969
21/57 [==========>...................] - ETA: 46:06 - loss: 0.0149 - acc: 0.9963
22/57 [==========>...................] - ETA: 44:56 - loss: 0.0145 - acc: 0.9964
23/57 [===========>..................] - ETA: 43:42 - loss: 0.0139 - acc: 0.9966
24/57 [===========>..................] - ETA: 42:30 - loss: 0.0149 - acc: 0.9961
25/57 [============>.................] - ETA: 41:20 - loss: 0.0145 - acc: 0.9962
26/57 [============>.................] - ETA: 40:04 - loss: 0.0141 - acc: 0.9964
27/57 [=============>................] - ETA: 38:52 - loss: 0.0137 - acc: 0.9965
28/57 [=============>................] - ETA: 37:36 - loss: 0.0133 - acc: 0.9967
29/57 [==============>...............] - ETA: 36:20 - loss: 0.0129 - acc: 0.9968
30/57 [==============>...............] - ETA: 35:06 - loss: 0.0126 - acc: 0.9969
31/57 [===============>..............] - ETA: 33:49 - loss: 0.0122 - acc: 0.9970
32/57 [===============>..............] - ETA: 32:34 - loss: 0.0122 - acc: 0.9971
33/57 [================>.............] - ETA: 31:18 - loss: 0.0120 - acc: 0.9972
34/57 [================>.............] - ETA: 30:01 - loss: 0.0119 - acc: 0.9972
35/57 [=================>............] - ETA: 28:45 - loss: 0.0117 - acc: 0.9973
36/57 [=================>............] - ETA: 27:27 - loss: 0.0114 - acc: 0.9974
37/57 [==================>...........] - ETA: 26:10 - loss: 0.0112 - acc: 0.9975
38/57 [===================>..........] - ETA: 24:54 - loss: 0.0110 - acc: 0.9975
39/57 [===================>..........] - ETA: 23:35 - loss: 0.0108 - acc: 0.9976
40/57 [====================>.........] - ETA: 22:17 - loss: 0.0107 - acc: 0.9977
41/57 [====================>.........] - ETA: 20:59 - loss: 0.0116 - acc: 0.9973
42/57 [=====================>........] - ETA: 19:40 - loss: 0.0123 - acc: 0.9970
43/57 [=====================>........] - ETA: 18:22 - loss: 0.0121 - acc: 0.9971
44/57 [======================>.......] - ETA: 17:04 - loss: 0.0119 - acc: 0.9972
45/57 [======================>.......] - ETA: 15:45 - loss: 0.0119 - acc: 0.9972
46/57 [=======================>......] - ETA: 14:28 - loss: 0.0129 - acc: 0.9969
47/57 [=======================>......] - ETA: 13:09 - loss: 0.0132 - acc: 0.9967
48/57 [========================>.....] - ETA: 11:50 - loss: 0.0131 - acc: 0.9967
49/57 [========================>.....] - ETA: 10:32 - loss: 0.0130 - acc: 0.9968
50/57 [=========================>....] - ETA: 9:13 - loss: 0.0136 - acc: 0.9966 
51/57 [=========================>....] - ETA: 7:54 - loss: 0.0133 - acc: 0.9966
52/57 [==========================>...] - ETA: 6:35 - loss: 0.0138 - acc: 0.9964
53/57 [==========================>...] - ETA: 5:16 - loss: 0.0137 - acc: 0.9965
54/57 [===========================>..] - ETA: 3:57 - loss: 0.0135 - acc: 0.9965
55/57 [===========================>..] - ETA: 2:38 - loss: 0.0133 - acc: 0.9966
56/57 [============================>.] - ETA: 1:19 - loss: 0.0131 - acc: 0.9967
57/57 [==============================] - 4752s 83s/step - loss: 0.0129 - acc: 0.9967 - val_loss: 0.0057 - val_acc: 0.9984
Epoch 10/18

 1/57 [..............................] - ETA: 1:15:31 - loss: 0.0104 - acc: 1.0000
 2/57 [>.............................] - ETA: 1:13:50 - loss: 0.0084 - acc: 1.0000
 3/57 [>.............................] - ETA: 1:11:06 - loss: 0.0060 - acc: 1.0000
 4/57 [=>............................] - ETA: 1:09:47 - loss: 0.0056 - acc: 1.0000
 5/57 [=>............................] - ETA: 1:08:40 - loss: 0.0052 - acc: 1.0000
 6/57 [==>...........................] - ETA: 1:06:56 - loss: 0.0050 - acc: 1.0000
 7/57 [==>...........................] - ETA: 1:05:50 - loss: 0.0044 - acc: 1.0000
 8/57 [===>..........................] - ETA: 1:04:35 - loss: 0.0041 - acc: 1.0000
 9/57 [===>..........................] - ETA: 56:48 - loss: 0.0037 - acc: 1.0000  
10/57 [====>.........................] - ETA: 56:23 - loss: 0.0051 - acc: 1.0000
11/57 [====>.........................] - ETA: 55:51 - loss: 0.0047 - acc: 1.0000
12/57 [=====>........................] - ETA: 55:08 - loss: 0.0054 - acc: 1.0000
13/57 [=====>........................] - ETA: 54:17 - loss: 0.0054 - acc: 1.0000
14/57 [======>.......................] - ETA: 53:28 - loss: 0.0052 - acc: 1.0000
15/57 [======>.......................] - ETA: 52:25 - loss: 0.0056 - acc: 1.0000
16/57 [=======>......................] - ETA: 51:26 - loss: 0.0071 - acc: 0.9990
17/57 [=======>......................] - ETA: 50:27 - loss: 0.0074 - acc: 0.9991
18/57 [========>.....................] - ETA: 49:17 - loss: 0.0070 - acc: 0.9991
19/57 [=========>....................] - ETA: 48:10 - loss: 0.0069 - acc: 0.9992
20/57 [=========>....................] - ETA: 47:03 - loss: 0.0067 - acc: 0.9992
21/57 [==========>...................] - ETA: 45:52 - loss: 0.0065 - acc: 0.9993
22/57 [==========>...................] - ETA: 44:43 - loss: 0.0064 - acc: 0.9993
23/57 [===========>..................] - ETA: 43:30 - loss: 0.0063 - acc: 0.9993
24/57 [===========>..................] - ETA: 42:18 - loss: 0.0061 - acc: 0.9993
25/57 [============>.................] - ETA: 41:08 - loss: 0.0059 - acc: 0.9994
26/57 [============>.................] - ETA: 39:53 - loss: 0.0064 - acc: 0.9988
27/57 [=============>................] - ETA: 38:40 - loss: 0.0063 - acc: 0.9988
28/57 [=============>................] - ETA: 37:26 - loss: 0.0062 - acc: 0.9989
29/57 [==============>...............] - ETA: 36:11 - loss: 0.0073 - acc: 0.9984
30/57 [==============>...............] - ETA: 34:57 - loss: 0.0071 - acc: 0.9984
31/57 [===============>..............] - ETA: 33:41 - loss: 0.0070 - acc: 0.9985
32/57 [===============>..............] - ETA: 32:26 - loss: 0.0088 - acc: 0.9980
33/57 [================>.............] - ETA: 31:11 - loss: 0.0086 - acc: 0.9981
34/57 [================>.............] - ETA: 29:54 - loss: 0.0085 - acc: 0.9982
35/57 [=================>............] - ETA: 28:38 - loss: 0.0083 - acc: 0.9982
36/57 [=================>............] - ETA: 27:21 - loss: 0.0081 - acc: 0.9983
37/57 [==================>...........] - ETA: 26:04 - loss: 0.0086 - acc: 0.9983
38/57 [===================>..........] - ETA: 24:49 - loss: 0.0086 - acc: 0.9984
39/57 [===================>..........] - ETA: 23:31 - loss: 0.0084 - acc: 0.9984
40/57 [====================>.........] - ETA: 22:13 - loss: 0.0085 - acc: 0.9984
41/57 [====================>.........] - ETA: 20:56 - loss: 0.0083 - acc: 0.9985
42/57 [=====================>........] - ETA: 19:38 - loss: 0.0082 - acc: 0.9985
43/57 [=====================>........] - ETA: 18:20 - loss: 0.0082 - acc: 0.9985
44/57 [======================>.......] - ETA: 17:03 - loss: 0.0083 - acc: 0.9986
45/57 [======================>.......] - ETA: 15:45 - loss: 0.0082 - acc: 0.9986
46/57 [=======================>......] - ETA: 14:27 - loss: 0.0081 - acc: 0.9986
47/57 [=======================>......] - ETA: 13:09 - loss: 0.0080 - acc: 0.9987
48/57 [========================>.....] - ETA: 11:50 - loss: 0.0079 - acc: 0.9987
49/57 [========================>.....] - ETA: 10:31 - loss: 0.0078 - acc: 0.9987
50/57 [=========================>....] - ETA: 9:13 - loss: 0.0077 - acc: 0.9988 
51/57 [=========================>....] - ETA: 7:54 - loss: 0.0076 - acc: 0.9988
52/57 [==========================>...] - ETA: 6:35 - loss: 0.0075 - acc: 0.9988
53/57 [==========================>...] - ETA: 5:16 - loss: 0.0074 - acc: 0.9988
54/57 [===========================>..] - ETA: 3:57 - loss: 0.0073 - acc: 0.9988
55/57 [===========================>..] - ETA: 2:38 - loss: 0.0072 - acc: 0.9989
56/57 [============================>.] - ETA: 1:19 - loss: 0.0071 - acc: 0.9989
57/57 [==============================] - 4742s 83s/step - loss: 0.0070 - acc: 0.9989 - val_loss: 0.0045 - val_acc: 0.9984
Epoch 11/18

 1/57 [..............................] - ETA: 1:12:04 - loss: 0.0036 - acc: 1.0000
 2/57 [>.............................] - ETA: 1:11:30 - loss: 0.0026 - acc: 1.0000
 3/57 [>.............................] - ETA: 1:10:23 - loss: 0.0020 - acc: 1.0000
 4/57 [=>............................] - ETA: 1:09:01 - loss: 0.0023 - acc: 1.0000
 5/57 [=>............................] - ETA: 1:08:03 - loss: 0.0022 - acc: 1.0000
 6/57 [==>...........................] - ETA: 1:06:47 - loss: 0.0021 - acc: 1.0000
 7/57 [==>...........................] - ETA: 1:05:33 - loss: 0.0020 - acc: 1.0000
 8/57 [===>..........................] - ETA: 1:04:46 - loss: 0.0019 - acc: 1.0000
 9/57 [===>..........................] - ETA: 1:03:25 - loss: 0.0018 - acc: 1.0000
10/57 [====>.........................] - ETA: 56:29 - loss: 0.0581 - acc: 0.9667  
11/57 [====>.........................] - ETA: 55:52 - loss: 0.0534 - acc: 0.9697
12/57 [=====>........................] - ETA: 55:06 - loss: 0.0492 - acc: 0.9722
13/57 [=====>........................] - ETA: 54:19 - loss: 0.0464 - acc: 0.9732
14/57 [======>.......................] - ETA: 53:30 - loss: 0.0433 - acc: 0.9751
15/57 [======>.......................] - ETA: 52:26 - loss: 0.0406 - acc: 0.9767
16/57 [=======>......................] - ETA: 51:26 - loss: 0.0411 - acc: 0.9772
17/57 [=======>......................] - ETA: 50:25 - loss: 0.0388 - acc: 0.9786
18/57 [========>.....................] - ETA: 49:19 - loss: 0.0368 - acc: 0.9797
19/57 [=========>....................] - ETA: 48:10 - loss: 0.0356 - acc: 0.9808
20/57 [=========>....................] - ETA: 47:00 - loss: 0.0339 - acc: 0.9818
21/57 [==========>...................] - ETA: 45:50 - loss: 0.0323 - acc: 0.9826
22/57 [==========>...................] - ETA: 44:44 - loss: 0.0315 - acc: 0.9834
23/57 [===========>..................] - ETA: 43:30 - loss: 0.0303 - acc: 0.9841
24/57 [===========>..................] - ETA: 42:18 - loss: 0.0292 - acc: 0.9848
25/57 [============>.................] - ETA: 41:07 - loss: 0.0281 - acc: 0.9854
26/57 [============>.................] - ETA: 39:53 - loss: 0.0270 - acc: 0.9860
27/57 [=============>................] - ETA: 38:41 - loss: 0.0261 - acc: 0.9865
28/57 [=============>................] - ETA: 37:27 - loss: 0.0253 - acc: 0.9870
29/57 [==============>...............] - ETA: 36:14 - loss: 0.0248 - acc: 0.9874
30/57 [==============>...............] - ETA: 35:00 - loss: 0.0241 - acc: 0.9878
31/57 [===============>..............] - ETA: 33:46 - loss: 0.0234 - acc: 0.9882
32/57 [===============>..............] - ETA: 32:08 - loss: 0.0227 - acc: 0.9886
33/57 [================>.............] - ETA: 30:32 - loss: 0.0220 - acc: 0.9890
34/57 [================>.............] - ETA: 28:58 - loss: 0.0214 - acc: 0.9893
35/57 [=================>............] - ETA: 27:26 - loss: 0.0209 - acc: 0.9896
36/57 [=================>............] - ETA: 25:57 - loss: 0.0204 - acc: 0.9899
37/57 [==================>...........] - ETA: 24:30 - loss: 0.0204 - acc: 0.9897
38/57 [===================>..........] - ETA: 23:05 - loss: 0.0199 - acc: 0.9900
39/57 [===================>..........] - ETA: 21:41 - loss: 0.0194 - acc: 0.9903
40/57 [====================>.........] - ETA: 20:20 - loss: 0.0190 - acc: 0.9905
41/57 [====================>.........] - ETA: 19:00 - loss: 0.0185 - acc: 0.9907
42/57 [=====================>........] - ETA: 17:41 - loss: 0.0181 - acc: 0.9909
43/57 [=====================>........] - ETA: 16:24 - loss: 0.0181 - acc: 0.9908
44/57 [======================>.......] - ETA: 15:08 - loss: 0.0177 - acc: 0.9910
45/57 [======================>.......] - ETA: 13:53 - loss: 0.0174 - acc: 0.9912
46/57 [=======================>......] - ETA: 12:38 - loss: 0.0172 - acc: 0.9914
47/57 [=======================>......] - ETA: 11:25 - loss: 0.0169 - acc: 0.9916
48/57 [========================>.....] - ETA: 10:13 - loss: 0.0166 - acc: 0.9918
49/57 [========================>.....] - ETA: 9:02 - loss: 0.0164 - acc: 0.9919 
50/57 [=========================>....] - ETA: 7:52 - loss: 0.0161 - acc: 0.9921
51/57 [=========================>....] - ETA: 6:42 - loss: 0.0159 - acc: 0.9922
52/57 [==========================>...] - ETA: 5:34 - loss: 0.0157 - acc: 0.9924
53/57 [==========================>...] - ETA: 4:26 - loss: 0.0158 - acc: 0.9925
54/57 [===========================>..] - ETA: 3:18 - loss: 0.0155 - acc: 0.9927
55/57 [===========================>..] - ETA: 2:11 - loss: 0.0153 - acc: 0.9928
56/57 [============================>.] - ETA: 1:05 - loss: 0.0151 - acc: 0.9929
57/57 [==============================] - 3881s 68s/step - loss: 0.0149 - acc: 0.9929 - val_loss: 0.0055 - val_acc: 0.9984
Epoch 12/18

 1/57 [..............................] - ETA: 46:19 - loss: 0.0015 - acc: 1.0000
 2/57 [>.............................] - ETA: 45:27 - loss: 0.0094 - acc: 0.9922
 3/57 [>.............................] - ETA: 44:37 - loss: 0.0066 - acc: 0.9948
 4/57 [=>............................] - ETA: 43:41 - loss: 0.0059 - acc: 0.9961
 5/57 [=>............................] - ETA: 42:57 - loss: 0.0053 - acc: 0.9969
 6/57 [==>...........................] - ETA: 42:08 - loss: 0.0046 - acc: 0.9974
 7/57 [==>...........................] - ETA: 41:16 - loss: 0.0053 - acc: 0.9978
 8/57 [===>..........................] - ETA: 40:31 - loss: 0.0048 - acc: 0.9980
 9/57 [===>..........................] - ETA: 39:41 - loss: 0.0056 - acc: 0.9983
10/57 [====>.........................] - ETA: 38:53 - loss: 0.0057 - acc: 0.9984
11/57 [====>.........................] - ETA: 34:58 - loss: 0.0065 - acc: 0.9986
12/57 [=====>........................] - ETA: 34:29 - loss: 0.0060 - acc: 0.9987
13/57 [=====>........................] - ETA: 33:57 - loss: 0.0057 - acc: 0.9988
14/57 [======>.......................] - ETA: 33:21 - loss: 0.0055 - acc: 0.9989
15/57 [======>.......................] - ETA: 32:46 - loss: 0.0053 - acc: 0.9990
16/57 [=======>......................] - ETA: 32:07 - loss: 0.0071 - acc: 0.9980
17/57 [=======>......................] - ETA: 31:26 - loss: 0.0068 - acc: 0.9982
18/57 [========>.....................] - ETA: 30:47 - loss: 0.0067 - acc: 0.9983
19/57 [=========>....................] - ETA: 30:06 - loss: 0.0065 - acc: 0.9984
20/57 [=========>....................] - ETA: 29:23 - loss: 0.0064 - acc: 0.9984
21/57 [==========>...................] - ETA: 28:41 - loss: 0.0064 - acc: 0.9985
22/57 [==========>...................] - ETA: 27:57 - loss: 0.0063 - acc: 0.9986
23/57 [===========>..................] - ETA: 27:13 - loss: 0.0061 - acc: 0.9986
24/57 [===========>..................] - ETA: 26:28 - loss: 0.0059 - acc: 0.9987
25/57 [============>.................] - ETA: 25:42 - loss: 0.0057 - acc: 0.9988
26/57 [============>.................] - ETA: 24:56 - loss: 0.0056 - acc: 0.9988
27/57 [=============>................] - ETA: 24:10 - loss: 0.0055 - acc: 0.9988
28/57 [=============>................] - ETA: 23:25 - loss: 0.0059 - acc: 0.9983
29/57 [==============>...............] - ETA: 22:37 - loss: 0.0057 - acc: 0.9984
30/57 [==============>...............] - ETA: 21:50 - loss: 0.0056 - acc: 0.9984
31/57 [===============>..............] - ETA: 21:02 - loss: 0.0060 - acc: 0.9980
32/57 [===============>..............] - ETA: 20:15 - loss: 0.0058 - acc: 0.9980
33/57 [================>.............] - ETA: 19:27 - loss: 0.0057 - acc: 0.9981
34/57 [================>.............] - ETA: 18:40 - loss: 0.0056 - acc: 0.9982
35/57 [=================>............] - ETA: 17:52 - loss: 0.0055 - acc: 0.9982
36/57 [=================>............] - ETA: 17:05 - loss: 0.0054 - acc: 0.9983
37/57 [==================>...........] - ETA: 16:17 - loss: 0.0053 - acc: 0.9983
38/57 [===================>..........] - ETA: 15:29 - loss: 0.0053 - acc: 0.9984
39/57 [===================>..........] - ETA: 14:40 - loss: 0.0052 - acc: 0.9984
40/57 [====================>.........] - ETA: 13:53 - loss: 0.0051 - acc: 0.9984
41/57 [====================>.........] - ETA: 13:04 - loss: 0.0050 - acc: 0.9985
42/57 [=====================>........] - ETA: 12:15 - loss: 0.0050 - acc: 0.9985
43/57 [=====================>........] - ETA: 11:27 - loss: 0.0049 - acc: 0.9985
44/57 [======================>.......] - ETA: 10:38 - loss: 0.0048 - acc: 0.9986
45/57 [======================>.......] - ETA: 9:50 - loss: 0.0047 - acc: 0.9986 
46/57 [=======================>......] - ETA: 9:01 - loss: 0.0046 - acc: 0.9986
47/57 [=======================>......] - ETA: 8:12 - loss: 0.0046 - acc: 0.9987
48/57 [========================>.....] - ETA: 7:23 - loss: 0.0047 - acc: 0.9987
49/57 [========================>.....] - ETA: 6:34 - loss: 0.0046 - acc: 0.9987
50/57 [=========================>....] - ETA: 5:45 - loss: 0.0046 - acc: 0.9988
51/57 [=========================>....] - ETA: 4:56 - loss: 0.0046 - acc: 0.9988
52/57 [==========================>...] - ETA: 4:06 - loss: 0.0046 - acc: 0.9988
53/57 [==========================>...] - ETA: 3:17 - loss: 0.0046 - acc: 0.9988
54/57 [===========================>..] - ETA: 2:28 - loss: 0.0045 - acc: 0.9988
55/57 [===========================>..] - ETA: 1:38 - loss: 0.0045 - acc: 0.9989
56/57 [============================>.] - ETA: 49s - loss: 0.0044 - acc: 0.9989 
57/57 [==============================] - 2971s 52s/step - loss: 0.0043 - acc: 0.9989 - val_loss: 0.0051 - val_acc: 0.9984
Epoch 13/18

 1/57 [..............................] - ETA: 46:22 - loss: 0.0023 - acc: 1.0000
 2/57 [>.............................] - ETA: 45:17 - loss: 0.0017 - acc: 1.0000
 3/57 [>.............................] - ETA: 44:29 - loss: 0.0078 - acc: 0.9948
 4/57 [=>............................] - ETA: 43:44 - loss: 0.0061 - acc: 0.9961
 5/57 [=>............................] - ETA: 43:00 - loss: 0.0053 - acc: 0.9969
 6/57 [==>...........................] - ETA: 42:10 - loss: 0.0048 - acc: 0.9974
 7/57 [==>...........................] - ETA: 41:20 - loss: 0.0042 - acc: 0.9978
 8/57 [===>..........................] - ETA: 40:32 - loss: 0.0042 - acc: 0.9980
 9/57 [===>..........................] - ETA: 39:43 - loss: 0.0041 - acc: 0.9983
10/57 [====>.........................] - ETA: 38:57 - loss: 0.0040 - acc: 0.9984
11/57 [====>.........................] - ETA: 38:12 - loss: 0.0037 - acc: 0.9986
12/57 [=====>........................] - ETA: 34:35 - loss: 0.1209 - acc: 0.9570
13/57 [=====>........................] - ETA: 34:02 - loss: 0.1117 - acc: 0.9603
14/57 [======>.......................] - ETA: 33:27 - loss: 0.1038 - acc: 0.9632
15/57 [======>.......................] - ETA: 32:50 - loss: 0.0977 - acc: 0.9646
16/57 [=======>......................] - ETA: 32:16 - loss: 0.0917 - acc: 0.9668
17/57 [=======>......................] - ETA: 31:38 - loss: 0.0864 - acc: 0.9688
18/57 [========>.....................] - ETA: 30:57 - loss: 0.0817 - acc: 0.9705
19/57 [=========>....................] - ETA: 30:16 - loss: 0.0783 - acc: 0.9712
20/57 [=========>....................] - ETA: 29:33 - loss: 0.0745 - acc: 0.9727
21/57 [==========>...................] - ETA: 28:48 - loss: 0.0709 - acc: 0.9740
22/57 [==========>...................] - ETA: 28:03 - loss: 0.0677 - acc: 0.9751
23/57 [===========>..................] - ETA: 27:19 - loss: 0.0648 - acc: 0.9762
24/57 [===========>..................] - ETA: 26:33 - loss: 0.0622 - acc: 0.9772
25/57 [============>.................] - ETA: 25:48 - loss: 0.0598 - acc: 0.9781
26/57 [============>.................] - ETA: 25:01 - loss: 0.0576 - acc: 0.9790
27/57 [=============>................] - ETA: 24:16 - loss: 0.0555 - acc: 0.9797
28/57 [=============>................] - ETA: 23:29 - loss: 0.0535 - acc: 0.9805
29/57 [==============>...............] - ETA: 22:41 - loss: 0.0517 - acc: 0.9811
30/57 [==============>...............] - ETA: 21:55 - loss: 0.0503 - acc: 0.9818
31/57 [===============>..............] - ETA: 21:08 - loss: 0.0488 - acc: 0.9824
32/57 [===============>..............] - ETA: 20:20 - loss: 0.0473 - acc: 0.9829
33/57 [================>.............] - ETA: 19:32 - loss: 0.0460 - acc: 0.9834
34/57 [================>.............] - ETA: 18:43 - loss: 0.0446 - acc: 0.9839
35/57 [=================>............] - ETA: 17:55 - loss: 0.0434 - acc: 0.9844
36/57 [=================>............] - ETA: 17:07 - loss: 0.0422 - acc: 0.9848
37/57 [==================>...........] - ETA: 16:19 - loss: 0.0414 - acc: 0.9852
38/57 [===================>..........] - ETA: 15:30 - loss: 0.0403 - acc: 0.9856
39/57 [===================>..........] - ETA: 14:42 - loss: 0.0394 - acc: 0.9860
40/57 [====================>.........] - ETA: 13:54 - loss: 0.0384 - acc: 0.9863
41/57 [====================>.........] - ETA: 13:05 - loss: 0.0376 - acc: 0.9867
42/57 [=====================>........] - ETA: 12:16 - loss: 0.0368 - acc: 0.9870
43/57 [=====================>........] - ETA: 11:28 - loss: 0.0359 - acc: 0.9873
44/57 [======================>.......] - ETA: 10:39 - loss: 0.0352 - acc: 0.9876
45/57 [======================>.......] - ETA: 9:50 - loss: 0.0346 - acc: 0.9878 
46/57 [=======================>......] - ETA: 9:01 - loss: 0.0339 - acc: 0.9881
47/57 [=======================>......] - ETA: 8:12 - loss: 0.0338 - acc: 0.9880
48/57 [========================>.....] - ETA: 7:23 - loss: 0.0331 - acc: 0.9883
49/57 [========================>.....] - ETA: 6:34 - loss: 0.0324 - acc: 0.9885
50/57 [=========================>....] - ETA: 5:45 - loss: 0.0318 - acc: 0.9888
51/57 [=========================>....] - ETA: 4:56 - loss: 0.0313 - acc: 0.9890
52/57 [==========================>...] - ETA: 4:06 - loss: 0.0307 - acc: 0.9892
53/57 [==========================>...] - ETA: 3:17 - loss: 0.0301 - acc: 0.9894
54/57 [===========================>..] - ETA: 2:28 - loss: 0.0298 - acc: 0.9893
55/57 [===========================>..] - ETA: 1:38 - loss: 0.0293 - acc: 0.9895
56/57 [============================>.] - ETA: 49s - loss: 0.0288 - acc: 0.9897 
57/57 [==============================] - 2976s 52s/step - loss: 0.0280 - acc: 0.9900 - val_loss: 0.0038 - val_acc: 0.9984
Epoch 14/18

 1/57 [..............................] - ETA: 46:05 - loss: 0.0075 - acc: 1.0000
 2/57 [>.............................] - ETA: 45:02 - loss: 0.0042 - acc: 1.0000
 3/57 [>.............................] - ETA: 44:07 - loss: 0.0033 - acc: 1.0000
 4/57 [=>............................] - ETA: 43:17 - loss: 0.0031 - acc: 1.0000
 5/57 [=>............................] - ETA: 42:32 - loss: 0.0029 - acc: 1.0000
 6/57 [==>...........................] - ETA: 41:45 - loss: 0.0027 - acc: 1.0000
 7/57 [==>...........................] - ETA: 40:58 - loss: 0.0043 - acc: 1.0000
 8/57 [===>..........................] - ETA: 40:14 - loss: 0.0043 - acc: 1.0000
 9/57 [===>..........................] - ETA: 39:29 - loss: 0.0039 - acc: 1.0000
10/57 [====>.........................] - ETA: 38:44 - loss: 0.0037 - acc: 1.0000
11/57 [====>.........................] - ETA: 38:01 - loss: 0.0034 - acc: 1.0000
12/57 [=====>........................] - ETA: 37:17 - loss: 0.0032 - acc: 1.0000
13/57 [=====>........................] - ETA: 33:57 - loss: 0.0410 - acc: 0.9872
14/57 [======>.......................] - ETA: 33:22 - loss: 0.0382 - acc: 0.9881
15/57 [======>.......................] - ETA: 32:44 - loss: 0.0359 - acc: 0.9889
16/57 [=======>......................] - ETA: 32:05 - loss: 0.0337 - acc: 0.9896
17/57 [=======>......................] - ETA: 31:25 - loss: 0.0318 - acc: 0.9902
18/57 [========>.....................] - ETA: 30:44 - loss: 0.0301 - acc: 0.9907
19/57 [=========>....................] - ETA: 30:01 - loss: 0.0286 - acc: 0.9912
20/57 [=========>....................] - ETA: 29:22 - loss: 0.0272 - acc: 0.9917
21/57 [==========>...................] - ETA: 28:39 - loss: 0.0260 - acc: 0.9921
22/57 [==========>...................] - ETA: 27:55 - loss: 0.0251 - acc: 0.9924
23/57 [===========>..................] - ETA: 27:10 - loss: 0.0246 - acc: 0.9921
24/57 [===========>..................] - ETA: 26:25 - loss: 0.0237 - acc: 0.9924
25/57 [============>.................] - ETA: 25:41 - loss: 0.0228 - acc: 0.9927
26/57 [============>.................] - ETA: 24:55 - loss: 0.0222 - acc: 0.9930
27/57 [=============>................] - ETA: 24:08 - loss: 0.0215 - acc: 0.9932
28/57 [=============>................] - ETA: 23:23 - loss: 0.0222 - acc: 0.9929
29/57 [==============>...............] - ETA: 22:36 - loss: 0.0215 - acc: 0.9932
30/57 [==============>...............] - ETA: 21:49 - loss: 0.0208 - acc: 0.9934
31/57 [===============>..............] - ETA: 21:01 - loss: 0.0202 - acc: 0.9936
32/57 [===============>..............] - ETA: 20:14 - loss: 0.0197 - acc: 0.9938
33/57 [================>.............] - ETA: 19:28 - loss: 0.0192 - acc: 0.9940
34/57 [================>.............] - ETA: 18:40 - loss: 0.0187 - acc: 0.9942
35/57 [=================>............] - ETA: 17:52 - loss: 0.0182 - acc: 0.9943
36/57 [=================>............] - ETA: 17:04 - loss: 0.0177 - acc: 0.9945
37/57 [==================>...........] - ETA: 16:16 - loss: 0.0172 - acc: 0.9947
38/57 [===================>..........] - ETA: 15:28 - loss: 0.0168 - acc: 0.9948
39/57 [===================>..........] - ETA: 14:40 - loss: 0.0164 - acc: 0.9949
40/57 [====================>.........] - ETA: 13:51 - loss: 0.0161 - acc: 0.9951
41/57 [====================>.........] - ETA: 13:03 - loss: 0.0172 - acc: 0.9948
42/57 [=====================>........] - ETA: 12:14 - loss: 0.0169 - acc: 0.9949
43/57 [=====================>........] - ETA: 11:26 - loss: 0.0166 - acc: 0.9950
44/57 [======================>.......] - ETA: 10:37 - loss: 0.0162 - acc: 0.9951
45/57 [======================>.......] - ETA: 9:48 - loss: 0.0159 - acc: 0.9953 
46/57 [=======================>......] - ETA: 8:59 - loss: 0.0156 - acc: 0.9954
47/57 [=======================>......] - ETA: 8:11 - loss: 0.0153 - acc: 0.9955
48/57 [========================>.....] - ETA: 7:21 - loss: 0.0151 - acc: 0.9956
49/57 [========================>.....] - ETA: 6:33 - loss: 0.0148 - acc: 0.9956
50/57 [=========================>....] - ETA: 5:44 - loss: 0.0145 - acc: 0.9957
51/57 [=========================>....] - ETA: 4:55 - loss: 0.0143 - acc: 0.9958
52/57 [==========================>...] - ETA: 4:06 - loss: 0.0140 - acc: 0.9959
53/57 [==========================>...] - ETA: 3:16 - loss: 0.0138 - acc: 0.9960
54/57 [===========================>..] - ETA: 2:27 - loss: 0.0136 - acc: 0.9960
55/57 [===========================>..] - ETA: 1:38 - loss: 0.0134 - acc: 0.9961
56/57 [============================>.] - ETA: 49s - loss: 0.0132 - acc: 0.9962 
57/57 [==============================] - 2965s 52s/step - loss: 0.0129 - acc: 0.9963 - val_loss: 0.0032 - val_acc: 0.9992
Epoch 15/18

 1/57 [..............................] - ETA: 45:48 - loss: 0.0040 - acc: 1.0000
 2/57 [>.............................] - ETA: 45:18 - loss: 0.0025 - acc: 1.0000
 3/57 [>.............................] - ETA: 44:21 - loss: 0.0019 - acc: 1.0000
 4/57 [=>............................] - ETA: 43:30 - loss: 0.0018 - acc: 1.0000
 5/57 [=>............................] - ETA: 42:41 - loss: 0.0017 - acc: 1.0000
 6/57 [==>...........................] - ETA: 41:58 - loss: 0.0016 - acc: 1.0000
 7/57 [==>...........................] - ETA: 41:18 - loss: 0.0018 - acc: 1.0000
 8/57 [===>..........................] - ETA: 40:30 - loss: 0.0019 - acc: 1.0000
 9/57 [===>..........................] - ETA: 39:41 - loss: 0.0019 - acc: 1.0000
10/57 [====>.........................] - ETA: 38:53 - loss: 0.0020 - acc: 1.0000
11/57 [====>.........................] - ETA: 38:04 - loss: 0.0019 - acc: 1.0000
12/57 [=====>........................] - ETA: 37:19 - loss: 0.0028 - acc: 1.0000
13/57 [=====>........................] - ETA: 36:30 - loss: 0.0026 - acc: 1.0000
14/57 [======>.......................] - ETA: 33:24 - loss: 0.0120 - acc: 1.0000
15/57 [======>.......................] - ETA: 32:46 - loss: 0.0113 - acc: 1.0000
16/57 [=======>......................] - ETA: 32:10 - loss: 0.0107 - acc: 1.0000
17/57 [=======>......................] - ETA: 31:29 - loss: 0.0101 - acc: 1.0000
18/57 [========>.....................] - ETA: 30:48 - loss: 0.0105 - acc: 0.9991
19/57 [=========>....................] - ETA: 30:07 - loss: 0.0100 - acc: 0.9992
20/57 [=========>....................] - ETA: 29:24 - loss: 0.0102 - acc: 0.9992
21/57 [==========>...................] - ETA: 28:42 - loss: 0.0098 - acc: 0.9993
22/57 [==========>...................] - ETA: 27:58 - loss: 0.0096 - acc: 0.9993
23/57 [===========>..................] - ETA: 27:13 - loss: 0.0092 - acc: 0.9993
24/57 [===========>..................] - ETA: 26:27 - loss: 0.0089 - acc: 0.9993
25/57 [============>.................] - ETA: 25:42 - loss: 0.0085 - acc: 0.9994
26/57 [============>.................] - ETA: 24:57 - loss: 0.0082 - acc: 0.9994
27/57 [=============>................] - ETA: 24:10 - loss: 0.0080 - acc: 0.9994
28/57 [=============>................] - ETA: 23:24 - loss: 0.0077 - acc: 0.9994
29/57 [==============>...............] - ETA: 22:38 - loss: 0.0075 - acc: 0.9995
30/57 [==============>...............] - ETA: 21:51 - loss: 0.0078 - acc: 0.9995
31/57 [===============>..............] - ETA: 21:05 - loss: 0.0076 - acc: 0.9995
32/57 [===============>..............] - ETA: 20:17 - loss: 0.0074 - acc: 0.9995
33/57 [================>.............] - ETA: 19:30 - loss: 0.0073 - acc: 0.9995
34/57 [================>.............] - ETA: 18:42 - loss: 0.0071 - acc: 0.9995
35/57 [=================>............] - ETA: 17:53 - loss: 0.0069 - acc: 0.9996
36/57 [=================>............] - ETA: 17:05 - loss: 0.0068 - acc: 0.9996
37/57 [==================>...........] - ETA: 16:17 - loss: 0.0066 - acc: 0.9996
38/57 [===================>..........] - ETA: 15:28 - loss: 0.0064 - acc: 0.9996
39/57 [===================>..........] - ETA: 14:40 - loss: 0.0063 - acc: 0.9996
40/57 [====================>.........] - ETA: 13:52 - loss: 0.0061 - acc: 0.9996
41/57 [====================>.........] - ETA: 13:03 - loss: 0.0060 - acc: 0.9996
42/57 [=====================>........] - ETA: 12:15 - loss: 0.0059 - acc: 0.9996
43/57 [=====================>........] - ETA: 11:26 - loss: 0.0058 - acc: 0.9996
44/57 [======================>.......] - ETA: 10:38 - loss: 0.0057 - acc: 0.9996
45/57 [======================>.......] - ETA: 9:49 - loss: 0.0056 - acc: 0.9997 
46/57 [=======================>......] - ETA: 9:00 - loss: 0.0055 - acc: 0.9997
47/57 [=======================>......] - ETA: 8:11 - loss: 0.0055 - acc: 0.9997
48/57 [========================>.....] - ETA: 7:22 - loss: 0.0054 - acc: 0.9997
49/57 [========================>.....] - ETA: 6:33 - loss: 0.0053 - acc: 0.9997
50/57 [=========================>....] - ETA: 5:44 - loss: 0.0052 - acc: 0.9997
51/57 [=========================>....] - ETA: 4:55 - loss: 0.0052 - acc: 0.9997
52/57 [==========================>...] - ETA: 4:06 - loss: 0.0052 - acc: 0.9997
53/57 [==========================>...] - ETA: 3:17 - loss: 0.0051 - acc: 0.9997
54/57 [===========================>..] - ETA: 2:27 - loss: 0.0050 - acc: 0.9997
55/57 [===========================>..] - ETA: 1:38 - loss: 0.0050 - acc: 0.9997
56/57 [============================>.] - ETA: 49s - loss: 0.0049 - acc: 0.9997 
57/57 [==============================] - 2969s 52s/step - loss: 0.0049 - acc: 0.9997 - val_loss: 0.0031 - val_acc: 0.9992
Epoch 16/18

 1/57 [..............................] - ETA: 46:13 - loss: 0.0145 - acc: 0.9844
 2/57 [>.............................] - ETA: 45:40 - loss: 0.0112 - acc: 0.9922
 3/57 [>.............................] - ETA: 44:38 - loss: 0.0080 - acc: 0.9948
 4/57 [=>............................] - ETA: 43:45 - loss: 0.0066 - acc: 0.9961
 5/57 [=>............................] - ETA: 42:52 - loss: 0.0054 - acc: 0.9969
 6/57 [==>...........................] - ETA: 42:00 - loss: 0.0087 - acc: 0.9948
 7/57 [==>...........................] - ETA: 41:11 - loss: 0.0087 - acc: 0.9955
 8/57 [===>..........................] - ETA: 40:23 - loss: 0.0079 - acc: 0.9961
 9/57 [===>..........................] - ETA: 39:33 - loss: 0.0071 - acc: 0.9965
10/57 [====>.........................] - ETA: 38:50 - loss: 0.0065 - acc: 0.9969
11/57 [====>.........................] - ETA: 38:04 - loss: 0.0060 - acc: 0.9972
12/57 [=====>........................] - ETA: 37:14 - loss: 0.0056 - acc: 0.9974
13/57 [=====>........................] - ETA: 36:25 - loss: 0.0077 - acc: 0.9964
14/57 [======>.......................] - ETA: 35:37 - loss: 0.0072 - acc: 0.9967
15/57 [======>.......................] - ETA: 32:43 - loss: 0.0080 - acc: 0.9969
16/57 [=======>......................] - ETA: 32:06 - loss: 0.0076 - acc: 0.9971
17/57 [=======>......................] - ETA: 31:26 - loss: 0.0072 - acc: 0.9972
18/57 [========>.....................] - ETA: 30:45 - loss: 0.0070 - acc: 0.9974
19/57 [=========>....................] - ETA: 30:03 - loss: 0.0067 - acc: 0.9975
20/57 [=========>....................] - ETA: 29:23 - loss: 0.0064 - acc: 0.9977
21/57 [==========>...................] - ETA: 28:39 - loss: 0.0062 - acc: 0.9978
22/57 [==========>...................] - ETA: 27:55 - loss: 0.0059 - acc: 0.9979
23/57 [===========>..................] - ETA: 27:10 - loss: 0.0057 - acc: 0.9980
24/57 [===========>..................] - ETA: 26:25 - loss: 0.0055 - acc: 0.9980
25/57 [============>.................] - ETA: 25:39 - loss: 0.0054 - acc: 0.9981
26/57 [============>.................] - ETA: 24:54 - loss: 0.0053 - acc: 0.9982
27/57 [=============>................] - ETA: 24:07 - loss: 0.0052 - acc: 0.9983
28/57 [=============>................] - ETA: 23:21 - loss: 0.0054 - acc: 0.9983
29/57 [==============>...............] - ETA: 22:35 - loss: 0.0052 - acc: 0.9984
30/57 [==============>...............] - ETA: 21:48 - loss: 0.0051 - acc: 0.9984
31/57 [===============>..............] - ETA: 21:01 - loss: 0.0050 - acc: 0.9985
32/57 [===============>..............] - ETA: 20:14 - loss: 0.0049 - acc: 0.9985
33/57 [================>.............] - ETA: 19:26 - loss: 0.0047 - acc: 0.9986
34/57 [================>.............] - ETA: 18:39 - loss: 0.0046 - acc: 0.9986
35/57 [=================>............] - ETA: 17:52 - loss: 0.0045 - acc: 0.9987
36/57 [=================>............] - ETA: 17:04 - loss: 0.0044 - acc: 0.9987
37/57 [==================>...........] - ETA: 16:16 - loss: 0.0043 - acc: 0.9987
38/57 [===================>..........] - ETA: 15:27 - loss: 0.0043 - acc: 0.9988
39/57 [===================>..........] - ETA: 14:39 - loss: 0.0042 - acc: 0.9988
40/57 [====================>.........] - ETA: 13:50 - loss: 0.0042 - acc: 0.9988
41/57 [====================>.........] - ETA: 13:02 - loss: 0.0041 - acc: 0.9989
42/57 [=====================>........] - ETA: 12:13 - loss: 0.0046 - acc: 0.9985
43/57 [=====================>........] - ETA: 11:24 - loss: 0.0045 - acc: 0.9985
44/57 [======================>.......] - ETA: 10:36 - loss: 0.0044 - acc: 0.9986
45/57 [======================>.......] - ETA: 9:47 - loss: 0.0047 - acc: 0.9983 
46/57 [=======================>......] - ETA: 8:59 - loss: 0.0046 - acc: 0.9983
47/57 [=======================>......] - ETA: 8:10 - loss: 0.0045 - acc: 0.9983
48/57 [========================>.....] - ETA: 7:21 - loss: 0.0045 - acc: 0.9984
49/57 [========================>.....] - ETA: 6:32 - loss: 0.0044 - acc: 0.9984
50/57 [=========================>....] - ETA: 5:43 - loss: 0.0043 - acc: 0.9984
51/57 [=========================>....] - ETA: 4:54 - loss: 0.0043 - acc: 0.9985
52/57 [==========================>...] - ETA: 4:05 - loss: 0.0042 - acc: 0.9985
53/57 [==========================>...] - ETA: 3:16 - loss: 0.0041 - acc: 0.9985
54/57 [===========================>..] - ETA: 2:27 - loss: 0.0042 - acc: 0.9986
55/57 [===========================>..] - ETA: 1:38 - loss: 0.0042 - acc: 0.9986
56/57 [============================>.] - ETA: 49s - loss: 0.0041 - acc: 0.9986 
57/57 [==============================] - 2957s 52s/step - loss: 0.0042 - acc: 0.9986 - val_loss: 0.0033 - val_acc: 0.9984
Epoch 17/18

 1/57 [..............................] - ETA: 45:47 - loss: 0.0022 - acc: 1.0000
 2/57 [>.............................] - ETA: 45:14 - loss: 0.0016 - acc: 1.0000
 3/57 [>.............................] - ETA: 44:29 - loss: 0.0013 - acc: 1.0000
 4/57 [=>............................] - ETA: 43:40 - loss: 0.0015 - acc: 1.0000
 5/57 [=>............................] - ETA: 42:50 - loss: 0.0016 - acc: 1.0000
 6/57 [==>...........................] - ETA: 42:07 - loss: 0.0016 - acc: 1.0000
 7/57 [==>...........................] - ETA: 41:20 - loss: 0.0016 - acc: 1.0000
 8/57 [===>..........................] - ETA: 40:29 - loss: 0.0014 - acc: 1.0000
 9/57 [===>..........................] - ETA: 39:40 - loss: 0.0016 - acc: 1.0000
10/57 [====>.........................] - ETA: 38:53 - loss: 0.0021 - acc: 1.0000
11/57 [====>.........................] - ETA: 38:04 - loss: 0.0019 - acc: 1.0000
12/57 [=====>........................] - ETA: 37:12 - loss: 0.0018 - acc: 1.0000
13/57 [=====>........................] - ETA: 36:24 - loss: 0.0024 - acc: 1.0000
14/57 [======>.......................] - ETA: 35:39 - loss: 0.0024 - acc: 1.0000
15/57 [======>.......................] - ETA: 34:50 - loss: 0.0024 - acc: 1.0000
16/57 [=======>......................] - ETA: 32:06 - loss: 0.0055 - acc: 1.0000
17/57 [=======>......................] - ETA: 31:25 - loss: 0.0052 - acc: 1.0000
18/57 [========>.....................] - ETA: 30:43 - loss: 0.0051 - acc: 1.0000
19/57 [=========>....................] - ETA: 30:04 - loss: 0.0049 - acc: 1.0000
20/57 [=========>....................] - ETA: 29:21 - loss: 0.0047 - acc: 1.0000
21/57 [==========>...................] - ETA: 28:37 - loss: 0.0045 - acc: 1.0000
22/57 [==========>...................] - ETA: 27:54 - loss: 0.0044 - acc: 1.0000
23/57 [===========>..................] - ETA: 27:10 - loss: 0.0042 - acc: 1.0000
24/57 [===========>..................] - ETA: 26:25 - loss: 0.0041 - acc: 1.0000
25/57 [============>.................] - ETA: 25:39 - loss: 0.0040 - acc: 1.0000
26/57 [============>.................] - ETA: 24:55 - loss: 0.0040 - acc: 1.0000
27/57 [=============>................] - ETA: 24:09 - loss: 0.0039 - acc: 1.0000
28/57 [=============>................] - ETA: 23:22 - loss: 0.0038 - acc: 1.0000
29/57 [==============>...............] - ETA: 22:35 - loss: 0.0037 - acc: 1.0000
30/57 [==============>...............] - ETA: 21:48 - loss: 0.0036 - acc: 1.0000
31/57 [===============>..............] - ETA: 21:00 - loss: 0.0038 - acc: 1.0000
32/57 [===============>..............] - ETA: 20:13 - loss: 0.0037 - acc: 1.0000
33/57 [================>.............] - ETA: 19:25 - loss: 0.0036 - acc: 1.0000
34/57 [================>.............] - ETA: 18:38 - loss: 0.0036 - acc: 1.0000
35/57 [=================>............] - ETA: 17:50 - loss: 0.0035 - acc: 1.0000
36/57 [=================>............] - ETA: 17:02 - loss: 0.0034 - acc: 1.0000
37/57 [==================>...........] - ETA: 16:14 - loss: 0.0035 - acc: 1.0000
38/57 [===================>..........] - ETA: 15:26 - loss: 0.0035 - acc: 1.0000
39/57 [===================>..........] - ETA: 14:39 - loss: 0.0034 - acc: 1.0000
40/57 [====================>.........] - ETA: 13:51 - loss: 0.0035 - acc: 1.0000
41/57 [====================>.........] - ETA: 13:02 - loss: 0.0035 - acc: 1.0000
42/57 [=====================>........] - ETA: 12:14 - loss: 0.0035 - acc: 1.0000
43/57 [=====================>........] - ETA: 11:26 - loss: 0.0035 - acc: 1.0000
44/57 [======================>.......] - ETA: 10:37 - loss: 0.0034 - acc: 1.0000
45/57 [======================>.......] - ETA: 9:48 - loss: 0.0033 - acc: 1.0000 
46/57 [=======================>......] - ETA: 9:00 - loss: 0.0033 - acc: 1.0000
47/57 [=======================>......] - ETA: 8:11 - loss: 0.0035 - acc: 1.0000
48/57 [========================>.....] - ETA: 7:22 - loss: 0.0035 - acc: 1.0000
49/57 [========================>.....] - ETA: 6:33 - loss: 0.0034 - acc: 1.0000
50/57 [=========================>....] - ETA: 5:44 - loss: 0.0034 - acc: 1.0000
51/57 [=========================>....] - ETA: 4:55 - loss: 0.0033 - acc: 1.0000
52/57 [==========================>...] - ETA: 4:06 - loss: 0.0033 - acc: 1.0000
53/57 [==========================>...] - ETA: 3:16 - loss: 0.0033 - acc: 1.0000
54/57 [===========================>..] - ETA: 2:27 - loss: 0.0033 - acc: 1.0000
55/57 [===========================>..] - ETA: 1:38 - loss: 0.0032 - acc: 1.0000
56/57 [============================>.] - ETA: 49s - loss: 0.0032 - acc: 1.0000 
57/57 [==============================] - 2965s 52s/step - loss: 0.0031 - acc: 1.0000 - val_loss: 0.0029 - val_acc: 0.9992
Epoch 18/18

 1/57 [..............................] - ETA: 46:13 - loss: 0.0060 - acc: 1.0000
 2/57 [>.............................] - ETA: 45:23 - loss: 0.0038 - acc: 1.0000
 3/57 [>.............................] - ETA: 44:24 - loss: 0.0031 - acc: 1.0000
 4/57 [=>............................] - ETA: 43:30 - loss: 0.0025 - acc: 1.0000
 5/57 [=>............................] - ETA: 42:43 - loss: 0.0024 - acc: 1.0000
 6/57 [==>...........................] - ETA: 41:49 - loss: 0.0025 - acc: 1.0000
 7/57 [==>...........................] - ETA: 41:02 - loss: 0.0023 - acc: 1.0000
 8/57 [===>..........................] - ETA: 40:14 - loss: 0.0022 - acc: 1.0000
 9/57 [===>..........................] - ETA: 39:25 - loss: 0.0021 - acc: 1.0000
10/57 [====>.........................] - ETA: 38:36 - loss: 0.0020 - acc: 1.0000
11/57 [====>.........................] - ETA: 37:48 - loss: 0.0021 - acc: 1.0000
12/57 [=====>........................] - ETA: 37:02 - loss: 0.0019 - acc: 1.0000
13/57 [=====>........................] - ETA: 36:12 - loss: 0.0018 - acc: 1.0000
14/57 [======>.......................] - ETA: 35:27 - loss: 0.0018 - acc: 1.0000
15/57 [======>.......................] - ETA: 34:37 - loss: 0.0017 - acc: 1.0000
16/57 [=======>......................] - ETA: 33:49 - loss: 0.0017 - acc: 1.0000
17/57 [=======>......................] - ETA: 31:16 - loss: 0.0029 - acc: 1.0000
18/57 [========>.....................] - ETA: 30:39 - loss: 0.0028 - acc: 1.0000
19/57 [=========>....................] - ETA: 29:59 - loss: 0.0027 - acc: 1.0000
20/57 [=========>....................] - ETA: 29:17 - loss: 0.0026 - acc: 1.0000
21/57 [==========>...................] - ETA: 28:35 - loss: 0.0025 - acc: 1.0000
22/57 [==========>...................] - ETA: 27:51 - loss: 0.0026 - acc: 1.0000
23/57 [===========>..................] - ETA: 27:08 - loss: 0.0025 - acc: 1.0000
24/57 [===========>..................] - ETA: 26:23 - loss: 0.0024 - acc: 1.0000
25/57 [============>.................] - ETA: 25:38 - loss: 0.0024 - acc: 1.0000
26/57 [============>.................] - ETA: 24:52 - loss: 0.0023 - acc: 1.0000
27/57 [=============>................] - ETA: 24:07 - loss: 0.0024 - acc: 1.0000
28/57 [=============>................] - ETA: 23:21 - loss: 0.0024 - acc: 1.0000
29/57 [==============>...............] - ETA: 22:34 - loss: 0.0025 - acc: 1.0000
30/57 [==============>...............] - ETA: 21:47 - loss: 0.0025 - acc: 1.0000
31/57 [===============>..............] - ETA: 21:00 - loss: 0.0024 - acc: 1.0000
32/57 [===============>..............] - ETA: 20:13 - loss: 0.0030 - acc: 0.9995
33/57 [================>.............] - ETA: 19:25 - loss: 0.0030 - acc: 0.9995
34/57 [================>.............] - ETA: 18:38 - loss: 0.0029 - acc: 0.9995
35/57 [=================>............] - ETA: 17:50 - loss: 0.0029 - acc: 0.9996
36/57 [=================>............] - ETA: 17:02 - loss: 0.0029 - acc: 0.9996
37/57 [==================>...........] - ETA: 16:14 - loss: 0.0029 - acc: 0.9996
38/57 [===================>..........] - ETA: 15:26 - loss: 0.0029 - acc: 0.9996
39/57 [===================>..........] - ETA: 14:38 - loss: 0.0028 - acc: 0.9996
40/57 [====================>.........] - ETA: 13:50 - loss: 0.0027 - acc: 0.9996
41/57 [====================>.........] - ETA: 13:02 - loss: 0.0027 - acc: 0.9996
42/57 [=====================>........] - ETA: 12:14 - loss: 0.0029 - acc: 0.9996
43/57 [=====================>........] - ETA: 11:25 - loss: 0.0030 - acc: 0.9996
44/57 [======================>.......] - ETA: 10:36 - loss: 0.0030 - acc: 0.9996
45/57 [======================>.......] - ETA: 9:48 - loss: 0.0029 - acc: 0.9997 
46/57 [=======================>......] - ETA: 8:59 - loss: 0.0029 - acc: 0.9997
47/57 [=======================>......] - ETA: 8:10 - loss: 0.0029 - acc: 0.9997
48/57 [========================>.....] - ETA: 7:21 - loss: 0.0029 - acc: 0.9997
49/57 [========================>.....] - ETA: 6:32 - loss: 0.0028 - acc: 0.9997
50/57 [=========================>....] - ETA: 5:43 - loss: 0.0028 - acc: 0.9997
51/57 [=========================>....] - ETA: 4:54 - loss: 0.0028 - acc: 0.9997
52/57 [==========================>...] - ETA: 4:05 - loss: 0.0027 - acc: 0.9997
53/57 [==========================>...] - ETA: 3:16 - loss: 0.0027 - acc: 0.9997
54/57 [===========================>..] - ETA: 2:27 - loss: 0.0029 - acc: 0.9997
55/57 [===========================>..] - ETA: 1:38 - loss: 0.0030 - acc: 0.9997
56/57 [============================>.] - ETA: 49s - loss: 0.0029 - acc: 0.9997 
57/57 [==============================] - 2963s 52s/step - loss: 0.0029 - acc: 0.9997 - val_loss: 0.0029 - val_acc: 0.9992
Using TensorFlow backend.
No handles with labels found to put in legend.
[INFO] evaluating network...
             precision    recall  f1-score   support

          A       1.00      0.90      0.95        96
          B       0.97      0.91      0.94       102
          C       1.00      0.91      0.95       112
       Five       0.83      0.96      0.89       134
      Point       0.77      1.00      0.87       119
          V       0.97      0.65      0.78        95

avg / total       0.91      0.90      0.90       658

Accuracy: 0.898176291793313
[[ 86   0   0   6   4   0]
 [  0  93   0   9   0   0]
 [  0   0 102  10   0   0]
 [  0   3   0 129   0   2]
 [  0   0   0   0 119   0]
 [  0   0   0   2  31  62]]
[INFO] serializing network and label binarizer...
[INFO] plotting and saving results...
Dropout: 0.6 BS: 64
